<?xml version="1.0" encoding="UTF-8"?>
<coverage generated="1575916049583" clover="3.2.0">
  <project timestamp="1575916049583" name="All files">
    <metrics statements="2453" coveredstatements="2030" conditionals="727" coveredconditionals="584" methods="713" coveredmethods="585" elements="3893" coveredelements="3199" complexity="0" loc="2453" ncloc="2453" packages="15" files="88" classes="88"/>
    <package name="sportident-react.src">
      <metrics statements="36" coveredstatements="3" conditionals="6" coveredconditionals="0" methods="11" coveredmethods="0"/>
      <file name="react.tsx" path="/home/circleci/repo/packages/sportident-react/src/react.tsx">
        <metrics statements="36" coveredstatements="3" conditionals="6" coveredconditionals="0" methods="11" coveredmethods="0"/>
        <line num="1" count="1" type="stmt"/>
        <line num="2" count="1" type="stmt"/>
        <line num="6" count="1" type="stmt"/>
        <line num="9" count="0" type="stmt"/>
        <line num="10" count="0" type="stmt"/>
        <line num="11" count="0" type="stmt"/>
        <line num="12" count="0" type="stmt"/>
        <line num="13" count="0" type="stmt"/>
        <line num="14" count="0" type="cond" truecount="0" falsecount="2"/>
        <line num="15" count="0" type="stmt"/>
        <line num="16" count="0" type="stmt"/>
        <line num="18" count="0" type="stmt"/>
        <line num="21" count="0" type="stmt"/>
        <line num="22" count="0" type="stmt"/>
        <line num="23" count="0" type="stmt"/>
        <line num="24" count="0" type="cond" truecount="0" falsecount="2"/>
        <line num="25" count="0" type="stmt"/>
        <line num="26" count="0" type="stmt"/>
        <line num="28" count="0" type="stmt"/>
        <line num="31" count="0" type="stmt"/>
        <line num="32" count="0" type="stmt"/>
        <line num="33" count="0" type="stmt"/>
        <line num="34" count="0" type="stmt"/>
        <line num="35" count="0" type="stmt"/>
        <line num="36" count="0" type="stmt"/>
        <line num="37" count="0" type="cond" truecount="0" falsecount="2"/>
        <line num="38" count="0" type="stmt"/>
        <line num="39" count="0" type="stmt"/>
        <line num="41" count="0" type="stmt"/>
        <line num="44" count="0" type="stmt"/>
        <line num="45" count="0" type="stmt"/>
        <line num="46" count="0" type="stmt"/>
        <line num="47" count="0" type="stmt"/>
        <line num="48" count="0" type="stmt"/>
        <line num="49" count="0" type="stmt"/>
        <line num="52" count="0" type="stmt"/>
      </file>
    </package>
    <package name="sportident-testbench-shell.src">
      <metrics statements="134" coveredstatements="76" conditionals="40" coveredconditionals="21" methods="49" coveredmethods="29"/>
      <file name="ISiExternalApplication.ts" path="/home/circleci/repo/packages/sportident-testbench-shell/src/ISiExternalApplication.ts">
        <metrics statements="5" coveredstatements="2" conditionals="0" coveredconditionals="0" methods="1" coveredmethods="0"/>
        <line num="1" count="1" type="stmt"/>
        <line num="6" count="1" type="stmt"/>
        <line num="9" count="0" type="stmt"/>
        <line num="11" count="0" type="stmt"/>
        <line num="13" count="0" type="stmt"/>
      </file>
      <file name="Shell.ts" path="/home/circleci/repo/packages/sportident-testbench-shell/src/Shell.ts">
        <metrics statements="85" coveredstatements="50" conditionals="35" coveredconditionals="18" methods="26" coveredmethods="18"/>
        <line num="41" count="2" type="stmt"/>
        <line num="47" count="6" type="stmt"/>
        <line num="49" count="6" type="stmt"/>
        <line num="52" count="6" type="stmt"/>
        <line num="57" count="6" type="stmt"/>
        <line num="61" count="6" type="stmt"/>
        <line num="62" count="11" type="stmt"/>
        <line num="63" count="11" type="stmt"/>
        <line num="65" count="6" type="stmt"/>
        <line num="66" count="5" type="cond" truecount="1" falsecount="1"/>
        <line num="67" count="0" type="stmt"/>
        <line num="69" count="5" type="stmt"/>
        <line num="70" count="5" type="stmt"/>
        <line num="71" count="5" type="cond" truecount="1" falsecount="1"/>
        <line num="72" count="5" type="stmt"/>
        <line num="73" count="5" type="cond" truecount="2" falsecount="0"/>
        <line num="74" count="4" type="stmt"/>
        <line num="75" count="0" type="stmt"/>
        <line num="76" count="4" type="stmt"/>
        <line num="79" count="1" type="stmt"/>
        <line num="81" count="0" type="stmt"/>
        <line num="82" count="0" type="stmt"/>
        <line num="83" count="0" type="stmt"/>
        <line num="85" count="1" type="stmt"/>
        <line num="87" count="6" type="stmt"/>
        <line num="91" count="10" type="stmt"/>
        <line num="94" count="0" type="stmt"/>
        <line num="96" count="0" type="stmt"/>
        <line num="97" count="11" type="stmt"/>
        <line num="105" count="11" type="stmt"/>
        <line num="107" count="28" type="cond" truecount="4" falsecount="0"/>
        <line num="108" count="5" type="stmt"/>
        <line num="109" count="5" type="stmt"/>
        <line num="111" count="23" type="cond" truecount="3" falsecount="1"/>
        <line num="112" count="0" type="stmt"/>
        <line num="114" count="23" type="cond" truecount="2" falsecount="2"/>
        <line num="115" count="0" type="stmt"/>
        <line num="117" count="23" type="cond" truecount="1" falsecount="1"/>
        <line num="118" count="0" type="stmt"/>
        <line num="119" count="0" type="stmt"/>
        <line num="121" count="23" type="stmt"/>
        <line num="122" count="23" type="stmt"/>
        <line num="123" count="23" type="stmt"/>
        <line num="125" count="11" type="stmt"/>
        <line num="130" count="0" type="stmt"/>
        <line num="131" count="0" type="cond" truecount="0" falsecount="2"/>
        <line num="132" count="0" type="stmt"/>
        <line num="133" count="0" type="cond" truecount="0" falsecount="2"/>
        <line num="134" count="0" type="stmt"/>
        <line num="135" count="0" type="stmt"/>
        <line num="136" count="0" type="stmt"/>
        <line num="137" count="0" type="stmt"/>
        <line num="139" count="0" type="stmt"/>
        <line num="142" count="0" type="cond" truecount="0" falsecount="2"/>
        <line num="143" count="0" type="stmt"/>
        <line num="144" count="0" type="cond" truecount="0" falsecount="2"/>
        <line num="145" count="0" type="stmt"/>
        <line num="146" count="0" type="cond" truecount="0" falsecount="2"/>
        <line num="147" count="0" type="stmt"/>
        <line num="148" count="0" type="stmt"/>
        <line num="149" count="0" type="stmt"/>
        <line num="150" count="0" type="stmt"/>
        <line num="151" count="0" type="stmt"/>
        <line num="152" count="0" type="stmt"/>
        <line num="154" count="0" type="stmt"/>
        <line num="158" count="0" type="stmt"/>
        <line num="162" count="0" type="stmt"/>
        <line num="163" count="0" type="stmt"/>
        <line num="171" count="11" type="stmt"/>
        <line num="172" count="11" type="stmt"/>
        <line num="173" count="28" type="stmt"/>
        <line num="174" count="28" type="stmt"/>
        <line num="175" count="28" type="cond" truecount="2" falsecount="0"/>
        <line num="176" count="5" type="stmt"/>
        <line num="178" count="23" type="stmt"/>
        <line num="180" count="11" type="stmt"/>
        <line num="184" count="34" type="stmt"/>
        <line num="185" count="34" type="stmt"/>
        <line num="186" count="321" type="stmt"/>
        <line num="187" count="321" type="cond" truecount="2" falsecount="0"/>
        <line num="188" count="28" type="stmt"/>
        <line num="190" count="293" type="stmt"/>
        <line num="193" count="34" type="stmt"/>
        <line num="198" count="22" type="stmt"/>
        <line num="199" count="608" type="stmt"/>
      </file>
      <file name="SiExternalApplication.ts" path="/home/circleci/repo/packages/sportident-testbench-shell/src/SiExternalApplication.ts">
        <metrics statements="21" coveredstatements="4" conditionals="2" coveredconditionals="0" methods="8" coveredmethods="0"/>
        <line num="1" count="1" type="stmt"/>
        <line num="3" count="1" type="stmt"/>
        <line num="5" count="1" type="stmt"/>
        <line num="10" count="0" type="stmt"/>
        <line num="11" count="0" type="stmt"/>
        <line num="12" count="0" type="stmt"/>
        <line num="13" count="0" type="stmt"/>
        <line num="15" count="0" type="stmt"/>
        <line num="16" count="0" type="stmt"/>
        <line num="18" count="0" type="stmt"/>
        <line num="19" count="0" type="cond" truecount="0" falsecount="2"/>
        <line num="20" count="0" type="stmt"/>
        <line num="23" count="0" type="stmt"/>
        <line num="24" count="0" type="stmt"/>
        <line num="29" count="0" type="stmt"/>
        <line num="30" count="0" type="stmt"/>
        <line num="37" count="0" type="stmt"/>
        <line num="38" count="0" type="stmt"/>
        <line num="42" count="0" type="stmt"/>
        <line num="43" count="0" type="stmt"/>
        <line num="48" count="1" type="stmt"/>
      </file>
      <file name="index.ts" path="/home/circleci/repo/packages/sportident-testbench-shell/src/index.ts">
        <metrics statements="2" coveredstatements="2" conditionals="0" coveredconditionals="0" methods="0" coveredmethods="0"/>
        <line num="1" count="1" type="stmt"/>
        <line num="2" count="1" type="stmt"/>
      </file>
      <file name="testUtils.ts" path="/home/circleci/repo/packages/sportident-testbench-shell/src/testUtils.ts">
        <metrics statements="21" coveredstatements="18" conditionals="3" coveredconditionals="3" methods="14" coveredmethods="11"/>
        <line num="2" count="2" type="stmt"/>
        <line num="4" count="2" type="stmt"/>
        <line num="5" count="6" type="stmt"/>
        <line num="6" count="6" type="stmt"/>
        <line num="13" count="6" type="stmt"/>
        <line num="16" count="321" type="cond" truecount="2" falsecount="0"/>
        <line num="17" count="293" type="stmt"/>
        <line num="19" count="28" type="stmt"/>
        <line num="21" count="636" type="stmt"/>
        <line num="29" count="4" type="stmt"/>
        <line num="30" count="28" type="stmt"/>
        <line num="31" count="28" type="stmt"/>
        <line num="36" count="28" type="stmt"/>
        <line num="40" count="636" type="stmt"/>
        <line num="44" count="6" type="stmt"/>
        <line num="48" count="0" type="stmt"/>
        <line num="52" count="4" type="stmt"/>
        <line num="53" count="0" type="stmt"/>
        <line num="58" count="0" type="stmt"/>
        <line num="62" count="6" type="stmt"/>
        <line num="63" count="636" type="stmt"/>
      </file>
    </package>
    <package name="sportident-testbench-shell.src.commands">
      <metrics statements="349" coveredstatements="68" conditionals="82" coveredconditionals="8" methods="79" coveredmethods="8"/>
      <file name="BaseCommand.ts" path="/home/circleci/repo/packages/sportident-testbench-shell/src/commands/BaseCommand.ts">
        <metrics statements="37" coveredstatements="21" conditionals="22" coveredconditionals="8" methods="8" coveredmethods="5"/>
        <line num="12" count="1" type="stmt"/>
        <line num="16" count="0" type="stmt"/>
        <line num="17" count="0" type="stmt"/>
        <line num="18" count="0" type="cond" truecount="0" falsecount="2"/>
        <line num="19" count="0" type="stmt"/>
        <line num="21" count="0" type="stmt"/>
        <line num="22" count="0" type="cond" truecount="0" falsecount="2"/>
        <line num="23" count="0" type="stmt"/>
        <line num="25" count="0" type="stmt"/>
        <line num="31" count="1" type="stmt"/>
        <line num="32" count="1" type="stmt"/>
        <line num="33" count="1" type="stmt"/>
        <line num="34" count="2" type="stmt"/>
        <line num="35" count="2" type="cond" truecount="1" falsecount="1"/>
        <line num="36" count="2" type="cond" truecount="2" falsecount="0"/>
        <line num="37" count="1" type="stmt"/>
        <line num="38" count="1" type="stmt"/>
        <line num="40" count="2" type="stmt"/>
        <line num="42" count="0" type="cond" truecount="0" falsecount="2"/>
        <line num="43" count="0" type="cond" truecount="0" falsecount="2"/>
        <line num="44" count="0" type="stmt"/>
        <line num="48" count="0" type="stmt"/>
        <line num="51" count="0" type="cond" truecount="0" falsecount="2"/>
        <line num="52" count="0" type="cond" truecount="0" falsecount="2"/>
        <line num="53" count="0" type="stmt"/>
        <line num="57" count="0" type="stmt"/>
        <line num="61" count="1" type="stmt"/>
        <line num="65" count="1" type="stmt"/>
        <line num="66" count="1" type="stmt"/>
        <line num="67" count="2" type="cond" truecount="2" falsecount="0"/>
        <line num="69" count="1" type="stmt"/>
        <line num="70" count="1" type="stmt"/>
        <line num="71" count="1" type="stmt"/>
        <line num="72" count="2" type="cond" truecount="1" falsecount="1"/>
        <line num="73" count="2" type="cond" truecount="2" falsecount="0"/>
        <line num="74" count="2" type="stmt"/>
        <line num="75" count="2" type="stmt"/>
      </file>
      <file name="getBackup.ts" path="/home/circleci/repo/packages/sportident-testbench-shell/src/commands/getBackup.ts">
        <metrics statements="27" coveredstatements="5" conditionals="4" coveredconditionals="0" methods="7" coveredmethods="0"/>
        <line num="1" count="1" type="stmt"/>
        <line num="2" count="1" type="stmt"/>
        <line num="5" count="1" type="stmt"/>
        <line num="6" count="1" type="stmt"/>
        <line num="8" count="1" type="stmt"/>
        <line num="10" count="0" type="stmt"/>
        <line num="19" count="0" type="stmt"/>
        <line num="20" count="0" type="stmt"/>
        <line num="21" count="0" type="stmt"/>
        <line num="25" count="0" type="stmt"/>
        <line num="26" count="0" type="cond" truecount="0" falsecount="2"/>
        <line num="27" count="0" type="stmt"/>
        <line num="28" count="0" type="stmt"/>
        <line num="30" count="0" type="stmt"/>
        <line num="31" count="0" type="stmt"/>
        <line num="36" count="0" type="stmt"/>
        <line num="37" count="0" type="stmt"/>
        <line num="38" count="0" type="cond" truecount="0" falsecount="2"/>
        <line num="39" count="0" type="stmt"/>
        <line num="40" count="0" type="stmt"/>
        <line num="41" count="0" type="stmt"/>
        <line num="43" count="0" type="stmt"/>
        <line num="45" count="0" type="stmt"/>
        <line num="46" count="0" type="stmt"/>
        <line num="47" count="0" type="stmt"/>
        <line num="48" count="0" type="stmt"/>
        <line num="51" count="0" type="stmt"/>
      </file>
      <file name="getDirectOrRemoteStation.ts" path="/home/circleci/repo/packages/sportident-testbench-shell/src/commands/getDirectOrRemoteStation.ts">
        <metrics statements="10" coveredstatements="2" conditionals="4" coveredconditionals="0" methods="1" coveredmethods="0"/>
        <line num="3" count="1" type="stmt"/>
        <line num="5" count="1" type="stmt"/>
        <line num="6" count="0" type="stmt"/>
        <line num="10" count="0" type="stmt"/>
        <line num="11" count="0" type="stmt"/>
        <line num="12" count="0" type="cond" truecount="0" falsecount="2"/>
        <line num="13" count="0" type="stmt"/>
        <line num="14" count="0" type="cond" truecount="0" falsecount="2"/>
        <line num="15" count="0" type="stmt"/>
        <line num="17" count="0" type="stmt"/>
      </file>
      <file name="getInfo.ts" path="/home/circleci/repo/packages/sportident-testbench-shell/src/commands/getInfo.ts">
        <metrics statements="18" coveredstatements="9" conditionals="4" coveredconditionals="0" methods="5" coveredmethods="2"/>
        <line num="1" count="1" type="stmt"/>
        <line num="4" count="1" type="stmt"/>
        <line num="5" count="1" type="stmt"/>
        <line num="7" count="1" type="stmt"/>
        <line num="9" count="2" type="stmt"/>
        <line num="23" count="1" type="stmt"/>
        <line num="24" count="1" type="stmt"/>
        <line num="25" count="1" type="stmt"/>
        <line num="26" count="1" type="stmt"/>
        <line num="30" count="0" type="stmt"/>
        <line num="31" count="0" type="cond" truecount="0" falsecount="2"/>
        <line num="32" count="0" type="stmt"/>
        <line num="33" count="0" type="stmt"/>
        <line num="35" count="0" type="stmt"/>
        <line num="39" count="0" type="stmt"/>
        <line num="41" count="0" type="stmt"/>
        <line num="53" count="0" type="stmt"/>
        <line num="54" count="0" type="stmt"/>
      </file>
      <file name="index.ts" path="/home/circleci/repo/packages/sportident-testbench-shell/src/commands/index.ts">
        <metrics statements="8" coveredstatements="8" conditionals="0" coveredconditionals="0" methods="1" coveredmethods="1"/>
        <line num="1" count="1" type="stmt"/>
        <line num="2" count="1" type="stmt"/>
        <line num="3" count="1" type="stmt"/>
        <line num="4" count="1" type="stmt"/>
        <line num="5" count="1" type="stmt"/>
        <line num="6" count="1" type="stmt"/>
        <line num="7" count="1" type="stmt"/>
        <line num="9" count="1" type="stmt"/>
      </file>
      <file name="pipe.ts" path="/home/circleci/repo/packages/sportident-testbench-shell/src/commands/pipe.ts">
        <metrics statements="38" coveredstatements="4" conditionals="4" coveredconditionals="0" methods="9" coveredmethods="0"/>
        <line num="1" count="1" type="stmt"/>
        <line num="4" count="1" type="stmt"/>
        <line num="5" count="1" type="stmt"/>
        <line num="7" count="1" type="stmt"/>
        <line num="9" count="0" type="stmt"/>
        <line num="19" count="0" type="stmt"/>
        <line num="20" count="0" type="stmt"/>
        <line num="24" count="0" type="stmt"/>
        <line num="25" count="0" type="stmt"/>
        <line num="26" count="0" type="stmt"/>
        <line num="27" count="0" type="stmt"/>
        <line num="29" count="0" type="stmt"/>
        <line num="30" count="0" type="stmt"/>
        <line num="32" count="0" type="stmt"/>
        <line num="33" count="0" type="stmt"/>
        <line num="34" count="0" type="stmt"/>
        <line num="35" count="0" type="stmt"/>
        <line num="36" count="0" type="stmt"/>
        <line num="37" count="0" type="stmt"/>
        <line num="39" count="0" type="stmt"/>
        <line num="40" count="0" type="stmt"/>
        <line num="42" count="0" type="stmt"/>
        <line num="43" count="0" type="stmt"/>
        <line num="44" count="0" type="stmt"/>
        <line num="45" count="0" type="stmt"/>
        <line num="46" count="0" type="stmt"/>
        <line num="47" count="0" type="stmt"/>
        <line num="48" count="0" type="stmt"/>
        <line num="50" count="0" type="stmt"/>
        <line num="51" count="0" type="stmt"/>
        <line num="53" count="0" type="stmt"/>
        <line num="55" count="0" type="stmt"/>
        <line num="56" count="0" type="cond" truecount="0" falsecount="4"/>
        <line num="57" count="0" type="stmt"/>
        <line num="58" count="0" type="stmt"/>
        <line num="59" count="0" type="stmt"/>
        <line num="60" count="0" type="stmt"/>
        <line num="61" count="0" type="stmt"/>
      </file>
      <file name="send.ts" path="/home/circleci/repo/packages/sportident-testbench-shell/src/commands/send.ts">
        <metrics statements="31" coveredstatements="4" conditionals="8" coveredconditionals="0" methods="6" coveredmethods="0"/>
        <line num="1" count="1" type="stmt"/>
        <line num="4" count="1" type="stmt"/>
        <line num="5" count="1" type="stmt"/>
        <line num="7" count="1" type="stmt"/>
        <line num="9" count="0" type="stmt"/>
        <line num="30" count="0" type="stmt"/>
        <line num="31" count="0" type="stmt"/>
        <line num="32" count="0" type="stmt"/>
        <line num="36" count="0" type="stmt"/>
        <line num="37" count="0" type="cond" truecount="0" falsecount="2"/>
        <line num="38" count="0" type="stmt"/>
        <line num="39" count="0" type="stmt"/>
        <line num="41" count="0" type="stmt"/>
        <line num="42" count="0" type="cond" truecount="0" falsecount="2"/>
        <line num="43" count="0" type="stmt"/>
        <line num="44" count="0" type="stmt"/>
        <line num="46" count="0" type="stmt"/>
        <line num="47" count="0" type="stmt"/>
        <line num="48" count="0" type="cond" truecount="0" falsecount="2"/>
        <line num="49" count="0" type="stmt"/>
        <line num="50" count="0" type="stmt"/>
        <line num="52" count="0" type="stmt"/>
        <line num="53" count="0" type="stmt"/>
        <line num="54" count="0" type="stmt"/>
        <line num="56" count="0" type="cond" truecount="0" falsecount="2"/>
        <line num="57" count="0" type="stmt"/>
        <line num="62" count="0" type="stmt"/>
        <line num="63" count="0" type="stmt"/>
        <line num="64" count="0" type="stmt"/>
        <line num="65" count="0" type="stmt"/>
        <line num="66" count="0" type="stmt"/>
      </file>
      <file name="setInfo.ts" path="/home/circleci/repo/packages/sportident-testbench-shell/src/commands/setInfo.ts">
        <metrics statements="23" coveredstatements="5" conditionals="2" coveredconditionals="0" methods="6" coveredmethods="0"/>
        <line num="2" count="1" type="stmt"/>
        <line num="3" count="1" type="stmt"/>
        <line num="6" count="1" type="stmt"/>
        <line num="7" count="1" type="stmt"/>
        <line num="9" count="1" type="stmt"/>
        <line num="11" count="0" type="stmt"/>
        <line num="28" count="0" type="stmt"/>
        <line num="29" count="0" type="stmt"/>
        <line num="30" count="0" type="stmt"/>
        <line num="31" count="0" type="stmt"/>
        <line num="35" count="0" type="stmt"/>
        <line num="36" count="0" type="cond" truecount="0" falsecount="2"/>
        <line num="37" count="0" type="stmt"/>
        <line num="38" count="0" type="stmt"/>
        <line num="40" count="0" type="stmt"/>
        <line num="41" count="0" type="stmt"/>
        <line num="42" count="0" type="stmt"/>
        <line num="43" count="0" type="stmt"/>
        <line num="44" count="0" type="stmt"/>
        <line num="45" count="0" type="stmt"/>
        <line num="47" count="0" type="stmt"/>
        <line num="49" count="0" type="stmt"/>
        <line num="50" count="0" type="stmt"/>
      </file>
      <file name="simulate.ts" path="/home/circleci/repo/packages/sportident-testbench-shell/src/commands/simulate.ts">
        <metrics statements="77" coveredstatements="5" conditionals="14" coveredconditionals="0" methods="13" coveredmethods="0"/>
        <line num="1" count="1" type="stmt"/>
        <line num="6" count="1" type="stmt"/>
        <line num="7" count="1" type="stmt"/>
        <line num="9" count="1" type="stmt"/>
        <line num="11" count="1" type="stmt"/>
        <line num="13" count="0" type="stmt"/>
        <line num="14" count="0" type="stmt"/>
        <line num="28" count="0" type="stmt"/>
        <line num="29" count="0" type="stmt"/>
        <line num="33" count="0" type="stmt"/>
        <line num="35" count="0" type="stmt"/>
        <line num="36" count="0" type="stmt"/>
        <line num="37" count="0" type="cond" truecount="0" falsecount="2"/>
        <line num="38" count="0" type="stmt"/>
        <line num="39" count="0" type="stmt"/>
        <line num="40" count="0" type="stmt"/>
        <line num="41" count="0" type="stmt"/>
        <line num="44" count="0" type="stmt"/>
        <line num="45" count="0" type="stmt"/>
        <line num="46" count="0" type="stmt"/>
        <line num="47" count="0" type="stmt"/>
        <line num="49" count="0" type="stmt"/>
        <line num="51" count="0" type="stmt"/>
        <line num="52" count="0" type="stmt"/>
        <line num="53" count="0" type="stmt"/>
        <line num="54" count="0" type="stmt"/>
        <line num="55" count="0" type="stmt"/>
        <line num="57" count="0" type="stmt"/>
        <line num="58" count="0" type="stmt"/>
        <line num="59" count="0" type="stmt"/>
        <line num="60" count="0" type="stmt"/>
        <line num="61" count="0" type="stmt"/>
        <line num="62" count="0" type="stmt"/>
        <line num="63" count="0" type="stmt"/>
        <line num="64" count="0" type="stmt"/>
        <line num="66" count="0" type="stmt"/>
        <line num="68" count="0" type="stmt"/>
        <line num="71" count="0" type="stmt"/>
        <line num="72" count="0" type="stmt"/>
        <line num="73" count="0" type="stmt"/>
        <line num="74" count="0" type="cond" truecount="0" falsecount="2"/>
        <line num="75" count="0" type="stmt"/>
        <line num="77" count="0" type="stmt"/>
        <line num="78" count="0" type="cond" truecount="0" falsecount="4"/>
        <line num="79" count="0" type="stmt"/>
        <line num="80" count="0" type="stmt"/>
        <line num="82" count="0" type="stmt"/>
        <line num="84" count="0" type="stmt"/>
        <line num="85" count="0" type="stmt"/>
        <line num="86" count="0" type="stmt"/>
        <line num="88" count="0" type="stmt"/>
        <line num="89" count="0" type="stmt"/>
        <line num="91" count="0" type="stmt"/>
        <line num="92" count="0" type="cond" truecount="0" falsecount="2"/>
        <line num="93" count="0" type="stmt"/>
        <line num="94" count="0" type="stmt"/>
        <line num="95" count="0" type="stmt"/>
        <line num="97" count="0" type="stmt"/>
        <line num="98" count="0" type="stmt"/>
        <line num="99" count="0" type="stmt"/>
        <line num="100" count="0" type="cond" truecount="0" falsecount="2"/>
        <line num="101" count="0" type="stmt"/>
        <line num="103" count="0" type="stmt"/>
        <line num="104" count="0" type="stmt"/>
        <line num="105" count="0" type="stmt"/>
        <line num="106" count="0" type="stmt"/>
        <line num="110" count="0" type="stmt"/>
        <line num="111" count="0" type="stmt"/>
        <line num="112" count="0" type="cond" truecount="0" falsecount="2"/>
        <line num="113" count="0" type="stmt"/>
        <line num="114" count="0" type="stmt"/>
        <line num="115" count="0" type="stmt"/>
        <line num="116" count="0" type="stmt"/>
        <line num="117" count="0" type="stmt"/>
        <line num="119" count="0" type="stmt"/>
        <line num="120" count="0" type="stmt"/>
        <line num="124" count="0" type="stmt"/>
      </file>
      <file name="test.ts" path="/home/circleci/repo/packages/sportident-testbench-shell/src/commands/test.ts">
        <metrics statements="80" coveredstatements="5" conditionals="20" coveredconditionals="0" methods="23" coveredmethods="0"/>
        <line num="1" count="1" type="stmt"/>
        <line num="2" count="1" type="stmt"/>
        <line num="5" count="1" type="stmt"/>
        <line num="7" count="1" type="stmt"/>
        <line num="9" count="0" type="stmt"/>
        <line num="11" count="0" type="stmt"/>
        <line num="13" count="0" type="stmt"/>
        <line num="14" count="0" type="stmt"/>
        <line num="16" count="0" type="stmt"/>
        <line num="17" count="0" type="stmt"/>
        <line num="18" count="0" type="cond" truecount="0" falsecount="4"/>
        <line num="19" count="0" type="stmt"/>
        <line num="20" count="0" type="cond" truecount="0" falsecount="2"/>
        <line num="21" count="0" type="stmt"/>
        <line num="26" count="0" type="stmt"/>
        <line num="27" count="0" type="stmt"/>
        <line num="31" count="0" type="stmt"/>
        <line num="32" count="0" type="stmt"/>
        <line num="33" count="0" type="stmt"/>
        <line num="34" count="0" type="stmt"/>
        <line num="37" count="0" type="stmt"/>
        <line num="38" count="0" type="stmt"/>
        <line num="39" count="0" type="stmt"/>
        <line num="40" count="0" type="stmt"/>
        <line num="41" count="0" type="stmt"/>
        <line num="42" count="0" type="stmt"/>
        <line num="43" count="0" type="cond" truecount="0" falsecount="2"/>
        <line num="44" count="0" type="stmt"/>
        <line num="46" count="0" type="cond" truecount="0" falsecount="2"/>
        <line num="47" count="0" type="stmt"/>
        <line num="48" count="0" type="stmt"/>
        <line num="50" count="0" type="stmt"/>
        <line num="51" count="0" type="stmt"/>
        <line num="52" count="0" type="cond" truecount="0" falsecount="2"/>
        <line num="53" count="0" type="stmt"/>
        <line num="55" count="0" type="cond" truecount="0" falsecount="2"/>
        <line num="57" count="0" type="stmt"/>
        <line num="58" count="0" type="stmt"/>
        <line num="62" count="0" type="stmt"/>
        <line num="63" count="0" type="stmt"/>
        <line num="64" count="0" type="stmt"/>
        <line num="65" count="0" type="stmt"/>
        <line num="68" count="0" type="stmt"/>
        <line num="69" count="0" type="stmt"/>
        <line num="70" count="0" type="stmt"/>
        <line num="71" count="0" type="stmt"/>
        <line num="72" count="0" type="stmt"/>
        <line num="73" count="0" type="stmt"/>
        <line num="74" count="0" type="cond" truecount="0" falsecount="2"/>
        <line num="75" count="0" type="stmt"/>
        <line num="76" count="0" type="stmt"/>
        <line num="77" count="0" type="stmt"/>
        <line num="80" count="0" type="stmt"/>
        <line num="81" count="0" type="stmt"/>
        <line num="82" count="0" type="stmt"/>
        <line num="83" count="0" type="stmt"/>
        <line num="84" count="0" type="stmt"/>
        <line num="85" count="0" type="stmt"/>
        <line num="87" count="0" type="stmt"/>
        <line num="88" count="0" type="stmt"/>
        <line num="89" count="0" type="stmt"/>
        <line num="91" count="0" type="stmt"/>
        <line num="92" count="0" type="stmt"/>
        <line num="93" count="0" type="cond" truecount="0" falsecount="2"/>
        <line num="94" count="0" type="stmt"/>
        <line num="96" count="0" type="cond" truecount="0" falsecount="2"/>
        <line num="97" count="0" type="stmt"/>
        <line num="98" count="0" type="stmt"/>
        <line num="100" count="0" type="stmt"/>
        <line num="101" count="0" type="stmt"/>
        <line num="104" count="0" type="stmt"/>
        <line num="107" count="0" type="stmt"/>
        <line num="194" count="0" type="stmt"/>
        <line num="195" count="0" type="stmt"/>
        <line num="197" count="0" type="stmt"/>
        <line num="201" count="1" type="stmt"/>
        <line num="203" count="0" type="stmt"/>
        <line num="212" count="0" type="stmt"/>
        <line num="216" count="0" type="stmt"/>
        <line num="217" count="0" type="stmt"/>
      </file>
    </package>
    <package name="sportident-webusb.src">
      <metrics statements="123" coveredstatements="119" conditionals="22" coveredconditionals="17" methods="44" coveredmethods="44"/>
      <file name="WebUsbSiDeviceDriver.ts" path="/home/circleci/repo/packages/sportident-webusb/src/WebUsbSiDeviceDriver.ts">
        <metrics statements="123" coveredstatements="119" conditionals="22" coveredconditionals="17" methods="44" coveredmethods="44"/>
        <line num="2" count="1" type="stmt"/>
        <line num="4" count="1" type="stmt"/>
        <line num="6" count="1" type="stmt"/>
        <line num="7" count="1" type="stmt"/>
        <line num="11" count="1" type="stmt"/>
        <line num="12" count="1" type="stmt"/>
        <line num="13" count="1" type="stmt"/>
        <line num="14" count="1" type="stmt"/>
        <line num="15" count="1" type="stmt"/>
        <line num="16" count="1" type="stmt"/>
        <line num="19" count="1" type="stmt"/>
        <line num="22" count="6" type="stmt"/>
        <line num="24" count="6" type="cond" truecount="2" falsecount="0"/>
        <line num="29" count="16" type="stmt"/>
        <line num="48" count="5" type="stmt"/>
        <line num="50" count="5" type="stmt"/>
        <line num="53" count="5" type="stmt"/>
        <line num="61" count="5" type="stmt"/>
        <line num="66" count="2" type="stmt"/>
        <line num="70" count="1" type="stmt"/>
        <line num="77" count="7" type="stmt"/>
        <line num="78" count="7" type="cond" truecount="2" falsecount="0"/>
        <line num="79" count="1" type="stmt"/>
        <line num="81" count="6" type="stmt"/>
        <line num="85" count="6" type="stmt"/>
        <line num="86" count="6" type="stmt"/>
        <line num="87" count="6" type="stmt"/>
        <line num="93" count="2" type="stmt"/>
        <line num="94" count="2" type="stmt"/>
        <line num="95" count="2" type="stmt"/>
        <line num="96" count="2" type="cond" truecount="1" falsecount="1"/>
        <line num="97" count="2" type="stmt"/>
        <line num="99" count="2" type="stmt"/>
        <line num="103" count="1" type="stmt"/>
        <line num="104" count="1" type="stmt"/>
        <line num="108" count="1" type="stmt"/>
        <line num="110" count="1" type="stmt"/>
        <line num="118" count="1" type="stmt"/>
        <line num="119" count="1" type="stmt"/>
        <line num="120" count="1" type="stmt"/>
        <line num="121" count="1" type="stmt"/>
        <line num="122" count="2" type="stmt"/>
        <line num="123" count="2" type="cond" truecount="2" falsecount="0"/>
        <line num="124" count="1" type="stmt"/>
        <line num="127" count="1" type="stmt"/>
        <line num="129" count="2" type="stmt"/>
        <line num="131" count="1" type="stmt"/>
        <line num="132" count="1" type="stmt"/>
        <line num="134" count="1" type="stmt"/>
        <line num="143" count="6" type="cond" truecount="2" falsecount="0"/>
        <line num="147" count="2" type="stmt"/>
        <line num="149" count="4" type="stmt"/>
        <line num="150" count="4" type="cond" truecount="1" falsecount="1"/>
        <line num="151" count="0" type="stmt"/>
        <line num="153" count="4" type="stmt"/>
        <line num="154" count="4" type="stmt"/>
        <line num="155" count="4" type="stmt"/>
        <line num="159" count="1" type="cond" truecount="1" falsecount="1"/>
        <line num="160" count="0" type="stmt"/>
        <line num="162" count="1" type="stmt"/>
        <line num="163" count="3" type="stmt"/>
        <line num="164" count="3" type="stmt"/>
        <line num="166" count="2" type="stmt"/>
        <line num="169" count="1" type="stmt"/>
        <line num="170" count="1" type="stmt"/>
        <line num="171" count="3" type="stmt"/>
        <line num="172" count="3" type="stmt"/>
        <line num="173" count="3" type="stmt"/>
        <line num="174" count="3" type="cond" truecount="2" falsecount="0"/>
        <line num="175" count="1" type="stmt"/>
        <line num="177" count="2" type="stmt"/>
        <line num="179" count="1" type="stmt"/>
        <line num="180" count="1" type="stmt"/>
        <line num="187" count="1" type="stmt"/>
        <line num="188" count="1" type="stmt"/>
        <line num="192" count="1" type="cond" truecount="1" falsecount="1"/>
        <line num="193" count="0" type="stmt"/>
        <line num="195" count="1" type="stmt"/>
        <line num="196" count="1" type="stmt"/>
        <line num="197" count="1" type="stmt"/>
        <line num="201" count="1" type="stmt"/>
        <line num="203" count="1" type="stmt"/>
        <line num="207" count="1" type="stmt"/>
        <line num="214" count="5" type="stmt"/>
        <line num="215" count="5" type="stmt"/>
        <line num="216" count="5" type="stmt"/>
        <line num="218" count="5" type="stmt"/>
        <line num="219" count="5" type="stmt"/>
        <line num="222" count="5" type="stmt"/>
        <line num="223" count="5" type="stmt"/>
        <line num="226" count="5" type="stmt"/>
        <line num="227" count="5" type="stmt"/>
        <line num="230" count="5" type="stmt"/>
        <line num="231" count="5" type="stmt"/>
        <line num="234" count="5" type="stmt"/>
        <line num="235" count="5" type="stmt"/>
        <line num="244" count="5" type="stmt"/>
        <line num="245" count="5" type="stmt"/>
        <line num="259" count="2" type="stmt"/>
        <line num="260" count="2" type="stmt"/>
        <line num="261" count="2" type="stmt"/>
        <line num="269" count="2" type="stmt"/>
        <line num="270" count="2" type="stmt"/>
        <line num="273" count="2" type="stmt"/>
        <line num="274" count="2" type="stmt"/>
        <line num="276" count="2" type="stmt"/>
        <line num="282" count="64" type="stmt"/>
        <line num="283" count="64" type="cond" truecount="2" falsecount="0"/>
        <line num="284" count="1" type="stmt"/>
        <line num="285" count="1" type="stmt"/>
        <line num="286" count="1" type="stmt"/>
        <line num="288" count="63" type="stmt"/>
        <line num="290" count="60" type="cond" truecount="1" falsecount="1"/>
        <line num="291" count="0" type="stmt"/>
        <line num="293" count="60" type="stmt"/>
        <line num="294" count="60" type="stmt"/>
        <line num="302" count="1" type="stmt"/>
        <line num="303" count="1" type="stmt"/>
        <line num="304" count="1" type="stmt"/>
        <line num="305" count="1" type="stmt"/>
        <line num="310" count="1" type="stmt"/>
        <line num="312" count="1" type="stmt"/>
        <line num="314" count="5" type="stmt"/>
      </file>
    </package>
    <package name="sportident.src">
      <metrics statements="225" coveredstatements="225" conditionals="105" coveredconditionals="105" methods="43" coveredmethods="43"/>
      <file name="constants.ts" path="/home/circleci/repo/packages/sportident/src/constants.ts">
        <metrics statements="4" coveredstatements="4" conditionals="0" coveredconditionals="0" methods="2" coveredmethods="2"/>
        <line num="1" count="25" type="stmt"/>
        <line num="3" count="25" type="stmt"/>
        <line num="35" count="1" type="stmt"/>
        <line num="70" count="9" type="stmt"/>
      </file>
      <file name="index.ts" path="/home/circleci/repo/packages/sportident/src/index.ts">
        <metrics statements="10" coveredstatements="10" conditionals="0" coveredconditionals="0" methods="0" coveredmethods="0"/>
        <line num="5" count="1" type="stmt"/>
        <line num="6" count="1" type="stmt"/>
        <line num="8" count="1" type="stmt"/>
        <line num="10" count="1" type="stmt"/>
        <line num="11" count="1" type="stmt"/>
        <line num="12" count="1" type="stmt"/>
        <line num="13" count="1" type="stmt"/>
        <line num="14" count="1" type="stmt"/>
        <line num="16" count="1" type="stmt"/>
        <line num="27" count="1" type="stmt"/>
      </file>
      <file name="siProtocol.ts" path="/home/circleci/repo/packages/sportident/src/siProtocol.ts">
        <metrics statements="178" coveredstatements="178" conditionals="97" coveredconditionals="97" methods="26" coveredmethods="26"/>
        <line num="1" count="24" type="stmt"/>
        <line num="2" count="24" type="stmt"/>
        <line num="3" count="24" type="stmt"/>
        <line num="4" count="24" type="stmt"/>
        <line num="6" count="24" type="stmt"/>
        <line num="7" count="16" type="stmt"/>
        <line num="8" count="9" type="stmt"/>
        <line num="9" count="5" type="cond" truecount="4" falsecount="0"/>
        <line num="10" count="1" type="stmt"/>
        <line num="12" count="4" type="stmt"/>
        <line num="15" count="24" type="stmt"/>
        <line num="16" count="63" type="stmt"/>
        <line num="17" count="61" type="stmt"/>
        <line num="18" count="57" type="cond" truecount="2" falsecount="0"/>
        <line num="19" count="2" type="stmt"/>
        <line num="20" count="2" type="stmt"/>
        <line num="22" count="55" type="cond" truecount="2" falsecount="0"/>
        <line num="23" count="2" type="stmt"/>
        <line num="24" count="2" type="stmt"/>
        <line num="26" count="53" type="cond" truecount="2" falsecount="0"/>
        <line num="27" count="53" type="stmt"/>
        <line num="28" count="53" type="stmt"/>
        <line num="29" count="53" type="stmt"/>
        <line num="30" count="53" type="cond" truecount="2" falsecount="0"/>
        <line num="31" count="37" type="stmt"/>
        <line num="33" count="16" type="stmt"/>
        <line num="35" count="53" type="stmt"/>
        <line num="36" count="53" type="stmt"/>
        <line num="37" count="53" type="stmt"/>
        <line num="38" count="53" type="cond" truecount="2" falsecount="0"/>
        <line num="39" count="53" type="cond" truecount="2" falsecount="0"/>
        <line num="40" count="53" type="cond" truecount="2" falsecount="0"/>
        <line num="41" count="53" type="cond" truecount="2" falsecount="0"/>
        <line num="42" count="53" type="cond" truecount="2" falsecount="0"/>
        <line num="43" count="53" type="stmt"/>
        <line num="45" count="53" type="cond" truecount="7" falsecount="0"/>
        <line num="53" count="53" type="cond" truecount="2" falsecount="0"/>
        <line num="54" count="2" type="stmt"/>
        <line num="55" count="2" type="stmt"/>
        <line num="56" count="2" type="stmt"/>
        <line num="58" count="51" type="stmt"/>
        <line num="61" count="24" type="stmt"/>
        <line num="62" count="49" type="stmt"/>
        <line num="63" count="49" type="stmt"/>
        <line num="74" count="24" type="stmt"/>
        <line num="75" count="401" type="cond" truecount="2" falsecount="0"/>
        <line num="76" count="4" type="stmt"/>
        <line num="78" count="123" type="stmt"/>
        <line num="79" count="123" type="stmt"/>
        <line num="80" count="118" type="stmt"/>
        <line num="81" count="118" type="cond" truecount="2" falsecount="0"/>
        <line num="82" count="118" type="cond" truecount="4" falsecount="0"/>
        <line num="83" count="71" type="stmt"/>
        <line num="85" count="47" type="stmt"/>
        <line num="87" count="118" type="cond" truecount="2" falsecount="0"/>
        <line num="88" count="21" type="stmt"/>
        <line num="90" count="118" type="stmt"/>
        <line num="93" count="24" type="stmt"/>
        <line num="94" count="41" type="cond" truecount="2" falsecount="0"/>
        <line num="95" count="1" type="stmt"/>
        <line num="97" count="40" type="stmt"/>
        <line num="101" count="40" type="stmt"/>
        <line num="105" count="40" type="stmt"/>
        <line num="125" count="24" type="stmt"/>
        <line num="126" count="9" type="cond" truecount="2" falsecount="0"/>
        <line num="127" count="1" type="stmt"/>
        <line num="128" count="1" type="stmt"/>
        <line num="130" count="8" type="stmt"/>
        <line num="131" count="8" type="stmt"/>
        <line num="132" count="8" type="stmt"/>
        <line num="135" count="24" type="stmt"/>
        <line num="136" count="202" type="stmt"/>
        <line num="137" count="202" type="stmt"/>
        <line num="138" count="202" type="cond" truecount="2" falsecount="0"/>
        <line num="139" count="136" type="cond" truecount="4" falsecount="0"/>
        <line num="141" count="66" type="cond" truecount="2" falsecount="0"/>
        <line num="142" count="66" type="stmt"/>
        <line num="143" count="66" type="stmt"/>
        <line num="144" count="74" type="stmt"/>
        <line num="145" count="74" type="stmt"/>
        <line num="146" count="74" type="stmt"/>
        <line num="147" count="1184" type="cond" truecount="2" falsecount="0"/>
        <line num="148" count="380" type="stmt"/>
        <line num="149" count="380" type="cond" truecount="2" falsecount="0"/>
        <line num="150" count="234" type="stmt"/>
        <line num="152" count="380" type="stmt"/>
        <line num="154" count="804" type="stmt"/>
        <line num="155" count="804" type="cond" truecount="2" falsecount="0"/>
        <line num="156" count="149" type="stmt"/>
        <line num="159" count="1184" type="stmt"/>
        <line num="161" count="74" type="stmt"/>
        <line num="163" count="66" type="stmt"/>
        <line num="171" count="24" type="stmt"/>
        <line num="172" count="236" type="stmt"/>
        <line num="176" count="236" type="stmt"/>
        <line num="182" count="236" type="cond" truecount="2" falsecount="0"/>
        <line num="183" count="26" type="stmt"/>
        <line num="185" count="210" type="cond" truecount="2" falsecount="0"/>
        <line num="186" count="24" type="stmt"/>
        <line num="187" count="186" type="cond" truecount="2" falsecount="0"/>
        <line num="188" count="24" type="stmt"/>
        <line num="189" count="162" type="cond" truecount="2" falsecount="0"/>
        <line num="190" count="2" type="stmt"/>
        <line num="191" count="2" type="stmt"/>
        <line num="193" count="160" type="cond" truecount="2" falsecount="0"/>
        <line num="194" count="12" type="stmt"/>
        <line num="196" count="148" type="stmt"/>
        <line num="197" count="148" type="cond" truecount="2" falsecount="0"/>
        <line num="198" count="12" type="stmt"/>
        <line num="200" count="136" type="stmt"/>
        <line num="201" count="136" type="cond" truecount="2" falsecount="0"/>
        <line num="202" count="12" type="stmt"/>
        <line num="204" count="124" type="stmt"/>
        <line num="205" count="124" type="cond" truecount="2" falsecount="0"/>
        <line num="206" count="24" type="stmt"/>
        <line num="208" count="100" type="cond" truecount="2" falsecount="0"/>
        <line num="209" count="12" type="stmt"/>
        <line num="211" count="88" type="cond" truecount="2" falsecount="0"/>
        <line num="212" count="4" type="stmt"/>
        <line num="213" count="4" type="stmt"/>
        <line num="215" count="84" type="stmt"/>
        <line num="216" count="84" type="stmt"/>
        <line num="217" count="84" type="cond" truecount="2" falsecount="0"/>
        <line num="218" count="4" type="stmt"/>
        <line num="219" count="4" type="stmt"/>
        <line num="221" count="80" type="stmt"/>
        <line num="235" count="24" type="stmt"/>
        <line num="236" count="77" type="stmt"/>
        <line num="237" count="77" type="stmt"/>
        <line num="238" count="77" type="stmt"/>
        <line num="239" count="77" type="stmt"/>
        <line num="240" count="197" type="stmt"/>
        <line num="241" count="197" type="stmt"/>
        <line num="242" count="197" type="cond" truecount="2" falsecount="0"/>
        <line num="243" count="120" type="stmt"/>
        <line num="245" count="197" type="stmt"/>
        <line num="247" count="77" type="stmt"/>
        <line num="253" count="24" type="stmt"/>
        <line num="254" count="113" type="stmt"/>
        <line num="255" count="108" type="stmt"/>
        <line num="260" count="108" type="stmt"/>
        <line num="261" count="108" type="stmt"/>
        <line num="263" count="113" type="cond" truecount="2" falsecount="0"/>
        <line num="264" count="108" type="stmt"/>
        <line num="266" count="5" type="stmt"/>
        <line num="267" count="1" type="stmt"/>
        <line num="268" count="2" type="stmt"/>
        <line num="269" count="1" type="stmt"/>
        <line num="271" count="5" type="stmt"/>
        <line num="272" count="5" type="cond" truecount="2" falsecount="0"/>
        <line num="273" count="1" type="stmt"/>
        <line num="275" count="4" type="stmt"/>
        <line num="278" count="24" type="stmt"/>
        <line num="282" count="18" type="stmt"/>
        <line num="283" count="18" type="stmt"/>
        <line num="285" count="18" type="stmt"/>
        <line num="286" count="18" type="stmt"/>
        <line num="288" count="97" type="stmt"/>
        <line num="293" count="16" type="stmt"/>
        <line num="297" count="2" type="stmt"/>
        <line num="298" count="2" type="stmt"/>
        <line num="299" count="2" type="stmt"/>
        <line num="300" count="2" type="stmt"/>
        <line num="301" count="2" type="stmt"/>
        <line num="302" count="2" type="stmt"/>
        <line num="303" count="2" type="stmt"/>
        <line num="304" count="2" type="stmt"/>
        <line num="308" count="7" type="stmt"/>
        <line num="309" count="7" type="cond" truecount="2" falsecount="0"/>
        <line num="310" count="5" type="stmt"/>
        <line num="312" count="2" type="stmt"/>
        <line num="324" count="19" type="stmt"/>
        <line num="325" count="19" type="cond" truecount="2" falsecount="0"/>
        <line num="327" count="59" type="stmt"/>
        <line num="329" count="7" type="stmt"/>
        <line num="331" count="12" type="stmt"/>
        <line num="335" count="11" type="stmt"/>
        <line num="336" count="11" type="stmt"/>
      </file>
      <file name="testUtils.ts" path="/home/circleci/repo/packages/sportident/src/testUtils.ts">
        <metrics statements="33" coveredstatements="33" conditionals="8" coveredconditionals="8" methods="15" coveredmethods="15"/>
        <line num="3" count="22" type="stmt"/>
        <line num="5" count="22" type="stmt"/>
        <line num="6" count="17" type="stmt"/>
        <line num="9" count="22" type="stmt"/>
        <line num="10" count="2" type="stmt"/>
        <line num="13" count="700" type="stmt"/>
        <line num="14" count="700" type="stmt"/>
        <line num="15" count="700" type="stmt"/>
        <line num="18" count="695" type="stmt"/>
        <line num="19" count="695" type="cond" truecount="2" falsecount="0"/>
        <line num="20" count="45" type="stmt"/>
        <line num="22" count="650" type="stmt"/>
        <line num="23" count="650" type="stmt"/>
        <line num="26" count="139" type="stmt"/>
        <line num="28" count="81" type="stmt"/>
        <line num="30" count="22" type="stmt"/>
        <line num="31" count="2546" type="stmt"/>
        <line num="32" count="28" type="stmt"/>
        <line num="33" count="28" type="stmt"/>
        <line num="34" count="28" type="stmt"/>
        <line num="35" count="2572" type="cond" truecount="2" falsecount="0"/>
        <line num="36" count="2565" type="stmt"/>
        <line num="39" count="28" type="stmt"/>
        <line num="42" count="22" type="stmt"/>
        <line num="43" count="47" type="stmt"/>
        <line num="44" count="47" type="stmt"/>
        <line num="45" count="47" type="stmt"/>
        <line num="53" count="22" type="stmt"/>
        <line num="54" count="5" type="cond" truecount="2" falsecount="0"/>
        <line num="55" count="5" type="cond" truecount="2" falsecount="0"/>
        <line num="56" count="5" type="stmt"/>
        <line num="57" count="5" type="stmt"/>
        <line num="58" count="5" type="stmt"/>
      </file>
    </package>
    <package name="sportident.src.SiCard">
      <metrics statements="55" coveredstatements="52" conditionals="16" coveredconditionals="13" methods="15" coveredmethods="15"/>
      <file name="BaseSiCard.ts" path="/home/circleci/repo/packages/sportident/src/SiCard/BaseSiCard.ts">
        <metrics statements="53" coveredstatements="50" conditionals="16" coveredconditionals="13" methods="15" coveredmethods="15"/>
        <line num="2" count="18" type="stmt"/>
        <line num="3" count="18" type="stmt"/>
        <line num="4" count="18" type="stmt"/>
        <line num="5" count="18" type="stmt"/>
        <line num="9" count="18" type="stmt"/>
        <line num="24" count="18" type="stmt"/>
        <line num="26" count="18" type="stmt"/>
        <line num="29" count="18" type="stmt"/>
        <line num="30" count="18" type="stmt"/>
        <line num="33" count="4" type="stmt"/>
        <line num="41" count="57" type="stmt"/>
        <line num="42" count="57" type="stmt"/>
        <line num="46" count="47" type="stmt"/>
        <line num="52" count="3" type="stmt"/>
        <line num="53" count="3" type="cond" truecount="2" falsecount="0"/>
        <line num="54" count="1" type="stmt"/>
        <line num="56" count="2" type="stmt"/>
        <line num="60" count="10" type="cond" truecount="1" falsecount="1"/>
        <line num="61" count="0" type="stmt"/>
        <line num="63" count="10" type="stmt"/>
        <line num="64" count="10" type="cond" truecount="2" falsecount="0"/>
        <line num="65" count="2" type="stmt"/>
        <line num="67" count="8" type="stmt"/>
        <line num="68" count="8" type="cond" truecount="1" falsecount="1"/>
        <line num="69" count="0" type="stmt"/>
        <line num="71" count="8" type="stmt"/>
        <line num="72" count="8" type="cond" truecount="2" falsecount="0"/>
        <line num="73" count="1" type="stmt"/>
        <line num="75" count="7" type="cond" truecount="2" falsecount="0"/>
        <line num="76" count="5" type="stmt"/>
        <line num="78" count="2" type="stmt"/>
        <line num="83" count="1" type="stmt"/>
        <line num="98" count="45" type="stmt"/>
        <line num="99" count="45" type="stmt"/>
        <line num="100" count="45" type="stmt"/>
        <line num="101" count="45" type="stmt"/>
        <line num="102" count="45" type="stmt"/>
        <line num="103" count="45" type="stmt"/>
        <line num="104" count="45" type="stmt"/>
        <line num="105" count="45" type="stmt"/>
        <line num="106" count="45" type="stmt"/>
        <line num="107" count="45" type="stmt"/>
        <line num="114" count="121" type="stmt"/>
        <line num="115" count="121" type="stmt"/>
        <line num="119" count="1" type="stmt"/>
        <line num="120" count="1" type="stmt"/>
        <line num="126" count="1" type="cond" truecount="1" falsecount="1"/>
        <line num="127" count="0" type="stmt"/>
        <line num="129" count="1" type="stmt"/>
        <line num="135" count="1" type="stmt"/>
        <line num="147" count="1" type="stmt"/>
        <line num="153" count="1" type="stmt"/>
        <line num="155" count="1" type="stmt"/>
      </file>
      <file name="index.ts" path="/home/circleci/repo/packages/sportident/src/SiCard/index.ts">
        <metrics statements="2" coveredstatements="2" conditionals="0" coveredconditionals="0" methods="0" coveredmethods="0"/>
        <line num="1" count="2" type="stmt"/>
        <line num="2" count="2" type="stmt"/>
      </file>
    </package>
    <package name="sportident.src.SiCard.types">
      <metrics statements="446" coveredstatements="420" conditionals="129" coveredconditionals="111" methods="202" coveredmethods="179"/>
      <file name="FCard.ts" path="/home/circleci/repo/packages/sportident/src/SiCard/types/FCard.ts">
        <metrics statements="5" coveredstatements="4" conditionals="0" coveredconditionals="0" methods="1" coveredmethods="0"/>
        <line num="1" count="4" type="stmt"/>
        <line num="2" count="4" type="stmt"/>
        <line num="4" count="4" type="stmt"/>
        <line num="6" count="0" type="stmt"/>
        <line num="9" count="4" type="stmt"/>
      </file>
      <file name="ModernSiCard.ts" path="/home/circleci/repo/packages/sportident/src/SiCard/types/ModernSiCard.ts">
        <metrics statements="89" coveredstatements="84" conditionals="57" coveredconditionals="53" methods="39" coveredmethods="35"/>
        <line num="1" count="10" type="stmt"/>
        <line num="2" count="10" type="stmt"/>
        <line num="3" count="10" type="stmt"/>
        <line num="4" count="10" type="stmt"/>
        <line num="5" count="10" type="stmt"/>
        <line num="8" count="10" type="stmt"/>
        <line num="9" count="10" type="stmt"/>
        <line num="11" count="10" type="stmt"/>
        <line num="14" count="10" type="cond" truecount="2" falsecount="0"/>
        <line num="15" count="10" type="stmt"/>
        <line num="16" count="10" type="stmt"/>
        <line num="17" count="10" type="stmt"/>
        <line num="18" count="10" type="stmt"/>
        <line num="19" count="10" type="stmt"/>
        <line num="29" count="10" type="stmt"/>
        <line num="30" count="3460" type="stmt"/>
        <line num="33" count="10" type="stmt"/>
        <line num="34" count="679" type="cond" truecount="2" falsecount="0"/>
        <line num="35" count="27" type="stmt"/>
        <line num="36" count="27" type="cond" truecount="2" falsecount="0"/>
        <line num="39" count="10" type="stmt"/>
        <line num="40" count="1621" type="cond" truecount="2" falsecount="0"/>
        <line num="41" count="43" type="stmt"/>
        <line num="42" count="43" type="cond" truecount="2" falsecount="0"/>
        <line num="43" count="1588" type="stmt"/>
        <line num="46" count="10" type="stmt"/>
        <line num="49" count="31" type="stmt"/>
        <line num="50" count="31" type="stmt"/>
        <line num="66" count="10" type="stmt"/>
        <line num="67" count="26" type="stmt"/>
        <line num="68" count="26" type="cond" truecount="2" falsecount="0"/>
        <line num="71" count="10" type="stmt"/>
        <line num="77" count="63" type="stmt"/>
        <line num="79" count="21" type="stmt"/>
        <line num="80" count="0" type="stmt"/>
        <line num="81" count="0" type="stmt"/>
        <line num="82" count="0" type="stmt"/>
        <line num="83" count="0" type="cond" truecount="0" falsecount="3"/>
        <line num="92" count="1152" type="stmt"/>
        <line num="102" count="9" type="stmt"/>
        <line num="107" count="2432" type="stmt"/>
        <line num="109" count="19" type="stmt"/>
        <line num="113" count="10" type="stmt"/>
        <line num="114" count="10" type="stmt"/>
        <line num="115" count="10" type="stmt"/>
        <line num="118" count="3" type="cond" truecount="2" falsecount="0"/>
        <line num="122" count="49" type="cond" truecount="1" falsecount="1"/>
        <line num="123" count="0" type="stmt"/>
        <line num="125" count="49" type="stmt"/>
        <line num="130" count="49" type="stmt"/>
        <line num="134" count="49" type="stmt"/>
        <line num="139" count="11" type="stmt"/>
        <line num="140" count="11" type="stmt"/>
        <line num="141" count="11" type="stmt"/>
        <line num="142" count="10" type="stmt"/>
        <line num="144" count="9" type="stmt"/>
        <line num="146" count="81" type="stmt"/>
        <line num="148" count="9" type="stmt"/>
        <line num="150" count="2" type="stmt"/>
        <line num="155" count="11" type="stmt"/>
        <line num="157" count="11" type="stmt"/>
        <line num="159" count="11" type="stmt"/>
        <line num="160" count="11" type="cond" truecount="2" falsecount="0"/>
        <line num="161" count="5" type="stmt"/>
        <line num="167" count="10" type="stmt"/>
        <line num="168" count="10" type="cond" truecount="4" falsecount="0"/>
        <line num="169" count="3" type="stmt"/>
        <line num="171" count="7" type="stmt"/>
        <line num="173" count="7" type="stmt"/>
        <line num="178" count="10" type="cond" truecount="2" falsecount="0"/>
        <line num="179" count="4" type="stmt"/>
        <line num="181" count="6" type="stmt"/>
        <line num="183" count="5" type="stmt"/>
        <line num="184" count="5" type="cond" truecount="2" falsecount="0"/>
        <line num="185" count="1" type="stmt"/>
        <line num="187" count="4" type="stmt"/>
        <line num="190" count="4" type="stmt"/>
        <line num="191" count="4" type="cond" truecount="2" falsecount="0"/>
        <line num="192" count="1" type="stmt"/>
        <line num="194" count="3" type="stmt"/>
        <line num="197" count="3" type="stmt"/>
        <line num="198" count="3" type="cond" truecount="2" falsecount="0"/>
        <line num="199" count="1" type="stmt"/>
        <line num="201" count="2" type="stmt"/>
        <line num="204" count="2" type="stmt"/>
        <line num="205" count="2" type="stmt"/>
        <line num="208" count="6" type="cond" truecount="2" falsecount="0"/>
        <line num="209" count="5" type="stmt"/>
        <line num="211" count="1" type="stmt"/>
      </file>
      <file name="PCard.ts" path="/home/circleci/repo/packages/sportident/src/SiCard/types/PCard.ts">
        <metrics statements="5" coveredstatements="4" conditionals="0" coveredconditionals="0" methods="1" coveredmethods="0"/>
        <line num="1" count="4" type="stmt"/>
        <line num="2" count="4" type="stmt"/>
        <line num="4" count="4" type="stmt"/>
        <line num="6" count="0" type="stmt"/>
        <line num="9" count="4" type="stmt"/>
      </file>
      <file name="SIAC.ts" path="/home/circleci/repo/packages/sportident/src/SiCard/types/SIAC.ts">
        <metrics statements="4" coveredstatements="4" conditionals="0" coveredconditionals="0" methods="0" coveredmethods="0"/>
        <line num="1" count="4" type="stmt"/>
        <line num="2" count="4" type="stmt"/>
        <line num="4" count="4" type="stmt"/>
        <line num="5" count="4" type="stmt"/>
      </file>
      <file name="SiCard10.ts" path="/home/circleci/repo/packages/sportident/src/SiCard/types/SiCard10.ts">
        <metrics statements="4" coveredstatements="4" conditionals="0" coveredconditionals="0" methods="0" coveredmethods="0"/>
        <line num="1" count="4" type="stmt"/>
        <line num="2" count="4" type="stmt"/>
        <line num="4" count="4" type="stmt"/>
        <line num="5" count="4" type="stmt"/>
      </file>
      <file name="SiCard11.ts" path="/home/circleci/repo/packages/sportident/src/SiCard/types/SiCard11.ts">
        <metrics statements="4" coveredstatements="4" conditionals="0" coveredconditionals="0" methods="0" coveredmethods="0"/>
        <line num="1" count="4" type="stmt"/>
        <line num="2" count="4" type="stmt"/>
        <line num="4" count="4" type="stmt"/>
        <line num="5" count="4" type="stmt"/>
      </file>
      <file name="SiCard5.ts" path="/home/circleci/repo/packages/sportident/src/SiCard/types/SiCard5.ts">
        <metrics statements="36" coveredstatements="31" conditionals="17" coveredconditionals="13" methods="16" coveredmethods="12"/>
        <line num="1" count="5" type="stmt"/>
        <line num="2" count="5" type="stmt"/>
        <line num="3" count="5" type="stmt"/>
        <line num="4" count="5" type="stmt"/>
        <line num="5" count="5" type="stmt"/>
        <line num="7" count="5" type="stmt"/>
        <line num="8" count="5" type="stmt"/>
        <line num="15" count="405" type="stmt"/>
        <line num="20" count="5" type="stmt"/>
        <line num="21" count="114" type="cond" truecount="2" falsecount="0"/>
        <line num="22" count="10" type="stmt"/>
        <line num="23" count="10" type="cond" truecount="2" falsecount="0"/>
        <line num="26" count="5" type="stmt"/>
        <line num="30" count="36" type="stmt"/>
        <line num="32" count="12" type="stmt"/>
        <line num="33" count="0" type="stmt"/>
        <line num="34" count="0" type="stmt"/>
        <line num="35" count="0" type="stmt"/>
        <line num="36" count="0" type="cond" truecount="0" falsecount="3"/>
        <line num="43" count="4" type="stmt"/>
        <line num="48" count="144" type="stmt"/>
        <line num="62" count="4" type="stmt"/>
        <line num="71" count="5" type="stmt"/>
        <line num="72" count="5" type="stmt"/>
        <line num="73" count="5" type="stmt"/>
        <line num="76" count="4" type="cond" truecount="2" falsecount="0"/>
        <line num="80" count="4" type="cond" truecount="1" falsecount="1"/>
        <line num="81" count="0" type="stmt"/>
        <line num="83" count="4" type="stmt"/>
        <line num="88" count="4" type="stmt"/>
        <line num="90" count="4" type="stmt"/>
        <line num="91" count="4" type="cond" truecount="2" falsecount="0"/>
        <line num="92" count="2" type="stmt"/>
        <line num="95" count="4" type="stmt"/>
        <line num="97" count="32" type="stmt"/>
        <line num="102" count="5" type="stmt"/>
      </file>
      <file name="SiCard6.ts" path="/home/circleci/repo/packages/sportident/src/SiCard/types/SiCard6.ts">
        <metrics statements="95" coveredstatements="90" conditionals="25" coveredconditionals="21" methods="60" coveredmethods="56"/>
        <line num="1" count="5" type="stmt"/>
        <line num="2" count="5" type="stmt"/>
        <line num="3" count="5" type="stmt"/>
        <line num="4" count="5" type="stmt"/>
        <line num="5" count="5" type="stmt"/>
        <line num="8" count="5" type="stmt"/>
        <line num="9" count="5" type="stmt"/>
        <line num="10" count="5" type="stmt"/>
        <line num="17" count="5" type="stmt"/>
        <line num="18" count="1539" type="stmt"/>
        <line num="21" count="5" type="stmt"/>
        <line num="22" count="300" type="cond" truecount="2" falsecount="0"/>
        <line num="23" count="14" type="stmt"/>
        <line num="24" count="14" type="cond" truecount="2" falsecount="0"/>
        <line num="27" count="5" type="stmt"/>
        <line num="28" count="1168" type="cond" truecount="2" falsecount="0"/>
        <line num="29" count="32" type="stmt"/>
        <line num="31" count="64" type="stmt"/>
        <line num="32" count="488" type="stmt"/>
        <line num="33" count="64" type="stmt"/>
        <line num="34" count="64" type="cond" truecount="2" falsecount="0"/>
        <line num="35" count="448" type="stmt"/>
        <line num="38" count="5" type="stmt"/>
        <line num="42" count="60" type="stmt"/>
        <line num="44" count="20" type="stmt"/>
        <line num="45" count="0" type="stmt"/>
        <line num="46" count="0" type="stmt"/>
        <line num="47" count="0" type="stmt"/>
        <line num="48" count="0" type="cond" truecount="0" falsecount="3"/>
        <line num="60" count="512" type="stmt"/>
        <line num="71" count="8" type="stmt"/>
        <line num="75" count="160" type="stmt"/>
        <line num="76" count="8" type="stmt"/>
        <line num="79" count="160" type="stmt"/>
        <line num="80" count="8" type="stmt"/>
        <line num="83" count="32" type="stmt"/>
        <line num="84" count="8" type="stmt"/>
        <line num="87" count="288" type="stmt"/>
        <line num="88" count="8" type="stmt"/>
        <line num="91" count="128" type="stmt"/>
        <line num="92" count="8" type="stmt"/>
        <line num="95" count="128" type="stmt"/>
        <line num="96" count="8" type="stmt"/>
        <line num="99" count="288" type="stmt"/>
        <line num="100" count="8" type="stmt"/>
        <line num="103" count="160" type="stmt"/>
        <line num="104" count="8" type="stmt"/>
        <line num="107" count="128" type="stmt"/>
        <line num="108" count="8" type="stmt"/>
        <line num="111" count="64" type="stmt"/>
        <line num="112" count="8" type="stmt"/>
        <line num="115" count="32" type="stmt"/>
        <line num="116" count="8" type="stmt"/>
        <line num="119" count="64" type="stmt"/>
        <line num="120" count="8" type="stmt"/>
        <line num="123" count="1664" type="stmt"/>
        <line num="125" count="1156" type="cond" truecount="2" falsecount="0"/>
        <line num="130" count="5" type="stmt"/>
        <line num="131" count="5" type="stmt"/>
        <line num="132" count="5" type="stmt"/>
        <line num="135" count="3" type="cond" truecount="2" falsecount="0"/>
        <line num="139" count="26" type="cond" truecount="1" falsecount="1"/>
        <line num="140" count="0" type="stmt"/>
        <line num="142" count="26" type="stmt"/>
        <line num="147" count="26" type="stmt"/>
        <line num="151" count="26" type="stmt"/>
        <line num="156" count="10" type="stmt"/>
        <line num="157" count="10" type="stmt"/>
        <line num="158" count="10" type="stmt"/>
        <line num="159" count="9" type="stmt"/>
        <line num="161" count="8" type="stmt"/>
        <line num="163" count="80" type="stmt"/>
        <line num="165" count="8" type="stmt"/>
        <line num="167" count="2" type="stmt"/>
        <line num="172" count="10" type="stmt"/>
        <line num="174" count="10" type="stmt"/>
        <line num="176" count="10" type="stmt"/>
        <line num="177" count="10" type="cond" truecount="2" falsecount="0"/>
        <line num="178" count="6" type="stmt"/>
        <line num="184" count="9" type="stmt"/>
        <line num="186" count="9" type="stmt"/>
        <line num="191" count="9" type="cond" truecount="2" falsecount="0"/>
        <line num="192" count="2" type="stmt"/>
        <line num="194" count="7" type="stmt"/>
        <line num="196" count="6" type="stmt"/>
        <line num="197" count="6" type="cond" truecount="2" falsecount="0"/>
        <line num="198" count="2" type="stmt"/>
        <line num="200" count="4" type="stmt"/>
        <line num="203" count="4" type="stmt"/>
        <line num="204" count="4" type="stmt"/>
        <line num="207" count="7" type="cond" truecount="2" falsecount="0"/>
        <line num="208" count="6" type="stmt"/>
        <line num="210" count="1" type="stmt"/>
        <line num="214" count="5" type="stmt"/>
        <line num="215" count="5" type="stmt"/>
      </file>
      <file name="SiCard8.ts" path="/home/circleci/repo/packages/sportident/src/SiCard/types/SiCard8.ts">
        <metrics statements="48" coveredstatements="44" conditionals="15" coveredconditionals="12" methods="19" coveredmethods="15"/>
        <line num="1" count="4" type="stmt"/>
        <line num="2" count="4" type="stmt"/>
        <line num="3" count="4" type="stmt"/>
        <line num="5" count="4" type="stmt"/>
        <line num="6" count="4" type="stmt"/>
        <line num="9" count="4" type="stmt"/>
        <line num="10" count="4" type="stmt"/>
        <line num="11" count="4" type="stmt"/>
        <line num="13" count="4" type="stmt"/>
        <line num="14" count="543" type="stmt"/>
        <line num="17" count="4" type="stmt"/>
        <line num="20" count="6" type="stmt"/>
        <line num="21" count="6" type="stmt"/>
        <line num="28" count="4" type="stmt"/>
        <line num="29" count="6" type="stmt"/>
        <line num="30" count="6" type="cond" truecount="2" falsecount="0"/>
        <line num="33" count="4" type="stmt"/>
        <line num="39" count="36" type="stmt"/>
        <line num="41" count="12" type="stmt"/>
        <line num="42" count="0" type="stmt"/>
        <line num="43" count="0" type="stmt"/>
        <line num="44" count="0" type="stmt"/>
        <line num="45" count="0" type="cond" truecount="0" falsecount="3"/>
        <line num="54" count="180" type="stmt"/>
        <line num="64" count="6" type="stmt"/>
        <line num="69" count="576" type="stmt"/>
        <line num="71" count="6" type="stmt"/>
        <line num="75" count="4" type="stmt"/>
        <line num="76" count="4" type="stmt"/>
        <line num="77" count="4" type="stmt"/>
        <line num="80" count="7" type="stmt"/>
        <line num="81" count="7" type="stmt"/>
        <line num="83" count="6" type="stmt"/>
        <line num="85" count="6" type="stmt"/>
        <line num="86" count="6" type="cond" truecount="2" falsecount="0"/>
        <line num="87" count="3" type="stmt"/>
        <line num="90" count="6" type="cond" truecount="2" falsecount="0"/>
        <line num="91" count="2" type="stmt"/>
        <line num="93" count="4" type="stmt"/>
        <line num="96" count="4" type="stmt"/>
        <line num="97" count="4" type="stmt"/>
        <line num="100" count="7" type="cond" truecount="2" falsecount="0"/>
        <line num="101" count="6" type="stmt"/>
        <line num="103" count="54" type="stmt"/>
        <line num="105" count="6" type="stmt"/>
        <line num="107" count="1" type="stmt"/>
        <line num="113" count="4" type="stmt"/>
        <line num="114" count="4" type="stmt"/>
      </file>
      <file name="SiCard9.ts" path="/home/circleci/repo/packages/sportident/src/SiCard/types/SiCard9.ts">
        <metrics statements="47" coveredstatements="43" conditionals="15" coveredconditionals="12" methods="19" coveredmethods="15"/>
        <line num="1" count="4" type="stmt"/>
        <line num="2" count="4" type="stmt"/>
        <line num="3" count="4" type="stmt"/>
        <line num="5" count="4" type="stmt"/>
        <line num="6" count="4" type="stmt"/>
        <line num="9" count="4" type="stmt"/>
        <line num="10" count="4" type="stmt"/>
        <line num="11" count="4" type="stmt"/>
        <line num="13" count="4" type="stmt"/>
        <line num="14" count="903" type="stmt"/>
        <line num="17" count="4" type="stmt"/>
        <line num="20" count="6" type="stmt"/>
        <line num="21" count="6" type="stmt"/>
        <line num="28" count="4" type="stmt"/>
        <line num="29" count="6" type="stmt"/>
        <line num="30" count="6" type="cond" truecount="2" falsecount="0"/>
        <line num="33" count="4" type="stmt"/>
        <line num="39" count="36" type="stmt"/>
        <line num="41" count="12" type="stmt"/>
        <line num="42" count="0" type="stmt"/>
        <line num="43" count="0" type="stmt"/>
        <line num="44" count="0" type="stmt"/>
        <line num="45" count="0" type="cond" truecount="0" falsecount="3"/>
        <line num="54" count="300" type="stmt"/>
        <line num="64" count="6" type="stmt"/>
        <line num="69" count="144" type="stmt"/>
        <line num="71" count="6" type="stmt"/>
        <line num="75" count="4" type="stmt"/>
        <line num="76" count="4" type="stmt"/>
        <line num="77" count="4" type="stmt"/>
        <line num="80" count="7" type="stmt"/>
        <line num="81" count="7" type="stmt"/>
        <line num="83" count="6" type="stmt"/>
        <line num="85" count="6" type="stmt"/>
        <line num="86" count="6" type="cond" truecount="2" falsecount="0"/>
        <line num="87" count="3" type="stmt"/>
        <line num="90" count="6" type="cond" truecount="2" falsecount="0"/>
        <line num="91" count="2" type="stmt"/>
        <line num="93" count="4" type="stmt"/>
        <line num="96" count="4" type="stmt"/>
        <line num="97" count="4" type="stmt"/>
        <line num="100" count="7" type="cond" truecount="2" falsecount="0"/>
        <line num="101" count="6" type="stmt"/>
        <line num="103" count="54" type="stmt"/>
        <line num="105" count="6" type="stmt"/>
        <line num="107" count="1" type="stmt"/>
        <line num="113" count="4" type="stmt"/>
      </file>
      <file name="TCard.ts" path="/home/circleci/repo/packages/sportident/src/SiCard/types/TCard.ts">
        <metrics statements="5" coveredstatements="4" conditionals="0" coveredconditionals="0" methods="1" coveredmethods="0"/>
        <line num="1" count="4" type="stmt"/>
        <line num="2" count="4" type="stmt"/>
        <line num="4" count="4" type="stmt"/>
        <line num="6" count="0" type="stmt"/>
        <line num="9" count="4" type="stmt"/>
      </file>
      <file name="index.ts" path="/home/circleci/repo/packages/sportident/src/SiCard/types/index.ts">
        <metrics statements="15" coveredstatements="15" conditionals="0" coveredconditionals="0" methods="0" coveredmethods="0"/>
        <line num="1" count="3" type="stmt"/>
        <line num="2" count="3" type="stmt"/>
        <line num="3" count="3" type="stmt"/>
        <line num="4" count="3" type="stmt"/>
        <line num="5" count="3" type="stmt"/>
        <line num="6" count="3" type="stmt"/>
        <line num="7" count="3" type="stmt"/>
        <line num="8" count="3" type="stmt"/>
        <line num="9" count="3" type="stmt"/>
        <line num="10" count="3" type="stmt"/>
        <line num="11" count="3" type="stmt"/>
        <line num="12" count="3" type="stmt"/>
        <line num="13" count="3" type="stmt"/>
        <line num="14" count="3" type="stmt"/>
        <line num="15" count="3" type="stmt"/>
      </file>
      <file name="modernSiCardExamples.ts" path="/home/circleci/repo/packages/sportident/src/SiCard/types/modernSiCardExamples.ts">
        <metrics statements="29" coveredstatements="29" conditionals="0" coveredconditionals="0" methods="16" coveredmethods="16"/>
        <line num="1" count="7" type="stmt"/>
        <line num="2" count="7" type="stmt"/>
        <line num="5" count="7" type="stmt"/>
        <line num="7" count="7" type="stmt"/>
        <line num="9" count="7" type="stmt"/>
        <line num="11" count="256" type="stmt"/>
        <line num="13" count="7" type="stmt"/>
        <line num="15" count="3" type="stmt"/>
        <line num="26" count="7" type="stmt"/>
        <line num="28" count="2" type="stmt"/>
        <line num="39" count="7" type="stmt"/>
        <line num="41" count="3" type="stmt"/>
        <line num="53" count="7" type="stmt"/>
        <line num="55" count="2" type="stmt"/>
        <line num="128" count="7" type="stmt"/>
        <line num="130" count="2" type="stmt"/>
        <line num="139" count="128" type="stmt"/>
        <line num="177" count="7" type="stmt"/>
        <line num="179" count="2" type="stmt"/>
        <line num="188" count="192" type="stmt"/>
        <line num="226" count="7" type="stmt"/>
        <line num="228" count="2" type="stmt"/>
        <line num="237" count="256" type="stmt"/>
        <line num="284" count="7" type="stmt"/>
        <line num="286" count="2" type="stmt"/>
        <line num="295" count="256" type="stmt"/>
        <line num="333" count="7" type="stmt"/>
        <line num="335" count="3" type="stmt"/>
        <line num="382" count="7" type="stmt"/>
      </file>
      <file name="siCard5Examples.ts" path="/home/circleci/repo/packages/sportident/src/SiCard/types/siCard5Examples.ts">
        <metrics statements="10" coveredstatements="10" conditionals="0" coveredconditionals="0" methods="5" coveredmethods="5"/>
        <line num="1" count="5" type="stmt"/>
        <line num="2" count="5" type="stmt"/>
        <line num="6" count="5" type="stmt"/>
        <line num="8" count="5" type="stmt"/>
        <line num="10" count="4" type="stmt"/>
        <line num="51" count="5" type="stmt"/>
        <line num="53" count="3" type="stmt"/>
        <line num="61" count="90" type="stmt"/>
        <line num="62" count="18" type="stmt"/>
        <line num="80" count="5" type="stmt"/>
      </file>
      <file name="siCard6Examples.ts" path="/home/circleci/repo/packages/sportident/src/SiCard/types/siCard6Examples.ts">
        <metrics statements="20" coveredstatements="20" conditionals="0" coveredconditionals="0" methods="11" coveredmethods="11"/>
        <line num="1" count="5" type="stmt"/>
        <line num="2" count="5" type="stmt"/>
        <line num="6" count="5" type="stmt"/>
        <line num="8" count="5" type="stmt"/>
        <line num="10" count="512" type="stmt"/>
        <line num="12" count="5" type="stmt"/>
        <line num="14" count="3" type="stmt"/>
        <line num="25" count="5" type="stmt"/>
        <line num="27" count="4" type="stmt"/>
        <line num="39" count="5" type="stmt"/>
        <line num="41" count="4" type="stmt"/>
        <line num="125" count="5" type="stmt"/>
        <line num="127" count="3" type="stmt"/>
        <line num="137" count="192" type="stmt"/>
        <line num="185" count="5" type="stmt"/>
        <line num="187" count="3" type="stmt"/>
        <line num="197" count="192" type="stmt"/>
        <line num="228" count="5" type="stmt"/>
        <line num="230" count="3" type="stmt"/>
        <line num="271" count="5" type="stmt"/>
      </file>
      <file name="siCard8Examples.ts" path="/home/circleci/repo/packages/sportident/src/SiCard/types/siCard8Examples.ts">
[...]
        <line num="48" count="10" type="stmt"/>
        <line num="52" count="9" type="stmt"/>
        <line num="53" count="9" type="cond" truecount="2" falsecount="0"/>
        <line num="54" count="1" type="stmt"/>
        <line num="58" count="8" type="stmt"/>
        <line num="62" count="53" type="stmt"/>
        <line num="66" count="32" type="cond" truecount="2" falsecount="0"/>
        <line num="67" count="32" type="stmt"/>
      </file>
      <file name="SiFieldValue.ts" path="/home/circleci/repo/packages/sportident/src/storage/SiFieldValue.ts">
        <metrics statements="10" coveredstatements="10" conditionals="4" coveredconditionals="4" methods="3" coveredmethods="3"/>
        <line num="2" count="35" type="stmt"/>
        <line num="4" count="35" type="stmt"/>
        <line num="9" count="2" type="stmt"/>
        <line num="10" count="2" type="cond" truecount="2" falsecount="0"/>
        <line num="11" count="1" type="stmt"/>
        <line num="13" count="1" type="stmt"/>
        <line num="19" count="10816" type="stmt"/>
        <line num="21" count="10816" type="stmt"/>
        <line num="26" count="14" type="stmt"/>
        <line num="27" count="14" type="cond" truecount="2" falsecount="0"/>
      </file>
      <file name="SiInt.ts" path="/home/circleci/repo/packages/sportident/src/storage/SiInt.ts">
        <metrics statements="41" coveredstatements="41" conditionals="12" coveredconditionals="12" methods="11" coveredmethods="11"/>
        <line num="1" count="29" type="stmt"/>
        <line num="3" count="29" type="stmt"/>
        <line num="4" count="29" type="stmt"/>
        <line num="14" count="29" type="stmt"/>
        <line num="18" count="11670" type="stmt"/>
        <line num="19" count="14162" type="stmt"/>
        <line num="27" count="75" type="cond" truecount="2" falsecount="0"/>
        <line num="31" count="3" type="stmt"/>
        <line num="35" count="6" type="stmt"/>
        <line num="36" count="6" type="cond" truecount="2" falsecount="0"/>
        <line num="37" count="1" type="stmt"/>
        <line num="41" count="5" type="stmt"/>
        <line num="45" count="13248" type="stmt"/>
        <line num="49" count="11697" type="cond" truecount="2" falsecount="0"/>
        <line num="50" count="3531" type="stmt"/>
        <line num="52" count="8166" type="stmt"/>
        <line num="53" count="8166" type="stmt"/>
        <line num="54" count="8166" type="stmt"/>
        <line num="55" count="9610" type="stmt"/>
        <line num="56" count="9610" type="stmt"/>
        <line num="57" count="9610" type="stmt"/>
        <line num="58" count="9610" type="stmt"/>
        <line num="59" count="9610" type="stmt"/>
        <line num="60" count="9610" type="stmt"/>
        <line num="61" count="9610" type="stmt"/>
        <line num="63" count="8166" type="stmt"/>
        <line num="67" count="92" type="cond" truecount="2" falsecount="0"/>
        <line num="68" count="30" type="stmt"/>
        <line num="70" count="62" type="stmt"/>
        <line num="71" count="62" type="stmt"/>
        <line num="72" count="62" type="stmt"/>
        <line num="73" count="73" type="stmt"/>
        <line num="74" count="73" type="stmt"/>
        <line num="75" count="73" type="stmt"/>
        <line num="76" count="73" type="stmt"/>
        <line num="77" count="73" type="stmt"/>
        <line num="78" count="73" type="stmt"/>
        <line num="79" count="73" type="stmt"/>
        <line num="80" count="73" type="stmt"/>
        <line num="81" count="73" type="stmt"/>
        <line num="83" count="62" type="stmt"/>
      </file>
      <file name="SiModified.ts" path="/home/circleci/repo/packages/sportident/src/storage/SiModified.ts">
        <metrics statements="29" coveredstatements="29" conditionals="12" coveredconditionals="12" methods="6" coveredmethods="6"/>
        <line num="2" count="27" type="stmt"/>
        <line num="3" count="27" type="stmt"/>
        <line num="5" count="27" type="stmt"/>
        <line num="8" count="146" type="stmt"/>
        <line num="10" count="146" type="stmt"/>
        <line num="12" count="146" type="stmt"/>
        <line num="14" count="146" type="stmt"/>
        <line num="16" count="146" type="stmt"/>
        <line num="18" count="146" type="stmt"/>
        <line num="20" count="146" type="stmt"/>
        <line num="24" count="30" type="cond" truecount="2" falsecount="0"/>
        <line num="25" count="3" type="stmt"/>
        <line num="27" count="27" type="stmt"/>
        <line num="31" count="4" type="cond" truecount="2" falsecount="0"/>
        <line num="32" count="1" type="stmt"/>
        <line num="34" count="3" type="stmt"/>
        <line num="38" count="7" type="cond" truecount="2" falsecount="0"/>
        <line num="39" count="1" type="stmt"/>
        <line num="41" count="6" type="stmt"/>
        <line num="45" count="261" type="cond" truecount="2" falsecount="0"/>
        <line num="46" count="1" type="stmt"/>
        <line num="48" count="260" type="stmt"/>
        <line num="49" count="260" type="cond" truecount="2" falsecount="0"/>
        <line num="50" count="3" type="stmt"/>
        <line num="52" count="257" type="stmt"/>
        <line num="56" count="13" type="cond" truecount="2" falsecount="0"/>
        <line num="57" count="1" type="stmt"/>
        <line num="59" count="12" type="stmt"/>
        <line num="60" count="12" type="stmt"/>
      </file>
      <file name="SiStorage.ts" path="/home/circleci/repo/packages/sportident/src/storage/SiStorage.ts">
        <metrics statements="26" coveredstatements="24" conditionals="12" coveredconditionals="10" methods="9" coveredmethods="9"/>
        <line num="1" count="27" type="stmt"/>
        <line num="2" count="27" type="stmt"/>
        <line num="8" count="27" type="stmt"/>
        <line num="16" count="132" type="stmt"/>
        <line num="17" count="35737" type="cond" truecount="2" falsecount="0"/>
        <line num="20" count="132" type="stmt"/>
        <line num="24" count="132" type="cond" truecount="2" falsecount="0"/>
        <line num="25" count="1" type="stmt"/>
        <line num="30" count="131" type="stmt"/>
        <line num="34" count="228" type="stmt"/>
        <line num="38" count="553" type="stmt"/>
        <line num="42" count="152" type="stmt"/>
        <line num="46" count="521" type="stmt"/>
        <line num="47" count="521" type="cond" truecount="1" falsecount="1"/>
        <line num="48" count="0" type="stmt"/>
        <line num="50" count="521" type="stmt"/>
        <line num="54" count="31" type="stmt"/>
        <line num="55" count="31" type="cond" truecount="1" falsecount="1"/>
        <line num="56" count="0" type="stmt"/>
        <line num="58" count="31" type="stmt"/>
        <line num="62" count="92" type="stmt"/>
        <line num="63" count="92" type="cond" truecount="2" falsecount="0"/>
        <line num="64" count="1" type="stmt"/>
        <line num="69" count="91" type="stmt"/>
        <line num="73" count="27" type="stmt"/>
        <line num="76" count="75" type="stmt"/>
      </file>
      <file name="index.ts" path="/home/circleci/repo/packages/sportident/src/storage/index.ts">
        <metrics statements="10" coveredstatements="10" conditionals="0" coveredconditionals="0" methods="0" coveredmethods="0"/>
        <line num="1" count="26" type="stmt"/>
        <line num="2" count="26" type="stmt"/>
        <line num="3" count="26" type="stmt"/>
        <line num="4" count="26" type="stmt"/>
        <line num="5" count="26" type="stmt"/>
        <line num="6" count="26" type="stmt"/>
        <line num="7" count="26" type="stmt"/>
        <line num="8" count="26" type="stmt"/>
        <line num="9" count="26" type="stmt"/>
        <line num="10" count="26" type="stmt"/>
      </file>
      <file name="interfaces.ts" path="/home/circleci/repo/packages/sportident/src/storage/interfaces.ts">
        <metrics statements="3" coveredstatements="3" conditionals="0" coveredconditionals="0" methods="0" coveredmethods="0"/>
        <line num="3" count="35" type="stmt"/>
        <line num="5" count="35" type="stmt"/>
        <line num="6" count="35" type="stmt"/>
      </file>
    </package>
    <package name="sportident.src.utils">
      <metrics statements="177" coveredstatements="177" conditionals="81" coveredconditionals="81" methods="50" coveredmethods="50"/>
      <file name="NumberRange.ts" path="/home/circleci/repo/packages/sportident/src/utils/NumberRange.ts">
        <metrics statements="20" coveredstatements="20" conditionals="10" coveredconditionals="10" methods="8" coveredmethods="8"/>
        <line num="1" count="40" type="stmt"/>
        <line num="3" count="40" type="stmt"/>
        <line num="8" count="69" type="cond" truecount="2" falsecount="0"/>
        <line num="9" count="3" type="stmt"/>
        <line num="11" count="66" type="stmt"/>
        <line num="18" count="3" type="stmt"/>
        <line num="22" count="281" type="stmt"/>
        <line num="26" count="371" type="stmt"/>
        <line num="30" count="53" type="cond" truecount="2" falsecount="0"/>
        <line num="34" count="115" type="cond" truecount="2" falsecount="0"/>
        <line num="35" count="111" type="stmt"/>
        <line num="36" count="111" type="stmt"/>
        <line num="38" count="4" type="stmt"/>
        <line num="39" count="4" type="stmt"/>
        <line num="43" count="206" type="cond" truecount="2" falsecount="0"/>
        <line num="44" count="109" type="stmt"/>
        <line num="45" count="109" type="stmt"/>
        <line num="47" count="97" type="stmt"/>
        <line num="48" count="97" type="stmt"/>
        <line num="52" count="6" type="cond" truecount="2" falsecount="0"/>
      </file>
      <file name="NumberRangeRegistry.ts" path="/home/circleci/repo/packages/sportident/src/utils/NumberRangeRegistry.ts">
        <metrics statements="26" coveredstatements="26" conditionals="12" coveredconditionals="12" methods="7" coveredmethods="7"/>
        <line num="1" count="39" type="stmt"/>
        <line num="2" count="39" type="stmt"/>
        <line num="6" count="39" type="stmt"/>
        <line num="7" count="26" type="stmt"/>
        <line num="8" count="26" type="stmt"/>
        <line num="11" count="66" type="stmt"/>
        <line num="12" count="66" type="stmt"/>
        <line num="14" count="99" type="stmt"/>
        <line num="15" count="99" type="stmt"/>
        <line num="16" count="99" type="stmt"/>
        <line num="17" count="99" type="stmt"/>
        <line num="18" count="99" type="cond" truecount="4" falsecount="0"/>
        <line num="19" count="1" type="stmt"/>
        <line num="24" count="98" type="cond" truecount="2" falsecount="0"/>
        <line num="27" count="65" type="stmt"/>
        <line num="28" count="65" type="stmt"/>
        <line num="32" count="53" type="stmt"/>
        <line num="33" count="53" type="stmt"/>
        <line num="35" count="93" type="stmt"/>
        <line num="36" count="93" type="stmt"/>
        <line num="37" count="93" type="stmt"/>
        <line num="38" count="93" type="cond" truecount="2" falsecount="0"/>
        <line num="41" count="53" type="stmt"/>
        <line num="42" count="53" type="cond" truecount="4" falsecount="0"/>
        <line num="43" count="47" type="stmt"/>
        <line num="45" count="6" type="stmt"/>
      </file>
      <file name="bytes.ts" path="/home/circleci/repo/packages/sportident/src/utils/bytes.ts">
        <metrics statements="51" coveredstatements="51" conditionals="27" coveredconditionals="27" methods="12" coveredmethods="12"/>
        <line num="1" count="39" type="stmt"/>
        <line num="2" count="897" type="cond" truecount="4" falsecount="0"/>
        <line num="8" count="39" type="stmt"/>
        <line num="9" count="291" type="cond" truecount="2" falsecount="0"/>
        <line num="10" count="881" type="stmt"/>
        <line num="13" count="39" type="stmt"/>
        <line num="14" count="274" type="cond" truecount="2" falsecount="0"/>
        <line num="15" count="26" type="stmt"/>
        <line num="19" count="39" type="stmt"/>
        <line num="20" count="213" type="stmt"/>
        <line num="21" count="311" type="stmt"/>
        <line num="24" count="39" type="stmt"/>
        <line num="25" count="203" type="cond" truecount="2" falsecount="0"/>
        <line num="26" count="18" type="stmt"/>
        <line num="30" count="39" type="stmt"/>
        <line num="31" count="55" type="stmt"/>
        <line num="32" count="49" type="stmt"/>
        <line num="33" count="49" type="stmt"/>
        <line num="34" count="94" type="stmt"/>
        <line num="35" count="94" type="stmt"/>
        <line num="37" count="49" type="stmt"/>
        <line num="40" count="39" type="cond" truecount="1" falsecount="0"/>
        <line num="41" count="145" type="stmt"/>
        <line num="42" count="145" type="cond" truecount="2" falsecount="0"/>
        <line num="43" count="19" type="stmt"/>
        <line num="44" count="19" type="stmt"/>
        <line num="45" count="65" type="stmt"/>
        <line num="48" count="145" type="stmt"/>
        <line num="49" count="427" type="cond" truecount="2" falsecount="0"/>
        <line num="50" count="427" type="stmt"/>
        <line num="51" count="145" type="cond" truecount="2" falsecount="0"/>
        <line num="52" count="53" type="stmt"/>
        <line num="54" count="92" type="stmt"/>
        <line num="55" count="92" type="stmt"/>
        <line num="56" count="102" type="stmt"/>
        <line num="57" count="102" type="stmt"/>
        <line num="58" count="102" type="stmt"/>
        <line num="59" count="102" type="stmt"/>
        <line num="61" count="92" type="stmt"/>
        <line num="64" count="39" type="stmt"/>
        <line num="65" count="136" type="stmt"/>
        <line num="66" count="136" type="cond" truecount="2" falsecount="0"/>
        <line num="67" count="1" type="stmt"/>
        <line num="69" count="135" type="stmt"/>
        <line num="70" count="135" type="stmt"/>
        <line num="71" count="11537" type="stmt"/>
        <line num="72" count="11537" type="cond" truecount="2" falsecount="0"/>
        <line num="73" count="11537" type="cond" truecount="6" falsecount="0"/>
        <line num="74" count="1" type="stmt"/>
        <line num="76" count="11536" type="stmt"/>
        <line num="78" count="134" type="stmt"/>
      </file>
      <file name="errors.ts" path="/home/circleci/repo/packages/sportident/src/utils/errors.ts">
        <metrics statements="5" coveredstatements="5" conditionals="3" coveredconditionals="3" methods="2" coveredmethods="2"/>
        <line num="1" count="39" type="stmt"/>
        <line num="5" count="52" type="cond" truecount="1" falsecount="0"/>
        <line num="10" count="39" type="stmt"/>
        <line num="12" count="39" type="stmt"/>
        <line num="13" count="3" type="cond" truecount="2" falsecount="0"/>
      </file>
      <file name="events.ts" path="/home/circleci/repo/packages/sportident/src/utils/events.ts">
        <metrics statements="22" coveredstatements="22" conditionals="12" coveredconditionals="12" methods="6" coveredmethods="6"/>
        <line num="7" count="39" type="stmt"/>
        <line num="9" count="169" type="stmt"/>
        <line num="14" count="169" type="stmt"/>
        <line num="40" count="39" type="stmt"/>
        <line num="47" count="71" type="cond" truecount="2" falsecount="0"/>
        <line num="48" count="71" type="cond" truecount="2" falsecount="0"/>
        <line num="49" count="71" type="stmt"/>
        <line num="53" count="71" type="stmt"/>
        <line num="60" count="24" type="cond" truecount="2" falsecount="0"/>
        <line num="61" count="24" type="cond" truecount="2" falsecount="0"/>
        <line num="62" count="24" type="stmt"/>
        <line num="63" count="23" type="stmt"/>
        <line num="65" count="24" type="stmt"/>
        <line num="72" count="177" type="stmt"/>
        <line num="73" count="177" type="cond" truecount="2" falsecount="0"/>
        <line num="74" count="177" type="cond" truecount="2" falsecount="0"/>
        <line num="75" count="177" type="stmt"/>
        <line num="76" count="57" type="stmt"/>
        <line num="77" count="57" type="stmt"/>
        <line num="79" count="1" type="stmt"/>
        <line num="80" count="1" type="stmt"/>
        <line num="83" count="177" type="stmt"/>
      </file>
      <file name="general.ts" path="/home/circleci/repo/packages/sportident/src/utils/general.ts">
        <metrics statements="42" coveredstatements="42" conditionals="17" coveredconditionals="17" methods="12" coveredmethods="12"/>
        <line num="3" count="40" type="stmt"/>
        <line num="7" count="163" type="stmt"/>
        <line num="8" count="229" type="stmt"/>
        <line num="9" count="229" type="stmt"/>
        <line num="10" count="229" type="cond" truecount="2" falsecount="0"/>
        <line num="11" count="79" type="stmt"/>
        <line num="12" count="79" type="stmt"/>
        <line num="13" count="79" type="stmt"/>
        <line num="15" count="150" type="stmt"/>
        <line num="17" count="163" type="stmt"/>
        <line num="23" count="40" type="stmt"/>
        <line num="27" count="121" type="cond" truecount="2" falsecount="0"/>
        <line num="28" count="96" type="stmt"/>
        <line num="30" count="25" type="stmt"/>
        <line num="31" count="25" type="stmt"/>
        <line num="32" count="249" type="stmt"/>
        <line num="34" count="249" type="stmt"/>
        <line num="35" count="249" type="cond" truecount="2" falsecount="0"/>
        <line num="36" count="249" type="cond" truecount="2" falsecount="0"/>
        <line num="37" count="1" type="stmt"/>
        <line num="39" count="248" type="stmt"/>
        <line num="41" count="24" type="stmt"/>
        <line num="42" count="24" type="stmt"/>
        <line num="45" count="40" type="stmt"/>
        <line num="49" count="76" type="stmt"/>
        <line num="50" count="76" type="stmt"/>
        <line num="52" count="76" type="stmt"/>
        <line num="61" count="40" type="stmt"/>
        <line num="66" count="147" type="stmt"/>
        <line num="67" count="147" type="cond" truecount="2" falsecount="0"/>
        <line num="68" count="147" type="stmt"/>
        <line num="69" count="147" type="cond" truecount="2" falsecount="0"/>
        <line num="70" count="147" type="stmt"/>
        <line num="71" count="45" type="stmt"/>
        <line num="72" count="45" type="stmt"/>
        <line num="73" count="45" type="cond" truecount="2" falsecount="0"/>
        <line num="75" count="147" type="cond" truecount="2" falsecount="0"/>
        <line num="76" count="147" type="stmt"/>
        <line num="77" count="147" type="stmt"/>
        <line num="78" count="147" type="stmt"/>
        <line num="79" count="237" type="stmt"/>
        <line num="81" count="146" type="stmt"/>
      </file>
      <file name="index.ts" path="/home/circleci/repo/packages/sportident/src/utils/index.ts">
        <metrics statements="7" coveredstatements="7" conditionals="0" coveredconditionals="0" methods="0" coveredmethods="0"/>
        <line num="1" count="38" type="stmt"/>
        <line num="2" count="38" type="stmt"/>
        <line num="3" count="38" type="stmt"/>
        <line num="4" count="38" type="stmt"/>
        <line num="5" count="38" type="stmt"/>
        <line num="6" count="38" type="stmt"/>
        <line num="7" count="38" type="stmt"/>
      </file>
      <file name="mixins.ts" path="/home/circleci/repo/packages/sportident/src/utils/mixins.ts">
        <metrics statements="4" coveredstatements="4" conditionals="0" coveredconditionals="0" methods="3" coveredmethods="3"/>
        <line num="1" count="40" type="stmt"/>
        <line num="2" count="23" type="stmt"/>
        <line num="3" count="24" type="stmt"/>
        <line num="4" count="92" type="stmt"/>
      </file>
    </package>
  </project>
</coverage>
