{"/home/circleci/repo/packages/sportident-example-app/src/index.tsx": {"path":"/home/circleci/repo/packages/sportident-example-app/src/index.tsx","statementMap":{"0":{"start":{"line":1,"column":0},"end":{"line":1,"column":26}},"1":{"start":{"line":2,"column":0},"end":{"line":2,"column":40}},"2":{"start":{"line":3,"column":0},"end":{"line":3,"column":62}},"3":{"start":{"line":5,"column":0},"end":{"line":5,"column":55}},"4":{"start":{"line":7,"column":0},"end":{"line":7,"column":22}},"5":{"start":{"line":10,"column":19},"end":{"line":47,"column":1}},"6":{"start":{"line":11,"column":33},"end":{"line":13,"column":null}},"7":{"start":{"line":12,"column":14},"end":{"line":12,"column":84}},"8":{"start":{"line":15,"column":42},"end":{"line":15,"column":69}},"9":{"start":{"line":17,"column":34},"end":{"line":17,"column":74}},"10":{"start":{"line":18,"column":22},"end":{"line":40,"column":10}},"11":{"start":{"line":19,"column":8},"end":{"line":39,"column":11}},"12":{"start":{"line":20,"column":28},"end":{"line":20,"column":57}},"13":{"start":{"line":21,"column":12},"end":{"line":35,"column":19}},"14":{"start":{"line":22,"column":16},"end":{"line":22,"column":47}},"15":{"start":{"line":23,"column":16},"end":{"line":27,"column":19}},"16":{"start":{"line":24,"column":34},"end":{"line":24,"column":61}},"17":{"start":{"line":25,"column":20},"end":{"line":25,"column":42}},"18":{"start":{"line":26,"column":20},"end":{"line":26,"column":35}},"19":{"start":{"line":30,"column":20},"end":{"line":34,"column":23}},"20":{"start":{"line":31,"column":39},"end":{"line":33,"column":26}},"21":{"start":{"line":32,"column":28},"end":{"line":32,"column":50}},"22":{"start":{"line":36,"column":12},"end":{"line":38,"column":15}},"23":{"start":{"line":37,"column":16},"end":{"line":37,"column":44}},"24":{"start":{"line":41,"column":4},"end":{"line":46,"column":6}},"25":{"start":{"line":44,"column":51},"end":{"line":44,"column":80}},"26":{"start":{"line":49,"column":0},"end":{"line":56,"column":1}},"27":{"start":{"line":50,"column":4},"end":{"line":55,"column":7}},"28":{"start":{"line":51,"column":21},"end":{"line":51,"column":88}},"29":{"start":{"line":52,"column":8},"end":{"line":54,"column":10}}},"fnMap":{"0":{"name":"(anonymous_1)","decl":{"start":{"line":10,"column":19},"end":{"line":10,"column":22}},"loc":{"start":{"line":10,"column":24},"end":{"line":47,"column":1}}},"1":{"name":"(anonymous_2)","decl":{"start":{"line":12,"column":8},"end":{"line":12,"column":11}},"loc":{"start":{"line":12,"column":14},"end":{"line":12,"column":84}}},"2":{"name":"(anonymous_3)","decl":{"start":{"line":18,"column":40},"end":{"line":18,"column":43}},"loc":{"start":{"line":18,"column":45},"end":{"line":40,"column":5}}},"3":{"name":"(anonymous_4)","decl":{"start":{"line":19,"column":43},"end":{"line":19,"column":44}},"loc":{"start":{"line":19,"column":49},"end":{"line":39,"column":9}}},"4":{"name":"(anonymous_5)","decl":{"start":{"line":21,"column":30},"end":{"line":21,"column":31}},"loc":{"start":{"line":21,"column":39},"end":{"line":28,"column":13}}},"5":{"name":"(anonymous_6)","decl":{"start":{"line":23,"column":33},"end":{"line":23,"column":36}},"loc":{"start":{"line":23,"column":38},"end":{"line":27,"column":17}}},"6":{"name":"(anonymous_7)","decl":{"start":{"line":29,"column":22},"end":{"line":29,"column":23}},"loc":{"start":{"line":29,"column":42},"end":{"line":35,"column":17}}},"7":{"name":"(anonymous_8)","decl":{"start":{"line":31,"column":33},"end":{"line":31,"column":36}},"loc":{"start":{"line":31,"column":39},"end":{"line":33,"column":26}}},"8":{"name":"(anonymous_9)","decl":{"start":{"line":31,"column":62},"end":{"line":31,"column":65}},"loc":{"start":{"line":31,"column":67},"end":{"line":33,"column":25}}},"9":{"name":"(anonymous_10)","decl":{"start":{"line":36,"column":54},"end":{"line":36,"column":57}},"loc":{"start":{"line":36,"column":59},"end":{"line":38,"column":13}}},"10":{"name":"(anonymous_11)","decl":{"start":{"line":44,"column":34},"end":{"line":44,"column":35}},"loc":{"start":{"line":44,"column":51},"end":{"line":44,"column":80}}},"11":{"name":"(anonymous_12)","decl":{"start":{"line":50,"column":36},"end":{"line":50,"column":39}},"loc":{"start":{"line":50,"column":41},"end":{"line":55,"column":5}}}},"branchMap":{"0":{"loc":{"start":{"line":43,"column":29},"end":{"line":43,"column":66}},"type":"cond-expr","locations":[{"start":{"line":43,"column":39},"end":{"line":43,"column":54}},{"start":{"line":43,"column":57},"end":{"line":43,"column":66}}]},"1":{"loc":{"start":{"line":43,"column":69},"end":{"line":43,"column":114}},"type":"cond-expr","locations":[{"start":{"line":43,"column":79},"end":{"line":43,"column":99}},{"start":{"line":43,"column":102},"end":{"line":43,"column":114}}]},"2":{"loc":{"start":{"line":49,"column":0},"end":{"line":56,"column":1}},"type":"if","locations":[{"start":{"line":49,"column":0},"end":{"line":56,"column":1}}]}},"s":{"0":0,"1":0,"2":0,"3":0,"4":0,"5":0,"6":0,"7":0,"8":0,"9":0,"10":0,"11":0,"12":0,"13":0,"14":0,"15":0,"16":0,"17":0,"18":0,"19":0,"20":0,"21":0,"22":0,"23":0,"24":0,"25":0,"26":0,"27":0,"28":0,"29":0},"f":{"0":0,"1":0,"2":0,"3":0,"4":0,"5":0,"6":0,"7":0,"8":0,"9":0,"10":0,"11":0},"b":{"0":[0,0],"1":[0,0],"2":[0]}}
,"/home/circleci/repo/packages/sportident-node-usb/src/NodeUsbSiDeviceDriver.ts": {"path":"/home/circleci/repo/packages/sportident-node-usb/src/NodeUsbSiDeviceDriver.ts","statementMap":{"0":{"start":{"line":2,"column":0},"end":{"line":2,"column":46}},"1":{"start":{"line":3,"column":0},"end":{"line":3,"column":115}},"2":{"start":{"line":5,"column":0},"end":{"line":5,"column":58}},"3":{"start":{"line":7,"column":24},"end":{"line":7,"column":25}},"4":{"start":{"line":8,"column":20},"end":{"line":8,"column":21}},"5":{"start":{"line":9,"column":20},"end":{"line":9,"column":21}},"6":{"start":{"line":10,"column":19},"end":{"line":10,"column":20}},"7":{"start":{"line":11,"column":21},"end":{"line":11,"column":23}},"8":{"start":{"line":12,"column":24},"end":{"line":14,"column":2}},"9":{"start":{"line":15,"column":31},"end":{"line":22,"column":null}},"10":{"start":{"line":18,"column":5},"end":{"line":22,"column":null}},"11":{"start":{"line":20,"column":8},"end":{"line":21,"column":41}},"12":{"start":{"line":25,"column":17},"end":{"line":25,"column":64}},"13":{"start":{"line":25,"column":40},"end":{"line":25,"column":64}},"14":{"start":{"line":56,"column":16},"end":{"line":56,"column":38}},"15":{"start":{"line":45,"column":11},"end":{"line":45,"column":28}},"16":{"start":{"line":47,"column":12},"end":{"line":48,"column":48}},"17":{"start":{"line":50,"column":12},"end":{"line":51,"column":48}},"18":{"start":{"line":60,"column":8},"end":{"line":70,"column":15}},"19":{"start":{"line":66,"column":16},"end":{"line":68,"column":17}},"20":{"start":{"line":67,"column":20},"end":{"line":67,"column":55}},"21":{"start":{"line":69,"column":16},"end":{"line":69,"column":62}},"22":{"start":{"line":74,"column":22},"end":{"line":74,"column":45}},"23":{"start":{"line":75,"column":8},"end":{"line":77,"column":9}},"24":{"start":{"line":76,"column":12},"end":{"line":76,"column":47}},"25":{"start":{"line":78,"column":59},"end":{"line":81,"column":10}},"26":{"start":{"line":82,"column":28},"end":{"line":82,"column":64}},"27":{"start":{"line":83,"column":8},"end":{"line":83,"column":50}},"28":{"start":{"line":84,"column":8},"end":{"line":84,"column":27}},"29":{"start":{"line":138,"column":8},"end":{"line":143,"column":9}},"30":{"start":{"line":142,"column":12},"end":{"line":142,"column":64}},"31":{"start":{"line":144,"column":22},"end":{"line":144,"column":48}},"32":{"start":{"line":145,"column":8},"end":{"line":147,"column":9}},"33":{"start":{"line":146,"column":12},"end":{"line":146,"column":68}},"34":{"start":{"line":148,"column":25},"end":{"line":148,"column":59}},"35":{"start":{"line":149,"column":8},"end":{"line":149,"column":53}},"36":{"start":{"line":150,"column":8},"end":{"line":150,"column":31}},"37":{"start":{"line":207,"column":8},"end":{"line":207,"column":36}},"38":{"start":{"line":208,"column":27},"end":{"line":208,"column":45}},"39":{"start":{"line":209,"column":8},"end":{"line":246,"column":30}},"40":{"start":{"line":211,"column":16},"end":{"line":211,"column":46}},"41":{"start":{"line":212,"column":16},"end":{"line":212,"column":42}},"42":{"start":{"line":215,"column":16},"end":{"line":215,"column":60}},"43":{"start":{"line":216,"column":16},"end":{"line":216,"column":71}},"44":{"start":{"line":219,"column":16},"end":{"line":219,"column":55}},"45":{"start":{"line":220,"column":16},"end":{"line":220,"column":62}},"46":{"start":{"line":223,"column":16},"end":{"line":223,"column":66}},"47":{"start":{"line":224,"column":16},"end":{"line":224,"column":85}},"48":{"start":{"line":227,"column":16},"end":{"line":227,"column":52}},"49":{"start":{"line":228,"column":16},"end":{"line":234,"column":19}},"50":{"start":{"line":237,"column":16},"end":{"line":237,"column":53}},"51":{"start":{"line":238,"column":16},"end":{"line":244,"column":68}},"52":{"start":{"line":246,"column":24},"end":{"line":246,"column":28}},"53":{"start":{"line":252,"column":8},"end":{"line":252,"column":45}},"54":{"start":{"line":253,"column":27},"end":{"line":253,"column":45}},"55":{"start":{"line":254,"column":8},"end":{"line":269,"column":30}},"56":{"start":{"line":262,"column":16},"end":{"line":262,"column":56}},"57":{"start":{"line":263,"column":16},"end":{"line":263,"column":64}},"58":{"start":{"line":266,"column":16},"end":{"line":266,"column":51}},"59":{"start":{"line":267,"column":16},"end":{"line":267,"column":42}},"60":{"start":{"line":269,"column":24},"end":{"line":269,"column":28}},"61":{"start":{"line":275,"column":27},"end":{"line":275,"column":45}},"62":{"start":{"line":276,"column":8},"end":{"line":280,"column":9}},"63":{"start":{"line":277,"column":12},"end":{"line":277,"column":75}},"64":{"start":{"line":278,"column":12},"end":{"line":278,"column":50}},"65":{"start":{"line":279,"column":12},"end":{"line":279,"column":42}},"66":{"start":{"line":281,"column":8},"end":{"line":288,"column":15}},"67":{"start":{"line":283,"column":16},"end":{"line":285,"column":17}},"68":{"start":{"line":284,"column":20},"end":{"line":284,"column":30}},"69":{"start":{"line":286,"column":34},"end":{"line":286,"column":70}},"70":{"start":{"line":287,"column":16},"end":{"line":287,"column":38}},"71":{"start":{"line":295,"column":27},"end":{"line":295,"column":45}},"72":{"start":{"line":296,"column":23},"end":{"line":296,"column":48}},"73":{"start":{"line":297,"column":8},"end":{"line":298,"column":30}},"74":{"start":{"line":298,"column":24},"end":{"line":298,"column":28}},"75":{"start":{"line":303,"column":0},"end":{"line":303,"column":62}},"76":{"start":{"line":305,"column":40},"end":{"line":307,"column":65}},"77":{"start":{"line":307,"column":28},"end":{"line":307,"column":65}},"78":{"start":{"line":305,"column":13},"end":{"line":305,"column":40}}},"fnMap":{"0":{"name":"(anonymous_9)","decl":{"start":{"line":15,"column":31},"end":{"line":15,"column":null}},"loc":{"start":{"line":18,"column":5},"end":{"line":22,"column":null}}},"1":{"name":"(anonymous_10)","decl":{"start":{"line":19,"column":4},"end":{"line":19,"column":5}},"loc":{"start":{"line":20,"column":8},"end":{"line":21,"column":41}}},"2":{"name":"(anonymous_11)","decl":{"start":{"line":25,"column":17},"end":{"line":25,"column":18}},"loc":{"start":{"line":25,"column":40},"end":{"line":25,"column":64}}},"3":{"name":"(anonymous_12)","decl":{"start":{"line":55,"column":4},"end":{"line":55,"column":null}},"loc":{"start":{"line":56,"column":38},"end":{"line":57,"column":8}}},"4":{"name":"(anonymous_13)","decl":{"start":{"line":59,"column":4},"end":{"line":59,"column":10}},"loc":{"start":{"line":59,"column":10},"end":{"line":71,"column":5}}},"5":{"name":"(anonymous_14)","decl":{"start":{"line":65,"column":18},"end":{"line":65,"column":19}},"loc":{"start":{"line":65,"column":36},"end":{"line":70,"column":13}}},"6":{"name":"(anonymous_15)","decl":{"start":{"line":73,"column":4},"end":{"line":73,"column":15}},"loc":{"start":{"line":73,"column":40},"end":{"line":85,"column":5}}},"7":{"name":"(anonymous_16)","decl":{"start":{"line":137,"column":4},"end":{"line":137,"column":22}},"loc":{"start":{"line":137,"column":50},"end":{"line":151,"column":5}}},"8":{"name":"(anonymous_17)","decl":{"start":{"line":206,"column":4},"end":{"line":206,"column":8}},"loc":{"start":{"line":206,"column":33},"end":{"line":247,"column":5}}},"9":{"name":"(anonymous_18)","decl":{"start":{"line":210,"column":18},"end":{"line":210,"column":21}},"loc":{"start":{"line":210,"column":23},"end":{"line":213,"column":13}}},"10":{"name":"(anonymous_19)","decl":{"start":{"line":214,"column":18},"end":{"line":214,"column":21}},"loc":{"start":{"line":214,"column":23},"end":{"line":217,"column":13}}},"11":{"name":"(anonymous_20)","decl":{"start":{"line":218,"column":18},"end":{"line":218,"column":21}},"loc":{"start":{"line":218,"column":23},"end":{"line":221,"column":13}}},"12":{"name":"(anonymous_21)","decl":{"start":{"line":222,"column":18},"end":{"line":222,"column":21}},"loc":{"start":{"line":222,"column":23},"end":{"line":225,"column":13}}},"13":{"name":"(anonymous_22)","decl":{"start":{"line":226,"column":18},"end":{"line":226,"column":21}},"loc":{"start":{"line":226,"column":23},"end":{"line":235,"column":13}}},"14":{"name":"(anonymous_23)","decl":{"start":{"line":236,"column":18},"end":{"line":236,"column":21}},"loc":{"start":{"line":236,"column":23},"end":{"line":245,"column":13}}},"15":{"name":"(anonymous_24)","decl":{"start":{"line":246,"column":18},"end":{"line":246,"column":21}},"loc":{"start":{"line":246,"column":24},"end":{"line":246,"column":28}}},"16":{"name":"(anonymous_25)","decl":{"start":{"line":249,"column":4},"end":{"line":249,"column":9}},"loc":{"start":{"line":250,"column":32},"end":{"line":270,"column":5}}},"17":{"name":"(anonymous_26)","decl":{"start":{"line":261,"column":18},"end":{"line":261,"column":21}},"loc":{"start":{"line":261,"column":23},"end":{"line":264,"column":13}}},"18":{"name":"(anonymous_27)","decl":{"start":{"line":265,"column":18},"end":{"line":265,"column":21}},"loc":{"start":{"line":265,"column":23},"end":{"line":268,"column":13}}},"19":{"name":"(anonymous_28)","decl":{"start":{"line":269,"column":18},"end":{"line":269,"column":21}},"loc":{"start":{"line":269,"column":24},"end":{"line":269,"column":28}}},"20":{"name":"(anonymous_29)","decl":{"start":{"line":272,"column":4},"end":{"line":272,"column":11}},"loc":{"start":{"line":273,"column":32},"end":{"line":289,"column":5}}},"21":{"name":"(anonymous_30)","decl":{"start":{"line":282,"column":18},"end":{"line":282,"column":19}},"loc":{"start":{"line":282,"column":31},"end":{"line":288,"column":13}}},"22":{"name":"(anonymous_31)","decl":{"start":{"line":291,"column":4},"end":{"line":291,"column":8}},"loc":{"start":{"line":293,"column":27},"end":{"line":299,"column":5}}},"23":{"name":"(anonymous_32)","decl":{"start":{"line":298,"column":18},"end":{"line":298,"column":21}},"loc":{"start":{"line":298,"column":24},"end":{"line":298,"column":28}}},"24":{"name":"(anonymous_33)","decl":{"start":{"line":305,"column":40},"end":{"line":305,"column":null}},"loc":{"start":{"line":307,"column":28},"end":{"line":307,"column":65}}}},"branchMap":{"0":{"loc":{"start":{"line":20,"column":8},"end":{"line":21,"column":41}},"type":"binary-expr","locations":[{"start":{"line":20,"column":8},"end":{"line":20,"column":36}},{"start":{"line":21,"column":11},"end":{"line":21,"column":41}}]},"1":{"loc":{"start":{"line":66,"column":16},"end":{"line":68,"column":17}},"type":"if","locations":[{"start":{"line":66,"column":16},"end":{"line":68,"column":17}}]},"2":{"loc":{"start":{"line":75,"column":8},"end":{"line":77,"column":9}},"type":"if","locations":[{"start":{"line":75,"column":8},"end":{"line":77,"column":9}}]},"3":{"loc":{"start":{"line":138,"column":8},"end":{"line":143,"column":9}},"type":"if","locations":[{"start":{"line":138,"column":8},"end":{"line":143,"column":9}}]},"4":{"loc":{"start":{"line":145,"column":8},"end":{"line":147,"column":9}},"type":"if","locations":[{"start":{"line":145,"column":8},"end":{"line":147,"column":9}}]},"5":{"loc":{"start":{"line":276,"column":8},"end":{"line":280,"column":9}},"type":"if","locations":[{"start":{"line":276,"column":8},"end":{"line":280,"column":9}}]},"6":{"loc":{"start":{"line":283,"column":16},"end":{"line":285,"column":17}},"type":"if","locations":[{"start":{"line":283,"column":16},"end":{"line":285,"column":17}}]}},"s":{"0":2,"1":2,"2":2,"3":2,"4":2,"5":2,"6":2,"7":2,"8":2,"9":2,"10":1,"11":1,"12":2,"13":5,"14":4,"15":4,"16":4,"17":4,"18":2,"19":1,"20":0,"21":1,"22":4,"23":4,"24":1,"25":3,"26":3,"27":3,"28":3,"29":1,"30":0,"31":1,"32":1,"33":0,"34":1,"35":1,"36":1,"37":2,"38":2,"39":2,"40":2,"41":2,"42":2,"43":2,"44":2,"45":2,"46":2,"47":2,"48":2,"49":2,"50":2,"51":2,"52":2,"53":1,"54":1,"55":1,"56":1,"57":1,"58":1,"59":1,"60":1,"61":3,"62":3,"63":0,"64":0,"65":0,"66":3,"67":2,"68":0,"69":2,"70":2,"71":1,"72":1,"73":1,"74":1,"75":2,"76":2,"77":4,"78":2},"f":{"0":1,"1":1,"2":5,"3":4,"4":2,"5":1,"6":4,"7":1,"8":2,"9":2,"10":2,"11":2,"12":2,"13":2,"14":2,"15":2,"16":1,"17":1,"18":1,"19":1,"20":3,"21":2,"22":1,"23":1,"24":4},"b":{"0":[1,1],"1":[0],"2":[1],"3":[0],"4":[0],"5":[0],"6":[0]}}
,"/home/circleci/repo/packages/sportident-node-usb/src/index.ts": {"path":"/home/circleci/repo/packages/sportident-node-usb/src/index.ts","statementMap":{"0":{"start":{"line":1,"column":0},"end":{"line":1,"column":8}},"1":{"start":{"line":1,"column":8},"end":{"line":1,"column":65}}},"fnMap":{"0":{"name":"(anonymous_0)","decl":{"start":{"line":1,"column":8},"end":{"line":1,"column":32}},"loc":{"start":{"line":1,"column":8},"end":{"line":1,"column":65}}}},"branchMap":{},"s":{"0":1,"1":2},"f":{"0":1},"b":{}}
,"/home/circleci/repo/packages/sportident-react/src/index.ts": {"path":"/home/circleci/repo/packages/sportident-react/src/index.ts","statementMap":{"0":{"start":{"line":1,"column":0},"end":{"line":1,"column":24}}},"fnMap":{},"branchMap":{},"s":{"0":0},"f":{},"b":{}}
,"/home/circleci/repo/packages/sportident-react/src/react.tsx": {"path":"/home/circleci/repo/packages/sportident-react/src/react.tsx","statementMap":{"0":{"start":{"line":1,"column":0},"end":{"line":1,"column":26}},"1":{"start":{"line":2,"column":0},"end":{"line":2,"column":34}},"2":{"start":{"line":6,"column":28},"end":{"line":53,"column":1}},"3":{"start":{"line":9,"column":38},"end":{"line":9,"column":108}},"4":{"start":{"line":10,"column":4},"end":{"line":51,"column":11}},"5":{"start":{"line":11,"column":28},"end":{"line":20,"column":9}},"6":{"start":{"line":12,"column":27},"end":{"line":12,"column":41}},"7":{"start":{"line":13,"column":12},"end":{"line":19,"column":15}},"8":{"start":{"line":14,"column":16},"end":{"line":17,"column":17}},"9":{"start":{"line":15,"column":20},"end":{"line":15,"column":53}},"10":{"start":{"line":16,"column":20},"end":{"line":16,"column":70}},"11":{"start":{"line":18,"column":16},"end":{"line":18,"column":40}},"12":{"start":{"line":21,"column":31},"end":{"line":30,"column":9}},"13":{"start":{"line":22,"column":27},"end":{"line":22,"column":41}},"14":{"start":{"line":23,"column":12},"end":{"line":29,"column":15}},"15":{"start":{"line":24,"column":16},"end":{"line":27,"column":17}},"16":{"start":{"line":25,"column":20},"end":{"line":25,"column":56}},"17":{"start":{"line":26,"column":20},"end":{"line":26,"column":65}},"18":{"start":{"line":28,"column":16},"end":{"line":28,"column":40}},"19":{"start":{"line":31,"column":8},"end":{"line":31,"column":60}},"20":{"start":{"line":32,"column":8},"end":{"line":32,"column":66}},"21":{"start":{"line":33,"column":8},"end":{"line":43,"column":11}},"22":{"start":{"line":34,"column":12},"end":{"line":42,"column":15}},"23":{"start":{"line":35,"column":41},"end":{"line":35,"column":81}},"24":{"start":{"line":36,"column":36},"end":{"line":36,"column":88}},"25":{"start":{"line":36,"column":74},"end":{"line":36,"column":86}},"26":{"start":{"line":37,"column":16},"end":{"line":40,"column":17}},"27":{"start":{"line":38,"column":20},"end":{"line":38,"column":55}},"28":{"start":{"line":39,"column":20},"end":{"line":39,"column":90}},"29":{"start":{"line":39,"column":65},"end":{"line":39,"column":87}},"30":{"start":{"line":41,"column":16},"end":{"line":41,"column":40}},"31":{"start":{"line":44,"column":8},"end":{"line":44,"column":43}},"32":{"start":{"line":45,"column":8},"end":{"line":50,"column":10}},"33":{"start":{"line":46,"column":12},"end":{"line":46,"column":49}},"34":{"start":{"line":47,"column":12},"end":{"line":47,"column":47}},"35":{"start":{"line":48,"column":12},"end":{"line":48,"column":67}},"36":{"start":{"line":49,"column":12},"end":{"line":49,"column":73}},"37":{"start":{"line":52,"column":4},"end":{"line":52,"column":60}},"38":{"start":{"line":6,"column":13},"end":{"line":6,"column":28}}},"fnMap":{"0":{"name":"(anonymous_1)","decl":{"start":{"line":6,"column":28},"end":{"line":6,"column":null}},"loc":{"start":{"line":8,"column":41},"end":{"line":53,"column":1}}},"1":{"name":"(anonymous_2)","decl":{"start":{"line":10,"column":20},"end":{"line":10,"column":23}},"loc":{"start":{"line":10,"column":25},"end":{"line":51,"column":5}}},"2":{"name":"(anonymous_3)","decl":{"start":{"line":11,"column":28},"end":{"line":11,"column":29}},"loc":{"start":{"line":11,"column":59},"end":{"line":20,"column":9}}},"3":{"name":"(anonymous_4)","decl":{"start":{"line":13,"column":25},"end":{"line":13,"column":26}},"loc":{"start":{"line":13,"column":46},"end":{"line":19,"column":13}}},"4":{"name":"(anonymous_5)","decl":{"start":{"line":21,"column":31},"end":{"line":21,"column":32}},"loc":{"start":{"line":21,"column":65},"end":{"line":30,"column":9}}},"5":{"name":"(anonymous_6)","decl":{"start":{"line":23,"column":25},"end":{"line":23,"column":26}},"loc":{"start":{"line":23,"column":46},"end":{"line":29,"column":13}}},"6":{"name":"(anonymous_7)","decl":{"start":{"line":33,"column":49},"end":{"line":33,"column":50}},"loc":{"start":{"line":33,"column":61},"end":{"line":43,"column":9}}},"7":{"name":"(anonymous_8)","decl":{"start":{"line":34,"column":25},"end":{"line":34,"column":26}},"loc":{"start":{"line":34,"column":46},"end":{"line":42,"column":13}}},"8":{"name":"(anonymous_9)","decl":{"start":{"line":36,"column":62},"end":{"line":36,"column":63}},"loc":{"start":{"line":36,"column":74},"end":{"line":36,"column":86}}},"9":{"name":"(anonymous_10)","decl":{"start":{"line":39,"column":53},"end":{"line":39,"column":54}},"loc":{"start":{"line":39,"column":65},"end":{"line":39,"column":87}}},"10":{"name":"(anonymous_11)","decl":{"start":{"line":45,"column":15},"end":{"line":45,"column":18}},"loc":{"start":{"line":45,"column":20},"end":{"line":50,"column":9}}}},"branchMap":{"0":{"loc":{"start":{"line":14,"column":16},"end":{"line":17,"column":17}},"type":"if","locations":[{"start":{"line":14,"column":16},"end":{"line":17,"column":17}}]},"1":{"loc":{"start":{"line":24,"column":16},"end":{"line":27,"column":17}},"type":"if","locations":[{"start":{"line":24,"column":16},"end":{"line":27,"column":17}}]},"2":{"loc":{"start":{"line":37,"column":16},"end":{"line":40,"column":17}},"type":"if","locations":[{"start":{"line":37,"column":16},"end":{"line":40,"column":17}}]}},"s":{"0":1,"1":1,"2":1,"3":4,"4":4,"5":1,"6":1,"7":1,"8":1,"9":1,"10":1,"11":0,"12":1,"13":1,"14":1,"15":1,"16":1,"17":1,"18":0,"19":1,"20":1,"21":1,"22":1,"23":1,"24":1,"25":1,"26":1,"27":1,"28":1,"29":1,"30":0,"31":1,"32":1,"33":1,"34":1,"35":1,"36":1,"37":4,"38":1},"f":{"0":4,"1":1,"2":1,"3":1,"4":1,"5":1,"6":1,"7":1,"8":1,"9":1,"10":1},"b":{"0":[1],"1":[1],"2":[1]}}
,"/home/circleci/repo/packages/sportident-testbench-client/src/MainStationList.tsx": {"path":"/home/circleci/repo/packages/sportident-testbench-client/src/MainStationList.tsx","statementMap":{"0":{"start":{"line":1,"column":0},"end":{"line":1,"column":26}},"1":{"start":{"line":4,"column":31},"end":{"line":34,"column":null}},"2":{"start":{"line":11,"column":4},"end":{"line":33,"column":null}},"3":{"start":{"line":14,"column":35},"end":{"line":14,"column":104}},"4":{"start":{"line":15,"column":16},"end":{"line":25,"column":18}},"5":{"start":{"line":18,"column":28},"end":{"line":18,"column":70}},"6":{"start":{"line":30,"column":27},"end":{"line":30,"column":47}},"7":{"start":{"line":4,"column":13},"end":{"line":4,"column":31}}},"fnMap":{"0":{"name":"(anonymous_1)","decl":{"start":{"line":4,"column":31},"end":{"line":4,"column":null}},"loc":{"start":{"line":11,"column":4},"end":{"line":33,"column":null}}},"1":{"name":"(anonymous_2)","decl":{"start":{"line":13,"column":31},"end":{"line":13,"column":32}},"loc":{"start":{"line":13,"column":42},"end":{"line":26,"column":13}}},"2":{"name":"(anonymous_3)","decl":{"start":{"line":17,"column":33},"end":{"line":17,"column":36}},"loc":{"start":{"line":17,"column":38},"end":{"line":19,"column":25}}},"3":{"name":"(anonymous_4)","decl":{"start":{"line":30,"column":21},"end":{"line":30,"column":24}},"loc":{"start":{"line":30,"column":27},"end":{"line":30,"column":47}}}},"branchMap":{"0":{"loc":{"start":{"line":14,"column":53},"end":{"line":14,"column":103}},"type":"binary-expr","locations":[{"start":{"line":14,"column":53},"end":{"line":14,"column":73}},{"start":{"line":14,"column":77},"end":{"line":14,"column":103}}]},"1":{"loc":{"start":{"line":20,"column":57},"end":{"line":20,"column":86}},"type":"cond-expr","locations":[{"start":{"line":20,"column":70},"end":{"line":20,"column":81}},{"start":{"line":20,"column":84},"end":{"line":20,"column":86}}]}},"s":{"0":0,"1":0,"2":0,"3":0,"4":0,"5":0,"6":0,"7":0},"f":{"0":0,"1":0,"2":0,"3":0},"b":{"0":[0,0],"1":[0,0]}}
,"/home/circleci/repo/packages/sportident-testbench-client/src/SiDevicesContext.tsx": {"path":"/home/circleci/repo/packages/sportident-testbench-client/src/SiDevicesContext.tsx","statementMap":{"0":{"start":{"line":1,"column":0},"end":{"line":1,"column":26}},"1":{"start":{"line":2,"column":0},"end":{"line":2,"column":34}},"2":{"start":{"line":10,"column":13},"end":{"line":13,"column":3}},"3":{"start":{"line":11,"column":24},"end":{"line":11,"column":51}}},"fnMap":{"0":{"name":"(anonymous_1)","decl":{"start":{"line":11,"column":18},"end":{"line":11,"column":21}},"loc":{"start":{"line":11,"column":24},"end":{"line":11,"column":51}}}},"branchMap":{},"s":{"0":0,"1":0,"2":0,"3":0},"f":{"0":0},"b":{}}
,"/home/circleci/repo/packages/sportident-testbench-client/src/SiExternalApplication.ts": {"path":"/home/circleci/repo/packages/sportident-testbench-client/src/SiExternalApplication.ts","statementMap":{"0":{"start":{"line":1,"column":0},"end":{"line":1,"column":46}},"1":{"start":{"line":2,"column":0},"end":{"line":2,"column":157}},"2":{"start":{"line":9,"column":8},"end":{"line":9,"column":80}},"3":{"start":{"line":10,"column":8},"end":{"line":13,"column":10}},"4":{"start":{"line":11,"column":12},"end":{"line":11,"column":45}},"5":{"start":{"line":12,"column":12},"end":{"line":12,"column":30}},"6":{"start":{"line":14,"column":8},"end":{"line":16,"column":10}},"7":{"start":{"line":15,"column":12},"end":{"line":15,"column":49}},"8":{"start":{"line":17,"column":8},"end":{"line":21,"column":10}},"9":{"start":{"line":18,"column":12},"end":{"line":20,"column":13}},"10":{"start":{"line":19,"column":16},"end":{"line":19,"column":49}},"11":{"start":{"line":22,"column":8},"end":{"line":24,"column":17}},"12":{"start":{"line":23,"column":12},"end":{"line":23,"column":29}},"13":{"start":{"line":28,"column":26},"end":{"line":28,"column":54}},"14":{"start":{"line":29,"column":8},"end":{"line":32,"column":10}},"15":{"start":{"line":36,"column":27},"end":{"line":36,"column":57}},"16":{"start":{"line":37,"column":8},"end":{"line":37,"column":33}},"17":{"start":{"line":41,"column":8},"end":{"line":41,"column":80}},"18":{"start":{"line":42,"column":8},"end":{"line":42,"column":24}},"19":{"start":{"line":4,"column":0},"end":{"line":4,"column":13}},"20":{"start":{"line":47,"column":0},"end":{"line":47,"column":62}}},"fnMap":{"0":{"name":"(anonymous_9)","decl":{"start":{"line":8,"column":4},"end":{"line":8,"column":16}},"loc":{"start":{"line":8,"column":27},"end":{"line":25,"column":5}}},"1":{"name":"(anonymous_10)","decl":{"start":{"line":10,"column":25},"end":{"line":10,"column":28}},"loc":{"start":{"line":10,"column":30},"end":{"line":13,"column":9}}},"2":{"name":"(anonymous_11)","decl":{"start":{"line":14,"column":26},"end":{"line":14,"column":27}},"loc":{"start":{"line":14,"column":34},"end":{"line":16,"column":9}}},"3":{"name":"(anonymous_12)","decl":{"start":{"line":17,"column":28},"end":{"line":17,"column":29}},"loc":{"start":{"line":17,"column":34},"end":{"line":21,"column":9}}},"4":{"name":"(anonymous_13)","decl":{"start":{"line":22,"column":40},"end":{"line":22,"column":43}},"loc":{"start":{"line":22,"column":45},"end":{"line":24,"column":9}}},"5":{"name":"(anonymous_14)","decl":{"start":{"line":27,"column":4},"end":{"line":27,"column":23}},"loc":{"start":{"line":27,"column":36},"end":{"line":33,"column":5}}},"6":{"name":"(anonymous_15)","decl":{"start":{"line":35,"column":4},"end":{"line":35,"column":8}},"loc":{"start":{"line":35,"column":28},"end":{"line":38,"column":5}}},"7":{"name":"(anonymous_16)","decl":{"start":{"line":40,"column":4},"end":{"line":40,"column":9}},"loc":{"start":{"line":40,"column":9},"end":{"line":43,"column":5}}}},"branchMap":{"0":{"loc":{"start":{"line":18,"column":12},"end":{"line":20,"column":13}},"type":"if","locations":[{"start":{"line":18,"column":12},"end":{"line":20,"column":13}}]}},"s":{"0":0,"1":0,"2":0,"3":0,"4":0,"5":0,"6":0,"7":0,"8":0,"9":0,"10":0,"11":0,"12":0,"13":0,"14":0,"15":0,"16":0,"17":0,"18":0,"19":0,"20":0},"f":{"0":0,"1":0,"2":0,"3":0,"4":0,"5":0,"6":0,"7":0},"b":{"0":[0]}}
,"/home/circleci/repo/packages/sportident-testbench-client/src/Terminal.tsx": {"path":"/home/circleci/repo/packages/sportident-testbench-client/src/Terminal.tsx","statementMap":{"0":{"start":{"line":2,"column":0},"end":{"line":2,"column":26}},"1":{"start":{"line":3,"column":0},"end":{"line":3,"column":73}},"2":{"start":{"line":5,"column":0},"end":{"line":5,"column":62}},"3":{"start":{"line":7,"column":31},"end":{"line":22,"column":1}},"4":{"start":{"line":8,"column":4},"end":{"line":21,"column":5}},"5":{"start":{"line":9,"column":26},"end":{"line":9,"column":35}},"6":{"start":{"line":10,"column":22},"end":{"line":10,"column":32}},"7":{"start":{"line":11,"column":23},"end":{"line":11,"column":33}},"8":{"start":{"line":12,"column":22},"end":{"line":12,"column":39}},"9":{"start":{"line":13,"column":20},"end":{"line":13,"column":29}},"10":{"start":{"line":15,"column":12},"end":{"line":17,"column":13}},"11":{"start":{"line":16,"column":16},"end":{"line":16,"column":44}},"12":{"start":{"line":18,"column":12},"end":{"line":18,"column":61}},"13":{"start":{"line":19,"column":12},"end":{"line":19,"column":29}},"14":{"start":{"line":24,"column":23},"end":{"line":35,"column":1}},"15":{"start":{"line":25,"column":32},"end":{"line":25,"column":52}},"16":{"start":{"line":26,"column":4},"end":{"line":33,"column":11}},"17":{"start":{"line":27,"column":25},"end":{"line":29,"column":15}},"18":{"start":{"line":28,"column":12},"end":{"line":28,"column":52}},"19":{"start":{"line":28,"column":39},"end":{"line":28,"column":50}},"20":{"start":{"line":30,"column":8},"end":{"line":32,"column":10}},"21":{"start":{"line":31,"column":12},"end":{"line":31,"column":36}},"22":{"start":{"line":34,"column":4},"end":{"line":34,"column":54}},"23":{"start":{"line":37,"column":24},"end":{"line":161,"column":1}},"24":{"start":{"line":42,"column":44},"end":{"line":42,"column":70}},"25":{"start":{"line":43,"column":40},"end":{"line":43,"column":68}},"26":{"start":{"line":44,"column":42},"end":{"line":44,"column":70}},"27":{"start":{"line":45,"column":25},"end":{"line":45,"column":59}},"28":{"start":{"line":47,"column":4},"end":{"line":51,"column":23}},"29":{"start":{"line":48,"column":8},"end":{"line":50,"column":9}},"30":{"start":{"line":49,"column":12},"end":{"line":49,"column":79}},"31":{"start":{"line":53,"column":4},"end":{"line":57,"column":11}},"32":{"start":{"line":54,"column":8},"end":{"line":56,"column":9}},"33":{"start":{"line":55,"column":12},"end":{"line":55,"column":41}},"34":{"start":{"line":59,"column":50},"end":{"line":69,"column":20}},"35":{"start":{"line":60,"column":8},"end":{"line":62,"column":9}},"36":{"start":{"line":61,"column":12},"end":{"line":61,"column":19}},"37":{"start":{"line":63,"column":8},"end":{"line":63,"column":31}},"38":{"start":{"line":64,"column":24},"end":{"line":64,"column":57}},"39":{"start":{"line":65,"column":8},"end":{"line":67,"column":9}},"40":{"start":{"line":66,"column":12},"end":{"line":66,"column":19}},"41":{"start":{"line":68,"column":8},"end":{"line":68,"column":48}},"42":{"start":{"line":71,"column":49},"end":{"line":75,"column":20}},"43":{"start":{"line":72,"column":27},"end":{"line":72,"column":62}},"44":{"start":{"line":73,"column":26},"end":{"line":73,"column":75}},"45":{"start":{"line":73,"column":56},"end":{"line":73,"column":74}},"46":{"start":{"line":74,"column":8},"end":{"line":74,"column":53}},"47":{"start":{"line":77,"column":33},"end":{"line":96,"column":5}},"48":{"start":{"line":78,"column":8},"end":{"line":95,"column":9}},"49":{"start":{"line":80,"column":38},"end":{"line":80,"column":57}},"50":{"start":{"line":81,"column":33},"end":{"line":81,"column":75}},"51":{"start":{"line":82,"column":16},"end":{"line":84,"column":17}},"52":{"start":{"line":83,"column":20},"end":{"line":83,"column":27}},"53":{"start":{"line":85,"column":35},"end":{"line":85,"column":76}},"54":{"start":{"line":86,"column":16},"end":{"line":86,"column":44}},"55":{"start":{"line":87,"column":16},"end":{"line":87,"column":22}},"56":{"start":{"line":90,"column":32},"end":{"line":90,"column":61}},"57":{"start":{"line":91,"column":35},"end":{"line":91,"column":62}},"58":{"start":{"line":92,"column":16},"end":{"line":92,"column":44}},"59":{"start":{"line":93,"column":16},"end":{"line":93,"column":22}},"60":{"start":{"line":98,"column":4},"end":{"line":102,"column":5}},"61":{"start":{"line":99,"column":25},"end":{"line":99,"column":39}},"62":{"start":{"line":100,"column":8},"end":{"line":100,"column":46}},"63":{"start":{"line":101,"column":8},"end":{"line":101,"column":39}},"64":{"start":{"line":104,"column":30},"end":{"line":106,"column":5}},"65":{"start":{"line":105,"column":8},"end":{"line":105,"column":70}},"66":{"start":{"line":105,"column":41},"end":{"line":105,"column":68}},"67":{"start":{"line":108,"column":30},"end":{"line":115,"column":20}},"68":{"start":{"line":109,"column":8},"end":{"line":111,"column":9}},"69":{"start":{"line":110,"column":12},"end":{"line":110,"column":29}},"70":{"start":{"line":112,"column":25},"end":{"line":112,"column":38}},"71":{"start":{"line":113,"column":8},"end":{"line":113,"column":43}},"72":{"start":{"line":114,"column":8},"end":{"line":114,"column":24}},"73":{"start":{"line":117,"column":20},"end":{"line":129,"column":10}},"74":{"start":{"line":117,"column":40},"end":{"line":128,"column":null}},"75":{"start":{"line":119,"column":27},"end":{"line":119,"column":36}},"76":{"start":{"line":120,"column":31},"end":{"line":120,"column":54}},"77":{"start":{"line":131,"column":4},"end":{"line":134,"column":6}},"78":{"start":{"line":132,"column":23},"end":{"line":132,"column":42}},"79":{"start":{"line":133,"column":27},"end":{"line":133,"column":50}},"80":{"start":{"line":136,"column":4},"end":{"line":142,"column":11}},"81":{"start":{"line":137,"column":8},"end":{"line":137,"column":22}},"82":{"start":{"line":138,"column":8},"end":{"line":141,"column":10}},"83":{"start":{"line":140,"column":12},"end":{"line":140,"column":40}},"84":{"start":{"line":144,"column":23},"end":{"line":144,"column":52}},"85":{"start":{"line":145,"column":4},"end":{"line":160,"column":6}},"86":{"start":{"line":155,"column":31},"end":{"line":156,"column":43}},"87":{"start":{"line":157,"column":16},"end":{"line":157,"column":71}},"88":{"start":{"line":37,"column":13},"end":{"line":37,"column":24}}},"fnMap":{"0":{"name":"(anonymous_1)","decl":{"start":{"line":7,"column":31},"end":{"line":7,"column":32}},"loc":{"start":{"line":7,"column":50},"end":{"line":22,"column":1}}},"1":{"name":"(anonymous_2)","decl":{"start":{"line":24,"column":23},"end":{"line":24,"column":26}},"loc":{"start":{"line":24,"column":28},"end":{"line":35,"column":1}}},"2":{"name":"(anonymous_3)","decl":{"start":{"line":26,"column":20},"end":{"line":26,"column":23}},"loc":{"start":{"line":26,"column":25},"end":{"line":33,"column":5}}},"3":{"name":"(anonymous_4)","decl":{"start":{"line":27,"column":37},"end":{"line":27,"column":40}},"loc":{"start":{"line":27,"column":42},"end":{"line":29,"column":9}}},"4":{"name":"(anonymous_5)","decl":{"start":{"line":28,"column":23},"end":{"line":28,"column":24}},"loc":{"start":{"line":28,"column":39},"end":{"line":28,"column":50}}},"5":{"name":"(anonymous_6)","decl":{"start":{"line":30,"column":15},"end":{"line":30,"column":18}},"loc":{"start":{"line":30,"column":20},"end":{"line":32,"column":9}}},"6":{"name":"(anonymous_7)","decl":{"start":{"line":37,"column":24},"end":{"line":37,"column":null}},"loc":{"start":{"line":41,"column":24},"end":{"line":161,"column":1}}},"7":{"name":"(anonymous_8)","decl":{"start":{"line":47,"column":20},"end":{"line":47,"column":23}},"loc":{"start":{"line":47,"column":25},"end":{"line":51,"column":5}}},"8":{"name":"(anonymous_9)","decl":{"start":{"line":53,"column":20},"end":{"line":53,"column":23}},"loc":{"start":{"line":53,"column":25},"end":{"line":57,"column":5}}},"9":{"name":"(anonymous_10)","decl":{"start":{"line":59,"column":68},"end":{"line":59,"column":69}},"loc":{"start":{"line":59,"column":78},"end":{"line":69,"column":5}}},"10":{"name":"(anonymous_11)","decl":{"start":{"line":71,"column":67},"end":{"line":71,"column":68}},"loc":{"start":{"line":71,"column":77},"end":{"line":75,"column":5}}},"11":{"name":"(anonymous_12)","decl":{"start":{"line":73,"column":46},"end":{"line":73,"column":47}},"loc":{"start":{"line":73,"column":56},"end":{"line":73,"column":74}}},"12":{"name":"(anonymous_13)","decl":{"start":{"line":77,"column":33},"end":{"line":77,"column":34}},"loc":{"start":{"line":77,"column":54},"end":{"line":96,"column":5}}},"13":{"name":"(anonymous_14)","decl":{"start":{"line":104,"column":30},"end":{"line":104,"column":31}},"loc":{"start":{"line":104,"column":51},"end":{"line":106,"column":5}}},"14":{"name":"(anonymous_15)","decl":{"start":{"line":105,"column":23},"end":{"line":105,"column":24}},"loc":{"start":{"line":105,"column":41},"end":{"line":105,"column":68}}},"15":{"name":"(anonymous_16)","decl":{"start":{"line":108,"column":48},"end":{"line":108,"column":51}},"loc":{"start":{"line":108,"column":53},"end":{"line":115,"column":5}}},"16":{"name":"(anonymous_17)","decl":{"start":{"line":117,"column":34},"end":{"line":117,"column":37}},"loc":{"start":{"line":117,"column":40},"end":{"line":128,"column":null}}},"17":{"name":"(anonymous_18)","decl":{"start":{"line":119,"column":21},"end":{"line":119,"column":24}},"loc":{"start":{"line":119,"column":27},"end":{"line":119,"column":36}}},"18":{"name":"(anonymous_19)","decl":{"start":{"line":120,"column":21},"end":{"line":120,"column":22}},"loc":{"start":{"line":120,"column":31},"end":{"line":120,"column":54}}},"19":{"name":"(anonymous_20)","decl":{"start":{"line":132,"column":17},"end":{"line":132,"column":20}},"loc":{"start":{"line":132,"column":23},"end":{"line":132,"column":42}}},"20":{"name":"(anonymous_21)","decl":{"start":{"line":133,"column":17},"end":{"line":133,"column":18}},"loc":{"start":{"line":133,"column":27},"end":{"line":133,"column":50}}},"21":{"name":"(anonymous_22)","decl":{"start":{"line":136,"column":20},"end":{"line":136,"column":23}},"loc":{"start":{"line":136,"column":25},"end":{"line":142,"column":5}}},"22":{"name":"(anonymous_23)","decl":{"start":{"line":138,"column":15},"end":{"line":138,"column":18}},"loc":{"start":{"line":138,"column":20},"end":{"line":141,"column":9}}},"23":{"name":"(anonymous_24)","decl":{"start":{"line":154,"column":28},"end":{"line":154,"column":29}},"loc":{"start":{"line":154,"column":44},"end":{"line":158,"column":13}}}},"branchMap":{"0":{"loc":{"start":{"line":8,"column":4},"end":{"line":21,"column":5}},"type":"switch","locations":[{"start":{"line":9,"column":8},"end":{"line":9,"column":35}},{"start":{"line":10,"column":8},"end":{"line":10,"column":32}},{"start":{"line":11,"column":8},"end":{"line":11,"column":33}},{"start":{"line":12,"column":8},"end":{"line":12,"column":39}},{"start":{"line":13,"column":8},"end":{"line":13,"column":29}},{"start":{"line":14,"column":8},"end":{"line":20,"column":9}}]},"1":{"loc":{"start":{"line":15,"column":12},"end":{"line":17,"column":13}},"type":"if","locations":[{"start":{"line":15,"column":12},"end":{"line":17,"column":13}}]},"2":{"loc":{"start":{"line":34,"column":18},"end":{"line":34,"column":45}},"type":"cond-expr","locations":[{"start":{"line":34,"column":26},"end":{"line":34,"column":34}},{"start":{"line":34,"column":37},"end":{"line":34,"column":45}}]},"3":{"loc":{"start":{"line":48,"column":8},"end":{"line":50,"column":9}},"type":"if","locations":[{"start":{"line":48,"column":8},"end":{"line":50,"column":9}}]},"4":{"loc":{"start":{"line":48,"column":12},"end":{"line":48,"column":48}},"type":"binary-expr","locations":[{"start":{"line":48,"column":12},"end":{"line":48,"column":24}},{"start":{"line":48,"column":28},"end":{"line":48,"column":48}}]},"5":{"loc":{"start":{"line":54,"column":8},"end":{"line":56,"column":9}},"type":"if","locations":[{"start":{"line":54,"column":8},"end":{"line":56,"column":9}}]},"6":{"loc":{"start":{"line":54,"column":12},"end":{"line":54,"column":48}},"type":"binary-expr","locations":[{"start":{"line":54,"column":12},"end":{"line":54,"column":24}},{"start":{"line":54,"column":28},"end":{"line":54,"column":48}}]},"7":{"loc":{"start":{"line":60,"column":8},"end":{"line":62,"column":9}},"type":"if","locations":[{"start":{"line":60,"column":8},"end":{"line":62,"column":9}}]},"8":{"loc":{"start":{"line":60,"column":12},"end":{"line":60,"column":39}},"type":"binary-expr","locations":[{"start":{"line":60,"column":12},"end":{"line":60,"column":22}},{"start":{"line":60,"column":26},"end":{"line":60,"column":39}}]},"9":{"loc":{"start":{"line":65,"column":8},"end":{"line":67,"column":9}},"type":"if","locations":[{"start":{"line":65,"column":8},"end":{"line":67,"column":9}}]},"10":{"loc":{"start":{"line":78,"column":8},"end":{"line":95,"column":9}},"type":"switch","locations":[{"start":{"line":79,"column":12},"end":{"line":88,"column":13}},{"start":{"line":89,"column":12},"end":{"line":94,"column":13}}]},"11":{"loc":{"start":{"line":82,"column":16},"end":{"line":84,"column":17}},"type":"if","locations":[{"start":{"line":82,"column":16},"end":{"line":84,"column":17}}]},"12":{"loc":{"start":{"line":82,"column":20},"end":{"line":82,"column":54}},"type":"binary-expr","locations":[{"start":{"line":82,"column":20},"end":{"line":82,"column":35}},{"start":{"line":82,"column":39},"end":{"line":82,"column":54}}]},"13":{"loc":{"start":{"line":98,"column":4},"end":{"line":102,"column":5}},"type":"if","locations":[{"start":{"line":98,"column":4},"end":{"line":102,"column":5}}]},"14":{"loc":{"start":{"line":109,"column":8},"end":{"line":111,"column":9}},"type":"if","locations":[{"start":{"line":109,"column":8},"end":{"line":111,"column":9}}]},"15":{"loc":{"start":{"line":155,"column":31},"end":{"line":156,"column":43}},"type":"binary-expr","locations":[{"start":{"line":155,"column":31},"end":{"line":155,"column":62}},{"start":{"line":156,"column":24},"end":{"line":156,"column":42}}]}},"s":{"0":0,"1":0,"2":0,"3":0,"4":0,"5":0,"6":0,"7":0,"8":0,"9":0,"10":0,"11":0,"12":0,"13":0,"14":0,"15":0,"16":0,"17":0,"18":0,"19":0,"20":0,"21":0,"22":0,"23":0,"24":0,"25":0,"26":0,"27":0,"28":0,"29":0,"30":0,"31":0,"32":0,"33":0,"34":0,"35":0,"36":0,"37":0,"38":0,"39":0,"40":0,"41":0,"42":0,"43":0,"44":0,"45":0,"46":0,"47":0,"48":0,"49":0,"50":0,"51":0,"52":0,"53":0,"54":0,"55":0,"56":0,"57":0,"58":0,"59":0,"60":0,"61":0,"62":0,"63":0,"64":0,"65":0,"66":0,"67":0,"68":0,"69":0,"70":0,"71":0,"72":0,"73":0,"74":0,"75":0,"76":0,"77":0,"78":0,"79":0,"80":0,"81":0,"82":0,"83":0,"84":0,"85":0,"86":0,"87":0,"88":0},"f":{"0":0,"1":0,"2":0,"3":0,"4":0,"5":0,"6":0,"7":0,"8":0,"9":0,"10":0,"11":0,"12":0,"13":0,"14":0,"15":0,"16":0,"17":0,"18":0,"19":0,"20":0,"21":0,"22":0,"23":0},"b":{"0":[0,0,0,0,0,0],"1":[0],"2":[0,0],"3":[0],"4":[0,0],"5":[0],"6":[0,0],"7":[0],"8":[0,0],"9":[0],"10":[0,0],"11":[0],"12":[0,0],"13":[0],"14":[0],"15":[0,0]}}
,"/home/circleci/repo/packages/sportident-testbench-client/src/index.tsx": {"path":"/home/circleci/repo/packages/sportident-testbench-client/src/index.tsx","statementMap":{"0":{"start":{"line":1,"column":0},"end":{"line":1,"column":26}},"1":{"start":{"line":2,"column":0},"end":{"line":2,"column":40}},"2":{"start":{"line":3,"column":0},"end":{"line":3,"column":50}},"3":{"start":{"line":4,"column":0},"end":{"line":4,"column":36}},"4":{"start":{"line":5,"column":0},"end":{"line":5,"column":77}},"5":{"start":{"line":6,"column":0},"end":{"line":6,"column":50}},"6":{"start":{"line":7,"column":0},"end":{"line":7,"column":62}},"7":{"start":{"line":10,"column":0},"end":{"line":10,"column":22}},"8":{"start":{"line":12,"column":18},"end":{"line":43,"column":1}},"9":{"start":{"line":13,"column":35},"end":{"line":16,"column":5}},"10":{"start":{"line":14,"column":20},"end":{"line":14,"column":48}},"11":{"start":{"line":15,"column":8},"end":{"line":15,"column":29}},"12":{"start":{"line":17,"column":40},"end":{"line":17,"column":76}},"13":{"start":{"line":18,"column":44},"end":{"line":18,"column":78}},"14":{"start":{"line":19,"column":18},"end":{"line":19,"column":52}},"15":{"start":{"line":20,"column":27},"end":{"line":20,"column":73}},"16":{"start":{"line":21,"column":4},"end":{"line":29,"column":11}},"17":{"start":{"line":22,"column":29},"end":{"line":24,"column":9}},"18":{"start":{"line":23,"column":12},"end":{"line":23,"column":48}},"19":{"start":{"line":25,"column":8},"end":{"line":25,"column":60}},"20":{"start":{"line":26,"column":8},"end":{"line":28,"column":10}},"21":{"start":{"line":27,"column":12},"end":{"line":27,"column":67}},"22":{"start":{"line":30,"column":4},"end":{"line":42,"column":6}},"23":{"start":{"line":45,"column":31},"end":{"line":64,"column":1}},"24":{"start":{"line":50,"column":33},"end":{"line":52,"column":null}},"25":{"start":{"line":51,"column":14},"end":{"line":51,"column":84}},"26":{"start":{"line":54,"column":28},"end":{"line":54,"column":62}},"27":{"start":{"line":55,"column":26},"end":{"line":58,"column":44}},"28":{"start":{"line":56,"column":28},"end":{"line":56,"column":57}},"29":{"start":{"line":59,"column":4},"end":{"line":63,"column":6}},"30":{"start":{"line":66,"column":0},"end":{"line":75,"column":1}},"31":{"start":{"line":67,"column":4},"end":{"line":74,"column":7}},"32":{"start":{"line":68,"column":21},"end":{"line":68,"column":88}},"33":{"start":{"line":69,"column":8},"end":{"line":73,"column":10}}},"fnMap":{"0":{"name":"(anonymous_1)","decl":{"start":{"line":12,"column":18},"end":{"line":12,"column":21}},"loc":{"start":{"line":12,"column":23},"end":{"line":43,"column":1}}},"1":{"name":"(anonymous_2)","decl":{"start":{"line":13,"column":35},"end":{"line":13,"column":36}},"loc":{"start":{"line":13,"column":58},"end":{"line":16,"column":5}}},"2":{"name":"(anonymous_3)","decl":{"start":{"line":21,"column":20},"end":{"line":21,"column":23}},"loc":{"start":{"line":21,"column":25},"end":{"line":29,"column":5}}},"3":{"name":"(anonymous_4)","decl":{"start":{"line":22,"column":29},"end":{"line":22,"column":32}},"loc":{"start":{"line":22,"column":34},"end":{"line":24,"column":9}}},"4":{"name":"(anonymous_5)","decl":{"start":{"line":26,"column":15},"end":{"line":26,"column":18}},"loc":{"start":{"line":26,"column":20},"end":{"line":28,"column":9}}},"5":{"name":"(anonymous_6)","decl":{"start":{"line":45,"column":31},"end":{"line":45,"column":null}},"loc":{"start":{"line":49,"column":4},"end":{"line":64,"column":1}}},"6":{"name":"(anonymous_7)","decl":{"start":{"line":51,"column":8},"end":{"line":51,"column":11}},"loc":{"start":{"line":51,"column":14},"end":{"line":51,"column":84}}},"7":{"name":"(anonymous_8)","decl":{"start":{"line":56,"column":22},"end":{"line":56,"column":25}},"loc":{"start":{"line":56,"column":28},"end":{"line":56,"column":57}}},"8":{"name":"(anonymous_9)","decl":{"start":{"line":67,"column":36},"end":{"line":67,"column":39}},"loc":{"start":{"line":67,"column":41},"end":{"line":74,"column":5}}}},"branchMap":{"0":{"loc":{"start":{"line":15,"column":15},"end":{"line":15,"column":28}},"type":"binary-expr","locations":[{"start":{"line":15,"column":15},"end":{"line":15,"column":18}},{"start":{"line":15,"column":22},"end":{"line":15,"column":28}}]},"1":{"loc":{"start":{"line":20,"column":27},"end":{"line":20,"column":73}},"type":"cond-expr","locations":[{"start":{"line":20,"column":35},"end":{"line":20,"column":61}},{"start":{"line":20,"column":64},"end":{"line":20,"column":73}}]},"2":{"loc":{"start":{"line":39,"column":21},"end":{"line":39,"column":59}},"type":"binary-expr","locations":[{"start":{"line":39,"column":21},"end":{"line":39,"column":35}},{"start":{"line":39,"column":39},"end":{"line":39,"column":59}}]},"3":{"loc":{"start":{"line":66,"column":0},"end":{"line":75,"column":1}},"type":"if","locations":[{"start":{"line":66,"column":0},"end":{"line":75,"column":1}}]}},"s":{"0":0,"1":0,"2":0,"3":0,"4":0,"5":0,"6":0,"7":0,"8":0,"9":0,"10":0,"11":0,"12":0,"13":0,"14":0,"15":0,"16":0,"17":0,"18":0,"19":0,"20":0,"21":0,"22":0,"23":0,"24":0,"25":0,"26":0,"27":0,"28":0,"29":0,"30":0,"31":0,"32":0,"33":0},"f":{"0":0,"1":0,"2":0,"3":0,"4":0,"5":0,"6":0,"7":0,"8":0},"b":{"0":[0,0],"1":[0,0],"2":[0,0],"3":[0]}}
,"/home/circleci/repo/packages/sportident-testbench-node/src/SiExternalApplication.ts": {"path":"/home/circleci/repo/packages/sportident-testbench-node/src/SiExternalApplication.ts","statementMap":{"0":{"start":{"line":1,"column":0},"end":{"line":1,"column":22}},"1":{"start":{"line":2,"column":0},"end":{"line":2,"column":46}},"2":{"start":{"line":3,"column":0},"end":{"line":3,"column":157}},"3":{"start":{"line":9,"column":8},"end":{"line":9,"column":56}},"4":{"start":{"line":10,"column":8},"end":{"line":13,"column":11}},"5":{"start":{"line":11,"column":30},"end":{"line":11,"column":39}},"6":{"start":{"line":12,"column":12},"end":{"line":12,"column":48}},"7":{"start":{"line":17,"column":8},"end":{"line":20,"column":10}},"8":{"start":{"line":24,"column":8},"end":{"line":24,"column":57}},"9":{"start":{"line":28,"column":8},"end":{"line":28,"column":34}},"10":{"start":{"line":5,"column":0},"end":{"line":5,"column":13}},"11":{"start":{"line":33,"column":0},"end":{"line":33,"column":62}}},"fnMap":{"0":{"name":"(anonymous_10)","decl":{"start":{"line":8,"column":4},"end":{"line":8,"column":16}},"loc":{"start":{"line":8,"column":31},"end":{"line":14,"column":5}}},"1":{"name":"(anonymous_11)","decl":{"start":{"line":10,"column":35},"end":{"line":10,"column":36}},"loc":{"start":{"line":10,"column":44},"end":{"line":13,"column":9}}},"2":{"name":"(anonymous_12)","decl":{"start":{"line":16,"column":4},"end":{"line":16,"column":23}},"loc":{"start":{"line":16,"column":43},"end":{"line":21,"column":5}}},"3":{"name":"(anonymous_13)","decl":{"start":{"line":23,"column":4},"end":{"line":23,"column":8}},"loc":{"start":{"line":23,"column":28},"end":{"line":25,"column":5}}},"4":{"name":"(anonymous_14)","decl":{"start":{"line":27,"column":4},"end":{"line":27,"column":9}},"loc":{"start":{"line":27,"column":9},"end":{"line":29,"column":5}}}},"branchMap":{},"s":{"0":0,"1":0,"2":0,"3":0,"4":0,"5":0,"6":0,"7":0,"8":0,"9":0,"10":0,"11":0},"f":{"0":0,"1":0,"2":0,"3":0,"4":0},"b":{}}
,"/home/circleci/repo/packages/sportident-testbench-node/src/index.ts": {"path":"/home/circleci/repo/packages/sportident-testbench-node/src/index.ts","statementMap":{"0":{"start":{"line":1,"column":0},"end":{"line":1,"column":27}},"1":{"start":{"line":2,"column":0},"end":{"line":2,"column":65}},"2":{"start":{"line":3,"column":0},"end":{"line":3,"column":73}},"3":{"start":{"line":4,"column":0},"end":{"line":4,"column":62}},"4":{"start":{"line":6,"column":22},"end":{"line":6,"column":54}},"5":{"start":{"line":8,"column":0},"end":{"line":51,"column":7}},"6":{"start":{"line":10,"column":8},"end":{"line":10,"column":49}},"7":{"start":{"line":12,"column":40},"end":{"line":12,"column":42}},"8":{"start":{"line":13,"column":8},"end":{"line":13,"column":39}},"9":{"start":{"line":14,"column":8},"end":{"line":14,"column":43}},"10":{"start":{"line":15,"column":8},"end":{"line":24,"column":11}},"11":{"start":{"line":16,"column":29},"end":{"line":16,"column":47}},"12":{"start":{"line":17,"column":12},"end":{"line":22,"column":13}},"13":{"start":{"line":18,"column":16},"end":{"line":18,"column":38}},"14":{"start":{"line":19,"column":16},"end":{"line":19,"column":39}},"15":{"start":{"line":20,"column":16},"end":{"line":20,"column":38}},"16":{"start":{"line":21,"column":16},"end":{"line":21,"column":23}},"17":{"start":{"line":23,"column":12},"end":{"line":23,"column":41}},"18":{"start":{"line":26,"column":24},"end":{"line":42,"column":null}},"19":{"start":{"line":29,"column":20},"end":{"line":31,"column":21}},"20":{"start":{"line":30,"column":24},"end":{"line":30,"column":41}},"21":{"start":{"line":32,"column":20},"end":{"line":32,"column":49}},"22":{"start":{"line":34,"column":43},"end":{"line":34,"column":90}},"23":{"start":{"line":45,"column":8},"end":{"line":47,"column":11}},"24":{"start":{"line":46,"column":12},"end":{"line":46,"column":27}},"25":{"start":{"line":50,"column":8},"end":{"line":50,"column":37}}},"fnMap":{"0":{"name":"(anonymous_0)","decl":{"start":{"line":9,"column":10},"end":{"line":9,"column":11}},"loc":{"start":{"line":9,"column":21},"end":{"line":48,"column":5}}},"1":{"name":"(anonymous_1)","decl":{"start":{"line":15,"column":33},"end":{"line":15,"column":34}},"loc":{"start":{"line":15,"column":50},"end":{"line":24,"column":9}}},"2":{"name":"(anonymous_2)","decl":{"start":{"line":28,"column":25},"end":{"line":28,"column":28}},"loc":{"start":{"line":28,"column":30},"end":{"line":33,"column":17}}},"3":{"name":"(anonymous_3)","decl":{"start":{"line":34,"column":25},"end":{"line":34,"column":26}},"loc":{"start":{"line":34,"column":43},"end":{"line":34,"column":90}}},"4":{"name":"(anonymous_4)","decl":{"start":{"line":45,"column":27},"end":{"line":45,"column":30}},"loc":{"start":{"line":45,"column":32},"end":{"line":47,"column":9}}},"5":{"name":"(anonymous_5)","decl":{"start":{"line":49,"column":11},"end":{"line":49,"column":12}},"loc":{"start":{"line":49,"column":19},"end":{"line":51,"column":5}}}},"branchMap":{"0":{"loc":{"start":{"line":17,"column":12},"end":{"line":22,"column":13}},"type":"if","locations":[{"start":{"line":17,"column":12},"end":{"line":22,"column":13}}]},"1":{"loc":{"start":{"line":29,"column":20},"end":{"line":31,"column":21}},"type":"if","locations":[{"start":{"line":29,"column":20},"end":{"line":31,"column":21}}]}},"s":{"0":0,"1":0,"2":0,"3":0,"4":0,"5":0,"6":0,"7":0,"8":0,"9":0,"10":0,"11":0,"12":0,"13":0,"14":0,"15":0,"16":0,"17":0,"18":0,"19":0,"20":0,"21":0,"22":0,"23":0,"24":0,"25":0},"f":{"0":0,"1":0,"2":0,"3":0,"4":0,"5":0},"b":{"0":[0],"1":[0]}}
,"/home/circleci/repo/packages/sportident-testbench-server/src/index.ts": {"path":"/home/circleci/repo/packages/sportident-testbench-server/src/index.ts","statementMap":{"0":{"start":{"line":1,"column":0},"end":{"line":1,"column":20}},"1":{"start":{"line":2,"column":0},"end":{"line":2,"column":22}},"2":{"start":{"line":4,"column":24},"end":{"line":7,"column":2}},"3":{"start":{"line":9,"column":0},"end":{"line":44,"column":3}},"4":{"start":{"line":10,"column":36},"end":{"line":10,"column":45}},"5":{"start":{"line":11,"column":43},"end":{"line":11,"column":52}},"6":{"start":{"line":12,"column":4},"end":{"line":36,"column":7}},"7":{"start":{"line":13,"column":8},"end":{"line":35,"column":9}},"8":{"start":{"line":14,"column":12},"end":{"line":14,"column":40}},"9":{"start":{"line":15,"column":12},"end":{"line":17,"column":13}},"10":{"start":{"line":16,"column":16},"end":{"line":16,"column":23}},"11":{"start":{"line":18,"column":12},"end":{"line":18,"column":55}},"12":{"start":{"line":19,"column":12},"end":{"line":23,"column":15}},"13":{"start":{"line":20,"column":34},"end":{"line":20,"column":43}},"14":{"start":{"line":21,"column":16},"end":{"line":21,"column":56}},"15":{"start":{"line":22,"column":16},"end":{"line":22,"column":58}},"16":{"start":{"line":24,"column":12},"end":{"line":24,"column":48}},"17":{"start":{"line":26,"column":12},"end":{"line":28,"column":13}},"18":{"start":{"line":27,"column":16},"end":{"line":27,"column":23}},"19":{"start":{"line":29,"column":30},"end":{"line":29,"column":59}},"20":{"start":{"line":30,"column":12},"end":{"line":30,"column":52}},"21":{"start":{"line":31,"column":12},"end":{"line":33,"column":13}},"22":{"start":{"line":32,"column":16},"end":{"line":32,"column":23}},"23":{"start":{"line":34,"column":12},"end":{"line":34,"column":56}},"24":{"start":{"line":37,"column":4},"end":{"line":43,"column":7}},"25":{"start":{"line":38,"column":8},"end":{"line":40,"column":9}},"26":{"start":{"line":39,"column":12},"end":{"line":39,"column":19}},"27":{"start":{"line":41,"column":8},"end":{"line":41,"column":25}},"28":{"start":{"line":42,"column":8},"end":{"line":42,"column":43}}},"fnMap":{"0":{"name":"(anonymous_1)","decl":{"start":{"line":9,"column":33},"end":{"line":9,"column":34}},"loc":{"start":{"line":9,"column":58},"end":{"line":44,"column":1}}},"1":{"name":"(anonymous_2)","decl":{"start":{"line":12,"column":42},"end":{"line":12,"column":43}},"loc":{"start":{"line":12,"column":59},"end":{"line":36,"column":5}}},"2":{"name":"(anonymous_3)","decl":{"start":{"line":19,"column":34},"end":{"line":19,"column":35}},"loc":{"start":{"line":19,"column":43},"end":{"line":23,"column":13}}},"3":{"name":"(anonymous_4)","decl":{"start":{"line":37,"column":40},"end":{"line":37,"column":43}},"loc":{"start":{"line":37,"column":45},"end":{"line":43,"column":5}}}},"branchMap":{"0":{"loc":{"start":{"line":13,"column":8},"end":{"line":35,"column":9}},"type":"if","locations":[{"start":{"line":13,"column":8},"end":{"line":35,"column":9}},{"start":{"line":25,"column":15},"end":{"line":35,"column":9}}]},"1":{"loc":{"start":{"line":15,"column":12},"end":{"line":17,"column":13}},"type":"if","locations":[{"start":{"line":15,"column":12},"end":{"line":17,"column":13}}]},"2":{"loc":{"start":{"line":26,"column":12},"end":{"line":28,"column":13}},"type":"if","locations":[{"start":{"line":26,"column":12},"end":{"line":28,"column":13}}]},"3":{"loc":{"start":{"line":31,"column":12},"end":{"line":33,"column":13}},"type":"if","locations":[{"start":{"line":31,"column":12},"end":{"line":33,"column":13}}]},"4":{"loc":{"start":{"line":38,"column":8},"end":{"line":40,"column":9}},"type":"if","locations":[{"start":{"line":38,"column":8},"end":{"line":40,"column":9}}]}},"s":{"0":0,"1":0,"2":0,"3":0,"4":0,"5":0,"6":0,"7":0,"8":0,"9":0,"10":0,"11":0,"12":0,"13":0,"14":0,"15":0,"16":0,"17":0,"18":0,"19":0,"20":0,"21":0,"22":0,"23":0,"24":0,"25":0,"26":0,"27":0,"28":0},"f":{"0":0,"1":0,"2":0,"3":0},"b":{"0":[0,0],"1":[0],"2":[0],"3":[0],"4":[0]}}
,"/home/circleci/repo/packages/sportident-testbench-shell/src/ISiExternalApplication.ts": {"path":"/home/circleci/repo/packages/sportident-testbench-shell/src/ISiExternalApplication.ts","statementMap":{"0":{"start":{"line":1,"column":0},"end":{"line":1,"column":46}},"1":{"start":{"line":13,"column":8},"end":{"line":13,"column":16}},"2":{"start":{"line":10,"column":23},"end":{"line":10,"column":68}},"3":{"start":{"line":11,"column":23},"end":{"line":11,"column":42}},"4":{"start":{"line":8,"column":0},"end":{"line":8,"column":13}}},"fnMap":{"0":{"name":"(anonymous_9)","decl":{"start":{"line":9,"column":4},"end":{"line":9,"column":null}},"loc":{"start":{"line":11,"column":42},"end":{"line":14,"column":5}}}},"branchMap":{},"s":{"0":0,"1":0,"2":0,"3":0,"4":0},"f":{"0":0},"b":{}}
,"/home/circleci/repo/packages/sportident-testbench-shell/src/Shell.ts": {"path":"/home/circleci/repo/packages/sportident-testbench-shell/src/Shell.ts","statementMap":{"0":{"start":{"line":52,"column":23},"end":{"line":52,"column":45}},"1":{"start":{"line":53,"column":24},"end":{"line":53,"column":71}},"2":{"start":{"line":56,"column":8},"end":{"line":60,"column":10}},"3":{"start":{"line":61,"column":8},"end":{"line":61,"column":43}},"4":{"start":{"line":65,"column":36},"end":{"line":68,"column":9}},"5":{"start":{"line":66,"column":12},"end":{"line":66,"column":48}},"6":{"start":{"line":67,"column":12},"end":{"line":67,"column":69}},"7":{"start":{"line":69,"column":21},"end":{"line":90,"column":9}},"8":{"start":{"line":70,"column":12},"end":{"line":72,"column":13}},"9":{"start":{"line":71,"column":16},"end":{"line":71,"column":43}},"10":{"start":{"line":73,"column":25},"end":{"line":73,"column":48}},"11":{"start":{"line":74,"column":28},"end":{"line":74,"column":50}},"12":{"start":{"line":75,"column":12},"end":{"line":88,"column":13}},"13":{"start":{"line":76,"column":32},"end":{"line":76,"column":82}},"14":{"start":{"line":77,"column":16},"end":{"line":82,"column":17}},"15":{"start":{"line":78,"column":20},"end":{"line":81,"column":36}},"16":{"start":{"line":79,"column":37},"end":{"line":79,"column":46}},"17":{"start":{"line":80,"column":36},"end":{"line":80,"column":57}},"18":{"start":{"line":83,"column":16},"end":{"line":83,"column":65}},"19":{"start":{"line":85,"column":16},"end":{"line":85,"column":64}},"20":{"start":{"line":86,"column":42},"end":{"line":86,"column":79}},"21":{"start":{"line":87,"column":16},"end":{"line":87,"column":77}},"22":{"start":{"line":89,"column":12},"end":{"line":89,"column":52}},"23":{"start":{"line":91,"column":8},"end":{"line":91,"column":48}},"24":{"start":{"line":95,"column":8},"end":{"line":103,"column":10}},"25":{"start":{"line":98,"column":28},"end":{"line":98,"column":43}},"26":{"start":{"line":100,"column":27},"end":{"line":100,"column":41}},"27":{"start":{"line":101,"column":40},"end":{"line":101,"column":59}},"28":{"start":{"line":109,"column":8},"end":{"line":130,"column":10}},"29":{"start":{"line":111,"column":16},"end":{"line":114,"column":17}},"30":{"start":{"line":112,"column":20},"end":{"line":112,"column":41}},"31":{"start":{"line":113,"column":20},"end":{"line":113,"column":43}},"32":{"start":{"line":115,"column":16},"end":{"line":117,"column":17}},"33":{"start":{"line":116,"column":20},"end":{"line":116,"column":42}},"34":{"start":{"line":118,"column":16},"end":{"line":120,"column":17}},"35":{"start":{"line":119,"column":20},"end":{"line":119,"column":49}},"36":{"start":{"line":121,"column":16},"end":{"line":124,"column":17}},"37":{"start":{"line":122,"column":20},"end":{"line":122,"column":41}},"38":{"start":{"line":123,"column":20},"end":{"line":123,"column":74}},"39":{"start":{"line":125,"column":35},"end":{"line":125,"column":79}},"40":{"start":{"line":126,"column":16},"end":{"line":126,"column":42}},"41":{"start":{"line":127,"column":16},"end":{"line":127,"column":43}},"42":{"start":{"line":129,"column":18},"end":{"line":129,"column":20}},"43":{"start":{"line":134,"column":21},"end":{"line":134,"column":44}},"44":{"start":{"line":135,"column":8},"end":{"line":145,"column":9}},"45":{"start":{"line":136,"column":28},"end":{"line":136,"column":65}},"46":{"start":{"line":137,"column":12},"end":{"line":144,"column":13}},"47":{"start":{"line":138,"column":35},"end":{"line":138,"column":45}},"48":{"start":{"line":139,"column":29},"end":{"line":139,"column":65}},"49":{"start":{"line":140,"column":16},"end":{"line":142,"column":19}},"50":{"start":{"line":141,"column":20},"end":{"line":141,"column":56}},"51":{"start":{"line":143,"column":16},"end":{"line":143,"column":43}},"52":{"start":{"line":146,"column":8},"end":{"line":161,"column":9}},"53":{"start":{"line":147,"column":28},"end":{"line":147,"column":50}},"54":{"start":{"line":148,"column":12},"end":{"line":160,"column":13}},"55":{"start":{"line":149,"column":32},"end":{"line":149,"column":67}},"56":{"start":{"line":150,"column":16},"end":{"line":159,"column":17}},"57":{"start":{"line":151,"column":44},"end":{"line":151,"column":65}},"58":{"start":{"line":152,"column":45},"end":{"line":152,"column":87}},"59":{"start":{"line":153,"column":39},"end":{"line":153,"column":95}},"60":{"start":{"line":154,"column":33},"end":{"line":154,"column":74}},"61":{"start":{"line":155,"column":20},"end":{"line":157,"column":23}},"62":{"start":{"line":156,"column":24},"end":{"line":156,"column":60}},"63":{"start":{"line":158,"column":20},"end":{"line":158,"column":47}},"64":{"start":{"line":162,"column":8},"end":{"line":162,"column":35}},"65":{"start":{"line":166,"column":8},"end":{"line":168,"column":10}},"66":{"start":{"line":167,"column":29},"end":{"line":167,"column":70}},"67":{"start":{"line":175,"column":22},"end":{"line":175,"column":28}},"68":{"start":{"line":176,"column":21},"end":{"line":183,"column":9}},"69":{"start":{"line":177,"column":45},"end":{"line":177,"column":79}},"70":{"start":{"line":178,"column":12},"end":{"line":178,"column":33}},"71":{"start":{"line":179,"column":12},"end":{"line":181,"column":13}},"72":{"start":{"line":180,"column":16},"end":{"line":180,"column":32}},"73":{"start":{"line":182,"column":12},"end":{"line":182,"column":46}},"74":{"start":{"line":184,"column":8},"end":{"line":184,"column":62}},"75":{"start":{"line":184,"column":53},"end":{"line":184,"column":60}},"76":{"start":{"line":188,"column":8},"end":{"line":198,"column":11}},"77":{"start":{"line":189,"column":25},"end":{"line":196,"column":13}},"78":{"start":{"line":190,"column":29},"end":{"line":190,"column":46}},"79":{"start":{"line":191,"column":16},"end":{"line":195,"column":17}},"80":{"start":{"line":192,"column":20},"end":{"line":192,"column":34}},"81":{"start":{"line":194,"column":20},"end":{"line":194,"column":41}},"82":{"start":{"line":197,"column":12},"end":{"line":197,"column":19}},"83":{"start":{"line":202,"column":8},"end":{"line":204,"column":11}},"84":{"start":{"line":203,"column":12},"end":{"line":203,"column":48}},"85":{"start":{"line":47,"column":0},"end":{"line":47,"column":13}}},"fnMap":{"0":{"name":"(anonymous_0)","decl":{"start":{"line":51,"column":4},"end":{"line":51,"column":null}},"loc":{"start":{"line":54,"column":42},"end":{"line":62,"column":5}}},"1":{"name":"(anonymous_1)","decl":{"start":{"line":64,"column":4},"end":{"line":64,"column":7}},"loc":{"start":{"line":64,"column":7},"end":{"line":92,"column":5}}},"2":{"name":"(anonymous_2)","decl":{"start":{"line":65,"column":36},"end":{"line":65,"column":39}},"loc":{"start":{"line":65,"column":41},"end":{"line":68,"column":9}}},"3":{"name":"(anonymous_3)","decl":{"start":{"line":69,"column":21},"end":{"line":69,"column":22}},"loc":{"start":{"line":69,"column":61},"end":{"line":90,"column":9}}},"4":{"name":"(anonymous_4)","decl":{"start":{"line":79,"column":31},"end":{"line":79,"column":34}},"loc":{"start":{"line":79,"column":37},"end":{"line":79,"column":46}}},"5":{"name":"(anonymous_5)","decl":{"start":{"line":80,"column":30},"end":{"line":80,"column":33}},"loc":{"start":{"line":80,"column":36},"end":{"line":80,"column":57}}},"6":{"name":"(anonymous_6)","decl":{"start":{"line":94,"column":4},"end":{"line":94,"column":21}},"loc":{"start":{"line":94,"column":36},"end":{"line":104,"column":5}}},"7":{"name":"(anonymous_7)","decl":{"start":{"line":98,"column":22},"end":{"line":98,"column":25}},"loc":{"start":{"line":98,"column":28},"end":{"line":98,"column":43}}},"8":{"name":"(anonymous_8)","decl":{"start":{"line":100,"column":21},"end":{"line":100,"column":24}},"loc":{"start":{"line":100,"column":27},"end":{"line":100,"column":41}}},"9":{"name":"(anonymous_9)","decl":{"start":{"line":101,"column":23},"end":{"line":101,"column":24}},"loc":{"start":{"line":101,"column":40},"end":{"line":101,"column":59}}},"10":{"name":"(anonymous_10)","decl":{"start":{"line":106,"column":4},"end":{"line":106,"column":11}},"loc":{"start":{"line":107,"column":64},"end":{"line":131,"column":5}}},"11":{"name":"(anonymous_11)","decl":{"start":{"line":110,"column":12},"end":{"line":110,"column":13}},"loc":{"start":{"line":110,"column":74},"end":{"line":128,"column":13}}},"12":{"name":"(anonymous_12)","decl":{"start":{"line":129,"column":12},"end":{"line":129,"column":15}},"loc":{"start":{"line":129,"column":18},"end":{"line":129,"column":20}}},"13":{"name":"(anonymous_13)","decl":{"start":{"line":133,"column":4},"end":{"line":133,"column":23}},"loc":{"start":{"line":133,"column":42},"end":{"line":163,"column":5}}},"14":{"name":"(anonymous_14)","decl":{"start":{"line":140,"column":34},"end":{"line":140,"column":35}},"loc":{"start":{"line":140,"column":43},"end":{"line":142,"column":17}}},"15":{"name":"(anonymous_15)","decl":{"start":{"line":155,"column":38},"end":{"line":155,"column":39}},"loc":{"start":{"line":155,"column":47},"end":{"line":157,"column":21}}},"16":{"name":"(anonymous_16)","decl":{"start":{"line":165,"column":4},"end":{"line":165,"column":27}},"loc":{"start":{"line":165,"column":39},"end":{"line":169,"column":5}}},"17":{"name":"(anonymous_17)","decl":{"start":{"line":167,"column":12},"end":{"line":167,"column":13}},"loc":{"start":{"line":167,"column":29},"end":{"line":167,"column":70}}},"18":{"name":"(anonymous_18)","decl":{"start":{"line":171,"column":4},"end":{"line":171,"column":14}},"loc":{"start":{"line":173,"column":21},"end":{"line":185,"column":5}}},"19":{"name":"(anonymous_19)","decl":{"start":{"line":176,"column":21},"end":{"line":176,"column":22}},"loc":{"start":{"line":176,"column":66},"end":{"line":183,"column":9}}},"20":{"name":"(anonymous_20)","decl":{"start":{"line":184,"column":47},"end":{"line":184,"column":50}},"loc":{"start":{"line":184,"column":53},"end":{"line":184,"column":60}}},"21":{"name":"(anonymous_21)","decl":{"start":{"line":187,"column":4},"end":{"line":187,"column":12}},"loc":{"start":{"line":187,"column":12},"end":{"line":199,"column":5}}},"22":{"name":"(anonymous_22)","decl":{"start":{"line":188,"column":27},"end":{"line":188,"column":28}},"loc":{"start":{"line":188,"column":39},"end":{"line":198,"column":9}}},"23":{"name":"(anonymous_23)","decl":{"start":{"line":189,"column":25},"end":{"line":189,"column":28}},"loc":{"start":{"line":189,"column":30},"end":{"line":196,"column":13}}},"24":{"name":"(anonymous_24)","decl":{"start":{"line":201,"column":4},"end":{"line":201,"column":13}},"loc":{"start":{"line":201,"column":30},"end":{"line":205,"column":5}}},"25":{"name":"(anonymous_25)","decl":{"start":{"line":202,"column":30},"end":{"line":202,"column":31}},"loc":{"start":{"line":202,"column":47},"end":{"line":204,"column":9}}}},"branchMap":{"0":{"loc":{"start":{"line":54,"column":16},"end":{"line":54,"column":42}},"type":"default-arg","locations":[{"start":{"line":54,"column":40},"end":{"line":54,"column":42}}]},"1":{"loc":{"start":{"line":70,"column":12},"end":{"line":72,"column":13}},"type":"if","locations":[{"start":{"line":70,"column":12},"end":{"line":72,"column":13}}]},"2":{"loc":{"start":{"line":75,"column":12},"end":{"line":88,"column":13}},"type":"if","locations":[{"start":{"line":75,"column":12},"end":{"line":88,"column":13}},{"start":{"line":84,"column":19},"end":{"line":88,"column":13}}]},"3":{"loc":{"start":{"line":77,"column":16},"end":{"line":82,"column":17}},"type":"if","locations":[{"start":{"line":77,"column":16},"end":{"line":82,"column":17}}]},"4":{"loc":{"start":{"line":111,"column":16},"end":{"line":114,"column":17}},"type":"if","locations":[{"start":{"line":111,"column":16},"end":{"line":114,"column":17}}]},"5":{"loc":{"start":{"line":111,"column":20},"end":{"line":111,"column":54}},"type":"binary-expr","locations":[{"start":{"line":111,"column":20},"end":{"line":111,"column":35}},{"start":{"line":111,"column":39},"end":{"line":111,"column":54}}]},"6":{"loc":{"start":{"line":115,"column":16},"end":{"line":117,"column":17}},"type":"if","locations":[{"start":{"line":115,"column":16},"end":{"line":117,"column":17}}]},"7":{"loc":{"start":{"line":115,"column":20},"end":{"line":115,"column":53}},"type":"binary-expr","locations":[{"start":{"line":115,"column":20},"end":{"line":115,"column":35}},{"start":{"line":115,"column":39},"end":{"line":115,"column":53}}]},"8":{"loc":{"start":{"line":118,"column":16},"end":{"line":120,"column":17}},"type":"if","locations":[{"start":{"line":118,"column":16},"end":{"line":120,"column":17}}]},"9":{"loc":{"start":{"line":118,"column":20},"end":{"line":118,"column":64}},"type":"binary-expr","locations":[{"start":{"line":118,"column":20},"end":{"line":118,"column":34}},{"start":{"line":118,"column":38},"end":{"line":118,"column":64}}]},"10":{"loc":{"start":{"line":121,"column":16},"end":{"line":124,"column":17}},"type":"if","locations":[{"start":{"line":121,"column":16},"end":{"line":124,"column":17}}]},"11":{"loc":{"start":{"line":135,"column":8},"end":{"line":145,"column":9}},"type":"if","locations":[{"start":{"line":135,"column":8},"end":{"line":145,"column":9}}]},"12":{"loc":{"start":{"line":137,"column":12},"end":{"line":144,"column":13}},"type":"if","locations":[{"start":{"line":137,"column":12},"end":{"line":144,"column":13}}]},"13":{"loc":{"start":{"line":146,"column":8},"end":{"line":161,"column":9}},"type":"if","locations":[{"start":{"line":146,"column":8},"end":{"line":161,"column":9}}]},"14":{"loc":{"start":{"line":148,"column":12},"end":{"line":160,"column":13}},"type":"if","locations":[{"start":{"line":148,"column":12},"end":{"line":160,"column":13}}]},"15":{"loc":{"start":{"line":150,"column":16},"end":{"line":159,"column":17}},"type":"if","locations":[{"start":{"line":150,"column":16},"end":{"line":159,"column":17}}]},"16":{"loc":{"start":{"line":179,"column":12},"end":{"line":181,"column":13}},"type":"if","locations":[{"start":{"line":179,"column":12},"end":{"line":181,"column":13}}]},"17":{"loc":{"start":{"line":191,"column":16},"end":{"line":195,"column":17}},"type":"if","locations":[{"start":{"line":191,"column":16},"end":{"line":195,"column":17}},{"start":{"line":193,"column":23},"end":{"line":195,"column":17}}]}},"s":{"0":6,"1":6,"2":6,"3":6,"4":6,"5":11,"6":11,"7":6,"8":5,"9":0,"10":5,"11":5,"12":5,"13":5,"14":5,"15":4,"16":0,"17":4,"18":1,"19":0,"20":0,"21":0,"22":1,"23":6,"24":10,"25":0,"26":0,"27":11,"28":11,"29":28,"30":5,"31":5,"32":23,"33":0,"34":23,"35":0,"36":23,"37":0,"38":0,"39":23,"40":23,"41":23,"42":11,"43":0,"44":0,"45":0,"46":0,"47":0,"48":0,"49":0,"50":0,"51":0,"52":0,"53":0,"54":0,"55":0,"56":0,"57":0,"58":0,"59":0,"60":0,"61":0,"62":0,"63":0,"64":0,"65":0,"66":0,"67":11,"68":11,"69":28,"70":28,"71":28,"72":5,"73":23,"74":11,"75":5,"76":34,"77":34,"78":321,"79":321,"80":28,"81":293,"82":34,"83":22,"84":608,"85":2},"f":{"0":6,"1":6,"2":11,"3":5,"4":0,"5":4,"6":10,"7":0,"8":0,"9":11,"10":11,"11":28,"12":11,"13":0,"14":0,"15":0,"16":0,"17":0,"18":11,"19":28,"20":5,"21":34,"22":34,"23":321,"24":22,"25":608},"b":{"0":[0],"1":[0],"2":[5,0],"3":[4],"4":[5],"5":[28,28],"6":[0],"7":[23,23],"8":[0],"9":[23,0],"10":[0],"11":[0],"12":[0],"13":[0],"14":[0],"15":[0],"16":[5],"17":[28,293]}}
,"/home/circleci/repo/packages/sportident-testbench-shell/src/index.ts": {"path":"/home/circleci/repo/packages/sportident-testbench-shell/src/index.ts","statementMap":{"0":{"start":{"line":1,"column":0},"end":{"line":1,"column":8}},"1":{"start":{"line":1,"column":8},"end":{"line":1,"column":46}},"2":{"start":{"line":2,"column":0},"end":{"line":2,"column":8}},"3":{"start":{"line":2,"column":8},"end":{"line":2,"column":30}}},"fnMap":{"0":{"name":"(anonymous_0)","decl":{"start":{"line":1,"column":8},"end":{"line":1,"column":26}},"loc":{"start":{"line":1,"column":8},"end":{"line":1,"column":46}}},"1":{"name":"(anonymous_1)","decl":{"start":{"line":2,"column":8},"end":{"line":2,"column":13}},"loc":{"start":{"line":2,"column":8},"end":{"line":2,"column":30}}}},"branchMap":{},"s":{"0":1,"1":2,"2":1,"3":1},"f":{"0":1,"1":0},"b":{}}
,"/home/circleci/repo/packages/sportident-testbench-shell/src/testUtils.ts": {"path":"/home/circleci/repo/packages/sportident-testbench-shell/src/testUtils.ts","statementMap":{"0":{"start":{"line":1,"column":0},"end":{"line":1,"column":58}},"1":{"start":{"line":4,"column":12},"end":{"line":4,"column":33}},"2":{"start":{"line":5,"column":12},"end":{"line":5,"column":34}},"3":{"start":{"line":12,"column":8},"end":{"line":24,"column":10}},"4":{"start":{"line":15,"column":20},"end":{"line":17,"column":21}},"5":{"start":{"line":16,"column":24},"end":{"line":16,"column":41}},"6":{"start":{"line":18,"column":20},"end":{"line":18,"column":46}},"7":{"start":{"line":20,"column":43},"end":{"line":20,"column":65}},"8":{"start":{"line":28,"column":8},"end":{"line":31,"column":11}},"9":{"start":{"line":29,"column":25},"end":{"line":29,"column":49}},"10":{"start":{"line":30,"column":12},"end":{"line":30,"column":31}},"11":{"start":{"line":35,"column":8},"end":{"line":35,"column":30}},"12":{"start":{"line":39,"column":8},"end":{"line":39,"column":31}},"13":{"start":{"line":43,"column":8},"end":{"line":43,"column":25}},"14":{"start":{"line":47,"column":8},"end":{"line":47,"column":27}},"15":{"start":{"line":51,"column":8},"end":{"line":53,"column":19}},"16":{"start":{"line":52,"column":30},"end":{"line":52,"column":55}},"17":{"start":{"line":57,"column":8},"end":{"line":57,"column":27}},"18":{"start":{"line":61,"column":8},"end":{"line":63,"column":19}},"19":{"start":{"line":62,"column":30},"end":{"line":62,"column":55}},"20":{"start":{"line":3,"column":0},"end":{"line":3,"column":13}}},"fnMap":{"0":{"name":"(anonymous_0)","decl":{"start":{"line":8,"column":4},"end":{"line":8,"column":null}},"loc":{"start":{"line":10,"column":34},"end":{"line":25,"column":5}}},"1":{"name":"(anonymous_1)","decl":{"start":{"line":14,"column":25},"end":{"line":14,"column":28}},"loc":{"start":{"line":14,"column":30},"end":{"line":19,"column":17}}},"2":{"name":"(anonymous_2)","decl":{"start":{"line":20,"column":25},"end":{"line":20,"column":26}},"loc":{"start":{"line":20,"column":43},"end":{"line":20,"column":65}}},"3":{"name":"(anonymous_3)","decl":{"start":{"line":27,"column":4},"end":{"line":27,"column":13}},"loc":{"start":{"line":27,"column":30},"end":{"line":32,"column":5}}},"4":{"name":"(anonymous_4)","decl":{"start":{"line":28,"column":30},"end":{"line":28,"column":31}},"loc":{"start":{"line":28,"column":53},"end":{"line":31,"column":9}}},"5":{"name":"(anonymous_5)","decl":{"start":{"line":34,"column":4},"end":{"line":34,"column":11}},"loc":{"start":{"line":34,"column":24},"end":{"line":36,"column":5}}},"6":{"name":"(anonymous_6)","decl":{"start":{"line":38,"column":4},"end":{"line":38,"column":15}},"loc":{"start":{"line":38,"column":28},"end":{"line":40,"column":5}}},"7":{"name":"(anonymous_7)","decl":{"start":{"line":42,"column":4},"end":{"line":42,"column":7}},"loc":{"start":{"line":42,"column":7},"end":{"line":44,"column":5}}},"8":{"name":"(anonymous_8)","decl":{"start":{"line":46,"column":4},"end":{"line":46,"column":8}},"loc":{"start":{"line":46,"column":19},"end":{"line":48,"column":5}}},"9":{"name":"(anonymous_9)","decl":{"start":{"line":50,"column":4},"end":{"line":50,"column":8}},"loc":{"start":{"line":50,"column":19},"end":{"line":54,"column":5}}},"10":{"name":"(anonymous_10)","decl":{"start":{"line":52,"column":12},"end":{"line":52,"column":13}},"loc":{"start":{"line":52,"column":30},"end":{"line":52,"column":55}}},"11":{"name":"(anonymous_11)","decl":{"start":{"line":56,"column":4},"end":{"line":56,"column":8}},"loc":{"start":{"line":56,"column":20},"end":{"line":58,"column":5}}},"12":{"name":"(anonymous_12)","decl":{"start":{"line":60,"column":4},"end":{"line":60,"column":8}},"loc":{"start":{"line":60,"column":20},"end":{"line":64,"column":5}}},"13":{"name":"(anonymous_13)","dec
[...]
end":{"line":50,"column":5}}]},"6":{"loc":{"start":{"line":52,"column":24},"end":{"line":52,"column":76}},"type":"cond-expr","locations":[{"start":{"line":52,"column":45},"end":{"line":52,"column":69}},{"start":{"line":52,"column":72},"end":{"line":52,"column":76}}]},"7":{"loc":{"start":{"line":54,"column":4},"end":{"line":56,"column":5}},"type":"if","locations":[{"start":{"line":54,"column":4},"end":{"line":56,"column":5}}]},"8":{"loc":{"start":{"line":69,"column":4},"end":{"line":71,"column":5}},"type":"if","locations":[{"start":{"line":69,"column":4},"end":{"line":71,"column":5}}]},"9":{"loc":{"start":{"line":75,"column":26},"end":{"line":75,"column":90}},"type":"cond-expr","locations":[{"start":{"line":75,"column":51},"end":{"line":75,"column":60}},{"start":{"line":75,"column":63},"end":{"line":75,"column":90}}]},"10":{"loc":{"start":{"line":76,"column":8},"end":{"line":78,"column":9}},"type":"if","locations":[{"start":{"line":76,"column":8},"end":{"line":78,"column":9}}]},"11":{"loc":{"start":{"line":76,"column":12},"end":{"line":76,"column":105}},"type":"binary-expr","locations":[{"start":{"line":76,"column":12},"end":{"line":76,"column":35}},{"start":{"line":76,"column":40},"end":{"line":76,"column":68}},{"start":{"line":76,"column":72},"end":{"line":76,"column":85}},{"start":{"line":76,"column":89},"end":{"line":76,"column":104}}]}},"s":{"0":37,"1":912,"2":37,"3":37,"4":288,"5":896,"6":37,"7":37,"8":271,"9":19,"10":37,"11":37,"12":221,"13":221,"14":319,"15":37,"16":37,"17":211,"18":14,"19":37,"20":37,"21":51,"22":45,"23":45,"24":45,"25":86,"26":86,"27":45,"28":37,"29":37,"30":93,"31":93,"32":19,"33":19,"34":19,"35":65,"36":93,"37":276,"38":276,"39":93,"40":55,"41":38,"42":38,"43":38,"44":48,"45":48,"46":48,"47":48,"48":38,"49":37,"50":37,"51":146,"52":146,"53":1,"54":145,"55":145,"56":145,"57":12817,"58":12817,"59":12817,"60":1,"61":12816,"62":144,"63":37},"f":{"0":912,"1":288,"2":896,"3":271,"4":221,"5":319,"6":211,"7":51,"8":93,"9":276,"10":276,"11":146},"b":{"0":[912,888,884,874],"1":[288,288],"2":[19],"3":[14],"4":[52],"5":[19],"6":[274,2],"7":[55],"8":[1],"9":[9,12808],"10":[1],"11":[12817,12808,12807,12807]}}
,"/home/circleci/repo/packages/sportident/src/utils/errors.ts": {"path":"/home/circleci/repo/packages/sportident/src/utils/errors.ts","statementMap":{"0":{"start":{"line":1,"column":31},"end":{"line":6,"column":1}},"1":{"start":{"line":2,"column":4},"end":{"line":4,"column":5}},"2":{"start":{"line":3,"column":8},"end":{"line":3,"column":56}},"3":{"start":{"line":5,"column":4},"end":{"line":5,"column":15}},"4":{"start":{"line":1,"column":13},"end":{"line":1,"column":31}},"5":{"start":{"line":11,"column":23},"end":{"line":11,"column":41}},"6":{"start":{"line":12,"column":15},"end":{"line":12,"column":23}},"7":{"start":{"line":8,"column":0},"end":{"line":8,"column":13}},"8":{"start":{"line":17,"column":0},"end":{"line":17,"column":13}},"9":{"start":{"line":19,"column":30},"end":{"line":21,"column":1}},"10":{"start":{"line":20,"column":4},"end":{"line":20,"column":64}},"11":{"start":{"line":19,"column":13},"end":{"line":19,"column":30}}},"fnMap":{"0":{"name":"(anonymous_0)","decl":{"start":{"line":1,"column":31},"end":{"line":1,"column":32}},"loc":{"start":{"line":1,"column":63},"end":{"line":6,"column":1}}},"1":{"name":"(anonymous_1)","decl":{"start":{"line":10,"column":4},"end":{"line":10,"column":null}},"loc":{"start":{"line":12,"column":25},"end":{"line":14,"column":8}}},"2":{"name":"(anonymous_2)","decl":{"start":{"line":19,"column":30},"end":{"line":19,"column":31}},"loc":{"start":{"line":19,"column":58},"end":{"line":21,"column":1}}}},"branchMap":{"0":{"loc":{"start":{"line":2,"column":4},"end":{"line":4,"column":5}},"type":"if","locations":[{"start":{"line":2,"column":4},"end":{"line":4,"column":5}}]},"1":{"loc":{"start":{"line":2,"column":8},"end":{"line":2,"column":60}},"type":"binary-expr","locations":[{"start":{"line":2,"column":8},"end":{"line":2,"column":31}},{"start":{"line":2,"column":35},"end":{"line":2,"column":60}}]},"2":{"loc":{"start":{"line":11,"column":23},"end":{"line":11,"column":43}},"type":"default-arg","locations":[{"start":{"line":11,"column":41},"end":{"line":11,"column":43}}]},"3":{"loc":{"start":{"line":12,"column":15},"end":{"line":12,"column":25}},"type":"default-arg","locations":[{"start":{"line":12,"column":23},"end":{"line":12,"column":25}}]},"4":{"loc":{"start":{"line":20,"column":34},"end":{"line":20,"column":62}},"type":"binary-expr","locations":[{"start":{"line":20,"column":34},"end":{"line":20,"column":41}},{"start":{"line":20,"column":45},"end":{"line":20,"column":62}}]}},"s":{"0":38,"1":14,"2":1,"3":13,"4":38,"5":43,"6":43,"7":38,"8":38,"9":38,"10":3,"11":38},"f":{"0":14,"1":43,"2":3},"b":{"0":[1],"1":[14,4],"2":[6],"3":[43],"4":[3,1]}}
,"/home/circleci/repo/packages/sportident/src/utils/events.ts": {"path":"/home/circleci/repo/packages/sportident/src/utils/events.ts","statementMap":{"0":{"start":{"line":1,"column":0},"end":{"line":1,"column":39}},"1":{"start":{"line":15,"column":23},"end":{"line":15,"column":31}},"2":{"start":{"line":11,"column":4},"end":{"line":11,"column":29}},"3":{"start":{"line":9,"column":0},"end":{"line":9,"column":13}},"4":{"start":{"line":49,"column":30},"end":{"line":49,"column":54}},"5":{"start":{"line":50,"column":26},"end":{"line":50,"column":61}},"6":{"start":{"line":51,"column":8},"end":{"line":54,"column":10}},"7":{"start":{"line":55,"column":8},"end":{"line":55,"column":43}},"8":{"start":{"line":62,"column":30},"end":{"line":62,"column":54}},"9":{"start":{"line":63,"column":26},"end":{"line":63,"column":61}},"10":{"start":{"line":64,"column":8},"end":{"line":66,"column":10}},"11":{"start":{"line":65,"column":47},"end":{"line":65,"column":68}},"12":{"start":{"line":67,"column":8},"end":{"line":67,"column":43}},"13":{"start":{"line":71,"column":8},"end":{"line":71,"column":32}},"14":{"start":{"line":78,"column":8},"end":{"line":78,"column":36}},"15":{"start":{"line":79,"column":30},"end":{"line":79,"column":54}},"16":{"start":{"line":80,"column":26},"end":{"line":80,"column":61}},"17":{"start":{"line":81,"column":8},"end":{"line":89,"column":11}},"18":{"start":{"line":82,"column":12},"end":{"line":88,"column":13}},"19":{"start":{"line":83,"column":16},"end":{"line":83,"column":32}},"20":{"start":{"line":85,"column":28},"end":{"line":85,"column":59}},"21":{"start":{"line":86,"column":16},"end":{"line":86,"column":89}},"22":{"start":{"line":87,"column":16},"end":{"line":87,"column":40}},"23":{"start":{"line":90,"column":8},"end":{"line":90,"column":39}},"24":{"start":{"line":42,"column":0},"end":{"line":42,"column":13}}},"fnMap":{"0":{"name":"(anonymous_9)","decl":{"start":{"line":14,"column":4},"end":{"line":14,"column":null}},"loc":{"start":{"line":15,"column":31},"end":{"line":17,"column":8}}},"1":{"name":"(anonymous_10)","decl":{"start":{"line":45,"column":4},"end":{"line":45,"column":20}},"loc":{"start":{"line":47,"column":37},"end":{"line":56,"column":5}}},"2":{"name":"(anonymous_11)","decl":{"start":{"line":58,"column":4},"end":{"line":58,"column":23}},"loc":{"start":{"line":60,"column":37},"end":{"line":68,"column":5}}},"3":{"name":"(anonymous_12)","decl":{"start":{"line":65,"column":12},"end":{"line":65,"column":13}},"loc":{"start":{"line":65,"column":47},"end":{"line":65,"column":68}}},"4":{"name":"(anonymous_13)","decl":{"start":{"line":70,"column":4},"end":{"line":70,"column":27}},"loc":{"start":{"line":70,"column":27},"end":{"line":72,"column":5}}},"5":{"name":"(anonymous_14)","decl":{"start":{"line":74,"column":4},"end":{"line":74,"column":17}},"loc":{"start":{"line":76,"column":19},"end":{"line":91,"column":5}}},"6":{"name":"(anonymous_15)","decl":{"start":{"line":81,"column":26},"end":{"line":81,"column":27}},"loc":{"start":{"line":81,"column":60},"end":{"line":89,"column":9}}}},"branchMap":{"0":{"loc":{"start":{"line":49,"column":30},"end":{"line":49,"column":54}},"type":"binary-expr","locations":[{"start":{"line":49,"column":30},"end":{"line":49,"column":48}},{"start":{"line":49,"column":52},"end":{"line":49,"column":54}}]},"1":{"loc":{"start":{"line":50,"column":26},"end":{"line":50,"column":61}},"type":"binary-expr","locations":[{"start":{"line":50,"column":26},"end":{"line":50,"column":55}},{"start":{"line":50,"column":59},"end":{"line":50,"column":61}}]},"2":{"loc":{"start":{"line":62,"column":30},"end":{"line":62,"column":54}},"type":"binary-expr","locations":[{"start":{"line":62,"column":30},"end":{"line":62,"column":48}},{"start":{"line":62,"column":52},"end":{"line":62,"column":54}}]},"3":{"loc":{"start":{"line":63,"column":26},"end":{"line":63,"column":61}},"type":"binary-expr","locations":[{"start":{"line":63,"column":26},"end":{"line":63,"column":55}},{"start":{"line":63,"column":59},"end":{"line":63,"column":61}}]},"4":{"loc":{"start":{"line":79,"column":30},"end":{"line":79,"column":54}},"type":"binary-expr","locations":[{"start":{"line":79,"column":30},"end":{"line":79,"column":48}},{"start":{"line":79,"column":52},"end":{"line":79,"column":54}}]},"5":{"loc":{"start":{"line":80,"column":26},"end":{"line":80,"column":61}},"type":"binary-expr","locations":[{"start":{"line":80,"column":26},"end":{"line":80,"column":55}},{"start":{"line":80,"column":59},"end":{"line":80,"column":61}}]}},"s":{"0":37,"1":110,"2":110,"3":37,"4":84,"5":84,"6":84,"7":84,"8":23,"9":23,"10":23,"11":22,"12":23,"13":1,"14":110,"15":110,"16":110,"17":110,"18":53,"19":53,"20":1,"21":1,"22":1,"23":110,"24":37},"f":{"0":110,"1":84,"2":23,"3":22,"4":1,"5":110,"6":53},"b":{"0":[84,42],"1":[84,68],"2":[23,1],"3":[23,1],"4":[110,50],"5":[110,55]}}
,"/home/circleci/repo/packages/sportident/src/utils/general.ts": {"path":"/home/circleci/repo/packages/sportident/src/utils/general.ts","statementMap":{"0":{"start":{"line":3,"column":22},"end":{"line":18,"column":1}},"1":{"start":{"line":7,"column":19},"end":{"line":16,"column":5}},"2":{"start":{"line":8,"column":30},"end":{"line":8,"column":71}},"3":{"start":{"line":9,"column":28},"end":{"line":9,"column":48}},"4":{"start":{"line":10,"column":8},"end":{"line":14,"column":9}},"5":{"start":{"line":11,"column":29},"end":{"line":11,"column":39}},"6":{"start":{"line":12,"column":12},"end":{"line":12,"column":44}},"7":{"start":{"line":13,"column":12},"end":{"line":13,"column":28}},"8":{"start":{"line":15,"column":8},"end":{"line":15,"column":27}},"9":{"start":{"line":17,"column":4},"end":{"line":17,"column":18}},"10":{"start":{"line":3,"column":13},"end":{"line":3,"column":22}},"11":{"start":{"line":23,"column":25},"end":{"line":43,"column":1}},"12":{"start":{"line":27,"column":4},"end":{"line":29,"column":5}},"13":{"start":{"line":28,"column":8},"end":{"line":28,"column":41}},"14":{"start":{"line":30,"column":27},"end":{"line":30,"column":29}},"15":{"start":{"line":31,"column":4},"end":{"line":40,"column":11}},"16":{"start":{"line":32,"column":32},"end":{"line":32,"column":63}},"17":{"start":{"line":34,"column":33},"end":{"line":34,"column":52}},"18":{"start":{"line":35,"column":30},"end":{"line":35,"column":103}},"19":{"start":{"line":36,"column":12},"end":{"line":38,"column":13}},"20":{"start":{"line":37,"column":16},"end":{"line":37,"column":70}},"21":{"start":{"line":39,"column":12},"end":{"line":39,"column":43}},"22":{"start":{"line":41,"column":4},"end":{"line":41,"column":29}},"23":{"start":{"line":42,"column":4},"end":{"line":42,"column":18}},"24":{"start":{"line":23,"column":13},"end":{"line":23,"column":25}},"25":{"start":{"line":45,"column":23},"end":{"line":53,"column":1}},"26":{"start":{"line":49,"column":42},"end":{"line":51,"column":6}},"27":{"start":{"line":50,"column":8},"end":{"line":50,"column":55}},"28":{"start":{"line":50,"column":25},"end":{"line":50,"column":39}},"29":{"start":{"line":52,"column":4},"end":{"line":52,"column":19}},"30":{"start":{"line":45,"column":13},"end":{"line":45,"column":23}},"31":{"start":{"line":61,"column":28},"end":{"line":82,"column":1}},"32":{"start":{"line":66,"column":29},"end":{"line":66,"column":85}},"33":{"start":{"line":66,"column":53},"end":{"line":66,"column":85}},"34":{"start":{"line":67,"column":22},"end":{"line":67,"column":59}},"35":{"start":{"line":68,"column":34},"end":{"line":68,"column":100}},"36":{"start":{"line":68,"column":68},"end":{"line":68,"column":100}},"37":{"start":{"line":69,"column":27},"end":{"line":69,"column":74}},"38":{"start":{"line":70,"column":31},"end":{"line":74,"column":5}},"39":{"start":{"line":71,"column":20},"end":{"line":71,"column":49}},"40":{"start":{"line":72,"column":24},"end":{"line":72,"column":51}},"41":{"start":{"line":73,"column":8},"end":{"line":73,"column":66}},"42":{"start":{"line":75,"column":24},"end":{"line":75,"column":65}},"43":{"start":{"line":76,"column":16},"end":{"line":76,"column":17}},"44":{"start":{"line":77,"column":14},"end":{"line":77,"column":29}},"45":{"start":{"line":78,"column":4},"end":{"line":80,"column":5}},"46":{"start":{"line":79,"column":8},"end":{"line":79,"column":59}},"47":{"start":{"line":81,"column":4},"end":{"line":81,"column":17}},"48":{"start":{"line":61,"column":13},"end":{"line":61,"column":28}}},"fnMap":{"0":{"name":"(anonymous_0)","decl":{"start":{"line":3,"column":22},"end":{"line":3,"column":null}},"loc":{"start":{"line":6,"column":13},"end":{"line":18,"column":1}}},"1":{"name":"(anonymous_1)","decl":{"start":{"line":7,"column":19},"end":{"line":7,"column":25}},"loc":{"start":{"line":7,"column":27},"end":{"line":16,"column":5}}},"2":{"name":"(anonymous_2)","decl":{"start":{"line":23,"column":25},"end":{"line":23,"column":null}},"loc":{"start":{"line":26,"column":12},"end":{"line":43,"column":1}}},"3":{"name":"(anonymous_3)","decl":{"start":{"line":32,"column":16},"end":{"line":32,"column":17}},"loc":{"start":{"line":32,"column":32},"end":{"line":32,"column":63}}},"4":{"name":"(anonymous_4)","decl":{"start":{"line":33,"column":17},"end":{"line":33,"column":18}},"loc":{"start":{"line":33,"column":32},"end":{"line":40,"column":9}}},"5":{"name":"(anonymous_5)","decl":{"start":{"line":45,"column":23},"end":{"line":45,"column":null}},"loc":{"start":{"line":48,"column":26},"end":{"line":53,"column":1}}},"6":{"name":"(anonymous_6)","decl":{"start":{"line":49,"column":54},"end":{"line":49,"column":55}},"loc":{"start":{"line":49,"column":66},"end":{"line":51,"column":5}}},"7":{"name":"(anonymous_7)","decl":{"start":{"line":50,"column":19},"end":{"line":50,"column":22}},"loc":{"start":{"line":50,"column":25},"end":{"line":50,"column":39}}},"8":{"name":"(anonymous_8)","decl":{"start":{"line":61,"column":28},"end":{"line":61,"column":null}},"loc":{"start":{"line":65,"column":12},"end":{"line":82,"column":1}}},"9":{"name":"(anonymous_9)","decl":{"start":{"line":66,"column":29},"end":{"line":66,"column":30}},"loc":{"start":{"line":66,"column":53},"end":{"line":66,"column":85}}},"10":{"name":"(anonymous_10)","decl":{"start":{"line":68,"column":34},"end":{"line":68,"column":35}},"loc":{"start":{"line":68,"column":68},"end":{"line":68,"column":100}}},"11":{"name":"(anonymous_11)","decl":{"start":{"line":70,"column":31},"end":{"line":70,"column":32}},"loc":{"start":{"line":70,"column":100},"end":{"line":74,"column":5}}}},"branchMap":{"0":{"loc":{"start":{"line":10,"column":8},"end":{"line":14,"column":9}},"type":"if","locations":[{"start":{"line":10,"column":8},"end":{"line":14,"column":9}}]},"1":{"loc":{"start":{"line":27,"column":4},"end":{"line":29,"column":5}},"type":"if","locations":[{"start":{"line":27,"column":4},"end":{"line":29,"column":5}}]},"2":{"loc":{"start":{"line":35,"column":30},"end":{"line":35,"column":103}},"type":"cond-expr","locations":[{"start":{"line":35,"column":45},"end":{"line":35,"column":76}},{"start":{"line":35,"column":80},"end":{"line":35,"column":103}}]},"3":{"loc":{"start":{"line":36,"column":12},"end":{"line":38,"column":13}},"type":"if","locations":[{"start":{"line":36,"column":12},"end":{"line":38,"column":13}}]},"4":{"loc":{"start":{"line":64,"column":4},"end":{"line":64,"column":43}},"type":"default-arg","locations":[{"start":{"line":64,"column":41},"end":{"line":64,"column":43}}]},"5":{"loc":{"start":{"line":67,"column":22},"end":{"line":67,"column":59}},"type":"binary-expr","locations":[{"start":{"line":67,"column":22},"end":{"line":67,"column":39}},{"start":{"line":67,"column":43},"end":{"line":67,"column":59}}]},"6":{"loc":{"start":{"line":69,"column":27},"end":{"line":69,"column":74}},"type":"binary-expr","locations":[{"start":{"line":69,"column":27},"end":{"line":69,"column":49}},{"start":{"line":69,"column":53},"end":{"line":69,"column":74}}]},"7":{"loc":{"start":{"line":73,"column":15},"end":{"line":73,"column":65}},"type":"cond-expr","locations":[{"start":{"line":73,"column":36},"end":{"line":73,"column":48}},{"start":{"line":73,"column":51},"end":{"line":73,"column":65}}]},"8":{"loc":{"start":{"line":75,"column":24},"end":{"line":75,"column":65}},"type":"binary-expr","locations":[{"start":{"line":75,"column":24},"end":{"line":75,"column":43}},{"start":{"line":75,"column":47},"end":{"line":75,"column":65}}]}},"s":{"0":38,"1":153,"2":235,"3":235,"4":235,"5":88,"6":88,"7":88,"8":147,"9":153,"10":38,"11":38,"12":99,"13":68,"14":31,"15":31,"16":303,"17":303,"18":303,"19":303,"20":1,"21":302,"22":30,"23":30,"24":38,"25":38,"26":13,"27":13,"28":12,"29":13,"30":38,"31":38,"32":153,"33":21,"34":153,"35":153,"36":31,"37":153,"38":153,"39":45,"40":45,"41":45,"42":153,"43":153,"44":153,"45":153,"46":216,"47":152,"48":38},"f":{"0":153,"1":235,"2":99,"3":303,"4":303,"5":13,"6":13,"7":12,"8":153,"9":21,"10":31,"11":45},"b":{"0":[88],"1":[68],"2":[77,226],"3":[1],"4":[21],"5":[153,21],"6":[153,146],"7":[28,17],"8":[153,28]}}
,"/home/circleci/repo/packages/sportident/src/utils/index.ts": {"path":"/home/circleci/repo/packages/sportident/src/utils/index.ts","statementMap":{"0":{"start":{"line":1,"column":0},"end":{"line":1,"column":24}},"1":{"start":{"line":2,"column":0},"end":{"line":2,"column":25}},"2":{"start":{"line":3,"column":0},"end":{"line":3,"column":25}},"3":{"start":{"line":4,"column":0},"end":{"line":4,"column":26}},"4":{"start":{"line":5,"column":0},"end":{"line":5,"column":25}},"5":{"start":{"line":6,"column":0},"end":{"line":6,"column":30}},"6":{"start":{"line":7,"column":0},"end":{"line":7,"column":38}},"7":{"start":{"line":8,"column":0},"end":{"line":8,"column":24}}},"fnMap":{},"branchMap":{},"s":{"0":36,"1":36,"2":36,"3":36,"4":36,"5":36,"6":36,"7":36},"f":{},"b":{}}
,"/home/circleci/repo/packages/sportident/src/utils/mixins.ts": {"path":"/home/circleci/repo/packages/sportident/src/utils/mixins.ts","statementMap":{"0":{"start":{"line":2,"column":27},"end":{"line":13,"column":1}},"1":{"start":{"line":3,"column":4},"end":{"line":12,"column":7}},"2":{"start":{"line":4,"column":8},"end":{"line":11,"column":11}},"3":{"start":{"line":5,"column":12},"end":{"line":10,"column":14}},"4":{"start":{"line":2,"column":13},"end":{"line":2,"column":27}}},"fnMap":{"0":{"name":"(anonymous_0)","decl":{"start":{"line":2,"column":27},"end":{"line":2,"column":28}},"loc":{"start":{"line":2,"column":72},"end":{"line":13,"column":1}}},"1":{"name":"(anonymous_1)","decl":{"start":{"line":3,"column":22},"end":{"line":3,"column":23}},"loc":{"start":{"line":3,"column":35},"end":{"line":12,"column":5}}},"2":{"name":"(anonymous_2)","decl":{"start":{"line":4,"column":63},"end":{"line":4,"column":64}},"loc":{"start":{"line":4,"column":72},"end":{"line":11,"column":9}}}},"branchMap":{},"s":{"0":38,"1":13,"2":14,"3":64,"4":38},"f":{"0":13,"1":14,"2":64},"b":{}}
,"/home/circleci/repo/packages/sportident/src/utils/typed.ts": {"path":"/home/circleci/repo/packages/sportident/src/utils/typed.ts","statementMap":{"0":{"start":{"line":1,"column":0},"end":{"line":1,"column":16}},"1":{"start":{"line":2,"column":4},"end":{"line":2,"column":44}}},"fnMap":{"0":{"name":"typedKeys","decl":{"start":{"line":1,"column":16},"end":{"line":1,"column":25}},"loc":{"start":{"line":1,"column":82},"end":{"line":3,"column":1}}}},"branchMap":{},"s":{"0":36,"1":1},"f":{"0":1},"b":{}}
}
