{"/home/circleci/repo/packages/sportident-react/src/react.jsx": {"path":"/home/circleci/repo/packages/sportident-react/src/react.jsx","statementMap":{"0":{"start":{"line":4,"column":28},"end":{"line":49,"column":1}},"1":{"start":{"line":5,"column":38},"end":{"line":5,"column":74}},"2":{"start":{"line":6,"column":4},"end":{"line":47,"column":11}},"3":{"start":{"line":7,"column":28},"end":{"line":16,"column":9}},"4":{"start":{"line":8,"column":27},"end":{"line":8,"column":41}},"5":{"start":{"line":9,"column":12},"end":{"line":15,"column":15}},"6":{"start":{"line":10,"column":16},"end":{"line":13,"column":17}},"7":{"start":{"line":11,"column":20},"end":{"line":11,"column":53}},"8":{"start":{"line":12,"column":20},"end":{"line":12,"column":70}},"9":{"start":{"line":14,"column":16},"end":{"line":14,"column":40}},"10":{"start":{"line":17,"column":31},"end":{"line":26,"column":9}},"11":{"start":{"line":18,"column":27},"end":{"line":18,"column":41}},"12":{"start":{"line":19,"column":12},"end":{"line":25,"column":15}},"13":{"start":{"line":20,"column":16},"end":{"line":23,"column":17}},"14":{"start":{"line":21,"column":20},"end":{"line":21,"column":56}},"15":{"start":{"line":22,"column":20},"end":{"line":22,"column":65}},"16":{"start":{"line":24,"column":16},"end":{"line":24,"column":40}},"17":{"start":{"line":27,"column":8},"end":{"line":27,"column":60}},"18":{"start":{"line":28,"column":8},"end":{"line":28,"column":66}},"19":{"start":{"line":29,"column":8},"end":{"line":39,"column":11}},"20":{"start":{"line":30,"column":12},"end":{"line":38,"column":15}},"21":{"start":{"line":31,"column":41},"end":{"line":31,"column":81}},"22":{"start":{"line":32,"column":36},"end":{"line":32,"column":88}},"23":{"start":{"line":32,"column":74},"end":{"line":32,"column":86}},"24":{"start":{"line":33,"column":16},"end":{"line":36,"column":17}},"25":{"start":{"line":34,"column":20},"end":{"line":34,"column":55}},"26":{"start":{"line":35,"column":20},"end":{"line":35,"column":90}},"27":{"start":{"line":35,"column":65},"end":{"line":35,"column":87}},"28":{"start":{"line":37,"column":16},"end":{"line":37,"column":40}},"29":{"start":{"line":40,"column":8},"end":{"line":40,"column":43}},"30":{"start":{"line":41,"column":8},"end":{"line":46,"column":10}},"31":{"start":{"line":42,"column":12},"end":{"line":42,"column":49}},"32":{"start":{"line":43,"column":12},"end":{"line":43,"column":47}},"33":{"start":{"line":44,"column":12},"end":{"line":44,"column":67}},"34":{"start":{"line":45,"column":12},"end":{"line":45,"column":73}},"35":{"start":{"line":48,"column":4},"end":{"line":48,"column":21}}},"fnMap":{"0":{"name":"(anonymous_0)","decl":{"start":{"line":4,"column":28},"end":{"line":4,"column":29}},"loc":{"start":{"line":4,"column":66},"end":{"line":49,"column":1}},"line":4},"1":{"name":"(anonymous_1)","decl":{"start":{"line":6,"column":23},"end":{"line":6,"column":24}},"loc":{"start":{"line":6,"column":29},"end":{"line":47,"column":5}},"line":6},"2":{"name":"(anonymous_2)","decl":{"start":{"line":7,"column":28},"end":{"line":7,"column":29}},"loc":{"start":{"line":7,"column":39},"end":{"line":16,"column":9}},"line":7},"3":{"name":"(anonymous_3)","decl":{"start":{"line":9,"column":25},"end":{"line":9,"column":26}},"loc":{"start":{"line":9,"column":47},"end":{"line":15,"column":13}},"line":9},"4":{"name":"(anonymous_4)","decl":{"start":{"line":17,"column":31},"end":{"line":17,"column":32}},"loc":{"start":{"line":17,"column":42},"end":{"line":26,"column":9}},"line":17},"5":{"name":"(anonymous_5)","decl":{"start":{"line":19,"column":25},"end":{"line":19,"column":26}},"loc":{"start":{"line":19,"column":47},"end":{"line":25,"column":13}},"line":19},"6":{"name":"(anonymous_6)","decl":{"start":{"line":29,"column":49},"end":{"line":29,"column":50}},"loc":{"start":{"line":29,"column":62},"end":{"line":39,"column":9}},"line":29},"7":{"name":"(anonymous_7)","decl":{"start":{"line":30,"column":25},"end":{"line":30,"column":26}},"loc":{"start":{"line":30,"column":47},"end":{"line":38,"column":13}},"line":30},"8":{"name":"(anonymous_8)","decl":{"start":{"line":32,"column":62},"end":{"line":32,"column":63}},"loc":{"start":{"line":32,"column":74},"end":{"line":32,"column":86}},"line":32},"9":{"name":"(anonymous_9)","decl":{"start":{"line":35,"column":53},"end":{"line":35,"column":54}},"loc":{"start":{"line":35,"column":65},"end":{"line":35,"column":87}},"line":35},"10":{"name":"(anonymous_10)","decl":{"start":{"line":41,"column":15},"end":{"line":41,"column":16}},"loc":{"start":{"line":41,"column":21},"end":{"line":46,"column":9}},"line":41}},"branchMap":{"0":{"loc":{"start":{"line":4,"column":45},"end":{"line":4,"column":61}},"type":"default-arg","locations":[{"start":{"line":4,"column":56},"end":{"line":4,"column":61}}],"line":4},"1":{"loc":{"start":{"line":10,"column":16},"end":{"line":13,"column":17}},"type":"if","locations":[{"start":{"line":10,"column":16},"end":{"line":13,"column":17}},{"start":{"line":10,"column":16},"end":{"line":13,"column":17}}],"line":10},"2":{"loc":{"start":{"line":20,"column":16},"end":{"line":23,"column":17}},"type":"if","locations":[{"start":{"line":20,"column":16},"end":{"line":23,"column":17}},{"start":{"line":20,"column":16},"end":{"line":23,"column":17}}],"line":20},"3":{"loc":{"start":{"line":33,"column":16},"end":{"line":36,"column":17}},"type":"if","locations":[{"start":{"line":33,"column":16},"end":{"line":36,"column":17}},{"start":{"line":33,"column":16},"end":{"line":36,"column":17}}],"line":33}},"s":{"0":1,"1":0,"2":0,"3":0,"4":0,"5":0,"6":0,"7":0,"8":0,"9":0,"10":0,"11":0,"12":0,"13":0,"14":0,"15":0,"16":0,"17":0,"18":0,"19":0,"20":0,"21":0,"22":0,"23":0,"24":0,"25":0,"26":0,"27":0,"28":0,"29":0,"30":0,"31":0,"32":0,"33":0,"34":0,"35":0},"f":{"0":0,"1":0,"2":0,"3":0,"4":0,"5":0,"6":0,"7":0,"8":0,"9":0,"10":0},"b":{"0":[0],"1":[0,0],"2":[0,0],"3":[0,0]},"_coverageSchema":"43e27e138ebf9cfc5966b082cf9a028302ed4184","hash":"89b60191b65934bb3a3537df7ebd044481cf5e8e"}
,"/home/circleci/repo/packages/sportident-testbench-shell/src/ISiExternalApplication.ts": {"path":"/home/circleci/repo/packages/sportident-testbench-shell/src/ISiExternalApplication.ts","statementMap":{"0":{"start":{"line":1,"column":0},"end":{"line":1,"column":46}},"1":{"start":{"line":13,"column":8},"end":{"line":13,"column":16}},"2":{"start":{"line":9,"column":15},"end":{"line":9,"column":60}},"3":{"start":{"line":11,"column":15},"end":{"line":11,"column":34}},"4":{"start":{"line":6,"column":0},"end":{"line":6,"column":13}}},"fnMap":{"0":{"name":"(anonymous_1)","decl":{"start":{"line":7,"column":4},"end":{"line":7,"column":null}},"loc":{"start":{"line":11,"column":34},"end":{"line":14,"column":5}}}},"branchMap":{},"s":{"0":1,"1":0,"2":0,"3":0,"4":1},"f":{"0":0},"b":{}}
,"/home/circleci/repo/packages/sportident-testbench-shell/src/Shell.ts": {"path":"/home/circleci/repo/packages/sportident-testbench-shell/src/Shell.ts","statementMap":{"0":{"start":{"line":47,"column":15},"end":{"line":47,"column":37}},"1":{"start":{"line":49,"column":16},"end":{"line":49,"column":63}},"2":{"start":{"line":52,"column":8},"end":{"line":56,"column":10}},"3":{"start":{"line":57,"column":8},"end":{"line":57,"column":43}},"4":{"start":{"line":61,"column":36},"end":{"line":64,"column":9}},"5":{"start":{"line":62,"column":12},"end":{"line":62,"column":48}},"6":{"start":{"line":63,"column":12},"end":{"line":63,"column":69}},"7":{"start":{"line":65,"column":21},"end":{"line":86,"column":9}},"8":{"start":{"line":66,"column":12},"end":{"line":68,"column":null}},"9":{"start":{"line":67,"column":16},"end":{"line":67,"column":43}},"10":{"start":{"line":69,"column":25},"end":{"line":69,"column":48}},"11":{"start":{"line":70,"column":28},"end":{"line":70,"column":50}},"12":{"start":{"line":71,"column":12},"end":{"line":84,"column":null}},"13":{"start":{"line":72,"column":32},"end":{"line":72,"column":82}},"14":{"start":{"line":73,"column":16},"end":{"line":78,"column":null}},"15":{"start":{"line":74,"column":20},"end":{"line":77,"column":36}},"16":{"start":{"line":75,"column":37},"end":{"line":75,"column":46}},"17":{"start":{"line":76,"column":36},"end":{"line":76,"column":57}},"18":{"start":{"line":79,"column":16},"end":{"line":79,"column":65}},"19":{"start":{"line":81,"column":16},"end":{"line":81,"column":64}},"20":{"start":{"line":82,"column":42},"end":{"line":82,"column":79}},"21":{"start":{"line":83,"column":16},"end":{"line":83,"column":77}},"22":{"start":{"line":85,"column":12},"end":{"line":85,"column":52}},"23":{"start":{"line":87,"column":8},"end":{"line":87,"column":48}},"24":{"start":{"line":91,"column":8},"end":{"line":99,"column":10}},"25":{"start":{"line":94,"column":28},"end":{"line":94,"column":43}},"26":{"start":{"line":96,"column":27},"end":{"line":96,"column":41}},"27":{"start":{"line":97,"column":40},"end":{"line":97,"column":59}},"28":{"start":{"line":105,"column":8},"end":{"line":126,"column":10}},"29":{"start":{"line":107,"column":16},"end":{"line":110,"column":null}},"30":{"start":{"line":108,"column":20},"end":{"line":108,"column":41}},"31":{"start":{"line":109,"column":20},"end":{"line":109,"column":43}},"32":{"start":{"line":111,"column":16},"end":{"line":113,"column":null}},"33":{"start":{"line":112,"column":20},"end":{"line":112,"column":42}},"34":{"start":{"line":114,"column":16},"end":{"line":116,"column":null}},"35":{"start":{"line":115,"column":20},"end":{"line":115,"column":49}},"36":{"start":{"line":117,"column":16},"end":{"line":120,"column":null}},"37":{"start":{"line":118,"column":20},"end":{"line":118,"column":41}},"38":{"start":{"line":119,"column":20},"end":{"line":119,"column":74}},"39":{"start":{"line":121,"column":35},"end":{"line":121,"column":79}},"40":{"start":{"line":122,"column":16},"end":{"line":122,"column":42}},"41":{"start":{"line":123,"column":16},"end":{"line":123,"column":43}},"42":{"start":{"line":125,"column":18},"end":{"line":125,"column":20}},"43":{"start":{"line":130,"column":21},"end":{"line":130,"column":44}},"44":{"start":{"line":131,"column":8},"end":{"line":141,"column":null}},"45":{"start":{"line":132,"column":28},"end":{"line":132,"column":65}},"46":{"start":{"line":133,"column":12},"end":{"line":140,"column":null}},"47":{"start":{"line":134,"column":35},"end":{"line":134,"column":45}},"48":{"start":{"line":135,"column":29},"end":{"line":135,"column":65}},"49":{"start":{"line":136,"column":16},"end":{"line":138,"column":19}},"50":{"start":{"line":137,"column":20},"end":{"line":137,"column":56}},"51":{"start":{"line":139,"column":16},"end":{"line":139,"column":43}},"52":{"start":{"line":142,"column":8},"end":{"line":157,"column":null}},"53":{"start":{"line":143,"column":28},"end":{"line":143,"column":50}},"54":{"start":{"line":144,"column":12},"end":{"line":156,"column":null}},"55":{"start":{"line":145,"column":32},"end":{"line":145,"column":67}},"56":{"start":{"line":146,"column":16},"end":{"line":155,"column":null}},"57":{"start":{"line":147,"column":44},"end":{"line":147,"column":65}},"58":{"start":{"line":148,"column":45},"end":{"line":148,"column":87}},"59":{"start":{"line":149,"column":39},"end":{"line":149,"column":95}},"60":{"start":{"line":150,"column":33},"end":{"line":150,"column":74}},"61":{"start":{"line":151,"column":20},"end":{"line":153,"column":23}},"62":{"start":{"line":152,"column":24},"end":{"line":152,"column":60}},"63":{"start":{"line":154,"column":20},"end":{"line":154,"column":47}},"64":{"start":{"line":158,"column":8},"end":{"line":158,"column":35}},"65":{"start":{"line":162,"column":8},"end":{"line":164,"column":10}},"66":{"start":{"line":163,"column":29},"end":{"line":163,"column":70}},"67":{"start":{"line":171,"column":22},"end":{"line":171,"column":28}},"68":{"start":{"line":172,"column":21},"end":{"line":179,"column":9}},"69":{"start":{"line":173,"column":45},"end":{"line":173,"column":79}},"70":{"start":{"line":174,"column":12},"end":{"line":174,"column":33}},"71":{"start":{"line":175,"column":12},"end":{"line":177,"column":null}},"72":{"start":{"line":176,"column":16},"end":{"line":176,"column":32}},"73":{"start":{"line":178,"column":12},"end":{"line":178,"column":46}},"74":{"start":{"line":180,"column":8},"end":{"line":180,"column":62}},"75":{"start":{"line":180,"column":53},"end":{"line":180,"column":60}},"76":{"start":{"line":184,"column":8},"end":{"line":194,"column":11}},"77":{"start":{"line":185,"column":25},"end":{"line":192,"column":13}},"78":{"start":{"line":186,"column":29},"end":{"line":186,"column":46}},"79":{"start":{"line":187,"column":16},"end":{"line":191,"column":null}},"80":{"start":{"line":188,"column":20},"end":{"line":188,"column":34}},"81":{"start":{"line":190,"column":20},"end":{"line":190,"column":41}},"82":{"start":{"line":193,"column":12},"end":{"line":193,"column":19}},"83":{"start":{"line":198,"column":8},"end":{"line":200,"column":11}},"84":{"start":{"line":199,"column":12},"end":{"line":199,"column":48}},"85":{"start":{"line":41,"column":0},"end":{"line":41,"column":13}}},"fnMap":{"0":{"name":"(anonymous_0)","decl":{"start":{"line":45,"column":4},"end":{"line":45,"column":null}},"loc":{"start":{"line":50,"column":34},"end":{"line":58,"column":5}}},"1":{"name":"(anonymous_1)","decl":{"start":{"line":60,"column":4},"end":{"line":60,"column":7}},"loc":{"start":{"line":60,"column":7},"end":{"line":88,"column":5}}},"2":{"name":"(anonymous_2)","decl":{"start":{"line":61,"column":36},"end":{"line":61,"column":39}},"loc":{"start":{"line":61,"column":41},"end":{"line":64,"column":9}}},"3":{"name":"(anonymous_3)","decl":{"start":{"line":65,"column":21},"end":{"line":65,"column":22}},"loc":{"start":{"line":65,"column":61},"end":{"line":86,"column":9}}},"4":{"name":"(anonymous_4)","decl":{"start":{"line":75,"column":31},"end":{"line":75,"column":34}},"loc":{"start":{"line":75,"column":37},"end":{"line":75,"column":46}}},"5":{"name":"(anonymous_5)","decl":{"start":{"line":76,"column":30},"end":{"line":76,"column":33}},"loc":{"start":{"line":76,"column":36},"end":{"line":76,"column":57}}},"6":{"name":"(anonymous_6)","decl":{"start":{"line":90,"column":4},"end":{"line":90,"column":21}},"loc":{"start":{"line":90,"column":36},"end":{"line":100,"column":5}}},"7":{"name":"(anonymous_7)","decl":{"start":{"line":94,"column":22},"end":{"line":94,"column":25}},"loc":{"start":{"line":94,"column":28},"end":{"line":94,"column":43}}},"8":{"name":"(anonymous_8)","decl":{"start":{"line":96,"column":21},"end":{"line":96,"column":24}},"loc":{"start":{"line":96,"column":27},"end":{"line":96,"column":41}}},"9":{"name":"(anonymous_9)","decl":{"start":{"line":97,"column":23},"end":{"line":97,"column":24}},"loc":{"start":{"line":97,"column":40},"end":{"line":97,"column":59}}},"10":{"name":"(anonymous_10)","decl":{"start":{"line":102,"column":4},"end":{"line":102,"column":11}},"loc":{"start":{"line":103,"column":64},"end":{"line":127,"column":5}}},"11":{"name":"(anonymous_11)","decl":{"start":{"line":106,"column":12},"end":{"line":106,"column":13}},"loc":{"start":{"line":106,"column":74},"end":{"line":124,"column":13}}},"12":{"name":"(anonymous_12)","decl":{"start":{"line":125,"column":12},"end":{"line":125,"column":15}},"loc":{"start":{"line":125,"column":18},"end":{"line":125,"column":20}}},"13":{"name":"(anonymous_13)","decl":{"start":{"line":129,"column":4},"end":{"line":129,"column":23}},"loc":{"start":{"line":129,"column":42},"end":{"line":159,"column":5}}},"14":{"name":"(anonymous_14)","decl":{"start":{"line":136,"column":34},"end":{"line":136,"column":35}},"loc":{"start":{"line":136,"column":43},"end":{"line":138,"column":17}}},"15":{"name":"(anonymous_15)","decl":{"start":{"line":151,"column":38},"end":{"line":151,"column":39}},"loc":{"start":{"line":151,"column":47},"end":{"line":153,"column":21}}},"16":{"name":"(anonymous_16)","decl":{"start":{"line":161,"column":4},"end":{"line":161,"column":27}},"loc":{"start":{"line":161,"column":39},"end":{"line":165,"column":5}}},"17":{"name":"(anonymous_17)","decl":{"start":{"line":163,"column":12},"end":{"line":163,"column":13}},"loc":{"start":{"line":163,"column":29},"end":{"line":163,"column":70}}},"18":{"name":"(anonymous_18)","decl":{"start":{"line":167,"column":4},"end":{"line":167,"column":14}},"loc":{"start":{"line":169,"column":21},"end":{"line":181,"column":5}}},"19":{"name":"(anonymous_19)","decl":{"start":{"line":172,"column":21},"end":{"line":172,"column":22}},"loc":{"start":{"line":172,"column":66},"end":{"line":179,"column":9}}},"20":{"name":"(anonymous_20)","decl":{"start":{"line":180,"column":47},"end":{"line":180,"column":50}},"loc":{"start":{"line":180,"column":53},"end":{"line":180,"column":60}}},"21":{"name":"(anonymous_21)","decl":{"start":{"line":183,"column":4},"end":{"line":183,"column":12}},"loc":{"start":{"line":183,"column":12},"end":{"line":195,"column":5}}},"22":{"name":"(anonymous_22)","decl":{"start":{"line":184,"column":27},"end":{"line":184,"column":28}},"loc":{"start":{"line":184,"column":39},"end":{"line":194,"column":9}}},"23":{"name":"(anonymous_23)","decl":{"start":{"line":185,"column":25},"end":{"line":185,"column":28}},"loc":{"start":{"line":185,"column":30},"end":{"line":192,"column":13}}},"24":{"name":"(anonymous_24)","decl":{"start":{"line":197,"column":4},"end":{"line":197,"column":13}},"loc":{"start":{"line":197,"column":30},"end":{"line":201,"column":5}}},"25":{"name":"(anonymous_25)","decl":{"start":{"line":198,"column":30},"end":{"line":198,"column":31}},"loc":{"start":{"line":198,"column":47},"end":{"line":200,"column":9}}}},"branchMap":{"0":{"loc":{"start":{"line":50,"column":32},"end":{"line":50,"column":34}},"type":"default-arg","locations":[{"start":{"line":50,"column":32},"end":{"line":50,"column":34}}]},"1":{"loc":{"start":{"line":66,"column":12},"end":{"line":68,"column":null}},"type":"if","locations":[{"start":{"line":66,"column":12},"end":{"line":68,"column":null}},{"start":{"line":66,"column":12},"end":{"line":68,"column":null}}]},"2":{"loc":{"start":{"line":71,"column":12},"end":{"line":84,"column":null}},"type":"if","locations":[{"start":{"line":71,"column":12},"end":{"line":84,"column":null}},{"start":{"line":71,"column":12},"end":{"line":84,"column":null}}]},"3":{"loc":{"start":{"line":73,"column":16},"end":{"line":78,"column":null}},"type":"if","locations":[{"start":{"line":73,"column":16},"end":{"line":78,"column":null}},{"start":{"line":73,"column":16},"end":{"line":78,"column":null}}]},"4":{"loc":{"start":{"line":107,"column":16},"end":{"line":110,"column":null}},"type":"if","locations":[{"start":{"line":107,"column":16},"end":{"line":110,"column":null}},{"start":{"line":107,"column":16},"end":{"line":110,"column":null}}]},"5":{"loc":{"start":{"line":107,"column":20},"end":{"line":107,"column":35}},"type":"binary-expr","locations":[{"start":{"line":107,"column":20},"end":{"line":107,"column":35}},{"start":{"line":107,"column":39},"end":{"line":107,"column":54}}]},"6":{"loc":{"start":{"line":111,"column":16},"end":{"line":113,"column":null}},"type":"if","locations":[{"start":{"line":111,"column":16},"end":{"line":113,"column":null}},{"start":{"line":111,"column":16},"end":{"line":113,"column":null}}]},"7":{"loc":{"start":{"line":111,"column":20},"end":{"line":111,"column":35}},"type":"binary-expr","locations":[{"start":{"line":111,"column":20},"end":{"line":111,"column":35}},{"start":{"line":111,"column":39},"end":{"line":111,"column":53}}]},"8":{"loc":{"start":{"line":114,"column":16},"end":{"line":116,"column":null}},"type":"if","locations":[{"start":{"line":114,"column":16},"end":{"line":116,"column":null}},{"start":{"line":114,"column":16},"end":{"line":116,"column":null}}]},"9":{"loc":{"start":{"line":114,"column":20},"end":{"line":114,"column":34}},"type":"binary-expr","locations":[{"start":{"line":114,"column":20},"end":{"line":114,"column":34}},{"start":{"line":114,"column":38},"end":{"line":114,"column":64}}]},"10":{"loc":{"start":{"line":117,"column":16},"end":{"line":120,"column":null}},"type":"if","locations":[{"start":{"line":117,"column":16},"end":{"line":120,"column":null}},{"start":{"line":117,"column":16},"end":{"line":120,"column":null}}]},"11":{"loc":{"start":{"line":131,"column":8},"end":{"line":141,"column":null}},"type":"if","locations":[{"start":{"line":131,"column":8},"end":{"line":141,"column":null}},{"start":{"line":131,"column":8},"end":{"line":141,"column":null}}]},"12":{"loc":{"start":{"line":133,"column":12},"end":{"line":140,"column":null}},"type":"if","locations":[{"start":{"line":133,"column":12},"end":{"line":140,"column":null}},{"start":{"line":133,"column":12},"end":{"line":140,"column":null}}]},"13":{"loc":{"start":{"line":142,"column":8},"end":{"line":157,"column":null}},"type":"if","locations":[{"start":{"line":142,"column":8},"end":{"line":157,"column":null}},{"start":{"line":142,"column":8},"end":{"line":157,"column":null}}]},"14":{"loc":{"start":{"line":144,"column":12},"end":{"line":156,"column":null}},"type":"if","locations":[{"start":{"line":144,"column":12},"end":{"line":156,"column":null}},{"start":{"line":144,"column":12},"end":{"line":156,"column":null}}]},"15":{"loc":{"start":{"line":146,"column":16},"end":{"line":155,"column":null}},"type":"if","locations":[{"start":{"line":146,"column":16},"end":{"line":155,"column":null}},{"start":{"line":146,"column":16},"end":{"line":155,"column":null}}]},"16":{"loc":{"start":{"line":175,"column":12},"end":{"line":177,"column":null}},"type":"if","locations":[{"start":{"line":175,"column":12},"end":{"line":177,"column":null}},{"start":{"line":175,"column":12},"end":{"line":177,"column":null}}]},"17":{"loc":{"start":{"line":187,"column":16},"end":{"line":191,"column":null}},"type":"if","locations":[{"start":{"line":187,"column":16},"end":{"line":191,"column":null}},{"start":{"line":187,"column":16},"end":{"line":191,"column":null}}]}},"s":{"0":6,"1":6,"2":6,"3":6,"4":6,"5":11,"6":11,"7":6,"8":5,"9":0,"10":5,"11":5,"12":5,"13":5,"14":5,"15":4,"16":0,"17":4,"18":1,"19":0,"20":0,"21":0,"22":1,"23":6,"24":10,"25":0,"26":0,"27":11,"28":11,"29":28,"30":5,"31":5,"32":23,"33":0,"34":23,"35":0,"36":23,"37":0,"38":0,"39":23,"40":23,"41":23,"42":11,"43":0,"44":0,"45":0,"46":0,"47":0,"48":0,"49":0,"50":0,"51":0,"52":0,"53":0,"54":0,"55":0,"56":0,"57":0,"58":0,"59":0,"60":0,"61":0,"62":0,"63":0,"64":0,"65":0,"66":0,"67":11,"68":11,"69":28,"70":28,"71":28,"72":5,"73":23,"74":11,"75":5,"76":34,"77":34,"78":321,"79":321,"80":28,"81":293,"82":34,"83":22,"84":608,"85":2},"f":{"0":6,"1":6,"2":11,"3":5,"4":0,"5":4,"6":10,"7":0,"8":0,"9":11,"10":11,"11":28,"12":11,"13":0,"14":0,"15":0,"16":0,"17":0,"18":11,"19":28,"20":5,"21":34,"22":34,"23":321,"24":22,"25":608},"b":{"0":[0],"1":[0,5],"2":[5,0],"3":[4,1],"4":[5,23],"5":[28,28],"6":[0,23],"7":[23,23],"8":[0,23],"9":[23,0],"10":[0,23],"11":[0,0],"12":[0,0],"13":[0,0],"14":[0,0],"15":[0,0],"16":[5,23],"17":[28,293]}}
,"/home/circleci/repo/packages/sportident-testbench-shell/src/SiExternalApplication.ts": {"path":"/home/circleci/repo/packages/sportident-testbench-shell/src/SiExternalApplication.ts","statementMap":{"0":{"start":{"line":1,"column":0},"end":{"line":1,"column":46}},"1":{"start":{"line":3,"column":0},"end":{"line":3,"column":104}},"2":{"start":{"line":10,"column":8},"end":{"line":10,"column":80}},"3":{"start":{"line":11,"column":8},"end":{"line":14,"column":10}},"4":{"start":{"line":12,"column":12},"end":{"line":12,"column":45}},"5":{"start":{"line":13,"column":12},"end":{"line":13,"column":30}},"6":{"start":{"line":15,"column":8},"end":{"line":17,"column":10}},"7":{"start":{"line":16,"column":12},"end":{"line":16,"column":51}},"8":{"start":{"line":18,"column":8},"end":{"line":22,"column":10}},"9":{"start":{"line":19,"column":12},"end":{"line":21,"column":null}},"10":{"start":{"line":20,"column":16},"end":{"line":20,"column":49}},"11":{"start":{"line":23,"column":8},"end":{"line":25,"column":17}},"12":{"start":{"line":24,"column":12},"end":{"line":24,"column":29}},"13":{"start":{"line":29,"column":26},"end":{"line":29,"column":54}},"14":{"start":{"line":30,"column":8},"end":{"line":33,"column":10}},"15":{"start":{"line":37,"column":27},"end":{"line":37,"column":57}},"16":{"start":{"line":38,"column":8},"end":{"line":38,"column":33}},"17":{"start":{"line":42,"column":8},"end":{"line":42,"column":41}},"18":{"start":{"line":43,"column":8},"end":{"line":43,"column":24}},"19":{"start":{"line":5,"column":0},"end":{"line":5,"column":13}},"20":{"start":{"line":48,"column":0},"end":{"line":48,"column":62}}},"fnMap":{"0":{"name":"(anonymous_1)","decl":{"start":{"line":9,"column":4},"end":{"line":9,"column":16}},"loc":{"start":{"line":9,"column":27},"end":{"line":26,"column":5}}},"1":{"name":"(anonymous_2)","decl":{"start":{"line":11,"column":25},"end":{"line":11,"column":28}},"loc":{"start":{"line":11,"column":30},"end":{"line":14,"column":9}}},"2":{"name":"(anonymous_3)","decl":{"start":{"line":15,"column":26},"end":{"line":15,"column":27}},"loc":{"start":{"line":15,"column":41},"end":{"line":17,"column":9}}},"3":{"name":"(anonymous_4)","decl":{"start":{"line":18,"column":28},"end":{"line":18,"column":29}},"loc":{"start":{"line":18,"column":39},"end":{"line":22,"column":9}}},"4":{"name":"(anonymous_5)","decl":{"start":{"line":23,"column":40},"end":{"line":23,"column":43}},"loc":{"start":{"line":23,"column":45},"end":{"line":25,"column":9}}},"5":{"name":"(anonymous_6)","decl":{"start":{"line":28,"column":4},"end":{"line":28,"column":23}},"loc":{"start":{"line":28,"column":36},"end":{"line":34,"column":5}}},"6":{"name":"(anonymous_7)","decl":{"start":{"line":36,"column":4},"end":{"line":36,"column":8}},"loc":{"start":{"line":36,"column":28},"end":{"line":39,"column":5}}},"7":{"name":"(anonymous_8)","decl":{"start":{"line":41,"column":4},"end":{"line":41,"column":9}},"loc":{"start":{"line":41,"column":9},"end":{"line":44,"column":5}}}},"branchMap":{"0":{"loc":{"start":{"line":19,"column":12},"end":{"line":21,"column":null}},"type":"if","locations":[{"start":{"line":19,"column":12},"end":{"line":21,"column":null}},{"start":{"line":19,"column":12},"end":{"line":21,"column":null}}]}},"s":{"0":1,"1":1,"2":0,"3":0,"4":0,"5":0,"6":0,"7":0,"8":0,"9":0,"10":0,"11":0,"12":0,"13":0,"14":0,"15":0,"16":0,"17":0,"18":0,"19":1,"20":1},"f":{"0":0,"1":0,"2":0,"3":0,"4":0,"5":0,"6":0,"7":0},"b":{"0":[0,0]}}
,"/home/circleci/repo/packages/sportident-testbench-shell/src/index.ts": {"path":"/home/circleci/repo/packages/sportident-testbench-shell/src/index.ts","statementMap":{"0":{"start":{"line":1,"column":0},"end":{"line":1,"column":8}},"1":{"start":{"line":1,"column":8},"end":{"line":1,"column":46}},"2":{"start":{"line":2,"column":0},"end":{"line":2,"column":8}},"3":{"start":{"line":2,"column":8},"end":{"line":2,"column":30}}},"fnMap":{},"branchMap":{},"s":{"0":1,"1":1,"2":1,"3":1},"f":{},"b":{}}
,"/home/circleci/repo/packages/sportident-testbench-shell/src/testUtils.ts": {"path":"/home/circleci/repo/packages/sportident-testbench-shell/src/testUtils.ts","statementMap":{"0":{"start":{"line":2,"column":0},"end":{"line":2,"column":58}},"1":{"start":{"line":5,"column":12},"end":{"line":5,"column":33}},"2":{"start":{"line":6,"column":12},"end":{"line":6,"column":34}},"3":{"start":{"line":13,"column":8},"end":{"line":25,"column":10}},"4":{"start":{"line":16,"column":20},"end":{"line":18,"column":null}},"5":{"start":{"line":17,"column":24},"end":{"line":17,"column":41}},"6":{"start":{"line":19,"column":20},"end":{"line":19,"column":46}},"7":{"start":{"line":21,"column":43},"end":{"line":21,"column":65}},"8":{"start":{"line":29,"column":8},"end":{"line":32,"column":11}},"9":{"start":{"line":30,"column":25},"end":{"line":30,"column":49}},"10":{"start":{"line":31,"column":12},"end":{"line":31,"column":31}},"11":{"start":{"line":36,"column":8},"end":{"line":36,"column":30}},"12":{"start":{"line":40,"column":8},"end":{"line":40,"column":31}},"13":{"start":{"line":44,"column":8},"end":{"line":44,"column":25}},"14":{"start":{"line":48,"column":8},"end":{"line":48,"column":27}},"15":{"start":{"line":52,"column":8},"end":{"line":54,"column":19}},"16":{"start":{"line":53,"column":30},"end":{"line":53,"column":55}},"17":{"start":{"line":58,"column":8},"end":{"line":58,"column":27}},"18":{"start":{"line":62,"column":8},"end":{"line":64,"column":19}},"19":{"start":{"line":63,"column":30},"end":{"line":63,"column":55}},"20":{"start":{"line":4,"column":0},"end":{"line":4,"column":13}}},"fnMap":{"0":{"name":"(anonymous_0)","decl":{"start":{"line":9,"column":4},"end":{"line":9,"column":null}},"loc":{"start":{"line":11,"column":34},"end":{"line":26,"column":5}}},"1":{"name":"(anonymous_1)","decl":{"start":{"line":15,"column":25},"end":{"line":15,"column":28}},"loc":{"start":{"line":15,"column":30},"end":{"line":20,"column":17}}},"2":{"name":"(anonymous_2)","decl":{"start":{"line":21,"column":25},"end":{"line":21,"column":26}},"loc":{"start":{"line":21,"column":43},"end":{"line":21,"column":65}}},"3":{"name":"(anonymous_3)","decl":{"start":{"line":28,"column":4},"end":{"line":28,"column":13}},"loc":{"start":{"line":28,"column":30},"end":{"line":33,"column":5}}},"4":{"name":"(anonymous_4)","decl":{"start":{"line":29,"column":30},"end":{"line":29,"column":31}},"loc":{"start":{"line":29,"column":53},"end":{"line":32,"column":9}}},"5":{"name":"(anonymous_5)","decl":{"start":{"line":35,"column":4},"end":{"line":35,"column":11}},"loc":{"start":{"line":35,"column":24},"end":{"line":37,"column":5}}},"6":{"name":"(anonymous_6)","decl":{"start":{"line":39,"column":4},"end":{"line":39,"column":15}},"loc":{"start":{"line":39,"column":28},"end":{"line":41,"column":5}}},"7":{"name":"(anonymous_7)","decl":{"start":{"line":43,"column":4},"end":{"line":43,"column":7}},"loc":{"start":{"line":43,"column":7},"end":{"line":45,"column":5}}},"8":{"name":"(anonymous_8)","decl":{"start":{"line":47,"column":4},"end":{"line":47,"column":8}},"loc":{"start":{"line":47,"column":19},"end":{"line":49,"column":5}}},"9":{"name":"(anonymous_9)","decl":{"start":{"line":51,"column":4},"end":{"line":51,"column":8}},"loc":{"start":{"line":51,"column":19},"end":{"line":55,"column":5}}},"10":{"name":"(anonymous_10)","decl":{"start":{"line":53,"column":12},"end":{"line":53,"column":13}},"loc":{"start":{"line":53,"column":30},"end":{"line":53,"column":55}}},"11":{"name":"(anonymous_11)","decl":{"start":{"line":57,"column":4},"end":{"line":57,"column":8}},"loc":{"start":{"line":57,"column":20},"end":{"line":59,"column":5}}},"12":{"name":"(anonymous_12)","decl":{"start":{"line":61,"column":4},"end":{"line":61,"column":8}},"loc":{"start":{"line":61,"column":20},"end":{"line":65,"column":5}}},"13":{"name":"(anonymous_13)","decl":{"start":{"line":63,"column":12},"end":{"line":63,"column":13}},"loc":{"start":{"line":63,"column":30},"end":{"line":63,"column":55}}}},"branchMap":{"0":{"loc":{"start":{"line":11,"column":32},"end":{"line":11,"column":34}},"type":"default-arg","locations":[{"start":{"line":11,"column":32},"end":{"line":11,"column":34}}]},"1":{"loc":{"start":{"line":16,"column":20},"end":{"line":18,"column":null}},"type":"if","locations":[{"start":{"line":16,"column":20},"end":{"line":18,"column":null}},{"start":{"line":16,"column":20},"end":{"line":18,"column":null}}]}},"s":{"0":2,"1":6,"2":6,"3":6,"4":321,"5":293,"6":28,"7":636,"8":4,"9":28,"10":28,"11":28,"12":636,"13":6,"14":0,"15":4,"16":0,"17":0,"18":6,"19":636,"20":2},"f":{"0":6,"1":321,"2":636,"3":4,"4":28,"5":28,"6":636,"7":6,"8":0,"9":4,"10":0,"11":0,"12":6,"13":636},"b":{"0":[3],"1":[293,28]}}
,"/home/circleci/repo/packages/sportident-testbench-shell/src/commands/BaseCommand.ts": {"path":"/home/circleci/repo/packages/sportident-testbench-shell/src/commands/BaseCommand.ts","statementMap":{"0":{"start":{"line":16,"column":25},"end":{"line":16,"column":43}},"1":{"start":{"line":17,"column":28},"end":{"line":17,"column":53}},"2":{"start":{"line":18,"column":8},"end":{"line":20,"column":null}},"3":{"start":{"line":19,"column":12},"end":{"line":19,"column":36}},"4":{"start":{"line":21,"column":24},"end":{"line":21,"column":45}},"5":{"start":{"line":22,"column":8},"end":{"line":24,"column":null}},"6":{"start":{"line":23,"column":12},"end":{"line":23,"column":76}},"7":{"start":{"line":23,"column":53},"end":{"line":23,"column":74}},"8":{"start":{"line":25,"column":8},"end":{"line":25,"column":18}},"9":{"start":{"line":31,"column":22},"end":{"line":31,"column":26}},"10":{"start":{"line":32,"column":25},"end":{"line":32,"column":43}},"11":{"start":{"line":33,"column":8},"end":{"line":60,"column":11}},"12":{"start":{"line":34,"column":24},"end":{"line":34,"column":50}},"13":{"start":{"line":35,"column":12},"end":{"line":41,"column":null}},"14":{"start":{"line":36,"column":16},"end":{"line":39,"column":null}},"15":{"start":{"line":37,"column":20},"end":{"line":37,"column":75}},"16":{"start":{"line":38,"column":20},"end":{"line":38,"column":36}},"17":{"start":{"line":40,"column":16},"end":{"line":40,"column":23}},"18":{"start":{"line":42,"column":12},"end":{"line":50,"column":null}},"19":{"start":{"line":43,"column":16},"end":{"line":49,"column":null}},"20":{"start":{"line":44,"column":20},"end":{"line":47,"column":22}},"21":{"start":{"line":48,"column":20},"end":{"line":48,"column":36}},"22":{"start":{"line":51,"column":12},"end":{"line":59,"column":null}},"23":{"start":{"line":52,"column":16},"end":{"line":58,"column":null}},"24":{"start":{"line":52,"column":54},"end":{"line":52,"column":68}},"25":{"start":{"line":53,"column":20},"end":{"line":56,"column":22}},"26":{"start":{"line":57,"column":20},"end":{"line":57,"column":36}},"27":{"start":{"line":61,"column":8},"end":{"line":61,"column":23}},"28":{"start":{"line":65,"column":25},"end":{"line":65,"column":43}},"29":{"start":{"line":66,"column":25},"end":{"line":68,"column":22}},"30":{"start":{"line":67,"column":39},"end":{"line":67,"column":90}},"31":{"start":{"line":69,"column":27},"end":{"line":69,"column":66}},"32":{"start":{"line":70,"column":8},"end":{"line":70,"column":45}},"33":{"start":{"line":71,"column":8},"end":{"line":76,"column":11}},"34":{"start":{"line":72,"column":34},"end":{"line":72,"column":83}},"35":{"start":{"line":73,"column":38},"end":{"line":73,"column":63}},"36":{"start":{"line":74,"column":40},"end":{"line":74,"column":78}},"37":{"start":{"line":75,"column":12},"end":{"line":75,"column":75}},"38":{"start":{"line":12,"column":0},"end":{"line":12,"column":22}}},"fnMap":{"0":{"name":"(anonymous_0)","decl":{"start":{"line":15,"column":4},"end":{"line":15,"column":16}},"loc":{"start":{"line":15,"column":31},"end":{"line":26,"column":5}}},"1":{"name":"(anonymous_1)","decl":{"start":{"line":23,"column":46},"end":{"line":23,"column":47}},"loc":{"start":{"line":23,"column":53},"end":{"line":23,"column":74}}},"2":{"name":"(anonymous_2)","decl":{"start":{"line":30,"column":4},"end":{"line":30,"column":16}},"loc":{"start":{"line":30,"column":45},"end":{"line":62,"column":5}}},"3":{"name":"(anonymous_3)","decl":{"start":{"line":33,"column":25},"end":{"line":33,"column":26}},"loc":{"start":{"line":33,"column":64},"end":{"line":60,"column":9}}},"4":{"name":"(anonymous_4)","decl":{"start":{"line":52,"column":42},"end":{"line":52,"column":43}},"loc":{"start":{"line":52,"column":54},"end":{"line":52,"column":68}}},"5":{"name":"(anonymous_5)","decl":{"start":{"line":64,"column":4},"end":{"line":64,"column":14}},"loc":{"start":{"line":64,"column":43},"end":{"line":77,"column":5}}},"6":{"name":"(anonymous_6)","decl":{"start":{"line":67,"column":17},"end":{"line":67,"column":18}},"loc":{"start":{"line":67,"column":39},"end":{"line":67,"column":90}}},"7":{"name":"(anonymous_7)","decl":{"start":{"line":71,"column":25},"end":{"line":71,"column":26}},"loc":{"start":{"line":71,"column":46},"end":{"line":76,"column":9}}}},"branchMap":{"0":{"loc":{"start":{"line":18,"column":8},"end":{"line":20,"column":null}},"type":"if","locations":[{"start":{"line":18,"column":8},"end":{"line":20,"column":null}},{"start":{"line":18,"column":8},"end":{"line":20,"column":null}}]},"1":{"loc":{"start":{"line":22,"column":8},"end":{"line":24,"column":null}},"type":"if","locations":[{"start":{"line":22,"column":8},"end":{"line":24,"column":null}},{"start":{"line":22,"column":8},"end":{"line":24,"column":null}}]},"2":{"loc":{"start":{"line":35,"column":12},"end":{"line":41,"column":null}},"type":"if","locations":[{"start":{"line":35,"column":12},"end":{"line":41,"column":null}},{"start":{"line":35,"column":12},"end":{"line":41,"column":null}}]},"3":{"loc":{"start":{"line":36,"column":16},"end":{"line":39,"column":null}},"type":"if","locations":[{"start":{"line":36,"column":16},"end":{"line":39,"column":null}},{"start":{"line":36,"column":16},"end":{"line":39,"column":null}}]},"4":{"loc":{"start":{"line":42,"column":12},"end":{"line":50,"column":null}},"type":"if","locations":[{"start":{"line":42,"column":12},"end":{"line":50,"column":null}},{"start":{"line":42,"column":12},"end":{"line":50,"column":null}}]},"5":{"loc":{"start":{"line":43,"column":16},"end":{"line":49,"column":null}},"type":"if","locations":[{"start":{"line":43,"column":16},"end":{"line":49,"column":null}},{"start":{"line":43,"column":16},"end":{"line":49,"column":null}}]},"6":{"loc":{"start":{"line":51,"column":12},"end":{"line":59,"column":null}},"type":"if","locations":[{"start":{"line":51,"column":12},"end":{"line":59,"column":null}},{"start":{"line":51,"column":12},"end":{"line":59,"column":null}}]},"7":{"loc":{"start":{"line":52,"column":16},"end":{"line":58,"column":null}},"type":"if","locations":[{"start":{"line":52,"column":16},"end":{"line":58,"column":null}},{"start":{"line":52,"column":16},"end":{"line":58,"column":null}}]},"8":{"loc":{"start":{"line":67,"column":80},"end":{"line":67,"column":83}},"type":"cond-expr","locations":[{"start":{"line":67,"column":80},"end":{"line":67,"column":83}},{"start":{"line":67,"column":86},"end":{"line":67,"column":88}}]},"9":{"loc":{"start":{"line":72,"column":52},"end":{"line":72,"column":78}},"type":"cond-expr","locations":[{"start":{"line":72,"column":52},"end":{"line":72,"column":78}},{"start":{"line":72,"column":81},"end":{"line":72,"column":83}}]},"10":{"loc":{"start":{"line":73,"column":38},"end":{"line":73,"column":57}},"type":"binary-expr","locations":[{"start":{"line":73,"column":38},"end":{"line":73,"column":57}},{"start":{"line":73,"column":61},"end":{"line":73,"column":63}}]}},"s":{"0":0,"1":0,"2":0,"3":0,"4":0,"5":0,"6":0,"7":0,"8":0,"9":1,"10":1,"11":1,"12":2,"13":2,"14":2,"15":1,"16":1,"17":2,"18":0,"19":0,"20":0,"21":0,"22":0,"23":0,"24":0,"25":0,"26":0,"27":1,"28":1,"29":1,"30":2,"31":1,"32":1,"33":1,"34":2,"35":2,"36":2,"37":2,"38":1},"f":{"0":0,"1":0,"2":1,"3":2,"4":0,"5":1,"6":2,"7":2},"b":{"0":[0,0],"1":[0,0],"2":[2,0],"3":[1,1],"4":[0,0],"5":[0,0],"6":[0,0],"7":[0,0],"8":[1,1],"9":[2,0],"10":[2,2]}}
,"/home/circleci/repo/packages/sportident-testbench-shell/src/commands/getBackup.ts": {"path":"/home/circleci/repo/packages/sportident-testbench-shell/src/commands/getBackup.ts","statementMap":{"0":{"start":{"line":1,"column":0},"end":{"line":1,"column":46}},"1":{"start":{"line":2,"column":0},"end":{"line":2,"column":47}},"2":{"start":{"line":5,"column":0},"end":{"line":5,"column":42}},"3":{"start":{"line":6,"column":0},"end":{"line":6,"column":68}},"4":{"start":{"line":10,"column":8},"end":{"line":15,"column":10}},"5":{"start":{"line":19,"column":8},"end":{"line":19,"column":34}},"6":{"start":{"line":20,"column":8},"end":{"line":20,"column":53}},"7":{"start":{"line":21,"column":8},"end":{"line":21,"column":53}},"8":{"start":{"line":25,"column":24},"end":{"line":25,"column":85}},"9":{"start":{"line":26,"column":8},"end":{"line":29,"column":null}},"10":{"start":{"line":27,"column":12},"end":{"line":27,"column":51}},"11":{"start":{"line":28,"column":12},"end":{"line":28,"column":37}},"12":{"start":{"line":30,"column":26},"end":{"line":34,"column":null}},"13":{"start":{"line":31,"column":12},"end":{"line":34,"column":17}},"14":{"start":{"line":36,"column":38},"end":{"line":36,"column":40}},"15":{"start":{"line":37,"column":30},"end":{"line":50,"column":9}},"16":{"start":{"line":38,"column":12},"end":{"line":42,"column":null}},"17":{"start":{"line":39,"column":16},"end":{"line":39,"column":47}},"18":{"start":{"line":40,"column":16},"end":{"line":40,"column":96}},"19":{"start":{"line":40,"column":54},"end":{"line":40,"column":80}},"20":{"start":{"line":41,"column":16},"end":{"line":41,"column":41}},"21":{"start":{"line":43,"column":12},"end":{"line":49,"column":19}},"22":{"start":{"line":45,"column":20},"end":{"line":45,"column":83}},"23":{"start":{"line":46,"column":20},"end":{"line":46,"column":76}},"24":{"start":{"line":47,"column":20},"end":{"line":47,"column":56}},"25":{"start":{"line":48,"column":20},"end":{"line":48,"column":57}},"26":{"start":{"line":51,"column":8},"end":{"line":51,"column":32}},"27":{"start":{"line":8,"column":0},"end":{"line":8,"column":13}}},"fnMap":{"0":{"name":"(anonymous_1)","decl":{"start":{"line":9,"column":4},"end":{"line":9,"column":15}},"loc":{"start":{"line":9,"column":15},"end":{"line":16,"column":5}}},"1":{"name":"(anonymous_2)","decl":{"start":{"line":18,"column":4},"end":{"line":18,"column":14}},"loc":{"start":{"line":18,"column":43},"end":{"line":22,"column":5}}},"2":{"name":"(anonymous_3)","decl":{"start":{"line":24,"column":4},"end":{"line":24,"column":7}},"loc":{"start":{"line":24,"column":36},"end":{"line":52,"column":5}}},"3":{"name":"(anonymous_4)","decl":{"start":{"line":30,"column":26},"end":{"line":30,"column":27}},"loc":{"start":{"line":31,"column":12},"end":{"line":34,"column":17}}},"4":{"name":"(anonymous_5)","decl":{"start":{"line":37,"column":30},"end":{"line":37,"column":31}},"loc":{"start":{"line":37,"column":53},"end":{"line":50,"column":9}}},"5":{"name":"(anonymous_6)","decl":{"start":{"line":40,"column":43},"end":{"line":40,"column":44}},"loc":{"start":{"line":40,"column":54},"end":{"line":40,"column":80}}},"6":{"name":"(anonymous_7)","decl":{"start":{"line":44,"column":22},"end":{"line":44,"column":23}},"loc":{"start":{"line":44,"column":46},"end":{"line":49,"column":17}}}},"branchMap":{"0":{"loc":{"start":{"line":26,"column":8},"end":{"line":29,"column":null}},"type":"if","locations":[{"start":{"line":26,"column":8},"end":{"line":29,"column":null}},{"start":{"line":26,"column":8},"end":{"line":29,"column":null}}]},"1":{"loc":{"start":{"line":38,"column":12},"end":{"line":42,"column":null}},"type":"if","locations":[{"start":{"line":38,"column":12},"end":{"line":42,"column":null}},{"start":{"line":38,"column":12},"end":{"line":42,"column":null}}]}},"s":{"0":1,"1":1,"2":1,"3":1,"4":0,"5":0,"6":0,"7":0,"8":0,"9":0,"10":0,"11":0,"12":0,"13":0,"14":0,"15":0,"16":0,"17":0,"18":0,"19":0,"20":0,"21":0,"22":0,"23":0,"24":0,"25":0,"26":0,"27":1},"f":{"0":0,"1":0,"2":0,"3":0,"4":0,"5":0,"6":0},"b":{"0":[0,0],"1":[0,0]}}
,"/home/circleci/repo/packages/sportident-testbench-shell/src/commands/getDirectOrRemoteStation.ts": {"path":"/home/circleci/repo/packages/sportident-testbench-shell/src/commands/getDirectOrRemoteStation.ts","statementMap":{"0":{"start":{"line":3,"column":0},"end":{"line":3,"column":73}},"1":{"start":{"line":5,"column":13},"end":{"line":18,"column":2}},"2":{"start":{"line":6,"column":56},"end":{"line":9,"column":6}},"3":{"start":{"line":10,"column":21},"end":{"line":10,"column":48}},"4":{"start":{"line":11,"column":18},"end":{"line":11,"column":27}},"5":{"start":{"line":12,"column":4},"end":{"line":16,"column":null}},"6":{"start":{"line":13,"column":8},"end":{"line":13,"column":56}},"7":{"start":{"line":14,"column":11},"end":{"line":16,"column":null}},"8":{"start":{"line":15,"column":8},"end":{"line":15,"column":53}},"9":{"start":{"line":17,"column":4},"end":{"line":17,"column":19}}},"fnMap":{"0":{"name":"(anonymous_0)","decl":{"start":{"line":5,"column":40},"end":{"line":5,"column":41}},"loc":{"start":{"line":5,"column":86},"end":{"line":18,"column":1}}}},"branchMap":{"0":{"loc":{"start":{"line":12,"column":4},"end":{"line":16,"column":null}},"type":"if","locations":[{"start":{"line":12,"column":4},"end":{"line":16,"column":null}},{"start":{"line":12,"column":4},"end":{"line":16,"column":null}}]},"1":{"loc":{"start":{"line":14,"column":11},"end":{"line":16,"column":null}},"type":"if","locations":[{"start":{"line":14,"column":11},"end":{"line":16,"column":null}},{"start":{"line":14,"column":11},"end":{"line":16,"column":null}}]}},"s":{"0":1,"1":1,"2":0,"3":0,"4":0,"5":0,"6":0,"7":0,"8":0,"9":0},"f":{"0":0},"b":{"0":[0,0],"1":[0,0]}}
,"/home/circleci/repo/packages/sportident-testbench-shell/src/commands/getInfo.ts": {"path":"/home/circleci/repo/packages/sportident-testbench-shell/src/commands/getInfo.ts","statementMap":{"0":{"start":{"line":1,"column":0},"end":{"line":1,"column":82}},"1":{"start":{"line":4,"column":0},"end":{"line":4,"column":42}},"2":{"start":{"line":5,"column":0},"end":{"line":5,"column":68}},"3":{"start":{"line":9,"column":8},"end":{"line":19,"column":10}},"4":{"start":{"line":23,"column":8},"end":{"line":23,"column":34}},"5":{"start":{"line":24,"column":8},"end":{"line":24,"column":51}},"6":{"start":{"line":25,"column":8},"end":{"line":25,"column":56}},"7":{"start":{"line":26,"column":8},"end":{"line":26,"column":56}},"8":{"start":{"line":30,"column":24},"end":{"line":30,"column":85}},"9":{"start":{"line":31,"column":8},"end":{"line":34,"column":null}},"10":{"start":{"line":32,"column":12},"end":{"line":32,"column":51}},"11":{"start":{"line":33,"column":12},"end":{"line":33,"column":37}},"12":{"start":{"line":35,"column":27},"end":{"line":37,"column":65}},"13":{"start":{"line":39,"column":8},"end":{"line":62,"column":15}},"14":{"start":{"line":41,"column":16},"end":{"line":41,"column":33}},"15":{"start":{"line":53,"column":16},"end":{"line":55,"column":19}},"16":{"start":{"line":54,"column":20},"end":{"line":54,"column":85}},"17":{"start":{"line":7,"column":0},"end":{"line":7,"column":13}}},"fnMap":{"0":{"name":"(anonymous_0)","decl":{"start":{"line":8,"column":4},"end":{"line":8,"column":15}},"loc":{"start":{"line":8,"column":15},"end":{"line":20,"column":5}}},"1":{"name":"(anonymous_1)","decl":{"start":{"line":22,"column":4},"end":{"line":22,"column":14}},"loc":{"start":{"line":22,"column":43},"end":{"line":27,"column":5}}},"2":{"name":"(anonymous_2)","decl":{"start":{"line":29,"column":4},"end":{"line":29,"column":7}},"loc":{"start":{"line":29,"column":36},"end":{"line":63,"column":5}}},"3":{"name":"(anonymous_3)","decl":{"start":{"line":40,"column":18},"end":{"line":40,"column":21}},"loc":{"start":{"line":40,"column":23},"end":{"line":62,"column":13}}},"4":{"name":"(anonymous_4)","decl":{"start":{"line":53,"column":34},"end":{"line":53,"column":35}},"loc":{"start":{"line":53,"column":47},"end":{"line":55,"column":17}}}},"branchMap":{"0":{"loc":{"start":{"line":31,"column":8},"end":{"line":34,"column":null}},"type":"if","locations":[{"start":{"line":31,"column":8},"end":{"line":34,"column":null}},{"start":{"line":31,"column":8},"end":{"line":34,"column":null}}]},"1":{"loc":{"start":{"line":36,"column":14},"end":{"line":36,"column":31}},"type":"cond-expr","locations":[{"start":{"line":36,"column":14},"end":{"line":36,"column":31}},{"start":{"line":37,"column":14},"end":{"line":37,"column":65}}]}},"s":{"0":1,"1":1,"2":1,"3":2,"4":1,"5":1,"6":1,"7":1,"8":0,"9":0,"10":0,"11":0,"12":0,"13":0,"14":0,"15":0,"16":0,"17":1},"f":{"0":2,"1":1,"2":0,"3":0,"4":0},"b":{"0":[0,0],"1":[0,0]}}
,"/home/circleci/repo/packages/sportident-testbench-shell/src/commands/index.ts": {"path":"/home/circleci/repo/packages/sportident-testbench-shell/src/commands/index.ts","statementMap":{"0":{"start":{"line":1,"column":0},"end":{"line":1,"column":41}},"1":{"start":{"line":2,"column":0},"end":{"line":2,"column":41}},"2":{"start":{"line":3,"column":0},"end":{"line":3,"column":45}},"3":{"start":{"line":4,"column":0},"end":{"line":4,"column":35}},"4":{"start":{"line":5,"column":0},"end":{"line":5,"column":35}},"5":{"start":{"line":6,"column":0},"end":{"line":6,"column":35}},"6":{"start":{"line":7,"column":0},"end":{"line":7,"column":43}},"7":{"start":{"line":9,"column":13},"end":{"line":17,"column":3}},"8":{"start":{"line":9,"column":41},"end":{"line":17,"column":2}}},"fnMap":{"0":{"name":"(anonymous_0)","decl":{"start":{"line":9,"column":34},"end":{"line":9,"column":37}},"loc":{"start":{"line":9,"column":41},"end":{"line":17,"column":2}}}},"branchMap":{},"s":{"0":1,"1":1,"2":1,"3":1,"4":1,"5":1,"6":1,"7":1,"8":1},"f":{"0":1},"b":{}}
,"/home/circleci/repo/packages/sportident-testbench-shell/src/commands/pipe.ts": {"path":"/home/circleci/repo/packages/sportident-testbench-shell/src/commands/pipe.ts","statementMap":{"0":{"start":{"line":1,"column":0},"end":{"line":1,"column":32}},"1":{"start":{"line":4,"column":0},"end":{"line":4,"column":42}},"2":{"start":{"line":5,"column":0},"end":{"line":5,"column":63}},"3":{"start":{"line":9,"column":8},"end":{"line":15,"column":10}},"4":{"start":{"line":19,"column":8},"end":{"line":19,"column":34}},"5":{"start":{"line":20,"column":8},"end":{"line":20,"column":56}},"6":{"start":{"line":24,"column":20},"end":{"line":24,"column":35}},"7":{"start":{"line":25,"column":23},"end":{"line":25,"column":41}},"8":{"start":{"line":26,"column":8},"end":{"line":64,"column":11}},"9":{"start":{"line":27,"column":40},"end":{"line":27,"column":70}},"10":{"start":{"line":29,"column":54},"end":{"line":29,"column":56}},"11":{"start":{"line":30,"column":54},"end":{"line":30,"column":56}},"12":{"start":{"line":32,"column":36},"end":{"line":41,"column":13}},"13":{"start":{"line":33,"column":34},"end":{"line":33,"column":45}},"14":{"start":{"line":34,"column":16},"end":{"line":34,"column":61}},"15":{"start":{"line":35,"column":46},"end":{"line":35,"column":93}},"16":{"start":{"line":36,"column":16},"end":{"line":38,"column":19}},"17":{"start":{"line":37,"column":20},"end":{"line":37,"column":81}},"18":{"start":{"line":39,"column":16},"end":{"line":39,"column":54}},"19":{"start":{"line":40,"column":16},"end":{"line":40,"column":52}},"20":{"start":{"line":42,"column":12},"end":{"line":42,"column":64}},"21":{"start":{"line":43,"column":41},"end":{"line":52,"column":13}},"22":{"start":{"line":44,"column":34},"end":{"line":44,"column":45}},"23":{"start":{"line":45,"column":16},"end":{"line":45,"column":61}},"24":{"start":{"line":46,"column":46},"end":{"line":46,"column":93}},"25":{"start":{"line":47,"column":16},"end":{"line":49,"column":19}},"26":{"start":{"line":48,"column":20},"end":{"line":48,"column":94}},"27":{"start":{"line":50,"column":16},"end":{"line":50,"column":54}},"28":{"start":{"line":51,"column":16},"end":{"line":51,"column":39}},"29":{"start":{"line":53,"column":12},"end":{"line":53,"column":82}},"30":{"start":{"line":55,"column":12},"end":{"line":63,"column":15}},"31":{"start":{"line":56,"column":16},"end":{"line":62,"column":null}},"32":{"start":{"line":57,"column":20},"end":{"line":57,"column":75}},"33":{"start":{"line":58,"column":20},"end":{"line":58,"column":93}},"34":{"start":{"line":59,"column":20},"end":{"line":59,"column":48}},"35":{"start":{"line":60,"column":20},"end":{"line":60,"column":60}},"36":{"start":{"line":61,"column":20},"end":{"line":61,"column":30}},"37":{"start":{"line":7,"column":0},"end":{"line":7,"column":13}}},"fnMap":{"0":{"name":"(anonymous_1)","decl":{"start":{"line":8,"column":4},"end":{"line":8,"column":15}},"loc":{"start":{"line":8,"column":15},"end":{"line":16,"column":5}}},"1":{"name":"(anonymous_2)","decl":{"start":{"line":18,"column":4},"end":{"line":18,"column":14}},"loc":{"start":{"line":18,"column":43},"end":{"line":21,"column":5}}},"2":{"name":"(anonymous_3)","decl":{"start":{"line":23,"column":4},"end":{"line":23,"column":7}},"loc":{"start":{"line":23,"column":36},"end":{"line":65,"column":5}}},"3":{"name":"(anonymous_4)","decl":{"start":{"line":26,"column":27},"end":{"line":26,"column":28}},"loc":{"start":{"line":26,"column":48},"end":{"line":64,"column":9}}},"4":{"name":"(anonymous_5)","decl":{"start":{"line":32,"column":36},"end":{"line":32,"column":37}},"loc":{"start":{"line":32,"column":47},"end":{"line":41,"column":13}}},"5":{"name":"(anonymous_6)","decl":{"start":{"line":36,"column":33},"end":{"line":36,"column":34}},"loc":{"start":{"line":36,"column":50},"end":{"line":38,"column":17}}},"6":{"name":"(anonymous_7)","decl":{"start":{"line":43,"column":41},"end":{"line":43,"column":42}},"loc":{"start":{"line":43,"column":52},"end":{"line":52,"column":13}}},"7":{"name":"(anonymous_8)","decl":{"start":{"line":47,"column":33},"end":{"line":47,"column":34}},"loc":{"start":{"line":47,"column":50},"end":{"line":49,"column":17}}},"8":{"name":"(anonymous_9)","decl":{"start":{"line":55,"column":36},"end":{"line":55,"column":37}},"loc":{"start":{"line":55,"column":53},"end":{"line":63,"column":13}}}},"branchMap":{"0":{"loc":{"start":{"line":56,"column":16},"end":{"line":62,"column":null}},"type":"if","locations":[{"start":{"line":56,"column":16},"end":{"line":62,"column":null}},{"start":{"line":56,"column":16},"end":{"line":62,"column":null}}]},"1":{"loc":{"start":{"line":56,"column":20},"end":{"line":56,"column":31}},"type":"binary-expr","locations":[{"start":{"line":56,"column":20},"end":{"line":56,"column":31}},{"start":{"line":56,"column":35},"end":{"line":56,"column":45}}]}},"s":{"0":1,"1":1,"2":1,"3":0,"4":0,"5":0,"6":0,"7":0,"8":0,"9":0,"10":0,"11":0,"12":0,"13":0,"14":0,"15":0,"16":0,"17":0,"18":0,"19":0,"20":0,"21":0,"22":0,"23":0,"24":0,"25":0,"26":0,"27":0,"28":0,"29":0,"30":0,"31":0,"32":0,"33":0,"34":0,"35":0,"36":0,"37":1},"f":{"0":0,"1":0,"2":0,"3":0,"4":0,"5":0,"6":0,"7":0,"8":0},"b":{"0":[0,0],"1":[0,0]}}
,"/home/circleci/repo/packages/sportident-testbench-shell/src/commands/send.ts": {"path":"/home/circleci/repo/packages/sportident-testbench-shell/src/commands/send.ts","statementMap":{"0":{"start":{"line":1,"column":0},"end":{"line":1,"column":46}},"1":{"start":{"line":4,"column":0},"end":{"line":4,"column":42}},"2":{"start":{"line":5,"column":0},"end":{"line":5,"column":68}},"3":{"start":{"line":9,"column":8},"end":{"line":26,"column":10}},"4":{"start":{"line":30,"column":8},"end":{"line":30,"column":34}},"5":{"start":{"line":31,"column":8},"end":{"line":31,"column":56}},"6":{"start":{"line":32,"column":8},"end":{"line":32,"column":56}},"7":{"start":{"line":36,"column":24},"end":{"line":36,"column":85}},"8":{"start":{"line":37,"column":8},"end":{"line":40,"column":null}},"9":{"start":{"line":38,"column":12},"end":{"line":38,"column":51}},"10":{"start":{"line":39,"column":12},"end":{"line":39,"column":37}},"11":{"start":{"line":41,"column":27},"end":{"line":41,"column":61}},"12":{"start":{"line":42,"column":8},"end":{"line":45,"column":null}},"13":{"start":{"line":43,"column":12},"end":{"line":43,"column":79}},"14":{"start":{"line":44,"column":12},"end":{"line":44,"column":37}},"15":{"start":{"line":46,"column":24},"end":{"line":46,"column":48}},"16":{"start":{"line":47,"column":30},"end":{"line":47,"column":64}},"17":{"start":{"line":48,"column":8},"end":{"line":51,"column":null}},"18":{"start":{"line":49,"column":12},"end":{"line":49,"column":82}},"19":{"start":{"line":50,"column":12},"end":{"line":50,"column":37}},"20":{"start":{"line":52,"column":27},"end":{"line":52,"column":29}},"21":{"start":{"line":53,"column":8},"end":{"line":55,"column":null}},"22":{"start":{"line":53,"column":21},"end":{"line":53,"column":22}},"23":{"start":{"line":54,"column":12},"end":{"line":54,"column":73}},"24":{"start":{"line":56,"column":24},"end":{"line":56,"column":83}},"25":{"start":{"line":57,"column":8},"end":{"line":69,"column":15}},"26":{"start":{"line":62,"column":16},"end":{"line":68,"column":19}},"27":{"start":{"line":63,"column":20},"end":{"line":63,"column":61}},"28":{"start":{"line":64,"column":34},"end":{"line":64,"column":75}},"29":{"start":{"line":65,"column":20},"end":{"line":67,"column":23}},"30":{"start":{"line":66,"column":24},"end":{"line":66,"column":56}},"31":{"start":{"line":7,"column":0},"end":{"line":7,"column":13}}},"fnMap":{"0":{"name":"(anonymous_1)","decl":{"start":{"line":8,"column":4},"end":{"line":8,"column":15}},"loc":{"start":{"line":8,"column":15},"end":{"line":27,"column":5}}},"1":{"name":"(anonymous_2)","decl":{"start":{"line":29,"column":4},"end":{"line":29,"column":14}},"loc":{"start":{"line":29,"column":43},"end":{"line":33,"column":5}}},"2":{"name":"(anonymous_3)","decl":{"start":{"line":35,"column":4},"end":{"line":35,"column":7}},"loc":{"start":{"line":35,"column":36},"end":{"line":70,"column":5}}},"3":{"name":"(anonymous_4)","decl":{"start":{"line":61,"column":18},"end":{"line":61,"column":19}},"loc":{"start":{"line":61,"column":47},"end":{"line":69,"column":13}}},"4":{"name":"(anonymous_5)","decl":{"start":{"line":62,"column":37},"end":{"line":62,"column":38}},"loc":{"start":{"line":62,"column":75},"end":{"line":68,"column":17}}},"5":{"name":"(anonymous_6)","decl":{"start":{"line":65,"column":34},"end":{"line":65,"column":35}},"loc":{"start":{"line":65,"column":51},"end":{"line":67,"column":21}}}},"branchMap":{"0":{"loc":{"start":{"line":37,"column":8},"end":{"line":40,"column":null}},"type":"if","locations":[{"start":{"line":37,"column":8},"end":{"line":40,"column":null}},{"start":{"line":37,"column":8},"end":{"line":40,"column":null}}]},"1":{"loc":{"start":{"line":42,"column":8},"end":{"line":45,"column":null}},"type":"if","locations":[{"start":{"line":42,"column":8},"end":{"line":45,"column":null}},{"start":{"line":42,"column":8},"end":{"line":45,"column":null}}]},"2":{"loc":{"start":{"line":48,"column":8},"end":{"line":51,"column":null}},"type":"if","locations":[{"start":{"line":48,"column":8},"end":{"line":51,"column":null}},{"start":{"line":48,"column":8},"end":{"line":51,"column":null}}]},"3":{"loc":{"start":{"line":56,"column":50},"end":{"line":56,"column":79}},"type":"cond-expr","locations":[{"start":{"line":56,"column":50},"end":{"line":56,"column":79}},{"start":{"line":56,"column":82},"end":{"line":56,"column":83}}]}},"s":{"0":1,"1":1,"2":1,"3":0,"4":0,"5":0,"6":0,"7":0,"8":0,"9":0,"10":0,"11":0,"12":0,"13":0,"14":0,"15":0,"16":0,"17":0,"18":0,"19":0,"20":0,"21":0,"22":0,"23":0,"24":0,"25":0,"26":0,"27":0,"28":0,"29":0,"30":0,"31":1},"f":{"0":0,"1":0,"2":0,"3":0,"4":0,"5":0},"b":{"0":[0,0],"1":[0,0],"2":[0,0],"3":[0,0]}}
,"/home/circleci/repo/packages/sportident-testbench-shell/src/commands/setInfo.ts": {"path":"/home/circleci/repo/packages/sportident-testbench-shell/src/commands/setInfo.ts","statementMap":{"0":{"start":{"line":2,"column":0},"end":{"line":2,"column":82}},"1":{"start":{"line":3,"column":0},"end":{"line":3,"column":65}},"2":{"start":{"line":6,"column":0},"end":{"line":6,"column":42}},"3":{"start":{"line":7,"column":0},"end":{"line":7,"column":68}},"4":{"start":{"line":11,"column":8},"end":{"line":24,"column":10}},"5":{"start":{"line":28,"column":8},"end":{"line":28,"column":34}},"6":{"start":{"line":29,"column":8},"end":{"line":29,"column":59}},"7":{"start":{"line":30,"column":8},"end":{"line":30,"column":64}},"8":{"start":{"line":31,"column":8},"end":{"line":31,"column":58}},"9":{"start":{"line":35,"column":24},"end":{"line":35,"column":85}},"10":{"start":{"line":36,"column":8},"end":{"line":39,"column":null}},"11":{"start":{"line":37,"column":12},"end":{"line":37,"column":51}},"12":{"start":{"line":38,"column":12},"end":{"line":38,"column":37}},"13":{"start":{"line":40,"column":25},"end":{"line":40,"column":40}},"14":{"start":{"line":41,"column":25},"end":{"line":41,"column":40}},"15":{"start":{"line":42,"column":22},"end":{"line":42,"column":48}},"16":{"start":{"line":43,"column":27},"end":{"line":43,"column":67}},"17":{"start":{"line":44,"column":8},"end":{"line":51,"column":15}},"18":{"start":{"line":45,"column":12},"end":{"line":45,"column":50}},"19":{"start":{"line":47,"column":24},"end":{"line":47,"column":42}},"20":{"start":{"line":49,"column":34},"end":{"line":49,"column":59}},"21":{"start":{"line":50,"column":16},"end":{"line":50,"column":65}},"22":{"start":{"line":9,"column":0},"end":{"line":9,"column":13}}},"fnMap":{"0":{"name":"(anonymous_0)","decl":{"start":{"line":10,"column":4},"end":{"line":10,"column":15}},"loc":{"start":{"line":10,"column":15},"end":{"line":25,"column":5}}},"1":{"name":"(anonymous_1)","decl":{"start":{"line":27,"column":4},"end":{"line":27,"column":14}},"loc":{"start":{"line":27,"column":43},"end":{"line":32,"column":5}}},"2":{"name":"(anonymous_2)","decl":{"start":{"line":34,"column":4},"end":{"line":34,"column":7}},"loc":{"start":{"line":34,"column":36},"end":{"line":52,"column":5}}},"3":{"name":"(anonymous_3)","decl":{"start":{"line":44,"column":34},"end":{"line":44,"column":37}},"loc":{"start":{"line":44,"column":39},"end":{"line":46,"column":9}}},"4":{"name":"(anonymous_4)","decl":{"start":{"line":47,"column":18},"end":{"line":47,"column":21}},"loc":{"start":{"line":47,"column":24},"end":{"line":47,"column":42}}},"5":{"name":"(anonymous_5)","decl":{"start":{"line":48,"column":18},"end":{"line":48,"column":21}},"loc":{"start":{"line":48,"column":23},"end":{"line":51,"column":13}}}},"branchMap":{"0":{"loc":{"start":{"line":36,"column":8},"end":{"line":39,"column":null}},"type":"if","locations":[{"start":{"line":36,"column":8},"end":{"line":39,"column":null}},{"start":{"line":36,"column":8},"end":{"line":39,"column":null}}]}},"s":{"0":1,"1":1,"2":1,"3":1,"4":0,"5":0,"6":0,"7":0,"8":0,"9":0,"10":0,"11":0,"12":0,"13":0,"14":0,"15":0,"16":0,"17":0,"18":0,"19":0,"20":0,"21":0,"22":1},"f":{"0":0,"1":0,"2":0,"3":0,"4":0,"5":0},"b":{"0":[0,0]}}
,"/home/circleci/repo/packages/sportident-testbench-shell/src/commands/simulate.ts": {"path":"/home/circleci/repo/packages/sportident-testbench-shell/src/commands/simulate.ts","statementMap":{"0":{"start":{"line":1,"column":0},"end":{"line":1,"column":32}},"1":{"start":{"line":6,"column":0},"end":{"line":6,"column":42}},"2":{"start":{"line":7,"column":0},"end":{"line":7,"column":63}},"3":{"start":{"line":9,"column":21},"end":{"line":9,"column":97}},"4":{"start":{"line":9,"column":57},"end":{"line":9,"column":97}},"5":{"start":{"line":13,"column":26},"end":{"line":13,"column":51}},"6":{"start":{"line":14,"column":8},"end":{"line":24,"column":10}},"7":{"start":{"line":28,"column":8},"end":{"line":28,"column":34}},"8":{"start":{"line":29,"column":8},"end":{"line":29,"column":72}},"9":{"start":{"line":33,"column":21},"end":{"line":33,"column":36}},"10":{"start":{"line":35,"column":26},"end":{"line":35,"column":51}},"11":{"start":{"line":36,"column":25},"end":{"line":36,"column":40}},"12":{"start":{"line":37,"column":8},"end":{"line":42,"column":null}},"13":{"start":{"line":38,"column":39},"end":{"line":38,"column":72}},"14":{"start":{"line":39,"column":12},"end":{"line":39,"column":71}},"15":{"start":{"line":40,"column":12},"end":{"line":40,"column":73}},"16":{"start":{"line":41,"column":12},"end":{"line":41,"column":37}},"17":{"start":{"line":44,"column":20},"end":{"line":44,"column":35}},"18":{"start":{"line":45,"column":8},"end":{"line":125,"column":11}},"19":{"start":{"line":46,"column":40},"end":{"line":46,"column":70}},"20":{"start":{"line":47,"column":43},"end":{"line":47,"column":94}},"21":{"start":{"line":49,"column":57},"end":{"line":49,"column":59}},"22":{"start":{"line":51,"column":39},"end":{"line":56,"column":13}},"23":{"start":{"line":52,"column":32},"end":{"line":52,"column":41}},"24":{"start":{"line":53,"column":16},"end":{"line":53,"column":64}},"25":{"start":{"line":54,"column":34},"end":{"line":54,"column":61}},"26":{"start":{"line":55,"column":16},"end":{"line":55,"column":52}},"27":{"start":{"line":57,"column":12},"end":{"line":57,"column":83}},"28":{"start":{"line":58,"column":41},"end":{"line":67,"column":13}},"29":{"start":{"line":59,"column":34},"end":{"line":59,"column":45}},"30":{"start":{"line":60,"column":16},"end":{"line":60,"column":64}},"31":{"start":{"line":61,"column":46},"end":{"line":61,"column":96}},"32":{"start":{"line":62,"column":16},"end":{"line":65,"column":19}},"33":{"start":{"line":63,"column":20},"end":{"line":63,"column":94}},"34":{"start":{"line":64,"column":20},"end":{"line":64,"column":64}},"35":{"start":{"line":66,"column":16},"end":{"line":66,"column":57}},"36":{"start":{"line":68,"column":12},"end":{"line":68,"column":82}},"37":{"start":{"line":71,"column":33},"end":{"line":108,"column":13}},"38":{"start":{"line":72,"column":33},"end":{"line":72,"column":70}},"39":{"start":{"line":73,"column":34},"end":{"line":73,"column":50}},"40":{"start":{"line":74,"column":16},"end":{"line":107,"column":null}},"41":{"start":{"line":75,"column":42},"end":{"line":75,"column":53}},"42":{"start":{"line":77,"column":42},"end":{"line":77,"column":73}},"43":{"start":{"line":78,"column":20},"end":{"line":87,"column":null}},"44":{"start":{"line":79,"column":56},"end":{"line":83,"column":39}},"45":{"start":{"line":80,"column":45},"end":{"line":80,"column":67}},"46":{"start":{"line":82,"column":45},"end":{"line":82,"column":90}},"47":{"start":{"line":84,"column":24},"end":{"line":84,"column":89}},"48":{"start":{"line":85,"column":24},"end":{"line":85,"column":101}},"49":{"start":{"line":86,"column":24},"end":{"line":86,"column":31}},"50":{"start":{"line":88,"column":46},"end":{"line":88,"column":57}},"51":{"start":{"line":89,"column":51},"end":{"line":89,"column":81}},"52":{"start":{"line":91,"column":42},"end":{"line":91,"column":83}},"53":{"start":{"line":92,"column":20},"end":{"line":96,"column":null}},"54":{"start":{"line":93,"column":60},"end":{"line":93,"column":95}},"55":{"start":{"line":94,"column":24},"end":{"line":94,"column":98}},"56":{"start":{"line":95,"column":24},"end":{"line":95,"column":104}},"57":{"start":{"line":97,"column":38},"end":{"line":97,"column":82}},"58":{"start":{"line":98,"column":20},"end":{"line":98,"column":55}},"59":{"start":{"line":99,"column":20},"end":{"line":99,"column":65}},"60":{"start":{"line":100,"column":23},"end":{"line":107,"column":null}},"61":{"start":{"line":101,"column":20},"end":{"line":101,"column":47}},"62":{"start":{"line":103,"column":20},"end":{"line":103,"column":62}},"63":{"start":{"line":104,"column":20},"end":{"line":104,"column":70}},"64":{"start":{"line":105,"column":20},"end":{"line":105,"column":47}},"65":{"start":{"line":106,"column":20},"end":{"line":106,"column":77}},"66":{"start":{"line":110,"column":29},"end":{"line":123,"column":13}},"67":{"start":{"line":111,"column":16},"end":{"line":122,"column":19}},"68":{"start":{"line":112,"column":20},"end":{"line":121,"column":null}},"69":{"start":{"line":113,"column":24},"end":{"line":113,"column":52}},"70":{"start":{"line":114,"column":24},"end":{"line":114,"column":98}},"71":{"start":{"line":115,"column":24},"end":{"line":115,"column":97}},"72":{"start":{"line":116,"column":24},"end":{"line":116,"column":68}},"73":{"start":{"line":117,"column":24},"end":{"line":117,"column":34}},"74":{"start":{"line":119,"column":24},"end":{"line":119,"column":43}},"75":{"start":{"line":120,"column":24},"end":{"line":120,"column":35}},"76":{"start":{"line":124,"column":12},"end":{"line":124,"column":23}},"77":{"start":{"line":11,"column":0},"end":{"line":11,"column":13}}},"fnMap":{"0":{"name":"(anonymous_1)","decl":{"start":{"line":9,"column":21},"end":{"line":9,"column":22}},"loc":{"start":{"line":9,"column":57},"end":{"line":9,"column":97}}},"1":{"name":"(anonymous_2)","decl":{"start":{"line":12,"column":4},"end":{"line":12,"column":15}},"loc":{"start":{"line":12,"column":15},"end":{"line":25,"column":5}}},"2":{"name":"(anonymous_3)","decl":{"start":{"line":27,"column":4},"end":{"line":27,"column":14}},"loc":{"start":{"line":27,"column":43},"end":{"line":30,"column":5}}},"3":{"name":"(anonymous_4)","decl":{"start":{"line":32,"column":4},"end":{"line":32,"column":7}},"loc":{"start":{"line":32,"column":36},"end":{"line":126,"column":5}}},"4":{"name":"(anonymous_5)","decl":{"start":{"line":45,"column":27},"end":{"line":45,"column":28}},"loc":{"start":{"line":45,"column":48},"end":{"line":125,"column":9}}},"5":{"name":"(anonymous_6)","decl":{"start":{"line":51,"column":39},"end":{"line":51,"column":40}},"loc":{"start":{"line":51,"column":50},"end":{"line":56,"column":13}}},"6":{"name":"(anonymous_7)","decl":{"start":{"line":58,"column":41},"end":{"line":58,"column":42}},"loc":{"start":{"line":58,"column":52},"end":{"line":67,"column":13}}},"7":{"name":"(anonymous_8)","decl":{"start":{"line":62,"column":33},"end":{"line":62,"column":34}},"loc":{"start":{"line":62,"column":67},"end":{"line":65,"column":17}}},"8":{"name":"(anonymous_9)","decl":{"start":{"line":71,"column":33},"end":{"line":71,"column":34}},"loc":{"start":{"line":71,"column":50},"end":{"line":108,"column":13}}},"9":{"name":"(anonymous_10)","decl":{"start":{"line":80,"column":36},"end":{"line":80,"column":37}},"loc":{"start":{"line":80,"column":45},"end":{"line":80,"column":67}}},"10":{"name":"(anonymous_11)","decl":{"start":{"line":82,"column":36},"end":{"line":82,"column":37}},"loc":{"start":{"line":82,"column":45},"end":{"line":82,"column":90}}},"11":{"name":"(anonymous_12)","decl":{"start":{"line":110,"column":29},"end":{"line":110,"column":32}},"loc":{"start":{"line":110,"column":34},"end":{"line":123,"column":13}}},"12":{"name":"(anonymous_13)","decl":{"start":{"line":111,"column":39},"end":{"line":111,"column":40}},"loc":{"start":{"line":111,"column":56},"end":{"line":122,"column":17}}}},"branchMap":{"0":{"loc":{"start":{"line":37,"column":8},"end":{"line":42,"column":null}},"type":"if","locations":[{"start":{"line":37,"column":8},"end":{"line":42,"column":null}},{"start":{"line":37,"column":8},"end":{"line":42,"column":null}}]},"1":{"loc":{"start":{"line":74,"column":16},"end":{"line":107,"column":null}},"type":"if","locations":[{"start":{"line":74,"column":16},"end":{"line":107,"column":null}},{"start":{"line":74,"column":16},"end":{"line":107,"column":null}}]},"2":{"loc":{"start":{"line":78,"column":20},"end":{"line":87,"column":null}},"type":"if","locations":[{"start":{"line":78,"column":20},"end":{"line":87,"column":null}},{"start":{"line":78,"column":20},"end":{"line":87,"column":null}}]},"3":{"loc":{"start":{"line":78,"column":24},"end":{"line":78,"column":38}},"type":"binary-expr","locations":[{"start":{"line":78,"column":24},"end":{"line":78,"column":38}},{"start":{"line":78,"column":42},"end":{"line":78,"column":94}}]},"4":{"loc":{"start":{"line":92,"column":20},"end":{"line":96,"column":null}},"type":"if","locations":[{"start":{"line":92,"column":20},"end":{"line":96,"column":null}},{"start":{"line":92,"column":20},"end":{"line":96,"column":null}}]},"5":{"loc":{"start":{"line":100,"column":23},"end":{"line":107,"column":null}},"type":"if","locations":[{"start":{"line":100,"column":23},"end":{"line":107,"column":null}},{"start":{"line":100,"column":23},"end":{"line":107,"column":null}}]},"6":{"loc":{"start":{"line":112,"column":20},"end":{"line":121,"column":null}},"type":"if","locations":[{"start":{"line":112,"column":20},"end":{"line":121,"column":null}},{"start":{"line":112,"column":20},"end":{"line":121,"column":null}}]}},"s":{"0":1,"1":1,"2":1,"3":1,"4":0,"5":0,"6":0,"7":0,"8":0,"9":0,"10":0,"11":0,"12":0,"13":0,"14":0,"15":0,"16":0,"17":0,"18":0,"19":0,"20":0,"21":0,"22":0,"23":0,"24":0,"25":0,"26":0,"27":0,"28":0,"29":0,"30":0,"31":0,"32":0,"33":0,"34":0,"35":0,"36":0,"37":0,"38":0,"39":0,"40":0,"41":0,"42":0,"43":0,"44":0,"45":0,"46":0,"47":0,"48":0,"49":0,"50":0,"51":0,"52":0,"53":0,"54":0,"55":0,"56":0,"57":0,"58":0,"59":0,"60":0,"61":0,"62":0,"63":0,"64":0,"65":0,"66":0,"67":0,"68":0,"69":0,"70":0,"71":0,"72":0,"73":0,"74":0,"75":0,"76":0,"77":1},"f":{"0":0,"1":0,"2":0,"3":0,"4":0,"5":0,"6":0,"7":0,"8":0,"9":0,"10":0,"11":0,"12":0},"b":{"0":[0,0],"1":[0,0],"2":[0,0],"3":[0,0],"4":[0,0],"5":[0,0],"6":[0,0]}}
,"/home/circleci/repo/packages/sportident-testbench-shell/src/commands/test.ts": {"path":"/home/circleci/repo/packages/sportident-testbench-shell/src/commands/test.ts","statementMap":{"0":{"start":{"line":1,"column":0},"end":{"line":1,"column":32}},"1":{"start":{"line":2,"column":0},"end":{"line":2,"column":66}},"2":{"start":{"line":5,"column":0},"end":{"line":5,"column":42}},"3":{"start":{"line":7,"column":81},"end":{"line":199,"column":2}},"4":{"start":{"line":9,"column":28},"end":{"line":9,"column":77}},"5":{"start":{"line":11,"column":46},"end":{"line":11,"column":48}},"6":{"start":{"line":13,"column":35},"end":{"line":15,"column":9}},"7":{"start":{"line":14,"column":12},"end":{"line":14,"column":50}},"8":{"start":{"line":16,"column":52},"end":{"line":16,"column":61}},"9":{"start":{"line":17,"column":8},"end":{"line":24,"column":11}},"10":{"start":{"line":18,"column":12},"end":{"line":23,"column":null}},"11":{"start":{"line":19,"column":16},"end":{"line":19,"column":37}},"12":{"start":{"line":20,"column":16},"end":{"line":22,"column":null}},"13":{"start":{"line":21,"column":20},"end":{"line":21,"column":36}},"14":{"start":{"line":26,"column":24},"end":{"line":26,"column":26}},"15":{"start":{"line":27,"column":32},"end":{"line":61,"column":14}},"16":{"start":{"line":31,"column":13},"end":{"line":61,"column":14}},"17":{"start":{"line":31,"column":19},"end":{"line":61,"column":14}},"18":{"start":{"line":32,"column":12},"end":{"line":32,"column":46}},"19":{"start":{"line":33,"column":12},"end":{"line":33,"column":46}},"20":{"start":{"line":34,"column":12},"end":{"line":34,"column":50}},"21":{"start":{"line":37,"column":16},"end":{"line":37,"column":71}},"22":{"start":{"line":38,"column":16},"end":{"line":60,"column":19}},"23":{"start":{"line":39,"column":20},"end":{"line":39,"column":43}},"24":{"start":{"line":40,"column":20},"end":{"line":40,"column":41}},"25":{"start":{"line":41,"column":20},"end":{"line":59,"column":23}},"26":{"start":{"line":42,"column":37},"end":{"line":42,"column":53}},"27":{"start":{"line":43,"column":24},"end":{"line":45,"column":null}},"28":{"start":{"line":44,"column":28},"end":{"line":44,"column":60}},"29":{"start":{"line":46,"column":24},"end":{"line":49,"column":null}},"30":{"start":{"line":47,"column":28},"end":{"line":47,"column":125}},"31":{"start":{"line":48,"column":28},"end":{"line":48,"column":35}},"32":{"start":{"line":50,"column":24},"end":{"line":50,"column":45}},"33":{"start":{"line":51,"column":24},"end":{"line":51,"column":116}},"34":{"start":{"line":52,"column":24},"end":{"line":56,"column":null}},"35":{"start":{"line":53,"column":28},"end":{"line":53,"column":43}},"36":{"start":{"line":55,"column":28},"end":{"line":55,"column":87}},"37":{"start":{"line":57,"column":24},"end":{"line":57,"column":50}},"38":{"start":{"line":58,"column":24},"end":{"line":58,"column":47}},"39":{"start":{"line":62,"column":28},"end":{"line":106,"column":14}},"40":{"start":{"line":62,"column":34},"end":{"line":106,"column":14}},"41":{"start":{"line":62,"column":40},"end":{"line":106,"column":14}},"42":{"start":{"line":63,"column":12},"end":{"line":63,"column":51}},"43":{"start":{"line":64,"column":12},"end":{"line":64,"column":63}},"44":{"start":{"line":65,"column":12},"end":{"line":65,"column":44}},"45":{"start":{"line":68,"column":16},"end":{"line":68,"column":62}},"46":{"start":{"line":69,"column":16},"end":{"line":105,"column":19}},"47":{"start":{"line":70,"column":20},"end":{"line":70,"column":43}},"48":{"start":{"line":71,"column":20},"end":{"line":71,"column":41}},"49":{"start":{"line":72,"column":46},"end":{"line":79,"column":21}},"50":{"start":{"line":73,"column":44},"end":{"line":73,"column":62}},"51":{"start":{"line":74,"column":24},"end":{"line":78,"column":null}},"52":{"start":{"line":75,"column":28},"end":{"line":75,"column":49}},"53":{"start":{"line":76,"column":28},"end":{"line":76,"column":54}},"54":{"start":{"line":77,"column":28},"end":{"line":77,"column":51}},"55":{"start":{"line":80,"column":43},"end":{"line":90,"column":21}},"56":{"start":{"line":81,"column":24},"end":{"line":81,"column":97}},"57":{"start":{"line":82,"column":24},"end":{"line":82,"column":59}},"58":{"start":{"line":83,"column":24},"end":{"line":83,"column":60}},"59":{"start":{"line":84,"column":24},"end":{"line":86,"column":27}},"60":{"start":{"line":85,"column":28},"end":{"line":85,"column":59}},"61":{"start":{"line":87,"column":24},"end":{"line":87,"column":39}},"62":{"start":{"line":88,"column":24},"end":{"line":88,"column":62}},"63":{"start":{"line":89,"column":24},"end":{"line":89,"column":89}},"64":{"start":{"line":91,"column":47},"end":{"line":103,"column":21}},"65":{"start":{"line":92,"column":37},"end":{"line":92,"column":53}},"66":{"start":{"line":93,"column":24},"end":{"line":95,"column":null}},"67":{"start":{"line":94,"column":28},"end":{"line":94,"column":60}},"68":{"start":{"line":96,"column":24},"end":{"line":99,"column":null}},"69":{"start":{"line":97,"column":28},"end":{"line":97,"column":125}},"70":{"start":{"line":98,"column":28},"end":{"line":98,"column":35}},"71":{"start":{"line":100,"column":24},"end":{"line":100,"column":102}},"72":{"start":{"line":101,"column":24},"end":{"line":102,"column":50}},"73":{"start":{"line":104,"column":20},"end":{"line":104,"column":87}},"74":{"start":{"line":107,"column":8},"end":{"line":197,"column":36}},"75":{"start":{"line":194,"column":16},"end":{"line":194,"column":49}},"76":{"start":{"line":195,"column":16},"end":{"line":195,"column":48}},"77":{"start":{"line":197,"column":25},"end":{"line":197,"column":34}},"78":{"start":{"line":203,"column":8},"end":{"line":208,"column":10}},"79":{"start":{"line":212,"column":8},"end":{"line":212,"column":34}},"80":{"start":{"line":216,"column":21},"end":{"line":216,"column":36}},"81":{"start":{"line":217,"column":8},"end":{"line":217,"column":36}},"82":{"start":{"line":201,"column":0},"end":{"line":201,"column":13}}},"fnMap":{"0":{"name":"(anonymous_1)","decl":{"start":{"line":8,"column":12},"end":{"line":8,"column":13}},"loc":{"start":{"line":8,"column":45},"end":{"line":198,"column":5}}},"1":{"name":"(anonymous_2)","decl":{"start":{"line":13,"column":35},"end":{"line":13,"column":38}},"loc":{"start":{"line":13,"column":40},"end":{"line":15,"column":9}}},"2":{"name":"(anonymous_3)","decl":{"start":{"line":17,"column":32},"end":{"line":17,"column":33}},"loc":{"start":{"line":17,"column":49},"end":{"line":24,"column":9}}},"3":{"name":"(anonymous_4)","decl":{"start":{"line":27,"column":32},"end":{"line":27,"column":null}},"loc":{"start":{"line":31,"column":13},"end":{"line":61,"column":14}}},"4":{"name":"(anonymous_5)","decl":{"start":{"line":31,"column":13},"end":{"line":31,"column":16}},"loc":{"start":{"line":31,"column":19},"end":{"line":61,"column":14}}},"5":{"name":"(anonymous_6)","decl":{"start":{"line":31,"column":42},"end":{"line":31,"column":45}},"loc":{"start":{"line":31,"column":47},"end":{"line":35,"column":9}}},"6":{"name":"(anonymous_7)","decl":{"start":{"line":36,"column":18},"end":{"line":36,"column":21}},"loc":{"start":{"line":36,"column":23},"end":{"line":61,"column":13}}},"7":{"name":"(anonymous_8)","decl":{"start":{"line":38,"column":35},"end":{"line":38,"column":36}},"loc":{"start":{"line":38,"column":55},"end":{"line":60,"column":17}}},"8":{"name":"(anonymous_9)","decl":{"start":{"line":41,"column":67},"end":{"line":41,"column":68}},"loc":{"start":{"line":41,"column":86},"end":{"line":59,"column":21}}},"9":{"name":"(anonymous_10)","decl":{"start":{"line":62,"column":28},"end":{"line":62,"column":31}},"loc":{"start":{"line":62,"column":34},"end":{"line":106,"column":14}}},"10":{"name":"(anonymous_11)","decl":{"start":{"line":62,"column":34},"end":{"line":62,"column":37}},"loc":{"start":{"line":62,"column":40},"end":{"line":106,"column":14}}},"11":{"name":"(anonymous_12)","decl":{"start":{"line":62,"column":63},"end":{"line":62,"column":66}},"loc":{"start":{"line":62,"column":68},"end":{"line":66,"column":9}}},"12":{"name":"(anonymous_13)","decl":{"start":{"line":67,"column":18},"end":{"line":67,"column":21}},"loc":{"start":{"line":67,"column":23},"end":{"line":106,"column":13}}},"13":{"name":"(anonymous_14)","decl":{"start":{"line":69,"column":35},"end":{"line":69,"column":36}},"loc":{"start":{"line":69,"column":55},"end":{"line":105,"column":17}}},"14":{"name":"(anonymous_15)","decl"
[...]
:23},"end":{"line":30,"column":24}},"loc":{"start":{"line":30,"column":49},"end":{"line":38,"column":1}}},"8":{"name":"(anonymous_8)","decl":{"start":{"line":40,"column":25},"end":{"line":40,"column":26}},"loc":{"start":{"line":40,"column":80},"end":{"line":62,"column":1}}},"9":{"name":"(anonymous_9)","decl":{"start":{"line":49,"column":13},"end":{"line":49,"column":14}},"loc":{"start":{"line":49,"column":24},"end":{"line":49,"column":76}}},"10":{"name":"(anonymous_10)","decl":{"start":{"line":50,"column":13},"end":{"line":50,"column":14}},"loc":{"start":{"line":50,"column":28},"end":{"line":50,"column":61}}},"11":{"name":"(anonymous_11)","decl":{"start":{"line":64,"column":27},"end":{"line":64,"column":28}},"loc":{"start":{"line":64,"column":70},"end":{"line":79,"column":1}}}},"branchMap":{"0":{"loc":{"start":{"line":2,"column":4},"end":{"line":2,"column":25}},"type":"binary-expr","locations":[{"start":{"line":2,"column":4},"end":{"line":2,"column":25}},{"start":{"line":3,"column":4},"end":{"line":3,"column":29}},{"start":{"line":4,"column":4},"end":{"line":4,"column":16}},{"start":{"line":5,"column":4},"end":{"line":5,"column":16}}]},"1":{"loc":{"start":{"line":9,"column":4},"end":{"line":9,"column":22}},"type":"binary-expr","locations":[{"start":{"line":9,"column":4},"end":{"line":9,"column":22}},{"start":{"line":10,"column":4},"end":{"line":10,"column":32}}]},"2":{"loc":{"start":{"line":14,"column":4},"end":{"line":16,"column":null}},"type":"if","locations":[{"start":{"line":14,"column":4},"end":{"line":16,"column":null}},{"start":{"line":14,"column":4},"end":{"line":16,"column":null}}]},"3":{"loc":{"start":{"line":25,"column":4},"end":{"line":27,"column":null}},"type":"if","locations":[{"start":{"line":25,"column":4},"end":{"line":27,"column":null}},{"start":{"line":25,"column":4},"end":{"line":27,"column":null}}]},"4":{"loc":{"start":{"line":40,"column":75},"end":{"line":40,"column":76}},"type":"default-arg","locations":[{"start":{"line":40,"column":75},"end":{"line":40,"column":76}}]},"5":{"loc":{"start":{"line":42,"column":4},"end":{"line":47,"column":null}},"type":"if","locations":[{"start":{"line":42,"column":4},"end":{"line":47,"column":null}},{"start":{"line":42,"column":4},"end":{"line":47,"column":null}}]},"6":{"loc":{"start":{"line":49,"column":45},"end":{"line":49,"column":69}},"type":"cond-expr","locations":[{"start":{"line":49,"column":45},"end":{"line":49,"column":69}},{"start":{"line":49,"column":72},"end":{"line":49,"column":76}}]},"7":{"loc":{"start":{"line":51,"column":4},"end":{"line":53,"column":null}},"type":"if","locations":[{"start":{"line":51,"column":4},"end":{"line":53,"column":null}},{"start":{"line":51,"column":4},"end":{"line":53,"column":null}}]},"8":{"loc":{"start":{"line":66,"column":4},"end":{"line":68,"column":null}},"type":"if","locations":[{"start":{"line":66,"column":4},"end":{"line":68,"column":null}},{"start":{"line":66,"column":4},"end":{"line":68,"column":null}}]},"9":{"loc":{"start":{"line":72,"column":51},"end":{"line":72,"column":60}},"type":"cond-expr","locations":[{"start":{"line":72,"column":51},"end":{"line":72,"column":60}},{"start":{"line":72,"column":63},"end":{"line":72,"column":90}}]},"10":{"loc":{"start":{"line":73,"column":8},"end":{"line":75,"column":null}},"type":"if","locations":[{"start":{"line":73,"column":8},"end":{"line":75,"column":null}},{"start":{"line":73,"column":8},"end":{"line":75,"column":null}}]},"11":{"loc":{"start":{"line":73,"column":12},"end":{"line":73,"column":35}},"type":"binary-expr","locations":[{"start":{"line":73,"column":12},"end":{"line":73,"column":35}},{"start":{"line":73,"column":40},"end":{"line":73,"column":68}},{"start":{"line":73,"column":72},"end":{"line":73,"column":85}},{"start":{"line":73,"column":89},"end":{"line":73,"column":104}}]}},"s":{"0":39,"1":897,"2":39,"3":291,"4":881,"5":39,"6":274,"7":26,"8":39,"9":213,"10":213,"11":311,"12":39,"13":203,"14":18,"15":39,"16":55,"17":49,"18":49,"19":49,"20":94,"21":94,"22":49,"23":39,"24":145,"25":145,"26":19,"27":19,"28":19,"29":65,"30":145,"31":427,"32":427,"33":145,"34":53,"35":92,"36":92,"37":92,"38":102,"39":102,"40":102,"41":102,"42":92,"43":39,"44":136,"45":136,"46":1,"47":135,"48":135,"49":135,"50":11537,"51":11537,"52":11537,"53":1,"54":11536,"55":134},"f":{"0":897,"1":291,"2":881,"3":274,"4":213,"5":311,"6":203,"7":55,"8":145,"9":427,"10":427,"11":136},"b":{"0":[897,873,868,852],"1":[291,291],"2":[26,248],"3":[18,185],"4":[50],"5":[19,126],"6":[425,2],"7":[53,92],"8":[1,135],"9":[9,11528],"10":[1,11536],"11":[11537,11528,11527,11527]}}
,"/home/circleci/repo/packages/sportident/src/utils/errors.ts": {"path":"/home/circleci/repo/packages/sportident/src/utils/errors.ts","statementMap":{"0":{"start":{"line":5,"column":15},"end":{"line":5,"column":33}},"1":{"start":{"line":1,"column":0},"end":{"line":1,"column":13}},"2":{"start":{"line":10,"column":0},"end":{"line":10,"column":13}},"3":{"start":{"line":12,"column":13},"end":{"line":14,"column":2}},"4":{"start":{"line":13,"column":4},"end":{"line":13,"column":64}}},"fnMap":{"0":{"name":"(anonymous_0)","decl":{"start":{"line":3,"column":4},"end":{"line":3,"column":null}},"loc":{"start":{"line":5,"column":35},"end":{"line":7,"column":8}}},"1":{"name":"(anonymous_1)","decl":{"start":{"line":12,"column":30},"end":{"line":12,"column":31}},"loc":{"start":{"line":12,"column":58},"end":{"line":14,"column":1}}}},"branchMap":{"0":{"loc":{"start":{"line":5,"column":33},"end":{"line":5,"column":35}},"type":"default-arg","locations":[{"start":{"line":5,"column":33},"end":{"line":5,"column":35}}]},"1":{"loc":{"start":{"line":13,"column":34},"end":{"line":13,"column":41}},"type":"binary-expr","locations":[{"start":{"line":13,"column":34},"end":{"line":13,"column":41}},{"start":{"line":13,"column":45},"end":{"line":13,"column":62}}]}},"s":{"0":52,"1":39,"2":39,"3":39,"4":3},"f":{"0":52,"1":3},"b":{"0":[5],"1":[3,1]}}
,"/home/circleci/repo/packages/sportident/src/utils/events.ts": {"path":"/home/circleci/repo/packages/sportident/src/utils/events.ts","statementMap":{"0":{"start":{"line":14,"column":15},"end":{"line":14,"column":23}},"1":{"start":{"line":9,"column":4},"end":{"line":9,"column":29}},"2":{"start":{"line":7,"column":0},"end":{"line":7,"column":13}},"3":{"start":{"line":47,"column":30},"end":{"line":47,"column":54}},"4":{"start":{"line":48,"column":26},"end":{"line":48,"column":61}},"5":{"start":{"line":49,"column":8},"end":{"line":52,"column":10}},"6":{"start":{"line":53,"column":8},"end":{"line":53,"column":43}},"7":{"start":{"line":60,"column":30},"end":{"line":60,"column":54}},"8":{"start":{"line":61,"column":26},"end":{"line":61,"column":61}},"9":{"start":{"line":62,"column":8},"end":{"line":64,"column":10}},"10":{"start":{"line":63,"column":47},"end":{"line":63,"column":68}},"11":{"start":{"line":65,"column":8},"end":{"line":65,"column":43}},"12":{"start":{"line":72,"column":8},"end":{"line":72,"column":36}},"13":{"start":{"line":73,"column":30},"end":{"line":73,"column":54}},"14":{"start":{"line":74,"column":26},"end":{"line":74,"column":61}},"15":{"start":{"line":75,"column":8},"end":{"line":82,"column":11}},"16":{"start":{"line":76,"column":12},"end":{"line":81,"column":null}},"17":{"start":{"line":77,"column":16},"end":{"line":77,"column":32}},"18":{"start":{"line":79,"column":16},"end":{"line":79,"column":73}},"19":{"start":{"line":80,"column":16},"end":{"line":80,"column":40}},"20":{"start":{"line":83,"column":8},"end":{"line":83,"column":39}},"21":{"start":{"line":40,"column":0},"end":{"line":40,"column":13}}},"fnMap":{"0":{"name":"(anonymous_0)","decl":{"start":{"line":12,"column":4},"end":{"line":12,"column":null}},"loc":{"start":{"line":14,"column":23},"end":{"line":16,"column":8}}},"1":{"name":"(anonymous_1)","decl":{"start":{"line":43,"column":4},"end":{"line":43,"column":20}},"loc":{"start":{"line":45,"column":37},"end":{"line":54,"column":5}}},"2":{"name":"(anonymous_2)","decl":{"start":{"line":56,"column":4},"end":{"line":56,"column":23}},"loc":{"start":{"line":58,"column":37},"end":{"line":66,"column":5}}},"3":{"name":"(anonymous_3)","decl":{"start":{"line":63,"column":12},"end":{"line":63,"column":13}},"loc":{"start":{"line":63,"column":47},"end":{"line":63,"column":68}}},"4":{"name":"(anonymous_4)","decl":{"start":{"line":68,"column":4},"end":{"line":68,"column":17}},"loc":{"start":{"line":70,"column":19},"end":{"line":84,"column":5}}},"5":{"name":"(anonymous_5)","decl":{"start":{"line":75,"column":26},"end":{"line":75,"column":27}},"loc":{"start":{"line":75,"column":60},"end":{"line":82,"column":9}}}},"branchMap":{"0":{"loc":{"start":{"line":47,"column":30},"end":{"line":47,"column":48}},"type":"binary-expr","locations":[{"start":{"line":47,"column":30},"end":{"line":47,"column":48}},{"start":{"line":47,"column":52},"end":{"line":47,"column":54}}]},"1":{"loc":{"start":{"line":48,"column":26},"end":{"line":48,"column":55}},"type":"binary-expr","locations":[{"start":{"line":48,"column":26},"end":{"line":48,"column":55}},{"start":{"line":48,"column":59},"end":{"line":48,"column":61}}]},"2":{"loc":{"start":{"line":60,"column":30},"end":{"line":60,"column":48}},"type":"binary-expr","locations":[{"start":{"line":60,"column":30},"end":{"line":60,"column":48}},{"start":{"line":60,"column":52},"end":{"line":60,"column":54}}]},"3":{"loc":{"start":{"line":61,"column":26},"end":{"line":61,"column":55}},"type":"binary-expr","locations":[{"start":{"line":61,"column":26},"end":{"line":61,"column":55}},{"start":{"line":61,"column":59},"end":{"line":61,"column":61}}]},"4":{"loc":{"start":{"line":73,"column":30},"end":{"line":73,"column":48}},"type":"binary-expr","locations":[{"start":{"line":73,"column":30},"end":{"line":73,"column":48}},{"start":{"line":73,"column":52},"end":{"line":73,"column":54}}]},"5":{"loc":{"start":{"line":74,"column":26},"end":{"line":74,"column":55}},"type":"binary-expr","locations":[{"start":{"line":74,"column":26},"end":{"line":74,"column":55}},{"start":{"line":74,"column":59},"end":{"line":74,"column":61}}]}},"s":{"0":169,"1":169,"2":39,"3":71,"4":71,"5":71,"6":71,"7":24,"8":24,"9":24,"10":23,"11":24,"12":177,"13":177,"14":177,"15":177,"16":57,"17":57,"18":1,"19":1,"20":177,"21":39},"f":{"0":169,"1":71,"2":24,"3":23,"4":177,"5":57},"b":{"0":[71,34],"1":[71,57],"2":[24,1],"3":[24,1],"4":[177,113],"5":[177,117]}}
,"/home/circleci/repo/packages/sportident/src/utils/general.ts": {"path":"/home/circleci/repo/packages/sportident/src/utils/general.ts","statementMap":{"0":{"start":{"line":3,"column":13},"end":{"line":18,"column":2}},"1":{"start":{"line":7,"column":19},"end":{"line":16,"column":5}},"2":{"start":{"line":8,"column":30},"end":{"line":8,"column":71}},"3":{"start":{"line":9,"column":28},"end":{"line":9,"column":48}},"4":{"start":{"line":10,"column":8},"end":{"line":14,"column":null}},"5":{"start":{"line":11,"column":29},"end":{"line":11,"column":39}},"6":{"start":{"line":12,"column":12},"end":{"line":12,"column":44}},"7":{"start":{"line":13,"column":12},"end":{"line":13,"column":28}},"8":{"start":{"line":15,"column":8},"end":{"line":15,"column":27}},"9":{"start":{"line":17,"column":4},"end":{"line":17,"column":18}},"10":{"start":{"line":23,"column":13},"end":{"line":43,"column":2}},"11":{"start":{"line":27,"column":4},"end":{"line":29,"column":null}},"12":{"start":{"line":28,"column":8},"end":{"line":28,"column":41}},"13":{"start":{"line":30,"column":27},"end":{"line":30,"column":29}},"14":{"start":{"line":31,"column":4},"end":{"line":40,"column":11}},"15":{"start":{"line":32,"column":32},"end":{"line":32,"column":63}},"16":{"start":{"line":34,"column":33},"end":{"line":34,"column":52}},"17":{"start":{"line":35,"column":30},"end":{"line":35,"column":103}},"18":{"start":{"line":36,"column":12},"end":{"line":38,"column":null}},"19":{"start":{"line":37,"column":16},"end":{"line":37,"column":70}},"20":{"start":{"line":39,"column":12},"end":{"line":39,"column":43}},"21":{"start":{"line":41,"column":4},"end":{"line":41,"column":29}},"22":{"start":{"line":42,"column":4},"end":{"line":42,"column":18}},"23":{"start":{"line":45,"column":13},"end":{"line":53,"column":2}},"24":{"start":{"line":49,"column":42},"end":{"line":51,"column":6}},"25":{"start":{"line":50,"column":8},"end":{"line":50,"column":55}},"26":{"start":{"line":50,"column":25},"end":{"line":50,"column":39}},"27":{"start":{"line":52,"column":4},"end":{"line":52,"column":19}},"28":{"start":{"line":61,"column":13},"end":{"line":82,"column":2}},"29":{"start":{"line":66,"column":29},"end":{"line":66,"column":85}},"30":{"start":{"line":66,"column":53},"end":{"line":66,"column":85}},"31":{"start":{"line":67,"column":22},"end":{"line":67,"column":59}},"32":{"start":{"line":68,"column":34},"end":{"line":68,"column":100}},"33":{"start":{"line":68,"column":68},"end":{"line":68,"column":100}},"34":{"start":{"line":69,"column":27},"end":{"line":69,"column":74}},"35":{"start":{"line":70,"column":31},"end":{"line":74,"column":5}},"36":{"start":{"line":71,"column":20},"end":{"line":71,"column":49}},"37":{"start":{"line":72,"column":24},"end":{"line":72,"column":51}},"38":{"start":{"line":73,"column":8},"end":{"line":73,"column":66}},"39":{"start":{"line":75,"column":24},"end":{"line":75,"column":65}},"40":{"start":{"line":76,"column":16},"end":{"line":76,"column":17}},"41":{"start":{"line":77,"column":14},"end":{"line":77,"column":29}},"42":{"start":{"line":78,"column":4},"end":{"line":80,"column":null}},"43":{"start":{"line":79,"column":8},"end":{"line":79,"column":59}},"44":{"start":{"line":81,"column":4},"end":{"line":81,"column":17}}},"fnMap":{"0":{"name":"(anonymous_0)","decl":{"start":{"line":3,"column":22},"end":{"line":3,"column":null}},"loc":{"start":{"line":6,"column":4},"end":{"line":18,"column":1}}},"1":{"name":"(anonymous_1)","decl":{"start":{"line":7,"column":19},"end":{"line":7,"column":25}},"loc":{"start":{"line":7,"column":27},"end":{"line":16,"column":5}}},"2":{"name":"(anonymous_2)","decl":{"start":{"line":23,"column":25},"end":{"line":23,"column":null}},"loc":{"start":{"line":26,"column":12},"end":{"line":43,"column":1}}},"3":{"name":"(anonymous_3)","decl":{"start":{"line":32,"column":16},"end":{"line":32,"column":17}},"loc":{"start":{"line":32,"column":32},"end":{"line":32,"column":63}}},"4":{"name":"(anonymous_4)","decl":{"start":{"line":33,"column":17},"end":{"line":33,"column":18}},"loc":{"start":{"line":33,"column":32},"end":{"line":40,"column":9}}},"5":{"name":"(anonymous_5)","decl":{"start":{"line":45,"column":23},"end":{"line":45,"column":null}},"loc":{"start":{"line":48,"column":26},"end":{"line":53,"column":1}}},"6":{"name":"(anonymous_6)","decl":{"start":{"line":49,"column":54},"end":{"line":49,"column":55}},"loc":{"start":{"line":49,"column":66},"end":{"line":51,"column":5}}},"7":{"name":"(anonymous_7)","decl":{"start":{"line":50,"column":19},"end":{"line":50,"column":22}},"loc":{"start":{"line":50,"column":25},"end":{"line":50,"column":39}}},"8":{"name":"(anonymous_8)","decl":{"start":{"line":61,"column":28},"end":{"line":61,"column":null}},"loc":{"start":{"line":65,"column":12},"end":{"line":82,"column":1}}},"9":{"name":"(anonymous_9)","decl":{"start":{"line":66,"column":29},"end":{"line":66,"column":30}},"loc":{"start":{"line":66,"column":53},"end":{"line":66,"column":85}}},"10":{"name":"(anonymous_10)","decl":{"start":{"line":68,"column":34},"end":{"line":68,"column":35}},"loc":{"start":{"line":68,"column":68},"end":{"line":68,"column":100}}},"11":{"name":"(anonymous_11)","decl":{"start":{"line":70,"column":31},"end":{"line":70,"column":32}},"loc":{"start":{"line":70,"column":100},"end":{"line":74,"column":5}}}},"branchMap":{"0":{"loc":{"start":{"line":10,"column":8},"end":{"line":14,"column":null}},"type":"if","locations":[{"start":{"line":10,"column":8},"end":{"line":14,"column":null}},{"start":{"line":10,"column":8},"end":{"line":14,"column":null}}]},"1":{"loc":{"start":{"line":27,"column":4},"end":{"line":29,"column":null}},"type":"if","locations":[{"start":{"line":27,"column":4},"end":{"line":29,"column":null}},{"start":{"line":27,"column":4},"end":{"line":29,"column":null}}]},"2":{"loc":{"start":{"line":35,"column":45},"end":{"line":35,"column":76}},"type":"cond-expr","locations":[{"start":{"line":35,"column":45},"end":{"line":35,"column":76}},{"start":{"line":35,"column":80},"end":{"line":35,"column":103}}]},"3":{"loc":{"start":{"line":36,"column":12},"end":{"line":38,"column":null}},"type":"if","locations":[{"start":{"line":36,"column":12},"end":{"line":38,"column":null}},{"start":{"line":36,"column":12},"end":{"line":38,"column":null}}]},"4":{"loc":{"start":{"line":64,"column":41},"end":{"line":64,"column":43}},"type":"default-arg","locations":[{"start":{"line":64,"column":41},"end":{"line":64,"column":43}}]},"5":{"loc":{"start":{"line":67,"column":22},"end":{"line":67,"column":39}},"type":"binary-expr","locations":[{"start":{"line":67,"column":22},"end":{"line":67,"column":39}},{"start":{"line":67,"column":43},"end":{"line":67,"column":59}}]},"6":{"loc":{"start":{"line":69,"column":27},"end":{"line":69,"column":49}},"type":"binary-expr","locations":[{"start":{"line":69,"column":27},"end":{"line":69,"column":49}},{"start":{"line":69,"column":53},"end":{"line":69,"column":74}}]},"7":{"loc":{"start":{"line":73,"column":36},"end":{"line":73,"column":48}},"type":"cond-expr","locations":[{"start":{"line":73,"column":36},"end":{"line":73,"column":48}},{"start":{"line":73,"column":51},"end":{"line":73,"column":65}}]},"8":{"loc":{"start":{"line":75,"column":24},"end":{"line":75,"column":43}},"type":"binary-expr","locations":[{"start":{"line":75,"column":24},"end":{"line":75,"column":43}},{"start":{"line":75,"column":47},"end":{"line":75,"column":65}}]}},"s":{"0":40,"1":163,"2":229,"3":229,"4":229,"5":79,"6":79,"7":79,"8":150,"9":163,"10":40,"11":121,"12":96,"13":25,"14":25,"15":249,"16":249,"17":249,"18":249,"19":1,"20":248,"21":24,"22":24,"23":40,"24":76,"25":76,"26":72,"27":76,"28":40,"29":147,"30":21,"31":147,"32":147,"33":31,"34":147,"35":147,"36":45,"37":45,"38":45,"39":147,"40":147,"41":147,"42":147,"43":237,"44":146},"f":{"0":163,"1":229,"2":121,"3":249,"4":249,"5":76,"6":76,"7":72,"8":147,"9":21,"10":31,"11":45},"b":{"0":[79,150],"1":[96,25],"2":[53,196],"3":[1,248],"4":[21],"5":[147,21],"6":[147,140],"7":[28,17],"8":[147,28]}}
,"/home/circleci/repo/packages/sportident/src/utils/index.ts": {"path":"/home/circleci/repo/packages/sportident/src/utils/index.ts","statementMap":{"0":{"start":{"line":1,"column":0},"end":{"line":1,"column":24}},"1":{"start":{"line":2,"column":0},"end":{"line":2,"column":25}},"2":{"start":{"line":3,"column":0},"end":{"line":3,"column":25}},"3":{"start":{"line":4,"column":0},"end":{"line":4,"column":26}},"4":{"start":{"line":5,"column":0},"end":{"line":5,"column":25}},"5":{"start":{"line":6,"column":0},"end":{"line":6,"column":30}},"6":{"start":{"line":7,"column":0},"end":{"line":7,"column":38}}},"fnMap":{},"branchMap":{},"s":{"0":38,"1":38,"2":38,"3":38,"4":38,"5":38,"6":38},"f":{},"b":{}}
,"/home/circleci/repo/packages/sportident/src/utils/mixins.ts": {"path":"/home/circleci/repo/packages/sportident/src/utils/mixins.ts","statementMap":{"0":{"start":{"line":1,"column":13},"end":{"line":12,"column":2}},"1":{"start":{"line":2,"column":4},"end":{"line":11,"column":7}},"2":{"start":{"line":3,"column":8},"end":{"line":10,"column":11}},"3":{"start":{"line":4,"column":12},"end":{"line":9,"column":14}}},"fnMap":{"0":{"name":"(anonymous_0)","decl":{"start":{"line":1,"column":27},"end":{"line":1,"column":28}},"loc":{"start":{"line":1,"column":66},"end":{"line":12,"column":1}}},"1":{"name":"(anonymous_1)","decl":{"start":{"line":2,"column":22},"end":{"line":2,"column":23}},"loc":{"start":{"line":2,"column":35},"end":{"line":11,"column":5}}},"2":{"name":"(anonymous_2)","decl":{"start":{"line":3,"column":63},"end":{"line":3,"column":64}},"loc":{"start":{"line":3,"column":72},"end":{"line":10,"column":9}}}},"branchMap":{},"s":{"0":40,"1":23,"2":24,"3":92},"f":{"0":23,"1":24,"2":92},"b":{}}
}
