TN:
SF:/home/circleci/repo/packages/sportident-react/src/react.tsx
FN:8,(anonymous_1)
FN:12,(anonymous_2)
FN:13,(anonymous_3)
FN:15,(anonymous_4)
FN:23,(anonymous_5)
FN:25,(anonymous_6)
FN:35,(anonymous_7)
FN:36,(anonymous_8)
FN:38,(anonymous_9)
FN:41,(anonymous_10)
FN:47,(anonymous_11)
FNF:11
FNH:7
FNDA:1,(anonymous_1)
FNDA:1,(anonymous_2)
FNDA:0,(anonymous_3)
FNDA:0,(anonymous_4)
FNDA:0,(anonymous_5)
FNDA:0,(anonymous_6)
FNDA:1,(anonymous_7)
FNDA:1,(anonymous_8)
FNDA:1,(anonymous_9)
FNDA:1,(anonymous_10)
FNDA:1,(anonymous_11)
DA:1,1
DA:2,1
DA:8,1
DA:11,1
DA:12,1
DA:13,1
DA:14,0
DA:15,0
DA:16,0
DA:17,0
DA:18,0
DA:20,0
DA:23,1
DA:24,0
DA:25,0
DA:26,0
DA:27,0
DA:28,0
DA:30,0
DA:33,1
DA:34,1
DA:35,1
DA:36,1
DA:37,1
DA:38,1
DA:39,1
DA:40,1
DA:41,1
DA:43,0
DA:46,1
DA:47,1
DA:48,1
DA:49,1
DA:50,1
DA:51,1
DA:54,1
LF:36
LH:23
BRDA:16,0,0,0
BRDA:16,0,1,0
BRDA:26,1,0,0
BRDA:26,1,1,0
BRDA:39,2,0,1
BRDA:39,2,1,0
BRF:6
BRH:1
end_of_record
TN:
SF:/home/circleci/repo/packages/sportident-testbench-shell/src/Shell.ts
FN:45,(anonymous_0)
FN:60,(anonymous_1)
FN:61,(anonymous_2)
FN:65,(anonymous_3)
FN:75,(anonymous_4)
FN:76,(anonymous_5)
FN:90,(anonymous_6)
FN:94,(anonymous_7)
FN:96,(anonymous_8)
FN:97,(anonymous_9)
FN:102,(anonymous_10)
FN:106,(anonymous_11)
FN:125,(anonymous_12)
FN:129,(anonymous_13)
FN:136,(anonymous_14)
FN:151,(anonymous_15)
FN:161,(anonymous_16)
FN:163,(anonymous_17)
FN:167,(anonymous_18)
FN:172,(anonymous_19)
FN:180,(anonymous_20)
FN:183,(anonymous_21)
FN:184,(anonymous_22)
FN:185,(anonymous_23)
FN:197,(anonymous_24)
FN:198,(anonymous_25)
FNF:26
FNH:18
FNDA:6,(anonymous_0)
FNDA:6,(anonymous_1)
FNDA:11,(anonymous_2)
FNDA:5,(anonymous_3)
FNDA:0,(anonymous_4)
FNDA:4,(anonymous_5)
FNDA:10,(anonymous_6)
FNDA:0,(anonymous_7)
FNDA:0,(anonymous_8)
FNDA:11,(anonymous_9)
FNDA:11,(anonymous_10)
FNDA:28,(anonymous_11)
FNDA:11,(anonymous_12)
FNDA:0,(anonymous_13)
FNDA:0,(anonymous_14)
FNDA:0,(anonymous_15)
FNDA:0,(anonymous_16)
FNDA:0,(anonymous_17)
FNDA:11,(anonymous_18)
FNDA:28,(anonymous_19)
FNDA:5,(anonymous_20)
FNDA:34,(anonymous_21)
FNDA:34,(anonymous_22)
FNDA:321,(anonymous_23)
FNDA:22,(anonymous_24)
FNDA:608,(anonymous_25)
DA:41,2
DA:47,6
DA:49,6
DA:52,6
DA:57,6
DA:61,6
DA:62,11
DA:63,11
DA:65,6
DA:66,5
DA:67,0
DA:69,5
DA:70,5
DA:71,5
DA:72,5
DA:73,5
DA:74,4
DA:75,0
DA:76,4
DA:79,1
DA:81,0
DA:82,0
DA:83,0
DA:85,1
DA:87,6
DA:91,10
DA:94,0
DA:96,0
DA:97,11
DA:105,11
DA:107,28
DA:108,5
DA:109,5
DA:111,23
DA:112,0
DA:114,23
DA:115,0
DA:117,23
DA:118,0
DA:119,0
DA:121,23
DA:122,23
DA:123,23
DA:125,11
DA:130,0
DA:131,0
DA:132,0
DA:133,0
DA:134,0
DA:135,0
DA:136,0
DA:137,0
DA:139,0
DA:142,0
DA:143,0
DA:144,0
DA:145,0
DA:146,0
DA:147,0
DA:148,0
DA:149,0
DA:150,0
DA:151,0
DA:152,0
DA:154,0
DA:158,0
DA:162,0
DA:163,0
DA:171,11
DA:172,11
DA:173,28
DA:174,28
DA:175,28
DA:176,5
DA:178,23
DA:180,11
DA:184,34
DA:185,34
DA:186,321
DA:187,321
DA:188,28
DA:190,293
DA:193,34
DA:198,22
DA:199,608
LF:85
LH:50
BRDA:50,0,0,0
BRDA:66,1,0,0
BRDA:66,1,1,5
BRDA:71,2,0,5
BRDA:71,2,1,0
BRDA:73,3,0,4
BRDA:73,3,1,1
BRDA:107,4,0,5
BRDA:107,4,1,23
BRDA:107,5,0,28
BRDA:107,5,1,28
BRDA:111,6,0,0
BRDA:111,6,1,23
BRDA:111,7,0,23
BRDA:111,7,1,23
BRDA:114,8,0,0
BRDA:114,8,1,23
BRDA:114,9,0,23
BRDA:114,9,1,0
BRDA:117,10,0,0
BRDA:117,10,1,23
BRDA:131,11,0,0
BRDA:131,11,1,0
BRDA:133,12,0,0
BRDA:133,12,1,0
BRDA:142,13,0,0
BRDA:142,13,1,0
BRDA:144,14,0,0
BRDA:144,14,1,0
BRDA:146,15,0,0
BRDA:146,15,1,0
BRDA:175,16,0,5
BRDA:175,16,1,23
BRDA:187,17,0,28
BRDA:187,17,1,293
BRF:35
BRH:18
end_of_record
TN:
SF:/home/circleci/repo/packages/sportident-testbench-shell/src/index.ts
FNF:0
FNH:0
DA:1,1
DA:2,1
LF:2
LH:2
BRF:0
BRH:0
end_of_record
TN:
SF:/home/circleci/repo/packages/sportident-testbench-shell/src/testUtils.ts
FN:9,(anonymous_0)
FN:15,(anonymous_1)
FN:21,(anonymous_2)
FN:28,(anonymous_3)
FN:29,(anonymous_4)
FN:35,(anonymous_5)
FN:39,(anonymous_6)
FN:43,(anonymous_7)
FN:47,(anonymous_8)
FN:51,(anonymous_9)
FN:53,(anonymous_10)
FN:57,(anonymous_11)
FN:61,(anonymous_12)
FN:63,(anonymous_13)
FNF:14
FNH:11
FNDA:6,(anonymous_0)
FNDA:321,(anonymous_1)
FNDA:636,(anonymous_2)
FNDA:4,(anonymous_3)
FNDA:28,(anonymous_4)
FNDA:28,(anonymous_5)
FNDA:636,(anonymous_6)
FNDA:6,(anonymous_7)
FNDA:0,(anonymous_8)
FNDA:4,(anonymous_9)
FNDA:0,(anonymous_10)
FNDA:0,(anonymous_11)
FNDA:6,(anonymous_12)
FNDA:636,(anonymous_13)
DA:2,2
DA:4,2
DA:5,6
DA:6,6
DA:13,6
DA:16,321
DA:17,293
DA:19,28
DA:21,636
DA:29,4
DA:30,28
DA:31,28
DA:36,28
DA:40,636
DA:44,6
DA:48,0
DA:52,4
DA:53,0
DA:58,0
DA:62,6
DA:63,636
LF:21
LH:18
BRDA:11,0,0,3
BRDA:16,1,0,293
BRDA:16,1,1,28
BRF:3
BRH:3
end_of_record
TN:
SF:/home/circleci/repo/packages/sportident-testbench-shell/src/commands/BaseCommand.ts
FN:15,(anonymous_0)
FN:23,(anonymous_1)
FN:30,(anonymous_2)
FN:33,(anonymous_3)
FN:52,(anonymous_4)
FN:64,(anonymous_5)
FN:67,(anonymous_6)
FN:71,(anonymous_7)
FNF:8
FNH:5
FNDA:0,(anonymous_0)
FNDA:0,(anonymous_1)
FNDA:1,(anonymous_2)
FNDA:2,(anonymous_3)
FNDA:0,(anonymous_4)
FNDA:1,(anonymous_5)
FNDA:2,(anonymous_6)
FNDA:2,(anonymous_7)
DA:12,1
DA:16,0
DA:17,0
DA:18,0
DA:19,0
DA:21,0
DA:22,0
DA:23,0
DA:25,0
DA:31,1
DA:32,1
DA:33,1
DA:34,2
DA:35,2
DA:36,2
DA:37,1
DA:38,1
DA:40,2
DA:42,0
DA:43,0
DA:44,0
DA:48,0
DA:51,0
DA:52,0
DA:53,0
DA:57,0
DA:61,1
DA:65,1
DA:66,1
DA:67,2
DA:69,1
DA:70,1
DA:71,1
DA:72,2
DA:73,2
DA:74,2
DA:75,2
LF:37
LH:21
BRDA:18,0,0,0
BRDA:18,0,1,0
BRDA:22,1,0,0
BRDA:22,1,1,0
BRDA:35,2,0,2
BRDA:35,2,1,0
BRDA:36,3,0,1
BRDA:36,3,1,1
BRDA:42,4,0,0
BRDA:42,4,1,0
BRDA:43,5,0,0
BRDA:43,5,1,0
BRDA:51,6,0,0
BRDA:51,6,1,0
BRDA:52,7,0,0
BRDA:52,7,1,0
BRDA:67,8,0,1
BRDA:67,8,1,1
BRDA:72,9,0,2
BRDA:72,9,1,0
BRDA:73,10,0,2
BRDA:73,10,1,2
BRF:22
BRH:8
end_of_record
TN:
SF:/home/circleci/repo/packages/sportident-testbench-shell/src/commands/getBackup.ts
FN:9,(anonymous_1)
FN:18,(anonymous_2)
FN:24,(anonymous_3)
FN:30,(anonymous_4)
FN:37,(anonymous_5)
FN:40,(anonymous_6)
FN:44,(anonymous_7)
FNF:7
FNH:0
FNDA:0,(anonymous_1)
FNDA:0,(anonymous_2)
FNDA:0,(anonymous_3)
FNDA:0,(anonymous_4)
FNDA:0,(anonymous_5)
FNDA:0,(anonymous_6)
FNDA:0,(anonymous_7)
DA:1,1
DA:2,1
DA:5,1
DA:6,1
DA:8,1
DA:10,0
DA:19,0
DA:20,0
DA:21,0
DA:25,0
DA:26,0
DA:27,0
DA:28,0
DA:30,0
DA:31,0
DA:36,0
DA:37,0
DA:38,0
DA:39,0
DA:40,0
DA:41,0
DA:43,0
DA:45,0
DA:46,0
DA:47,0
DA:48,0
DA:51,0
LF:27
LH:5
BRDA:26,0,0,0
BRDA:26,0,1,0
BRDA:38,1,0,0
BRDA:38,1,1,0
BRF:4
BRH:0
end_of_record
TN:
SF:/home/circleci/repo/packages/sportident-testbench-shell/src/commands/getDirectOrRemoteStation.ts
FN:5,(anonymous_0)
FNF:1
FNH:0
FNDA:0,(anonymous_0)
DA:3,1
DA:5,1
DA:6,0
DA:10,0
DA:11,0
DA:12,0
DA:13,0
DA:14,0
DA:15,0
DA:17,0
LF:10
LH:2
BRDA:12,0,0,0
BRDA:12,0,1,0
BRDA:14,1,0,0
BRDA:14,1,1,0
BRF:4
BRH:0
end_of_record
TN:
SF:/home/circleci/repo/packages/sportident-testbench-shell/src/commands/getInfo.ts
FN:12,(anonymous_0)
FN:26,(anonymous_1)
FN:33,(anonymous_2)
FN:39,(anonymous_3)
FN:44,(anonymous_4)
FN:57,(anonymous_5)
FNF:6
FNH:2
FNDA:2,(anonymous_0)
FNDA:1,(anonymous_1)
FNDA:0,(anonymous_2)
FNDA:0,(anonymous_3)
FNDA:0,(anonymous_4)
FNDA:0,(anonymous_5)
DA:1,1
DA:4,1
DA:5,1
DA:8,1
DA:11,1
DA:13,2
DA:27,1
DA:28,1
DA:29,1
DA:30,1
DA:34,0
DA:35,0
DA:36,0
DA:37,0
DA:39,0
DA:43,0
DA:45,0
DA:57,0
DA:58,0
LF:19
LH:10
BRDA:35,0,0,0
BRDA:35,0,1,0
BRDA:40,1,0,0
BRDA:40,1,1,0
BRF:4
BRH:0
end_of_record
TN:
SF:/home/circleci/repo/packages/sportident-testbench-shell/src/commands/index.ts
FN:9,(anonymous_0)
FNF:1
FNH:1
FNDA:1,(anonymous_0)
DA:1,1
DA:2,1
DA:3,1
DA:4,1
DA:5,1
DA:6,1
DA:7,1
DA:9,1
LF:8
LH:8
BRF:0
BRH:0
end_of_record
TN:
SF:/home/circleci/repo/packages/sportident-testbench-shell/src/commands/pipe.ts
FN:7,(anonymous_1)
FN:17,(anonymous_2)
FN:22,(anonymous_3)
FN:26,(anonymous_4)
FN:32,(anonymous_5)
FN:36,(anonymous_6)
FN:43,(anonymous_7)
FN:47,(anonymous_8)
FN:55,(anonymous_9)
FNF:9
FNH:0
FNDA:0,(anonymous_1)
FNDA:0,(anonymous_2)
FNDA:0,(anonymous_3)
FNDA:0,(anonymous_4)
FNDA:0,(anonymous_5)
FNDA:0,(anonymous_6)
FNDA:0,(anonymous_7)
FNDA:0,(anonymous_8)
FNDA:0,(anonymous_9)
DA:1,1
DA:4,1
DA:6,1
DA:8,0
DA:18,0
DA:19,0
DA:23,0
DA:24,0
DA:25,0
DA:26,0
DA:27,0
DA:29,0
DA:30,0
DA:32,0
DA:33,0
DA:34,0
DA:35,0
DA:36,0
DA:37,0
DA:39,0
DA:40,0
DA:42,0
DA:43,0
DA:44,0
DA:45,0
DA:46,0
DA:47,0
DA:48,0
DA:50,0
DA:51,0
DA:53,0
DA:55,0
DA:56,0
DA:57,0
DA:58,0
DA:59,0
DA:60,0
DA:61,0
LF:38
LH:3
BRDA:56,0,0,0
BRDA:56,0,1,0
BRDA:56,1,0,0
BRDA:56,1,1,0
BRF:4
BRH:0
end_of_record
TN:
SF:/home/circleci/repo/packages/sportident-testbench-shell/src/commands/send.ts
FN:8,(anonymous_1)
FN:29,(anonymous_2)
FN:35,(anonymous_3)
FN:61,(anonymous_4)
FN:62,(anonymous_5)
FN:65,(anonymous_6)
FNF:6
FNH:0
FNDA:0,(anonymous_1)
FNDA:0,(anonymous_2)
FNDA:0,(anonymous_3)
FNDA:0,(anonymous_4)
FNDA:0,(anonymous_5)
FNDA:0,(anonymous_6)
DA:1,1
DA:4,1
DA:5,1
DA:7,1
DA:9,0
DA:30,0
DA:31,0
DA:32,0
DA:36,0
DA:37,0
DA:38,0
DA:39,0
DA:41,0
DA:42,0
DA:43,0
DA:44,0
DA:46,0
DA:47,0
DA:48,0
DA:49,0
DA:50,0
DA:52,0
DA:53,0
DA:54,0
DA:56,0
DA:57,0
DA:62,0
DA:63,0
DA:64,0
DA:65,0
DA:66,0
LF:31
LH:4
BRDA:37,0,0,0
BRDA:37,0,1,0
BRDA:42,1,0,0
BRDA:42,1,1,0
BRDA:48,2,0,0
BRDA:48,2,1,0
BRDA:56,3,0,0
BRDA:56,3,1,0
BRF:8
BRH:0
end_of_record
TN:
SF:/home/circleci/repo/packages/sportident-testbench-shell/src/commands/setInfo.ts
FN:10,(anonymous_0)
FN:27,(anonymous_1)
FN:34,(anonymous_2)
FN:49,(anonymous_3)
FN:52,(anonymous_4)
FN:53,(anonymous_5)
FNF:6
FNH:0
FNDA:0,(anonymous_0)
FNDA:0,(anonymous_1)
FNDA:0,(anonymous_2)
FNDA:0,(anonymous_3)
FNDA:0,(anonymous_4)
FNDA:0,(anonymous_5)
DA:2,1
DA:3,1
DA:6,1
DA:7,1
DA:9,1
DA:11,0
DA:28,0
DA:29,0
DA:30,0
DA:31,0
DA:35,0
DA:36,0
DA:37,0
DA:38,0
DA:40,0
DA:41,0
DA:42,0
DA:43,0
DA:45,0
DA:46,0
DA:47,0
DA:48,0
DA:49,0
DA:50,0
DA:52,0
DA:54,0
DA:55,0
LF:27
LH:5
BRDA:36,0,0,0
BRDA:36,0,1,0
BRDA:42,1,0,0
BRDA:42,1,1,0
BRF:4
BRH:0
end_of_record
TN:
SF:/home/circleci/repo/packages/sportident-testbench-shell/src/commands/simulate.ts
FN:8,(anonymous_1)
FN:11,(anonymous_2)
FN:26,(anonymous_3)
FN:31,(anonymous_4)
FN:45,(anonymous_5)
FN:51,(anonymous_6)
FN:58,(anonymous_7)
FN:62,(anonymous_8)
FN:71,(anonymous_9)
FN:80,(anonymous_10)
FN:82,(anonymous_11)
FN:110,(anonymous_12)
FN:111,(anonymous_13)
FNF:13
FNH:0
FNDA:0,(anonymous_1)
FNDA:0,(anonymous_2)
FNDA:0,(anonymous_3)
FNDA:0,(anonymous_4)
FNDA:0,(anonymous_5)
FNDA:0,(anonymous_6)
FNDA:0,(anonymous_7)
FNDA:0,(anonymous_8)
FNDA:0,(anonymous_9)
FNDA:0,(anonymous_10)
FNDA:0,(anonymous_11)
FNDA:0,(anonymous_12)
FNDA:0,(anonymous_13)
DA:1,1
DA:6,1
DA:8,1
DA:10,1
DA:12,0
DA:13,0
DA:27,0
DA:28,0
DA:32,0
DA:34,0
DA:35,0
DA:36,0
DA:37,0
DA:38,0
DA:39,0
DA:40,0
DA:43,0
DA:44,0
DA:45,0
DA:46,0
DA:47,0
DA:49,0
DA:51,0
DA:52,0
DA:53,0
DA:54,0
DA:55,0
DA:57,0
DA:58,0
DA:59,0
DA:60,0
DA:61,0
DA:62,0
DA:63,0
DA:64,0
DA:66,0
DA:68,0
DA:71,0
DA:72,0
DA:73,0
DA:74,0
DA:75,0
DA:77,0
DA:78,0
DA:79,0
DA:80,0
DA:82,0
DA:84,0
DA:85,0
DA:86,0
DA:88,0
DA:89,0
DA:91,0
DA:92,0
DA:93,0
DA:94,0
DA:95,0
DA:97,0
DA:98,0
DA:99,0
DA:100,0
DA:101,0
DA:103,0
DA:104,0
DA:105,0
DA:106,0
DA:110,0
DA:111,0
DA:112,0
DA:113,0
DA:114,0
DA:115,0
DA:116,0
DA:117,0
DA:119,0
DA:120,0
DA:124,0
LF:77
LH:4
BRDA:36,0,0,0
BRDA:36,0,1,0
BRDA:74,1,0,0
BRDA:74,1,1,0
BRDA:78,2,0,0
BRDA:78,2,1,0
BRDA:78,3,0,0
BRDA:78,3,1,0
BRDA:92,4,0,0
BRDA:92,4,1,0
BRDA:100,5,0,0
BRDA:100,5,1,0
BRDA:112,6,0,0
BRDA:112,6,1,0
BRF:14
BRH:0
end_of_record
TN:
SF:/home/circleci/repo/packages/sportident-testbench-shell/src/commands/test.ts
FN:8,(anonymous_1)
FN:13,(anonymous_2)
FN:17,(anonymous_3)
FN:27,(anonymous_4)
FN:31,(anonymous_5)
FN:31,(anonymous_6)
FN:36,(anonymous_7)
FN:38,(anonymous_8)
FN:41,(anonymous_9)
FN:62,(anonymous_10)
FN:62,(anonymous_11)
FN:62,(anonymous_12)
FN:67,(anonymous_13)
FN:69,(anonymous_14)
FN:72,(anonymous_15)
FN:80,(anonymous_16)
FN:84,(anonymous_17)
FN:91,(anonymous_18)
FN:193,(anonymous_19)
FN:197,(anonymous_20)
FN:202,(anonymous_21)
FN:211,(anonymous_22)
FN:215,(anonymous_23)
FNF:23
FNH:0
FNDA:0,(anonymous_1)
FNDA:0,(anonymous_2)
FNDA:0,(anonymous_3)
FNDA:0,(anonymous_4)
FNDA:0,(anonymous_5)
FNDA:0,(anonymous_6)
FNDA:0,(anonymous_7)
FNDA:0,(anonymous_8)
FNDA:0,(anonymous_9)
FNDA:0,(anonymous_10)
FNDA:0,(anonymous_11)
FNDA:0,(anonymous_12)
FNDA:0,(anonymous_13)
FNDA:0,(anonymous_14)
FNDA:0,(anonymous_15)
FNDA:0,(anonymous_16)
FNDA:0,(anonymous_17)
FNDA:0,(anonymous_18)
FNDA:0,(anonymous_19)
FNDA:0,(anonymous_20)
FNDA:0,(anonymous_21)
FNDA:0,(anonymous_22)
FNDA:0,(anonymous_23)
DA:1,1
DA:2,1
DA:5,1
DA:7,1
DA:9,0
DA:11,0
DA:13,0
DA:14,0
DA:16,0
DA:17,0
DA:18,0
DA:19,0
DA:20,0
DA:21,0
DA:26,0
DA:27,0
DA:31,0
DA:32,0
DA:33,0
DA:34,0
DA:37,0
DA:38,0
DA:39,0
DA:40,0
DA:41,0
DA:42,0
DA:43,0
DA:44,0
DA:46,0
DA:47,0
DA:48,0
DA:50,0
DA:51,0
DA:52,0
DA:53,0
DA:55,0
DA:57,0
DA:58,0
DA:62,0
DA:63,0
DA:64,0
DA:65,0
DA:68,0
DA:69,0
DA:70,0
DA:71,0
DA:72,0
DA:73,0
DA:74,0
DA:75,0
DA:76,0
DA:77,0
DA:80,0
DA:81,0
DA:82,0
DA:83,0
DA:84,0
DA:85,0
DA:87,0
DA:88,0
DA:89,0
DA:91,0
DA:92,0
DA:93,0
DA:94,0
DA:96,0
DA:97,0
DA:98,0
DA:100,0
DA:101,0
DA:104,0
DA:107,0
DA:194,0
DA:195,0
DA:197,0
DA:201,1
DA:203,0
DA:212,0
DA:216,0
DA:217,0
LF:80
LH:5
BRDA:18,0,0,0
BRDA:18,0,1,0
BRDA:18,1,0,0
BRDA:18,1,1,0
BRDA:20,2,0,0
BRDA:20,2,1,0
BRDA:43,3,0,0
BRDA:43,3,1,0
BRDA:46,4,0,0
BRDA:46,4,1,0
BRDA:52,5,0,0
BRDA:52,5,1,0
BRDA:55,6,0,0
BRDA:55,6,1,0
BRDA:74,7,0,0
BRDA:74,7,1,0
BRDA:93,8,0,0
BRDA:93,8,1,0
BRDA:96,9,0,0
BRDA:96,9,1,0
BRF:20
BRH:0
end_of_record
TN:
SF:/home/circleci/repo/packages/sportident-webusb/src/WebUsbSiDeviceDriver.ts
FN:19,(anonymous_1)
FN:23,(anonymous_2)
FN:29,(anonymous_3)
FN:59,(anonymous_4)
FN:65,(anonymous_5)
FN:69,(anonymous_6)
FN:74,(anonymous_7)
FN:90,(anonymous_8)
FN:102,(anonymous_9)
FN:107,(anonymous_10)
FN:109,(anonymous_11)
FN:114,(anonymous_12)
FN:118,(anonymous_13)
FN:121,(anonymous_14)
FN:128,(anonymous_15)
FN:130,(anonymous_16)
FN:134,(anonymous_17)
FN:140,(anonymous_18)
FN:158,(anonymous_19)
FN:162,(anonymous_20)
FN:165,(anonymous_21)
FN:170,(anonymous_22)
FN:186,(anonymous_23)
FN:191,(anonymous_24)
FN:200,(anonymous_25)
FN:203,(anonymous_26)
FN:206,(anonymous_27)
FN:211,(anonymous_28)
FN:217,(anonymous_29)
FN:221,(anonymous_30)
FN:225,(anonymous_31)
FN:229,(anonymous_32)
FN:233,(anonymous_33)
FN:243,(anonymous_34)
FN:253,(anonymous_35)
FN:256,(anonymous_36)
FN:268,(anonymous_37)
FN:272,(anonymous_38)
FN:276,(anonymous_39)
FN:279,(anonymous_40)
FN:289,(anonymous_41)
FN:298,(anonymous_42)
FN:305,(anonymous_43)
FN:312,(anonymous_44)
FNF:44
FNH:44
FNDA:6,(anonymous_1)
FNDA:6,(anonymous_2)
FNDA:16,(anonymous_3)
FNDA:5,(anonymous_4)
FNDA:2,(anonymous_5)
FNDA:1,(anonymous_6)
FNDA:7,(anonymous_7)
FNDA:2,(anonymous_8)
FNDA:1,(anonymous_9)
FNDA:1,(anonymous_10)
FNDA:1,(anonymous_11)
FNDA:1,(anonymous_12)
FNDA:1,(anonymous_13)
FNDA:2,(anonymous_14)
FNDA:2,(anonymous_15)
FNDA:1,(anonymous_16)
FNDA:1,(anonymous_17)
FNDA:6,(anonymous_18)
FNDA:1,(anonymous_19)
FNDA:3,(anonymous_20)
FNDA:2,(anonymous_21)
FNDA:3,(anonymous_22)
FNDA:1,(anonymous_23)
FNDA:1,(anonymous_24)
FNDA:1,(anonymous_25)
FNDA:1,(anonymous_26)
FNDA:1,(anonymous_27)
FNDA:5,(anonymous_28)
FNDA:5,(anonymous_29)
FNDA:5,(anonymous_30)
FNDA:5,(anonymous_31)
FNDA:5,(anonymous_32)
FNDA:5,(anonymous_33)
FNDA:5,(anonymous_34)
FNDA:5,(anonymous_35)
FNDA:2,(anonymous_36)
FNDA:2,(anonymous_37)
FNDA:2,(anonymous_38)
FNDA:2,(anonymous_39)
FNDA:64,(anonymous_40)
FNDA:60,(anonymous_41)
FNDA:1,(anonymous_42)
FNDA:1,(anonymous_43)
FNDA:5,(anonymous_44)
DA:2,1
DA:4,1
DA:6,1
DA:7,1
DA:11,1
DA:12,1
DA:13,1
DA:14,1
DA:15,1
DA:16,1
DA:19,1
DA:22,6
DA:24,6
DA:29,16
DA:48,5
DA:50,5
DA:53,5
DA:61,5
DA:66,2
DA:70,1
DA:77,7
DA:78,7
DA:79,1
DA:81,6
DA:85,6
DA:86,6
DA:87,6
DA:93,2
DA:94,2
DA:95,2
DA:96,2
DA:97,2
DA:99,2
DA:103,1
DA:104,1
DA:108,1
DA:110,1
DA:118,1
DA:119,1
DA:120,1
DA:121,1
DA:122,2
DA:123,2
DA:124,1
DA:127,1
DA:129,2
DA:131,1
DA:132,1
DA:134,1
DA:143,6
DA:147,2
DA:149,4
DA:150,4
DA:151,0
DA:153,4
DA:154,4
DA:155,4
DA:159,1
DA:160,0
DA:162,1
DA:163,3
DA:164,3
DA:166,2
DA:169,1
DA:170,1
DA:171,3
DA:172,3
DA:173,3
DA:174,3
DA:175,1
DA:177,2
DA:179,1
DA:180,1
DA:187,1
DA:188,1
DA:192,1
DA:193,0
DA:195,1
DA:196,1
DA:197,1
DA:201,1
DA:203,1
DA:207,1
DA:214,5
DA:215,5
DA:216,5
DA:218,5
DA:219,5
DA:222,5
DA:223,5
DA:226,5
DA:227,5
DA:230,5
DA:231,5
DA:234,5
DA:235,5
DA:244,5
DA:245,5
DA:259,2
DA:260,2
DA:261,2
DA:269,2
DA:270,2
DA:273,2
DA:274,2
DA:276,2
DA:282,64
DA:283,64
DA:284,1
DA:285,1
DA:286,1
DA:288,63
DA:290,60
DA:291,0
DA:293,60
DA:294,60
DA:302,1
DA:303,1
DA:304,1
DA:305,1
DA:310,1
DA:312,1
DA:314,5
LF:123
LH:119
BRDA:24,0,0,6
BRDA:24,0,1,4
BRDA:78,1,0,1
BRDA:78,1,1,6
BRDA:96,2,0,2
BRDA:96,2,1,0
BRDA:123,3,0,1
BRDA:123,3,1,1
BRDA:143,4,0,2
BRDA:143,4,1,4
BRDA:150,5,0,0
BRDA:150,5,1,4
BRDA:159,6,0,0
BRDA:159,6,1,1
BRDA:174,7,0,1
BRDA:174,7,1,2
BRDA:192,8,0,0
BRDA:192,8,1,1
BRDA:283,9,0,1
BRDA:283,9,1,63
BRDA:290,10,0,0
BRDA:290,10,1,60
BRF:22
BRH:17
end_of_record
TN:
SF:/home/circleci/repo/packages/sportident/lib/constants.js
FN:34,(anonymous_0)
FN:68,(anonymous_1)
FNF:2
FNH:0
FNDA:0,(anonymous_0)
FNDA:0,(anonymous_1)
DA:2,1
DA:3,1
DA:4,1
DA:35,0
DA:69,0
LF:5
LH:3
BRF:0
BRH:0
end_of_record
TN:
SF:/home/circleci/repo/packages/sportident/lib/index.js
FN:4,(anonymous_0)
FNF:1
FNH:1
FNDA:8,(anonymous_0)
DA:4,1
DA:5,8
DA:6,0
DA:7,0
DA:8,0
DA:9,0
DA:11,1
DA:12,1
DA:13,1
DA:14,1
DA:15,1
DA:16,1
DA:17,1
DA:18,1
DA:19,1
DA:20,1
DA:21,1
LF:17
LH:13
BRDA:4,0,0,1
BRDA:4,0,1,1
BRDA:4,0,2,1
BRDA:5,1,0,8
BRDA:5,1,1,0
BRDA:5,2,0,8
BRDA:5,2,1,8
BRDA:7,3,0,0
BRDA:7,3,1,0
BRDA:7,4,0,0
BRDA:7,4,1,0
BRF:11
BRH:6
end_of_record
TN:
SF:/home/circleci/repo/packages/sportident/lib/siProtocol.js
FN:2,(anonymous_0)
FN:5,(anonymous_1)
FN:17,(anonymous_2)
FN:25,(anonymous_3)
FN:37,(anonymous_4)
FN:68,(anonymous_5)
FN:80,(anonymous_6)
FN:81,(anonymous_7)
FN:99,(anonymous_8)
FN:116,(anonymous_9)
FN:125,(anonymous_10)
FN:156,(anonymous_11)
FN:157,(anonymous_12)
FN:161,(anonymous_13)
FN:219,(anonymous_14)
FN:236,(anonymous_15)
FN:237,(anonymous_16)
FN:250,(anonymous_17)
FN:251,(anonymous_18)
FN:252,(anonymous_19)
FN:261,(anonymous_20)
FN:265,(anonymous_21)
FN:267,(anonymous_22)
FN:270,(anonymous_23)
FN:280,(anonymous_24)
FN:287,(anonymous_25)
FN:290,(anonymous_26)
FN:295,(anonymous_27)
FNF:28
FNH:3
FNDA:1,(anonymous_0)
FNDA:2,(anonymous_1)
FNDA:0,(anonymous_2)
FNDA:0,(anonymous_3)
FNDA:0,(anonymous_4)
FNDA:0,(anonymous_5)
FNDA:0,(anonymous_6)
FNDA:0,(anonymous_7)
FNDA:0,(anonymous_8)
FNDA:0,(anonymous_9)
FNDA:0,(anonymous_10)
FNDA:0,(anonymous_11)
FNDA:0,(anonymous_12)
FNDA:0,(anonymous_13)
FNDA:0,(anonymous_14)
FNDA:0,(anonymous_15)
FNDA:0,(anonymous_16)
FNDA:0,(anonymous_17)
FNDA:0,(anonymous_18)
FNDA:0,(anonymous_19)
FNDA:3,(anonymous_20)
FNDA:0,(anonymous_21)
FNDA:0,(anonymous_22)
FNDA:0,(anonymous_23)
FNDA:0,(anonymous_24)
FNDA:0,(anonymous_25)
FNDA:0,(anonymous_26)
FNDA:0,(anonymous_27)
DA:2,1
DA:3,1
DA:5,1
DA:6,2
DA:7,0
DA:8,0
DA:9,0
DA:10,0
DA:12,1
DA:13,1
DA:14,1
DA:15,1
DA:16,1
DA:17,1
DA:18,0
DA:19,0
DA:20,0
DA:21,0
DA:23,0
DA:25,1
DA:26,0
DA:27,0
DA:28,0
DA:29,0
DA:30,0
DA:32,0
DA:33,0
DA:34,0
DA:36,0
DA:37,0
DA:38,0
DA:39,0
DA:40,0
DA:41,0
DA:43,0
DA:45,0
DA:46,0
DA:47,0
DA:48,0
DA:49,0
DA:50,0
DA:51,0
DA:52,0
DA:53,0
DA:54,0
DA:61,0
DA:62,0
DA:63,0
DA:64,0
DA:66,0
DA:68,1
DA:69,0
DA:70,0
DA:80,1
DA:81,0
DA:82,0
DA:84,0
DA:85,0
DA:86,0
DA:87,0
DA:88,0
DA:89,0
DA:92,0
DA:94,0
DA:95,0
DA:97,0
DA:99,1
DA:100,0
DA:101,0
DA:103,0
DA:106,0
DA:109,0
DA:116,1
DA:117,0
DA:118,0
DA:119,0
DA:121,0
DA:122,0
DA:123,0
DA:125,1
DA:126,0
DA:127,0
DA:128,0
DA:129,0
DA:131,0
DA:132,0
DA:133,0
DA:134,0
DA:135,0
DA:136,0
DA:137,0
DA:138,0
DA:139,0
DA:140,0
DA:142,0
DA:145,0
DA:146,0
DA:147,0
DA:150,0
DA:152,0
DA:154,0
DA:156,1
DA:157,0
DA:161,0
DA:167,0
DA:168,0
DA:170,0
DA:171,0
DA:173,0
DA:174,0
DA:176,0
DA:177,0
DA:179,0
DA:180,0
DA:181,0
DA:183,0
DA:184,0
DA:186,0
DA:187,0
DA:188,0
DA:190,0
DA:191,0
DA:192,0
DA:194,0
DA:195,0
DA:196,0
DA:198,0
DA:199,0
DA:201,0
DA:202,0
DA:203,0
DA:205,0
DA:206,0
DA:207,0
DA:208,0
DA:209,0
DA:211,0
DA:219,1
DA:220,0
DA:221,0
DA:222,0
DA:223,0
DA:224,0
DA:225,0
DA:226,0
DA:227,0
DA:229,0
DA:231,0
DA:236,1
DA:237,0
DA:238,0
DA:243,0
DA:244,0
DA:246,0
DA:247,0
DA:249,0
DA:250,0
DA:251,0
DA:252,0
DA:254,0
DA:255,0
DA:256,0
DA:258,0
DA:262,3
DA:263,3
DA:264,3
DA:265,3
DA:268,0
DA:271,0
DA:272,0
DA:273,0
DA:274,0
DA:275,0
DA:276,0
DA:277,0
DA:278,0
DA:281,0
DA:282,0
DA:283,0
DA:285,0
DA:288,0
DA:289,0
DA:290,0
DA:291,0
DA:293,0
DA:296,0
DA:297,0
DA:300,1
LF:188
LH:24
BRDA:2,0,0,1
BRDA:2,0,1,1
BRDA:2,0,2,1
BRDA:3,1,0,0
BRDA:3,1,1,1
BRDA:3,2,0,1
BRDA:3,2,1,1
BRDA:5,3,0,1
BRDA:5,3,1,1
BRDA:5,3,2,1
BRDA:6,4,0,2
BRDA:6,4,1,0
BRDA:6,5,0,2
BRDA:6,5,1,2
BRDA:8,6,0,0
BRDA:8,6,1,0
BRDA:8,7,0,0
BRDA:8,7,1,0
BRDA:20,8,0,0
BRDA:20,8,1,0
BRDA:20,9,0,0
BRDA:20,9,1,0
BRDA:28,10,0,0
BRDA:28,10,1,0
BRDA:32,11,0,0
BRDA:32,11,1,0
BRDA:36,12,0,0
BRDA:36,12,1,0
BRDA:40,13,0,0
BRDA:40,13,1,0
BRDA:48,14,0,0
BRDA:48,14,1,0
BRDA:49,15,0,0
BRDA:49,15,1,0
BRDA:50,16,0,0
BRDA:50,16,1,0
BRDA:51,17,0,0
BRDA:51,17,1,0
BRDA:52,18,0,0
BRDA:52,18,1,0
BRDA:54,19,0,0
BRDA:54,19,1,0
BRDA:54,19,2,0
BRDA:54,19,3,0
BRDA:54,19,4,0
BRDA:54,19,5,0
BRDA:54,19,6,0
BRDA:61,20,0,0
BRDA:61,20,1,0
BRDA:81,21,0,0
BRDA:81,21,1,0
BRDA:87,22,0,0
BRDA:87,22,1,0
BRDA:88,23,0,0
BRDA:88,23,1,0
BRDA:88,24,0,0
BRDA:88,24,1,0
BRDA:94,25,0,0
BRDA:94,25,1,0
BRDA:100,26,0,0
BRDA:100,26,1,0
BRDA:103,27,0,0
BRDA:103,27,1,0
BRDA:106,28,0,0
BRDA:106,28,1,0
BRDA:117,29,0,0
BRDA:117,29,1,0
BRDA:128,30,0,0
BRDA:128,30,1,0
BRDA:129,31,0,0
BRDA:129,31,1,0
BRDA:129,32,0,0
BRDA:129,32,1,0
BRDA:131,33,0,0
BRDA:131,33,1,0
BRDA:137,34,0,0
BRDA:137,34,1,0
BRDA:139,35,0,0
BRDA:139,35,1,0
BRDA:146,36,0,0
BRDA:146,36,1,0
BRDA:167,37,0,0
BRDA:167,37,1,0
BRDA:170,38,0,0
BRDA:170,38,1,0
BRDA:173,39,0,0
BRDA:173,39,1,0
BRDA:176,40,0,0
BRDA:176,40,1,0
BRDA:179,41,0,0
BRDA:179,41,1,0
BRDA:183,42,0,0
BRDA:183,42,1,0
BRDA:187,43,0,0
BRDA:187,43,1,0
BRDA:191,44,0,0
BRDA:191,44,1,0
BRDA:195,45,0,0
BRDA:195,45,1,0
BRDA:198,46,0,0
BRDA:198,46,1,0
BRDA:201,47,0,0
BRDA:201,47,1,0
BRDA:207,48,0,0
BRDA:207,48,1,0
BRDA:226,49,0,0
BRDA:226,49,1,0
BRDA:246,50,0,0
BRDA:246,50,1,0
BRDA:255,51,0,0
BRDA:255,51,1,0
BRDA:282,52,0,0
BRDA:282,52,1,0
BRDA:289,53,0,0
BRDA:289,53,1,0
BRDA:289,54,0,0
BRDA:289,54,1,0
BRF:117
BRH:12
end_of_record
TN:
SF:/home/circleci/repo/packages/sportident/lib/testUtils.js
FN:3,(anonymous_0)
FN:4,adopt
FN:4,(anonymous_2)
FN:5,(anonymous_3)
FN:6,fulfilled
FN:7,rejected
FN:8,step
FN:12,(anonymous_7)
FN:17,(anonymous_8)
FN:20,(anonymous_9)
FN:20,(anonymous_10)
FN:23,(anonymous_11)
FN:23,(anonymous_12)
FN:27,(anonymous_13)
FN:27,(anonymous_14)
FN:34,(anonymous_15)
FN:35,(anonymous_16)
FN:36,(anonymous_17)
FN:37,(anonymous_18)
FN:40,(anonymous_19)
FN:47,(anonymous_20)
FN:49,(anonymous_21)
FN:52,(anonymous_22)
FNF:23
FNH:11
FNDA:1216,(anonymous_0)
FNDA:1797,adopt
FNDA:0,(anonymous_2)
FNDA:1216,(anonymous_3)
FNDA:1797,fulfilled
FNDA:0,rejected
FNDA:3013,step
FNDA:3,(anonymous_7)
FNDA:3,(anonymous_8)
FNDA:0,(anonymous_9)
FNDA:0,(anonymous_10)
FNDA:599,(anonymous_11)
FNDA:599,(anonymous_12)
FNDA:617,(anonymous_13)
FNDA:617,(anonymous_14)
FNDA:0,(anonymous_15)
FNDA:0,(anonymous_16)
FNDA:0,(anonymous_17)
FNDA:0,(anonymous_18)
FNDA:0,(anonymous_19)
FNDA:0,(anonymous_20)
FNDA:0,(anonymous_21)
FNDA:0,(anonymous_22)
DA:3,3
DA:4,1797
DA:5,1216
DA:6,1797
DA:7,0
DA:8,3013
DA:9,1216
DA:12,3
DA:13,3
DA:15,3
DA:16,3
DA:17,3
DA:18,3
DA:20,3
DA:21,0
DA:23,599
DA:24,599
DA:25,599
DA:27,617
DA:28,617
DA:29,18
DA:31,599
DA:32,599
DA:34,3
DA:35,3
DA:36,3
DA:37,0
DA:38,0
DA:39,0
DA:40,0
DA:41,0
DA:42,0
DA:45,0
DA:47,3
DA:48,0
DA:49,0
DA:50,0
DA:52,3
DA:53,0
DA:54,0
DA:55,0
DA:56,0
DA:57,0
LF:43
LH:26
BRDA:3,0,0,3
BRDA:3,0,1,3
BRDA:3,0,2,3
BRDA:4,1,0,1797
BRDA:4,1,1,0
BRDA:5,2,0,1216
BRDA:5,2,1,1216
BRDA:8,3,0,1216
BRDA:8,3,1,1797
BRDA:9,4,0,1216
BRDA:9,4,1,1216
BRDA:12,5,0,3
BRDA:12,5,1,3
BRDA:12,5,2,3
BRDA:13,6,0,0
BRDA:13,6,1,3
BRDA:13,7,0,3
BRDA:13,7,1,3
BRDA:28,8,0,18
BRDA:28,8,1,599
BRDA:41,9,0,0
BRDA:41,9,1,0
BRDA:53,10,0,0
BRDA:53,10,1,0
BRDA:54,11,0,0
BRDA:54,11,1,0
BRF:26
BRH:18
end_of_record
TN:
SF:/home/circleci/repo/packages/sportident/lib/SiCard/BaseSiCard.js
FN:2,(anonymous_0)
FN:16,(anonymous_1)
FN:20,(anonymous_2)
FN:23,(anonymous_3)
FN:27,(anonymous_4)
FN:31,(anonymous_5)
FN:38,(anonymous_6)
FN:60,(anonymous_7)
FN:63,(anonymous_8)
FN:66,(anonymous_9)
FN:68,(anonymous_10)
FN:70,(anonymous_11)
FN:73,(anonymous_12)
FN:76,(anonymous_13)
FN:84,(anonymous_14)
FN:87,(anonymous_15)
FNF:16
FNH:2
FNDA:2,(anonymous_0)
FNDA:0,(anonymous_1)
FNDA:0,(anonymous_2)
FNDA:12,(anonymous_3)
FNDA:0,(anonymous_4)
FNDA:0,(anonymous_5)
FNDA:0,(anonymous_6)
FNDA:0,(anonymous_7)
FNDA:0,(anonymous_8)
FNDA:0,(anonymous_9)
FNDA:0,(anonymous_10)
FNDA:0,(anonymous_11)
FNDA:0,(anonymous_12)
FNDA:0,(anonymous_13)
FNDA:0,(anonymous_14)
FNDA:0,(anonymous_15)
DA:2,1
DA:3,2
DA:4,0
DA:5,0
DA:6,0
DA:7,0
DA:9,1
DA:10,1
DA:11,1
DA:12,1
DA:13,1
DA:14,1
DA:17,0
DA:18,0
DA:21,0
DA:24,12
DA:25,12
DA:28,0
DA:32,0
DA:33,0
DA:34,0
DA:36,0
DA:39,0
DA:40,0
DA:42,0
DA:43,0
DA:44,0
DA:46,0
DA:47,0
DA:48,0
DA:50,0
DA:51,0
DA:52,0
DA:54,0
DA:55,0
DA:57,0
DA:61,0
DA:64,0
DA:67,0
DA:68,0
DA:71,0
DA:74,0
DA:77,0
DA:78,0
DA:80,0
DA:85,0
DA:88,0
DA:91,1
DA:93,1
DA:94,1
LF:50
LH:13
BRDA:2,0,0,1
BRDA:2,0,1,1
BRDA:2,0,2,1
BRDA:3,1,0,2
BRDA:3,1,1,0
BRDA:3,2,0,2
BRDA:3,2,1,2
BRDA:5,3,0,0
BRDA:5,3,1,0
BRDA:5,4,0,0
BRDA:5,4,1,0
BRDA:33,5,0,0
BRDA:33,5,1,0
BRDA:39,6,0,0
BRDA:39,6,1,0
BRDA:43,7,0,0
BRDA:43,7,1,0
BRDA:47,8,0,0
BRDA:47,8,1,0
BRDA:51,9,0,0
BRDA:51,9,1,0
BRDA:54,10,0,0
BRDA:54,10,1,0
BRDA:77,11,0,0
BRDA:77,11,1,0
BRF:25
BRH:6
end_of_record
TN:
SF:/home/circleci/repo/packages/sportident/lib/SiCard/index.js
FN:2,__export
FNF:1
FNH:1
FNDA:1,__export
DA:3,15
DA:5,1
DA:6,1
DA:7,1
DA:8,1
LF:5
LH:5
BRDA:3,0,0,15
BRDA:3,0,1,0
BRF:2
BRH:1
end_of_record
TN:
SF:/home/circleci/repo/packages/sportident/lib/SiCard/raceResultTools.js
FN:4,(anonymous_0)
FN:7,(anonymous_1)
FN:12,(anonymous_2)
FN:24,(anonymous_3)
FN:44,(anonymous_4)
FN:67,(anonymous_5)
FN:68,(anonymous_6)
FN:78,(anonymous_7)
FN:84,(anonymous_8)
FN:87,(anonymous_9)
FN:96,(anonymous_10)
FN:101,(anonymous_11)
FN:106,(anonymous_12)
FN:109,(anonymous_13)
FNF:14
FNH:0
FNDA:0,(anonymous_0)
FNDA:0,(anonymous_1)
FNDA:0,(anonymous_2)
FNDA:0,(anonymous_3)
FNDA:0,(anonymous_4)
FNDA:0,(anonymous_5)
FNDA:0,(anonymous_6)
FNDA:0,(anonymous_7)
FNDA:0,(anonymous_8)
FNDA:0,(anonymous_9)
FNDA:0,(anonymous_10)
FNDA:0,(anonymous_11)
FNDA:0,(anonymous_12)
FNDA:0,(anonymous_13)
DA:2,1
DA:3,1
DA:4,1
DA:5,0
DA:7,0
DA:10,0
DA:12,0
DA:15,0
DA:24,1
DA:25,0
DA:30,0
DA:31,0
DA:32,0
DA:34,0
DA:35,0
DA:36,0
DA:38,0
DA:39,0
DA:40,0
DA:42,0
DA:43,0
DA:44,0
DA:45,0
DA:46,0
DA:50,0
DA:53,0
DA:59,0
DA:61,0
DA:62,0
DA:63,0
DA:65,0
DA:67,1
DA:68,0
DA:69,0
DA:78,0
DA:84,1
DA:85,0
DA:86,0
DA:87,0
DA:88,0
DA:89,0
DA:91,0
DA:92,0
DA:94,0
DA:96,1
DA:97,0
DA:98,0
DA:99,0
DA:101,1
DA:102,0
DA:103,0
DA:105,0
DA:106,0
DA:107,0
DA:109,0
LF:55
LH:8
BRDA:5,0,0,0
BRDA:5,0,1,0
BRDA:6,1,0,0
BRDA:6,1,1,0
BRDA:10,2,0,0
BRDA:10,2,1,0
BRDA:11,3,0,0
BRDA:11,3,1,0
BRDA:15,4,0,0
BRDA:15,4,1,0
BRDA:16,5,0,0
BRDA:16,5,1,0
BRDA:17,6,0,0
BRDA:17,6,1,0
BRDA:18,7,0,0
BRDA:18,7,1,0
BRDA:19,8,0,0
BRDA:19,8,1,0
BRDA:30,9,0,0
BRDA:30,9,1,0
BRDA:34,10,0,0
BRDA:34,10,1,0
BRDA:38,11,0,0
BRDA:38,11,1,0
BRDA:42,12,0,0
BRDA:42,12,1,0
BRDA:45,13,0,0
BRDA:45,13,1,0
BRDA:61,14,0,0
BRDA:61,14,1,0
BRDA:68,15,0,0
BRDA:68,15,1,0
BRDA:76,16,0,0
BRDA:76,16,1,0
BRDA:88,17,0,0
BRDA:88,17,1,0
BRDA:102,18,0,0
BRDA:102,18,1,0
BRDA:106,19,0,0
BRDA:106,19,1,0
BRDA:107,20,0,0
BRDA:107,20,1,0
BRF:42
BRH:0
end_of_record
TN:
SF:/home/circleci/repo/packages/sportident/lib/SiCard/types/FCard.js
FN:2,(anonymous_0)
FN:13,(anonymous_1)
FNF:2
FNH:1
FNDA:1,(anonymous_0)
FNDA:0,(anonymous_1)
DA:2,1
DA:3,1
DA:4,0
DA:5,0
DA:6,0
DA:7,0
DA:9,1
DA:10,1
DA:11,1
DA:14,0
DA:17,1
DA:18,1
LF:12
LH:7
BRDA:2,0,0,1
BRDA:2,0,1,1
BRDA:2,0,2,1
BRDA:3,1,0,1
BRDA:3,1,1,0
BRDA:3,2,0,1
BRDA:3,2,1,1
BRDA:5,3,0,0
BRDA:5,3,1,0
BRDA:5,4,0,0
BRDA:5,4,1,0
BRF:11
BRH:6
end_of_record
TN:
SF:/home/circleci/repo/packages/sportident/lib/SiCard/types/ModernSiCard.js
FN:2,(anonymous_0)
FN:22,(anonymous_1)
FN:29,(anonymous_2)
FN:30,(anonymous_3)
FN:31,(anonymous_4)
FN:35,(anonymous_5)
FN:41,(anonymous_6)
FN:42,(anonymous_7)
FN:45,(anonymous_8)
FN:47,(anonymous_9)
FN:64,(anonymous_10)
FN:71,(anonymous_11)
FN:71,(anonymous_12)
FN:76,(anonymous_13)
FN:84,(anonymous_14)
FN:85,(anonymous_15)
FN:85,(anonymous_16)
FN:89,(anonymous_17)
FN:93,(anonymous_18)
FN:96,(anonymous_19)
FN:104,(anonymous_20)
FN:109,(anonymous_21)
FN:110,(anonymous_22)
FN:112,(anonymous_23)
FN:113,(anonymous_24)
FN:114,(anonymous_25)
FN:127,(anonymous_26)
FN:130,(anonymous_27)
FN:132,(anonymous_28)
FN:140,(anonymous_29)
FN:146,(anonymous_30)
FN:150,(anonymous_31)
FN:155,(anonymous_32)
FN:162,(anonymous_33)
FN:169,(anonymous_34)
FN:176,(anonymous_35)
FN:180,(anonymous_36)
FNF:37
FNH:2
FNDA:2,(anonymous_0)
FNDA:1,(anonymous_1)
FNDA:0,(anonymous_2)
FNDA:0,(anonymous_3)
FNDA:0,(anonymous_4)
FNDA:0,(anonymous_5)
FNDA:0,(anonymous_6)
FNDA:0,(anonymous_7)
FNDA:0,(anonymous_8)
FNDA:0,(anonymous_9)
FNDA:0,(anonymous_10)
FNDA:0,(anonymous_11)
FNDA:0,(anonymous_12)
FNDA:0,(anonymous_13)
FNDA:0,(anonymous_14)
FNDA:0,(anonymous_15)
FNDA:0,(anonymous_16)
FNDA:0,(anonymous_17)
FNDA:0,(anonymous_18)
FNDA:0,(anonymous_19)
FNDA:0,(anonymous_20)
FNDA:0,(anonymous_21)
FNDA:0,(anonymous_22)
FNDA:0,(anonymous_23)
FNDA:0,(anonymous_24)
FNDA:0,(anonymous_25)
FNDA:0,(anonymous_26)
FNDA:0,(anonymous_27)
FNDA:0,(anonymous_28)
FNDA:0,(anonymous_29)
FNDA:0,(anonymous_30)
FNDA:0,(anonymous_31)
FNDA:0,(anonymous_32)
FNDA:0,(anonymous_33)
FNDA:0,(anonymous_34)
FNDA:0,(anonymous_35)
FNDA:0,(anonymous_36)
DA:2,1
DA:3,2
DA:4,0
DA:5,0
DA:6,0
DA:7,0
DA:9,1
DA:10,1
DA:11,1
DA:12,1
DA:14,1
DA:17,1
DA:18,1
DA:19,1
DA:22,1
DA:23,1
DA:24,1
DA:25,1
DA:26,1
DA:27,1
DA:29,1
DA:30,1
DA:31,0
DA:35,0
DA:36,0
DA:39,0
DA:41,1
DA:42,0
DA:43,0
DA:44,0
DA:45,0
DA:47,1
DA:48,0
DA:49,0
DA:64,1
DA:65,0
DA:66,0
DA:68,1
DA:71,0
DA:76,0
DA:84,0
DA:85,0
DA:87,1
DA:90,0
DA:91,0
DA:94,0
DA:97,0
DA:98,0
DA:100,0
DA:105,0
DA:106,0
DA:110,0
DA:111,0
DA:112,0
DA:113,0
DA:115,0
DA:123,0
DA:124,0
DA:125,0
DA:127,0
DA:131,0
DA:133,0
DA:134,0
DA:135,0
DA:136,0
DA:141,0
DA:142,0
DA:143,0
DA:145,0
DA:147,0
DA:151,0
DA:152,0
DA:154,0
DA:156,0
DA:157,0
DA:158,0
DA:160,0
DA:163,0
DA:164,0
DA:165,0
DA:167,0
DA:170,0
DA:171,0
DA:172,0
DA:174,0
DA:177,0
DA:178,0
DA:181,0
DA:182,0
DA:184,0
DA:188,1
DA:189,1
LF:92
LH:25
BRDA:2,0,0,1
BRDA:2,0,1,1
BRDA:2,0,2,1
BRDA:3,1,0,2
BRDA:3,1,1,0
BRDA:3,2,0,2
BRDA:3,2,1,2
BRDA:5,3,0,0
BRDA:5,3,1,0
BRDA:5,4,0,0
BRDA:5,4,1,0
BRDA:28,5,0,1
BRDA:28,5,1,1
BRDA:31,6,0,0
BRDA:31,6,1,0
BRDA:31,6,2,0
BRDA:31,6,3,0
BRDA:36,7,0,0
BRDA:36,7,1,0
BRDA:42,8,0,0
BRDA:42,8,1,0
BRDA:44,9,0,0
BRDA:44,9,1,0
BRDA:50,10,0,0
BRDA:50,10,1,0
BRDA:51,11,0,0
BRDA:51,11,1,0
BRDA:52,12,0,0
BRDA:52,12,1,0
BRDA:53,13,0,0
BRDA:53,13,1,0
BRDA:54,14,0,0
BRDA:54,14,1,0
BRDA:55,15,0,0
BRDA:55,15,1,0
BRDA:56,16,0,0
BRDA:56,16,1,0
BRDA:57,17,0,0
BRDA:57,17,1,0
BRDA:58,18,0,0
BRDA:58,18,1,0
BRDA:59,19,0,0
BRDA:59,19,1,0
BRDA:60,20,0,0
BRDA:60,20,1,0
BRDA:66,21,0,0
BRDA:66,21,1,0
BRDA:94,22,0,0
BRDA:94,22,1,0
BRDA:97,23,0,0
BRDA:97,23,1,0
BRDA:135,24,0,0
BRDA:135,24,1,0
BRDA:142,25,0,0
BRDA:142,25,1,0
BRDA:142,26,0,0
BRDA:142,26,1,0
BRDA:151,27,0,0
BRDA:151,27,1,0
BRDA:157,28,0,0
BRDA:157,28,1,0
BRDA:164,29,0,0
BRDA:164,29,1,0
BRDA:171,30,0,0
BRDA:171,30,1,0
BRDA:181,31,0,0
BRDA:181,31,1,0
BRF:67
BRH:8
end_of_record
TN:
SF:/home/circleci/repo/packages/sportident/lib/SiCard/types/PCard.js
FN:2,(anonymous_0)
FN:13,(anonymous_1)
FNF:2
FNH:1
FNDA:1,(anonymous_0)
FNDA:0,(anonymous_1)
DA:2,1
DA:3,1
DA:4,0
DA:5,0
DA:6,0
DA:7,0
DA:9,1
DA:10,1
DA:11,1
DA:14,0
DA:17,1
DA:18,1
LF:12
LH:7
BRDA:2,0,0,1
BRDA:2,0,1,1
BRDA:2,0,2,1
BRDA:3,1,0,1
BRDA:3,1,1,0
BRDA:3,2,0,1
BRDA:3,2,1,1
BRDA:5,3,0,0
BRDA:5,3,1,0
BRDA:5,4,0,0
BRDA:5,4,1,0
BRF:11
BRH:6
end_of_record
TN:
SF:/home/circleci/repo/packages/sportident/lib/SiCard/types/SIAC.js
FNF:0
FNH:0
DA:2,1
DA:3,1
DA:4,1
DA:7,1
DA:8,1
LF:5
LH:5
BRF:0
BRH:0
end_of_record
TN:
SF:/home/circleci/repo/packages/sportident/lib/SiCard/types/SiCard10.js
FNF:0
FNH:0
DA:2,1
DA:3,1
DA:4,1
DA:7,1
DA:8,1
LF:5
LH:5
BRF:0
BRH:0
end_of_record
TN:
SF:/home/circleci/repo/packages/sportident/lib/SiCard/types/SiCard11.js
FNF:0
FNH:0
DA:2,1
DA:3,1
DA:4,1
DA:7,1
DA:8,1
LF:5
LH:5
BRF:0
BRH:0
end_of_record
TN:
SF:/home/circleci/repo/packages/sportident/lib/SiCard/types/SiCard5.js
FN:2,(anonymous_0)
FN:17,(anonymous_1)
FN:20,(anonymous_2)
FN:21,(anonymous_3)
FN:24,(anonymous_4)
FN:31,(anonymous_5)
FN:31,(anonymous_6)
FN:35,(anonymous_7)
FN:36,(anonymous_8)
FN:46,(anonymous_9)
FN:55,(anonymous_10)
FN:59,(anonymous_11)
FN:62,(anonymous_12)
FN:70,(anonymous_13)
FNF:14
FNH:1
FNDA:2,(anonymous_0)
FNDA:0,(anonymous_1)
FNDA:0,(anonymous_2)
FNDA:0,(anonymous_3)
FNDA:0,(anonymous_4)
FNDA:0,(anonymous_5)
FNDA:0,(anonymous_6)
FNDA:0,(anonymous_7)
FNDA:0,(anonymous_8)
FNDA:0,(anonymous_9)
FNDA:0,(anonymous_10)
FNDA:0,(anonymous_11)
FNDA:0,(anonymous_12)
FNDA:0,(anonymous_13)
DA:2,1
DA:3,2
DA:4,0
DA:5,0
DA:6,0
DA:7,0
DA:9,1
DA:10,1
DA:11,1
DA:12,1
DA:14,1
DA:15,1
DA:16,1
DA:17,1
DA:20,1
DA:21,0
DA:24,0
DA:25,0
DA:28,0
DA:30,1
DA:31,0
DA:35,0
DA:36,0
DA:46,0
DA:53,1
DA:56,0
DA:57,0
DA:60,0
DA:63,0
DA:64,0
DA:66,0
DA:71,0
DA:72,0
DA:73,0
DA:74,0
DA:76,0
DA:84,0
DA:85,0
DA:89,1
DA:90,1
DA:91,1
LF:41
LH:16
BRDA:2,0,0,1
BRDA:2,0,1,1
BRDA:2,0,2,1
BRDA:3,1,0,2
BRDA:3,1,1,0
BRDA:3,2,0,2
BRDA:3,2,1,2
BRDA:5,3,0,0
BRDA:5,3,1,0
BRDA:5,4,0,0
BRDA:5,4,1,0
BRDA:17,5,0,0
BRDA:17,5,1,0
BRDA:21,6,0,0
BRDA:21,6,1,0
BRDA:21,6,2,0
BRDA:25,7,0,0
BRDA:25,7,1,0
BRDA:40,8,0,0
BRDA:40,8,1,0
BRDA:60,9,0,0
BRDA:60,9,1,0
BRDA:63,10,0,0
BRDA:63,10,1,0
BRDA:73,11,0,0
BRDA:73,11,1,0
BRF:26
BRH:6
end_of_record
TN:
SF:/home/circleci/repo/packages/sportident/lib/SiCard/types/SiCard6.js
FN:2,(anonymous_0)
FN:20,(anonymous_1)
FN:21,(anonymous_2)
FN:22,(anonymous_3)
FN:26,(anonymous_4)
FN:32,(anonymous_5)
FN:33,(anonymous_6)
FN:37,(anonymous_7)
FN:40,(anonymous_8)
FN:43,(anonymous_9)
FN:43,(anonymous_10)
FN:51,(anonymous_11)
FN:59,(anonymous_12)
FN:61,(anonymous_13)
FN:61,(anonymous_14)
FN:62,(anonymous_15)
FN:62,(anonymous_16)
FN:63,(anonymous_17)
FN:63,(anonymous_18)
FN:64,(anonymous_19)
FN:64,(anonymous_20)
FN:65,(anonymous_21)
FN:65,(anonymous_22)
FN:66,(anonymous_23)
FN:66,(anonymous_24)
FN:67,(anonymous_25)
FN:67,(anonymous_26)
FN:68,(anonymous_27)
FN:68,(anonymous_28)
FN:69,(anonymous_29)
FN:69,(anonymous_30)
FN:70,(anonymous_31)
FN:70,(anonymous_32)
FN:71,(anonymous_33)
FN:71,(anonymous_34)
FN:72,(anonymous_35)
FN:72,(anonymous_36)
FN:73,(anonymous_37)
FN:73,(anonymous_38)
FN:73,(anonymous_39)
FN:78,(anonymous_40)
FN:82,(anonymous_41)
FN:85,(anonymous_42)
FN:93,(anonymous_43)
FN:98,(anonymous_44)
FN:99,(anonymous_45)
FN:101,(anonymous_46)
FN:102,(anonymous_47)
FN:103,(anonymous_48)
FN:118,(anonymous_49)
FN:121,(anonymous_50)
FN:123,(anonymous_51)
FN:131,(anonymous_52)
FN:133,(anonymous_53)
FN:137,(anonymous_54)
FN:142,(anonymous_55)
FN:149,(anonymous_56)
FN:153,(anonymous_57)
FNF:58
FNH:1
FNDA:2,(anonymous_0)
FNDA:0,(anonymous_1)
FNDA:0,(anonymous_2)
FNDA:0,(anonymous_3)
FNDA:0,(anonymous_4)
FNDA:0,(anonymous_5)
FNDA:0,(anonymous_6)
FNDA:0,(anonymous_7)
FNDA:0,(anonymous_8)
FNDA:0,(anonymous_9)
FNDA:0,(anonymous_10)
FNDA:0,(anonymous_11)
FNDA:0,(anonymous_12)
FNDA:0,(anonymous_13)
FNDA:0,(anonymous_14)
FNDA:0,(anonymous_15)
FNDA:0,(anonymous_16)
FNDA:0,(anonymous_17)
FNDA:0,(anonymous_18)
FNDA:0,(anonymous_19)
FNDA:0,(anonymous_20)
FNDA:0,(anonymous_21)
FNDA:0,(anonymous_22)
FNDA:0,(anonymous_23)
FNDA:0,(anonymous_24)
FNDA:0,(anonymous_25)
FNDA:0,(anonymous_26)
FNDA:0,(anonymous_27)
FNDA:0,(anonymous_28)
FNDA:0,(anonymous_29)
FNDA:0,(anonymous_30)
FNDA:0,(anonymous_31)
FNDA:0,(anonymous_32)
FNDA:0,(anonymous_33)
FNDA:0,(anonymous_34)
FNDA:0,(anonymous_35)
FNDA:0,(anonymous_36)
FNDA:0,(anonymous_37)
FNDA:0,(anonymous_38)
FNDA:0,(anonymous_39)
FNDA:0,(anonymous_40)
FNDA:0,(anonymous_41)
FNDA:0,(anonymous_42)
FNDA:0,(anonymous_43)
FNDA:0,(anonymous_44)
FNDA:0,(anonymous_45)
FNDA:0,(anonymous_46)
FNDA:0,(anonymous_47)
FNDA:0,(anonymous_48)
FNDA:0,(anonymous_49)
FNDA:0,(anonymous_50)
FNDA:0,(anonymous_51)
FNDA:0,(anonymous_52)
FNDA:0,(anonymous_53)
FNDA:0,(anonymous_54)
FNDA:0,(anonymous_55)
FNDA:0,(anonymous_56)
FNDA:0,(anonymous_57)
DA:2,1
DA:3,2
DA:4,0
DA:5,0
DA:6,0
DA:7,0
DA:9,1
DA:10,1
DA:11,1
DA:12,1
DA:14,1
DA:17,1
DA:18,1
DA:19,1
DA:20,1
DA:21,1
DA:22,0
DA:26,0
DA:27,0
DA:30,0
DA:32,1
DA:33,0
DA:34,0
DA:36,0
DA:37,0
DA:38,0
DA:39,0
DA:40,0
DA:42,1
DA:43,0
DA:51,0
DA:59,0
DA:61,0
DA:62,0
DA:63,0
DA:64,0
DA:65,0
DA:66,0
DA:67,0
DA:68,0
DA:69,0
DA:70,0
DA:71,0
DA:72,0
DA:73,0
DA:76,1
DA:79,0
DA:80,0
DA:83,0
DA:86,0
DA:87,0
DA:89,0
DA:94,0
DA:95,0
DA:99,0
DA:100,0
DA:101,0
DA:102,0
DA:104,0
DA:113,0
DA:114,0
DA:115,0
DA:116,0
DA:118,0
DA:122,0
DA:124,0
DA:125,0
DA:126,0
DA:127,0
DA:132,0
DA:134,0
DA:138,0
DA:139,0
DA:141,0
DA:143,0
DA:144,0
DA:145,0
DA:147,0
DA:150,0
DA:151,0
DA:154,0
DA:155,0
DA:157,0
DA:161,1
DA:162,1
DA:163,1
DA:164,1
LF:87
LH:19
BRDA:2,0,0,1
BRDA:2,0,1,1
BRDA:2,0,2,1
BRDA:3,1,0,2
BRDA:3,1,1,0
BRDA:3,2,0,2
BRDA:3,2,1,2
BRDA:5,3,0,0
BRDA:5,3,1,0
BRDA:5,4,0,0
BRDA:5,4,1,0
BRDA:22,5,0,0
BRDA:22,5,1,0
BRDA:22,5,2,0
BRDA:22,5,3,0
BRDA:27,6,0,0
BRDA:27,6,1,0
BRDA:33,7,0,0
BRDA:33,7,1,0
BRDA:39,8,0,0
BRDA:39,8,1,0
BRDA:83,9,0,0
BRDA:83,9,1,0
BRDA:86,10,0,0
BRDA:86,10,1,0
BRDA:126,11,0,0
BRDA:126,11,1,0
BRDA:138,12,0,0
BRDA:138,12,1,0
BRDA:144,13,0,0
BRDA:144,13,1,0
BRDA:154,14,0,0
BRDA:154,14,1,0
BRF:33
BRH:6
end_of_record
TN:
SF:/home/circleci/repo/packages/sportident/lib/SiCard/types/SiCard8.js
FN:2,(anonymous_0)
FN:21,(anonymous_1)
FN:22,(anonymous_2)
FN:30,(anonymous_3)
FN:37,(anonymous_4)
FN:37,(anonymous_5)
FN:42,(anonymous_6)
FN:50,(anonymous_7)
FN:51,(anonymous_8)
FN:51,(anonymous_9)
FN:55,(anonymous_10)
FN:59,(anonymous_11)
FN:60,(anonymous_12)
FN:62,(anonymous_13)
FN:73,(anonymous_14)
FN:77,(anonymous_15)
FNF:16
FNH:1
FNDA:2,(anonymous_0)
FNDA:0,(anonymous_1)
FNDA:0,(anonymous_2)
FNDA:0,(anonymous_3)
FNDA:0,(anonymous_4)
FNDA:0,(anonymous_5)
FNDA:0,(anonymous_6)
FNDA:0,(anonymous_7)
FNDA:0,(anonymous_8)
FNDA:0,(anonymous_9)
FNDA:0,(anonymous_10)
FNDA:0,(anonymous_11)
FNDA:0,(anonymous_12)
FNDA:0,(anonymous_13)
FNDA:0,(anonymous_14)
FNDA:0,(anonymous_15)
DA:2,1
DA:3,2
DA:4,0
DA:5,0
DA:6,0
DA:7,0
DA:9,1
DA:10,1
DA:11,1
DA:13,1
DA:15,1
DA:18,1
DA:19,1
DA:20,1
DA:21,1
DA:22,1
DA:23,0
DA:24,0
DA:30,1
DA:31,0
DA:32,0
DA:34,1
DA:37,0
DA:42,0
DA:50,0
DA:51,0
DA:53,1
DA:56,0
DA:57,0
DA:60,0
DA:61,0
DA:63,0
DA:64,0
DA:65,0
DA:66,0
DA:68,0
DA:69,0
DA:71,0
DA:74,0
DA:75,0
DA:78,0
DA:79,0
DA:87,0
DA:88,0
DA:89,0
DA:90,0
DA:93,0
DA:99,1
DA:100,1
DA:101,1
DA:102,1
LF:51
LH:19
BRDA:2,0,0,1
BRDA:2,0,1,1
BRDA:2,0,2,1
BRDA:3,1,0,2
BRDA:3,1,1,0
BRDA:3,2,0,2
BRDA:3,2,1,2
BRDA:5,3,0,0
BRDA:5,3,1,0
BRDA:5,4,0,0
BRDA:5,4,1,0
BRDA:25,5,0,0
BRDA:25,5,1,0
BRDA:26,6,0,0
BRDA:26,6,1,0
BRDA:32,7,0,0
BRDA:32,7,1,0
BRDA:65,8,0,0
BRDA:65,8,1,0
BRDA:68,9,0,0
BRDA:68,9,1,0
BRDA:78,10,0,0
BRDA:78,10,1,0
BRF:23
BRH:6
end_of_record
TN:
SF:/home/circleci/repo/packages/sportident/lib/SiCard/types/SiCard9.js
FN:2,(anonymous_0)
FN:21,(anonymous_1)
FN:22,(anonymous_2)
FN:30,(anonymous_3)
FN:37,(anonymous_4)
FN:37,(anonymous_5)
FN:42,(anonymous_6)
FN:50,(anonymous_7)
FN:51,(anonymous_8)
FN:51,(anonymous_9)
FN:55,(anonymous_10)
FN:59,(anonymous_11)
FN:60,(anonymous_12)
FN:62,(anonymous_13)
FN:73,(anonymous_14)
FN:77,(anonymous_15)
FNF:16
FNH:1
FNDA:2,(anonymous_0)
FNDA:0,(anonymous_1)
FNDA:0,(anonymous_2)
FNDA:0,(anonymous_3)
FNDA:0,(anonymous_4)
FNDA:0,(anonymous_5)
FNDA:0,(anonymous_6)
FNDA:0,(anonymous_7)
FNDA:0,(anonymous_8)
FNDA:0,(anonymous_9)
FNDA:0,(anonymous_10)
FNDA:0,(anonymous_11)
FNDA:0,(anonymous_12)
FNDA:0,(anonymous_13)
FNDA:0,(anonymous_14)
FNDA:0,(anonymous_15)
DA:2,1
DA:3,2
DA:4,0
DA:5,0
DA:6,0
DA:7,0
DA:9,1
DA:10,1
DA:11,1
DA:13,1
DA:15,1
DA:18,1
DA:19,1
DA:20,1
DA:21,1
DA:22,1
DA:23,0
DA:24,0
DA:30,1
DA:31,0
DA:32,0
DA:34,1
DA:37,0
DA:42,0
DA:50,0
DA:51,0
DA:53,1
DA:56,0
DA:57,0
DA:60,0
DA:61,0
DA:63,0
DA:64,0
DA:65,0
DA:66,0
DA:68,0
DA:69,0
DA:71,0
DA:74,0
DA:75,0
DA:78,0
DA:79,0
DA:87,0
DA:88,0
DA:89,0
DA:90,0
DA:93,0
DA:99,1
DA:100,1
DA:101,1
LF:50
LH:18
BRDA:2,0,0,1
BRDA:2,0,1,1
BRDA:2,0,2,1
BRDA:3,1,0,2
BRDA:3,1,1,0
BRDA:3,2,0,2
BRDA:3,2,1,2
BRDA:5,3,0,0
BRDA:5,3,1,0
BRDA:5,4,0,0
BRDA:5,4,1,0
BRDA:25,5,0,0
BRDA:25,5,1,0
BRDA:26,6,0,0
BRDA:26,6,1,0
BRDA:32,7,0,0
BRDA:32,7,1,0
BRDA:65,8,0,0
BRDA:65,8,1,0
BRDA:68,9,0,0
BRDA:68,9,1,0
BRDA:78,10,0,0
BRDA:78,10,1,0
BRF:23
BRH:6
end_of_record
TN:
SF:/home/circleci/repo/packages/sportident/lib/SiCard/types/TCard.js
FN:2,(anonymous_0)
FN:13,(anonymous_1)
FNF:2
FNH:1
FNDA:1,(anonymous_0)
FNDA:0,(anonymous_1)
DA:2,1
DA:3,1
DA:4,0
DA:5,0
DA:6,0
DA:7,0
DA:9,1
DA:10,1
DA:11,1
DA:14,0
DA:17,1
DA:18,1
LF:12
LH:7
BRDA:2,0,0,1
BRDA:2,0,1,1
BRDA:2,0,2,1
BRDA:3,1,0,1
BRDA:3,1,1,0
BRDA:3,2,0,1
BRDA:3,2,1,1
BRDA:5,3,0,0
BRDA:5,3,1,0
BRDA:5,4,0,0
BRDA:5,4,1,0
BRF:11
BRH:6
end_of_record
TN:
SF:/home/circleci/repo/packages/sportident/lib/SiCard/types/index.js
FNF:0
FNH:0
DA:2,1
DA:3,1
DA:4,1
DA:5,1
DA:6,1
DA:7,1
DA:8,1
DA:9,1
DA:10,1
DA:11,1
DA:12,1
DA:13,1
DA:14,1
DA:15,1
DA:16,1
DA:17,1
DA:18,1
DA:19,1
DA:20,1
DA:21,1
DA:22,1
DA:23,1
DA:24,1
DA:25,1
DA:26,1
DA:27,1
DA:28,1
DA:29,1
DA:30,1
DA:31,1
DA:32,1
LF:31
LH:31
BRF:0
BRH:0
end_of_record
TN:
SF:/home/circleci/repo/packages/sportident/lib/SiCard/types/modernSiCardExamples.js
FN:2,(anonymous_0)
FN:5,(anonymous_1)
FN:17,(anonymous_2)
FN:17,(anonymous_3)
FN:18,(anonymous_4)
FN:28,(anonymous_5)
FN:38,(anonymous_6)
FN:48,(anonymous_7)
FN:119,(anonymous_8)
FN:128,(anonymous_9)
FN:164,(anonymous_10)
FN:173,(anonymous_11)
FN:209,(anonymous_12)
FN:218,(anonymous_13)
FN:263,(anonymous_14)
FN:272,(anonymous_15)
FN:308,(anonymous_16)
FN:353,(anonymous_17)
FNF:18
FNH:2
FNDA:1,(anonymous_0)
FNDA:1,(anonymous_1)
FNDA:0,(anonymous_2)
FNDA:0,(anonymous_3)
FNDA:0,(anonymous_4)
FNDA:0,(anonymous_5)
FNDA:0,(anonymous_6)
FNDA:0,(anonymous_7)
FNDA:0,(anonymous_8)
FNDA:0,(anonymous_9)
FNDA:0,(anonymous_10)
FNDA:0,(anonymous_11)
FNDA:0,(anonymous_12)
FNDA:0,(anonymous_13)
FNDA:0,(anonymous_14)
FNDA:0,(anonymous_15)
FNDA:0,(anonymous_16)
FNDA:0,(anonymous_17)
DA:2,1
DA:3,1
DA:5,1
DA:6,1
DA:7,0
DA:8,0
DA:9,0
DA:10,0
DA:12,1
DA:13,1
DA:14,1
DA:15,1
DA:16,1
DA:17,1
DA:18,1
DA:28,1
DA:38,1
DA:48,1
DA:119,1
DA:128,0
DA:164,1
DA:173,0
DA:209,1
DA:218,0
DA:263,1
DA:272,0
DA:308,1
DA:353,1
LF:28
LH:20
BRDA:2,0,0,1
BRDA:2,0,1,1
BRDA:2,0,2,1
BRDA:3,1,0,0
BRDA:3,1,1,1
BRDA:3,2,0,1
BRDA:3,2,1,1
BRDA:5,3,0,1
BRDA:5,3,1,1
BRDA:5,3,2,1
BRDA:6,4,0,1
BRDA:6,4,1,0
BRDA:6,5,0,1
BRDA:6,5,1,1
BRDA:8,6,0,0
BRDA:8,6,1,0
BRDA:8,7,0,0
BRDA:8,7,1,0
BRF:18
BRH:12
end_of_record
TN:
SF:/home/circleci/repo/packages/sportident/lib/SiCard/types/siCard5Examples.js
FN:2,(anonymous_0)
FN:5,(anonymous_1)
FN:16,(anonymous_2)
FN:55,(anonymous_3)
FN:63,(anonymous_4)
FN:64,(anonymous_5)
FN:80,(anonymous_6)
FNF:7
FNH:2
FNDA:1,(anonymous_0)
FNDA:1,(anonymous_1)
FNDA:0,(anonymous_2)
FNDA:0,(anonymous_3)
FNDA:0,(anonymous_4)
FNDA:0,(anonymous_5)
FNDA:0,(anonymous_6)
DA:2,1
DA:3,1
DA:5,1
DA:6,1
DA:7,0
DA:8,0
DA:9,0
DA:10,0
DA:12,1
DA:13,1
DA:14,1
DA:15,1
DA:16,1
DA:55,1
DA:63,0
DA:64,0
DA:80,1
LF:17
LH:11
BRDA:2,0,0,1
BRDA:2,0,1,1
BRDA:2,0,2,1
BRDA:3,1,0,0
BRDA:3,1,1,1
BRDA:3,2,0,1
BRDA:3,2,1,1
BRDA:5,3,0,1
BRDA:5,3,1,1
BRDA:5,3,2,1
BRDA:6,4,0,1
BRDA:6,4,1,0
BRDA:6,5,0,1
BRDA:6,5,1,1
BRDA:8,6,0,0
BRDA:8,6,1,0
BRDA:8,7,0,0
BRDA:8,7,1,0
BRF:18
BRH:12
end_of_record
TN:
SF:/home/circleci/repo/packages/sportident/lib/SiCard/types/siCard6Examples.js
FN:2,(anonymous_0)
FN:5,(anonymous_1)
FN:16,(anonymous_2)
FN:16,(anonymous_3)
FN:17,(anonymous_4)
FN:27,(anonymous_5)
FN:37,(anonymous_6)
FN:47,(anonymous_7)
FN:57,(anonymous_8)
FN:115,(anonymous_9)
FN:125,(anonymous_10)
FN:174,(anonymous_11)
FN:184,(anonymous_12)
FN:216,(anonymous_13)
FN:255,(anonymous_14)
FNF:15
FNH:2
FNDA:1,(anonymous_0)
FNDA:1,(anonymous_1)
FNDA:0,(anonymous_2)
FNDA:0,(anonymous_3)
FNDA:0,(anonymous_4)
FNDA:0,(anonymous_5)
FNDA:0,(anonymous_6)
FNDA:0,(anonymous_7)
FNDA:0,(anonymous_8)
FNDA:0,(anonymous_9)
FNDA:0,(anonymous_10)
FNDA:0,(anonymous_11)
FNDA:0,(anonymous_12)
FNDA:0,(anonymous_13)
FNDA:0,(anonymous_14)
DA:2,1
DA:3,1
DA:5,1
DA:6,1
DA:7,0
DA:8,0
DA:9,0
DA:10,0
DA:12,1
DA:13,1
DA:14,1
DA:15,1
DA:16,1
DA:17,1
DA:27,1
DA:37,1
DA:47,1
DA:57,0
DA:115,1
DA:125,0
DA:174,1
DA:184,0
DA:216,1
DA:255,1
LF:24
LH:17
BRDA:2,0,0,1
BRDA:2,0,1,1
BRDA:2,0,2,1
BRDA:3,1,0,0
BRDA:3,1,1,1
BRDA:3,2,0,1
BRDA:3,2,1,1
BRDA:5,3,0,1
BRDA:5,3,1,1
BRDA:5,3,2,1
BRDA:6,4,0,1
BRDA:6,4,1,0
BRDA:6,5,0,1
BRDA:6,5,1,1
BRDA:8,6,0,0
BRDA:8,6,1,0
BRDA:8,7,0,0
BRDA:8,7,1,0
BRF:18
BRH:12
end_of_record
TN:
SF:/home/circleci/repo/packages/sportident/lib/SiCard/types/siCard8Examples.js
FN:2,(anonymous_0)
FN:5,(anonymous_1)
FN:16,(anonymous_2)
FN:26,(anonymous_3)
FN:36,(anonymous_4)
FN:91,(anonymous_5)
FN:99,(anonymous_6)
FN:120,(anonymous_7)
FN:149,(anonymous_8)
FNF:9
FNH:2
FNDA:1,(anonymous_0)
FNDA:1,(anonymous_1)
FNDA:0,(anonymous_2)
FNDA:0,(anonymous_3)
FNDA:0,(anonymous_4)
FNDA:0,(anonymous_5)
FNDA:0,(anonymous_6)
FNDA:0,(anonymous_7)
FNDA:0,(anonymous_8)
DA:2,1
DA:3,1
DA:5,1
DA:6,1
DA:7,0
DA:8,0
DA:9,0
DA:10,0
DA:12,1
DA:13,1
DA:14,1
DA:15,1
DA:16,1
DA:26,1
DA:36,1
DA:91,1
DA:99,0
DA:120,1
DA:149,1
LF:19
LH:14
BRDA:2,0,0,1
BRDA:2,0,1,1
BRDA:2,0,2,1
BRDA:3,1,0,0
BRDA:3,1,1,1
BRDA:3,2,0,1
BRDA:3,2,1,1
BRDA:5,3,0,1
BRDA:5,3,1,1
BRDA:5,3,2,1
BRDA:6,4,0,1
BRDA:6,4,1,0
BRDA:6,5,0,1
BRDA:6,5,1,1
BRDA:8,6,0,0
BRDA:8,6,1,0
BRDA:8,7,0,0
BRDA:8,7,1,0
BRF:18
BRH:12
end_of_record
TN:
SF:/home/circleci/repo/packages/sportident/lib/SiCard/types/siCard9Examples.js
FN:2,(anonymous_0)
FN:5,(anonymous_1)
FN:16,(anonymous_2)
FN:26,(anonymous_3)
FN:36,(anonymous_4)
FN:82,(anonymous_5)
FN:90,(anonymous_6)
FN:111,(anonymous_7)
FN:140,(anonymous_8)
FNF:9
FNH:2
FNDA:1,(anonymous_0)
FNDA:1,(anonymous_1)
FNDA:0,(anonymous_2)
FNDA:0,(anonymous_3)
FNDA:0,(anonymous_4)
FNDA:0,(anonymous_5)
FNDA:0,(anonymous_6)
FNDA:0,(anonymous_7)
FNDA:0,(anonymous_8)
DA:2,1
DA:3,1
DA:5,1
DA:6,1
DA:7,0
DA:8,0
DA:9,0
DA:10,0
DA:12,1
DA:13,1
DA:14,1
DA:15,1
DA:16,1
DA:26,1
DA:36,1
DA:82,1
DA:90,0
DA:111,1
DA:140,1
LF:19
LH:14
BRDA:2,0,0,1
BRDA:2,0,1,1
BRDA:2,0,2,1
BRDA:3,1,0,0
BRDA:3,1,1,1
BRDA:3,2,0,1
BRDA:3,2,1,1
BRDA:5,3,0,1
BRDA:5,3,1,1
BRDA:5,3,2,1
BRDA:6,4,0,1
BRDA:6,4,1,0
BRDA:6,5,0,1
BRDA:6,5,1,1
BRDA:8,6,0,0
BRDA:8,6,1,0
BRDA:8,7,0,0
BRDA:8,7,1,0
BRF:18
BRH:12
end_of_record
TN:
SF:/home/circleci/repo/packages/sportident/lib/SiDevice/ISiDevice.js
FN:2,(anonymous_0)
FN:13,(anonymous_1)
FN:23,(anonymous_2)
FN:35,(anonymous_3)
FNF:4
FNH:4
FNDA:3,(anonymous_0)
FNDA:3,(anonymous_1)
FNDA:10,(anonymous_2)
FNDA:59,(anonymous_3)
DA:2,3
DA:3,3
DA:4,0
DA:5,0
DA:6,0
DA:7,0
DA:9,3
DA:10,3
DA:13,3
DA:14,3
DA:15,3
DA:16,3
DA:17,3
DA:21,3
DA:28,10
DA:29,10
DA:30,10
DA:33,3
DA:40,59
DA:41,59
DA:42,59
DA:45,3
LF:22
LH:18
BRDA:2,0,0,3
BRDA:2,0,1,3
BRDA:2,0,2,3
BRDA:3,1,0,3
BRDA:3,1,1,0
BRDA:3,2,0,3
BRDA:3,2,1,3
BRDA:5,3,0,0
BRDA:5,3,1,0
BRDA:5,4,0,0
BRDA:5,4,1,0
BRDA:18,5,0,3
BRDA:18,5,1,3
BRF:13
BRH:8
end_of_record
TN:
SF:/home/circleci/repo/packages/sportident/lib/SiDevice/ISiDeviceDriver.js
FN:2,(anonymous_0)
FN:12,(anonymous_1)
FN:21,(anonymous_2)
FNF:3
FNH:3
FNDA:1,(anonymous_0)
FNDA:2,(anonymous_1)
FNDA:2,(anonymous_2)
DA:2,1
DA:3,1
DA:4,0
DA:5,0
DA:6,0
DA:7,0
DA:9,1
DA:10,1
DA:15,2
DA:16,2
DA:19,1
DA:24,2
DA:25,2
DA:28,1
LF:14
LH:10
BRDA:2,0,0,1
BRDA:2,0,1,1
BRDA:2,0,2,1
BRDA:3,1,0,1
BRDA:3,1,1,0
BRDA:3,2,0,1
BRDA:3,2,1,1
BRDA:5,3,0,0
BRDA:5,3,1,0
BRDA:5,4,0,0
BRDA:5,4,1,0
BRF:11
BRH:6
end_of_record
TN:
SF:/home/circleci/repo/packages/sportident/lib/SiDevice/SiDevice.js
FN:2,(anonymous_0)
FN:14,(anonymous_1)
FN:20,(anonymous_2)
FN:23,(anonymous_3)
FN:29,(anonymous_4)
FN:42,(anonymous_5)
FN:48,(anonymous_6)
FN:57,(anonymous_7)
FN:70,(anonymous_8)
FN:74,(anonymous_9)
FN:83,(anonymous_10)
FN:86,(anonymous_11)
FN:90,(anonymous_12)
FN:98,(anonymous_13)
FN:99,(anonymous_14)
FN:108,(anonymous_15)
FN:111,(anonymous_16)
FN:115,(anonymous_17)
FN:118,(anonymous_18)
FNF:19
FNH:13
FNDA:3,(anonymous_0)
FNDA:7,(anonymous_1)
FNDA:17,(anonymous_2)
FNDA:11,(anonymous_3)
FNDA:4,(anonymous_4)
FNDA:4,(anonymous_5)
FNDA:0,(anonymous_6)
FNDA:1,(anonymous_7)
FNDA:1,(anonymous_8)
FNDA:0,(anonymous_9)
FNDA:63,(anonymous_10)
FNDA:59,(anonymous_11)
FNDA:0,(anonymous_12)
FNDA:59,(anonymous_13)
FNDA:0,(anonymous_14)
FNDA:0,(anonymous_15)
FNDA:1,(anonymous_16)
FNDA:63,(anonymous_17)
FNDA:0,(anonymous_18)
DA:2,3
DA:3,3
DA:4,0
DA:5,0
DA:6,0
DA:7,0
DA:9,3
DA:11,3
DA:12,3
DA:15,7
DA:16,7
DA:17,7
DA:18,7
DA:21,17
DA:24,11
DA:25,10
DA:26,10
DA:30,4
DA:31,0
DA:33,4
DA:34,0
DA:36,4
DA:37,0
DA:39,4
DA:40,4
DA:41,4
DA:43,4
DA:44,4
DA:45,4
DA:46,4
DA:49,0
DA:50,0
DA:54,0
DA:58,1
DA:59,0
DA:61,1
DA:62,0
DA:64,1
DA:65,0
DA:67,1
DA:68,1
DA:69,1
DA:71,1
DA:72,1
DA:75,0
DA:76,0
DA:80,0
DA:84,63
DA:85,63
DA:87,59
DA:88,59
DA:91,0
DA:92,0
DA:93,0
DA:95,0
DA:96,0
DA:98,59
DA:99,0
DA:102,1
DA:103,1
DA:104,1
DA:105,1
DA:107,0
DA:108,0
DA:112,1
DA:116,63
DA:119,0
DA:120,0
DA:123,3
DA:124,3
LF:70
LH:44
BRDA:2,0,0,3
BRDA:2,0,1,3
BRDA:2,0,2,3
BRDA:3,1,0,3
BRDA:3,1,1,0
BRDA:3,2,0,3
BRDA:3,2,1,3
BRDA:5,3,0,0
BRDA:5,3,1,0
BRDA:5,4,0,0
BRDA:5,4,1,0
BRDA:24,5,0,10
BRDA:24,5,1,1
BRDA:30,6,0,0
BRDA:30,6,1,4
BRDA:33,7,0,0
BRDA:33,7,1,4
BRDA:36,8,0,0
BRDA:36,8,1,4
BRDA:58,9,0,0
BRDA:58,9,1,1
BRDA:61,10,0,0
BRDA:61,10,1,1
BRDA:64,11,0,0
BRDA:64,11,1,1
BRDA:91,12,0,0
BRDA:91,12,1,0
BRDA:103,13,0,1
BRDA:103,13,1,0
BRDA:112,14,0,1
BRDA:112,14,1,0
BRF:31
BRH:16
end_of_record
TN:
SF:/home/circleci/repo/packages/sportident/lib/SiDevice/index.js
FNF:0
FNH:0
DA:2,1
DA:3,1
DA:4,1
LF:3
LH:3
BRF:0
BRH:0
end_of_record
TN:
SF:/home/circleci/repo/packages/sportident/lib/SiDevice/testUtils/testISiDeviceDriver.js
FN:3,(anonymous_0)
FN:4,adopt
FN:4,(anonymous_2)
FN:5,(anonymous_3)
FN:6,fulfilled
FN:7,rejected
FN:8,step
FN:12,(anonymous_7)
FN:21,(anonymous_8)
FN:25,(anonymous_9)
FN:26,(anonymous_10)
FN:27,(anonymous_11)
FN:28,(anonymous_12)
FN:31,(anonymous_13)
FN:31,(anonymous_14)
FN:37,(anonymous_15)
FN:44,(anonymous_16)
FN:51,(anonymous_17)
FN:58,(anonymous_18)
FNF:19
FNH:17
FNDA:1,(anonymous_0)
FNDA:4,adopt
FNDA:0,(anonymous_2)
FNDA:1,(anonymous_3)
FNDA:4,fulfilled
FNDA:0,rejected
FNDA:5,step
FNDA:1,(anonymous_7)
FNDA:1,(anonymous_8)
FNDA:1,(anonymous_9)
FNDA:40,(anonymous_10)
FNDA:4,(anonymous_11)
FNDA:1,(anonymous_12)
FNDA:1,(anonymous_13)
FNDA:1,(anonymous_14)
FNDA:1,(anonymous_15)
FNDA:1,(anonymous_16)
FNDA:1,(anonymous_17)
FNDA:1,(anonymous_18)
DA:3,1
DA:4,4
DA:5,1
DA:6,4
DA:7,0
DA:8,5
DA:9,1
DA:12,1
DA:13,1
DA:14,0
DA:15,0
DA:16,0
DA:17,0
DA:19,1
DA:20,1
DA:21,1
DA:25,1
DA:26,40
DA:27,4
DA:28,1
DA:29,1
DA:31,1
DA:32,1
DA:35,1
DA:36,1
DA:38,1
DA:40,1
DA:41,1
DA:42,1
DA:43,1
DA:45,1
DA:47,1
DA:48,1
DA:49,1
DA:50,1
DA:52,1
DA:54,1
DA:55,1
DA:56,1
DA:57,1
DA:59,1
DA:61,1
DA:62,1
DA:63,1
DA:66,1
LF:45
LH:40
BRDA:3,0,0,1
BRDA:3,0,1,1
BRDA:3,0,2,1
BRDA:4,1,0,4
BRDA:4,1,1,0
BRDA:5,2,0,1
BRDA:5,2,1,1
BRDA:8,3,0,1
BRDA:8,3,1,4
BRDA:9,4,0,1
BRDA:9,4,1,1
BRDA:12,5,0,1
BRDA:12,5,1,1
BRDA:12,5,2,1
BRDA:13,6,0,1
BRDA:13,6,1,0
BRDA:13,7,0,1
BRDA:13,7,1,1
BRDA:15,8,0,0
BRDA:15,8,1,0
BRDA:15,9,0,0
BRDA:15,9,1,0
BRDA:21,10,0,1
BRF:23
BRH:17
end_of_record
TN:
SF:/home/circleci/repo/packages/sportident/lib/SiDevice/testUtils/testISiDeviceDriverWithAutodetection.js
FN:3,(anonymous_0)
FN:4,adopt
FN:4,(anonymous_2)
FN:5,(anonymous_3)
FN:6,fulfilled
FN:7,rejected
FN:8,step
FN:12,(anonymous_7)
FN:23,(anonymous_8)
FN:27,(anonymous_9)
FN:28,(anonymous_10)
FN:29,(anonymous_11)
FN:30,(anonymous_12)
FN:30,(anonymous_13)
FN:34,(anonymous_14)
FN:35,(anonymous_15)
FNF:16
FNH:14
FNDA:1,(anonymous_0)
FNDA:10,adopt
FNDA:0,(anonymous_2)
FNDA:1,(anonymous_3)
FNDA:10,fulfilled
FNDA:0,rejected
FNDA:11,step
FNDA:1,(anonymous_7)
FNDA:1,(anonymous_8)
FNDA:1,(anonymous_9)
FNDA:400,(anonymous_10)
FNDA:8,(anonymous_11)
FNDA:1,(anonymous_12)
FNDA:1,(anonymous_13)
FNDA:2,(anonymous_14)
FNDA:2,(anonymous_15)
DA:3,1
DA:4,10
DA:5,1
DA:6,10
DA:7,0
DA:8,11
DA:9,1
DA:12,1
DA:13,1
DA:14,0
DA:15,0
DA:16,0
DA:17,0
DA:19,1
DA:20,1
DA:22,1
DA:23,1
DA:27,1
DA:28,400
DA:29,8
DA:30,1
DA:31,1
DA:32,1
DA:33,1
DA:34,2
DA:35,2
DA:36,1
DA:37,1
DA:38,1
DA:39,1
DA:40,1
DA:41,1
DA:42,1
DA:43,1
DA:44,1
DA:45,1
DA:46,1
DA:47,1
DA:48,1
DA:49,1
DA:50,1
DA:51,1
DA:52,1
DA:53,1
DA:54,1
DA:55,1
DA:56,1
DA:57,1
DA:58,1
DA:59,1
DA:60,1
DA:61,1
DA:62,1
DA:63,1
DA:64,1
DA:67,1
LF:56
LH:51
BRDA:3,0,0,1
BRDA:3,0,1,1
BRDA:3,0,2,1
BRDA:4,1,0,10
BRDA:4,1,1,0
BRDA:5,2,0,1
BRDA:5,2,1,1
BRDA:8,3,0,1
BRDA:8,3,1,10
BRDA:9,4,0,1
BRDA:9,4,1,1
BRDA:12,5,0,1
BRDA:12,5,1,1
BRDA:12,5,2,1
BRDA:13,6,0,1
BRDA:13,6,1,0
BRDA:13,7,0,1
BRDA:13,7,1,1
BRDA:15,8,0,0
BRDA:15,8,1,0
BRDA:15,9,0,0
BRDA:15,9,1,0
BRDA:23,10,0,1
BRF:23
BRH:17
end_of_record
TN:
SF:/home/circleci/repo/packages/sportident/lib/SiStation/BaseSiStation.js
FN:2,(anonymous_0)
FN:26,(anonymous_1)
FN:29,(anonymous_2)
FN:38,(anonymous_3)
FN:67,(anonymous_4)
FN:76,(anonymous_5)
FN:87,(anonymous_6)
FN:92,(anonymous_7)
FN:95,(anonymous_8)
FN:100,(anonymous_9)
FN:104,(anonymous_10)
FN:107,(anonymous_11)
FN:110,(anonymous_12)
FN:113,(anonymous_13)
FN:116,(anonymous_14)
FN:121,(anonymous_15)
FN:123,(anonymous_16)
FN:130,(anonymous_17)
FN:132,(anonymous_18)
FN:133,(anonymous_19)
FN:151,(anonymous_20)
FN:164,(anonymous_21)
FN:176,(anonymous_22)
FN:181,(anonymous_23)
FN:183,(anonymous_24)
FN:189,(anonymous_25)
FN:191,(anonymous_26)
FN:197,(anonymous_27)
FN:203,(anonymous_28)
FNF:29
FNH:1
FNDA:2,(anonymous_0)
FNDA:0,(anonymous_1)
FNDA:0,(anonymous_2)
FNDA:0,(anonymous_3)
FNDA:0,(anonymous_4)
FNDA:0,(anonymous_5)
FNDA:0,(anonymous_6)
FNDA:0,(anonymous_7)
FNDA:0,(anonymous_8)
FNDA:0,(anonymous_9)
FNDA:0,(anonymous_10)
FNDA:0,(anonymous_11)
FNDA:0,(anonymous_12)
FNDA:0,(anonymous_13)
FNDA:0,(anonymous_14)
FNDA:0,(anonymous_15)
FNDA:0,(anonymous_16)
FNDA:0,(anonymous_17)
FNDA:0,(anonymous_18)
FNDA:0,(anonymous_19)
FNDA:0,(anonymous_20)
FNDA:0,(anonymous_21)
FNDA:0,(anonymous_22)
FNDA:0,(anonymous_23)
FNDA:0,(anonymous_24)
FNDA:0,(anonymous_25)
FNDA:0,(anonymous_26)
FNDA:0,(anonymous_27)
FNDA:0,(anonymous_28)
DA:2,1
DA:3,2
DA:4,0
DA:5,0
DA:6,0
DA:7,0
DA:9,1
DA:10,1
DA:11,1
DA:12,1
DA:14,1
DA:16,1
DA:17,1
DA:26,0
DA:29,0
DA:38,0
DA:63,1
DA:72,0
DA:73,0
DA:74,0
DA:77,0
DA:78,0
DA:79,0
DA:81,0
DA:83,0
DA:85,0
DA:88,0
DA:89,0
DA:90,0
DA:93,0
DA:96,0
DA:101,0
DA:105,0
DA:108,0
DA:111,0
DA:114,0
DA:115,0
DA:117,0
DA:118,0
DA:122,0
DA:124,0
DA:125,0
DA:126,0
DA:127,0
DA:131,0
DA:132,0
DA:133,0
DA:134,0
DA:135,0
DA:137,0
DA:138,0
DA:139,0
DA:140,0
DA:145,0
DA:150,0
DA:151,0
DA:152,0
DA:153,0
DA:155,0
DA:156,0
DA:160,0
DA:165,0
DA:166,0
DA:167,0
DA:168,0
DA:170,0
DA:171,0
DA:174,0
DA:177,0
DA:181,0
DA:185,0
DA:189,0
DA:192,0
DA:193,0
DA:198,0
DA:199,0
DA:204,0
DA:210,1
LF:78
LH:11
BRDA:2,0,0,1
BRDA:2,0,1,1
BRDA:2,0,2,1
BRDA:3,1,0,2
BRDA:3,1,1,0
BRDA:3,2,0,2
BRDA:3,2,1,2
BRDA:5,3,0,0
BRDA:5,3,1,0
BRDA:5,4,0,0
BRDA:5,4,1,0
BRDA:78,5,0,0
BRDA:78,5,1,0
BRDA:92,6,0,0
BRDA:92,7,0,0
BRDA:134,8,0,0
BRDA:134,8,1,0
BRDA:139,9,0,0
BRDA:139,9,1,0
BRDA:139,10,0,0
BRDA:139,10,1,0
BRDA:152,11,0,0
BRDA:152,11,1,0
BRDA:167,12,0,0
BRDA:167,12,1,0
BRDA:192,13,0,0
BRDA:192,13,1,0
BRDA:198,14,0,0
BRDA:198,14,1,0
BRF:29
BRH:6
end_of_record
TN:
SF:/home/circleci/repo/packages/sportident/lib/SiStation/CoupledSiStation.js
FN:8,(anonymous_0)
FN:12,(anonymous_1)
FN:13,(anonymous_2)
FNF:3
FNH:0
FNDA:0,(anonymous_0)
FNDA:0,(anonymous_1)
FNDA:0,(anonymous_2)
DA:2,1
DA:4,1
DA:5,1
DA:6,1
DA:9,0
DA:10,0
DA:13,0
DA:16,1
LF:8
LH:5
BRF:0
BRH:0
end_of_record
TN:
SF:/home/circleci/repo/packages/sportident/lib/SiStation/ISiMainStation.js
FN:2,(anonymous_0)
FN:12,(anonymous_1)
FN:24,(anonymous_2)
FN:36,(anonymous_3)
FNF:4
FNH:1
FNDA:1,(anonymous_0)
FNDA:0,(anonymous_1)
FNDA:0,(anonymous_2)
FNDA:0,(anonymous_3)
DA:2,1
DA:3,1
DA:4,0
DA:5,0
DA:6,0
DA:7,0
DA:9,1
DA:10,1
DA:17,0
DA:18,0
DA:19,0
DA:22,1
DA:29,0
DA:30,0
DA:31,0
DA:34,1
DA:41,0
DA:42,0
DA:43,0
DA:46,1
LF:20
LH:7
BRDA:2,0,0,1
BRDA:2,0,1,1
BRDA:2,0,2,1
BRDA:3,1,0,1
BRDA:3,1,1,0
BRDA:3,2,0,1
BRDA:3,2,1,1
BRDA:5,3,0,0
BRDA:5,3,1,0
BRDA:5,4,0,0
BRDA:5,4,1,0
BRF:11
BRH:6
end_of_record
TN:
SF:/home/circleci/repo/packages/sportident/lib/SiStation/ISiStation.js
FN:5,(anonymous_0)
FN:24,(anonymous_1)
FN:34,(anonymous_2)
FNF:3
FNH:3
FNDA:1,(anonymous_0)
FNDA:1,(anonymous_1)
FNDA:1,(anonymous_2)
DA:2,1
DA:5,1
DA:6,1
DA:7,1
DA:8,1
DA:9,1
DA:10,1
DA:11,1
DA:12,1
DA:13,1
DA:14,1
DA:15,1
DA:16,1
DA:17,1
DA:18,1
DA:19,1
DA:24,1
DA:25,1
DA:26,1
DA:27,1
DA:28,1
DA:29,1
DA:34,1
DA:35,1
DA:36,1
DA:37,1
DA:38,1
DA:39,1
DA:40,1
DA:41,1
DA:42,1
DA:43,1
DA:44,1
DA:45,1
DA:46,1
DA:47,1
DA:48,1
DA:49,1
DA:50,1
DA:51,1
DA:52,1
DA:54,1
LF:42
LH:42
BRDA:20,0,0,1
BRDA:20,0,1,1
BRDA:30,1,0,1
BRDA:30,1,1,1
BRDA:53,2,0,1
BRDA:53,2,1,1
BRF:6
BRH:6
end_of_record
TN:
SF:/home/circleci/repo/packages/sportident/lib/SiStation/ISiTargetMultiplexer.js
FN:2,(anonymous_0)
FN:13,(anonymous_1)
FN:22,(anonymous_2)
FN:31,(anonymous_3)
FN:43,(anonymous_4)
FN:55,(anonymous_5)
FNF:6
FNH:3
FNDA:1,(anonymous_0)
FNDA:1,(anonymous_1)
FNDA:1,(anonymous_2)
FNDA:0,(anonymous_3)
FNDA:0,(anonymous_4)
FNDA:0,(anonymous_5)
DA:2,1
DA:3,1
DA:4,0
DA:5,0
DA:6,0
DA:7,0
DA:9,1
DA:10,1
DA:13,1
DA:14,1
DA:15,1
DA:16,1
DA:17,1
DA:22,1
DA:23,1
DA:24,1
DA:25,1
DA:26,1
DA:27,1
DA:36,0
DA:37,0
DA:38,0
DA:41,1
DA:48,0
DA:49,0
DA:50,0
DA:53,1
DA:60,0
DA:61,0
DA:62,0
DA:65,1
LF:31
LH:18
BRDA:2,0,0,1
BRDA:2,0,1,1
BRDA:2,0,2,1
BRDA:3,1,0,1
BRDA:3,1,1,0
BRDA:3,2,0,1
BRDA:3,2,1,1
BRDA:5,3,0,0
BRDA:5,3,1,0
BRDA:5,4,0,0
BRDA:5,4,1,0
BRDA:18,5,0,1
BRDA:18,5,1,1
BRDA:28,6,0,1
BRDA:28,6,1,1
BRF:15
BRH:10
end_of_record
TN:
SF:/home/circleci/repo/packages/sportident/lib/SiStation/SiMainStation.js
FN:2,(anonymous_0)
FN:23,(anonymous_1)
FN:27,(anonymous_2)
FN:33,(anonymous_3)
FN:37,(anonymous_4)
FN:38,(anonymous_5)
FN:40,(anonymous_6)
FN:44,(anonymous_7)
FN:52,(anonymous_8)
FN:53,(anonymous_9)
FN:57,(anonymous_10)
FN:59,(anonymous_11)
FN:74,(anonymous_12)
FN:86,(anonymous_13)
FN:96,(anonymous_14)
FNF:15
FNH:1
FNDA:2,(anonymous_0)
FNDA:0,(anonymous_1)
FNDA:0,(anonymous_2)
FNDA:0,(anonymous_3)
FNDA:0,(anonymous_4)
FNDA:0,(anonymous_5)
FNDA:0,(anonymous_6)
FNDA:0,(anonymous_7)
FNDA:0,(anonymous_8)
FNDA:0,(anonymous_9)
FNDA:0,(anonymous_10)
FNDA:0,(anonymous_11)
FNDA:0,(anonymous_12)
FNDA:0,(anonymous_13)
FNDA:0,(anonymous_14)
DA:2,1
DA:3,2
DA:4,0
DA:5,0
DA:6,0
DA:7,0
DA:9,1
DA:10,1
DA:11,1
DA:12,1
DA:13,1
DA:15,1
DA:17,1
DA:19,1
DA:20,1
DA:21,1
DA:24,0
DA:25,0
DA:26,0
DA:28,0
DA:29,0
DA:30,0
DA:34,0
DA:35,0
DA:38,0
DA:41,0
DA:42,0
DA:43,0
DA:44,0
DA:45,0
DA:46,0
DA:47,0
DA:48,0
DA:49,0
DA:50,0
DA:53,0
DA:54,0
DA:56,0
DA:57,0
DA:58,0
DA:59,0
DA:60,0
DA:61,0
DA:63,0
DA:64,0
DA:66,0
DA:67,0
DA:71,0
DA:75,0
DA:76,0
DA:78,0
DA:79,0
DA:80,0
DA:81,0
DA:82,0
DA:83,0
DA:84,0
DA:86,0
DA:87,0
DA:88,0
DA:89,0
DA:92,0
DA:94,0
DA:96,0
DA:97,0
DA:98,0
DA:99,0
DA:101,0
DA:102,0
DA:103,0
DA:105,0
DA:109,0
DA:110,0
DA:111,0
DA:113,0
DA:116,1
DA:117,1
LF:77
LH:14
BRDA:2,0,0,1
BRDA:2,0,1,1
BRDA:2,0,2,1
BRDA:3,1,0,2
BRDA:3,1,1,0
BRDA:3,2,0,2
BRDA:3,2,1,2
BRDA:5,3,0,0
BRDA:5,3,1,0
BRDA:5,4,0,0
BRDA:5,4,1,0
BRDA:23,5,0,0
BRDA:60,6,0,0
BRDA:60,6,1,0
BRDA:63,7,0,0
BRDA:63,7,1,0
BRDA:66,8,0,0
BRDA:66,8,1,0
BRDA:75,9,0,0
BRDA:75,9,1,0
BRDA:80,10,0,0
BRDA:80,10,1,0
BRDA:88,11,0,0
BRDA:88,11,1,0
BRDA:88,12,0,0
BRDA:88,12,1,0
BRDA:98,13,0,0
BRDA:98,13,1,0
BRDA:110,14,0,0
BRDA:110,14,1,0
BRF:30
BRH:6
end_of_record
TN:
SF:/home/circleci/repo/packages/sportident/lib/SiStation/SiTargetMultiplexer.js
FN:2,(anonymous_0)
FN:26,(anonymous_1)
FN:44,(anonymous_2)
FN:59,(anonymous_3)
FN:65,(anonymous_4)
FN:70,(anonymous_5)
FN:78,(anonymous_6)
FN:89,(anonymous_7)
FN:95,(anonymous_8)
FN:98,(anonymous_9)
FN:104,(anonymous_10)
FN:110,(anonymous_11)
FN:112,(anonymous_12)
FN:113,(anonymous_13)
FN:114,(anonymous_14)
FN:115,(anonymous_15)
FN:122,(anonymous_16)
FN:123,(anonymous_17)
FN:125,(anonymous_18)
FN:126,(anonymous_19)
FN:130,(anonymous_20)
FN:134,(anonymous_21)
FN:145,(anonymous_22)
FN:177,(anonymous_23)
FN:179,(anonymous_24)
FN:181,(anonymous_25)
FN:200,(anonymous_26)
FN:206,(anonymous_27)
FN:212,(anonymous_28)
FN:213,(anonymous_29)
FN:214,(anonymous_30)
FN:219,(anonymous_31)
FN:221,(anonymous_32)
FN:226,(anonymous_33)
FN:233,(anonymous_34)
FN:247,(anonymous_35)
FN:254,(anonymous_36)
FNF:37
FNH:1
FNDA:2,(anonymous_0)
FNDA:0,(anonymous_1)
FNDA:0,(anonymous_2)
FNDA:0,(anonymous_3)
FNDA:0,(anonymous_4)
FNDA:0,(anonymous_5)
FNDA:0,(anonymous_6)
FNDA:0,(anonymous_7)
FNDA:0,(anonymous_8)
FNDA:0,(anonymous_9)
FNDA:0,(anonymous_10)
FNDA:0,(anonymous_11)
FNDA:0,(anonymous_12)
FNDA:0,(anonymous_13)
FNDA:0,(anonymous_14)
FNDA:0,(anonymous_15)
FNDA:0,(anonymous_16)
FNDA:0,(anonymous_17)
FNDA:0,(anonymous_18)
FNDA:0,(anonymous_19)
FNDA:0,(anonymous_20)
FNDA:0,(anonymous_21)
FNDA:0,(anonymous_22)
FNDA:0,(anonymous_23)
FNDA:0,(anonymous_24)
FNDA:0,(anonymous_25)
FNDA:0,(anonymous_26)
FNDA:0,(anonymous_27)
FNDA:0,(anonymous_28)
FNDA:0,(anonymous_29)
FNDA:0,(anonymous_30)
FNDA:0,(anonymous_31)
FNDA:0,(anonymous_32)
FNDA:0,(anonymous_33)
FNDA:0,(anonymous_34)
FNDA:0,(anonymous_35)
FNDA:0,(anonymous_36)
DA:2,1
DA:3,2
DA:4,0
DA:5,0
DA:6,0
DA:7,0
DA:9,1
DA:10,1
DA:11,1
DA:12,1
DA:14,1
DA:16,1
DA:17,1
DA:37,0
DA:38,0
DA:39,0
DA:40,0
DA:41,0
DA:42,0
DA:43,0
DA:44,0
DA:45,0
DA:52,0
DA:53,0
DA:55,0
DA:56,0
DA:60,0
DA:61,0
DA:62,0
DA:66,0
DA:67,0
DA:68,0
DA:71,0
DA:72,0
DA:73,0
DA:81,0
DA:82,0
DA:83,0
DA:85,0
DA:86,0
DA:87,0
DA:90,0
DA:91,0
DA:93,0
DA:94,0
DA:95,0
DA:96,0
DA:98,0
DA:99,0
DA:102,0
DA:105,0
DA:111,0
DA:112,0
DA:113,0
DA:114,0
DA:115,0
DA:117,0
DA:118,0
DA:119,0
DA:123,0
DA:126,0
DA:127,0
DA:131,0
DA:132,0
DA:133,0
DA:134,0
DA:135,0
DA:136,0
DA:137,0
DA:138,0
DA:140,0
DA:141,0
DA:146,0
DA:147,0
DA:149,0
DA:156,0
DA:157,0
DA:159,0
DA:160,0
DA:161,0
DA:163,0
DA:164,0
DA:166,0
DA:167,0
DA:168,0
DA:170,0
DA:172,0
DA:173,0
DA:175,0
DA:178,0
DA:179,0
DA:182,0
DA:183,0
DA:185,0
DA:191,0
DA:192,0
DA:193,0
DA:195,0
DA:196,0
DA:201,0
DA:202,0
DA:204,0
DA:207,0
DA:208,0
DA:209,0
DA:213,0
DA:214,0
DA:215,0
DA:216,0
DA:217,0
DA:219,0
DA:220,0
DA:222,0
DA:223,0
DA:224,0
DA:226,0
DA:227,0
DA:229,0
DA:230,0
DA:234,0
DA:238,0
DA:240,0
DA:241,0
DA:242,0
DA:246,0
DA:248,0
DA:249,0
DA:250,0
DA:251,0
DA:255,0
DA:256,0
DA:260,1
DA:261,1
LF:133
LH:11
BRDA:2,0,0,1
BRDA:2,0,1,1
BRDA:2,0,2,1
BRDA:3,1,0,2
BRDA:3,1,1,0
BRDA:3,2,0,2
BRDA:3,2,1,2
BRDA:5,3,0,0
BRDA:5,3,1,0
BRDA:5,4,0,0
BRDA:5,4,1,0
BRDA:52,5,0,0
BRDA:52,5,1,0
BRDA:61,6,0,0
BRDA:61,6,1,0
BRDA:90,7,0,0
BRDA:90,7,1,0
BRDA:118,8,0,0
BRDA:118,8,1,0
BRDA:137,9,0,0
BRDA:137,9,1,0
BRDA:140,10,0,0
BRDA:140,10,1,0
BRDA:146,11,0,0
BRDA:146,11,1,0
BRDA:156,12,0,0
BRDA:156,12,1,0
BRDA:159,13,0,0
BRDA:159,13,1,0
BRDA:163,14,0,0
BRDA:163,14,1,0
BRDA:167,15,0,0
BRDA:167,15,1,0
BRDA:170,16,0,0
BRDA:170,16,1,0
BRDA:170,17,0,0
BRDA:170,17,1,0
BRDA:182,18,0,0
BRDA:182,18,1,0
BRDA:192,19,0,0
BRDA:192,19,1,0
BRDA:201,20,0,0
BRDA:201,20,1,0
BRDA:212,21,0,0
BRDA:212,22,0,0
BRDA:216,23,0,0
BRDA:216,23,1,0
BRDA:223,24,0,0
BRDA:223,24,1,0
BRDA:234,25,0,0
BRDA:234,25,1,0
BRDA:234,26,0,0
BRDA:234,26,1,0
BRDA:234,26,2,0
BRDA:234,26,3,0
BRDA:250,27,0,0
BRDA:250,27,1,0
BRF:57
BRH:6
end_of_record
TN:
SF:/home/circleci/repo/packages/sportident/lib/SiStation/index.js
FNF:0
FNH:0
DA:2,1
DA:3,1
DA:4,1
DA:5,1
DA:6,1
DA:7,1
DA:8,1
DA:9,1
DA:10,1
DA:11,1
DA:12,1
LF:11
LH:11
BRF:0
BRH:0
end_of_record
TN:
SF:/home/circleci/repo/packages/sportident/lib/SiStation/siStationExamples.js
FN:2,(anonymous_0)
FN:13,(anonymous_1)
FN:57,(anonymous_2)
FN:101,(anonymous_3)
FNF:4
FNH:1
FNDA:1,(anonymous_0)
FNDA:0,(anonymous_1)
FNDA:0,(anonymous_2)
FNDA:0,(anonymous_3)
DA:2,1
DA:3,1
DA:4,0
DA:5,0
DA:6,0
DA:7,0
DA:9,1
DA:10,1
DA:11,1
DA:12,1
DA:13,1
DA:57,1
DA:101,1
LF:13
LH:9
BRDA:2,0,0,1
BRDA:2,0,1,1
BRDA:2,0,2,1
BRDA:3,1,0,1
BRDA:3,1,1,0
BRDA:3,2,0,1
BRDA:3,2,1,1
BRDA:5,3,0,0
BRDA:5,3,1,0
BRDA:5,4,0,0
BRDA:5,4,1,0
BRF:11
BRH:6
end_of_record
TN:
SF:/home/circleci/repo/packages/sportident/lib/fakes/FakeSiMainStation.js
FN:2,(anonymous_0)
FN:18,(anonymous_1)
FN:23,(anonymous_2)
FN:33,(anonymous_3)
FN:36,(anonymous_4)
FN:42,(anonymous_5)
FN:45,(anonymous_6)
FN:50,(anonymous_7)
FN:104,(anonymous_8)
FN:120,(anonymous_9)
FNF:10
FNH:1
FNDA:2,(anonymous_0)
FNDA:0,(anonymous_1)
FNDA:0,(anonymous_2)
FNDA:0,(anonymous_3)
FNDA:0,(anonymous_4)
FNDA:0,(anonymous_5)
FNDA:0,(anonymous_6)
FNDA:0,(anonymous_7)
FNDA:0,(anonymous_8)
FNDA:0,(anonymous_9)
DA:2,1
DA:3,2
DA:4,0
DA:5,0
DA:6,0
DA:7,0
DA:9,1
DA:10,1
DA:11,1
DA:12,1
DA:14,1
DA:16,1
DA:19,0
DA:20,0
DA:21,0
DA:24,0
DA:25,0
DA:27,0
DA:31,0
DA:34,0
DA:37,0
DA:43,0
DA:46,0
DA:47,0
DA:48,0
DA:51,0
DA:52,0
DA:54,0
DA:55,0
DA:56,0
DA:61,0
DA:62,0
DA:67,0
DA:68,0
DA:69,0
DA:74,0
DA:75,0
DA:80,0
DA:81,0
DA:82,0
DA:83,0
DA:88,0
DA:89,0
DA:90,0
DA:91,0
DA:100,0
DA:101,0
DA:102,0
DA:103,0
DA:104,0
DA:105,0
DA:107,0
DA:108,0
DA:113,0
DA:116,0
DA:117,0
DA:119,0
DA:120,0
DA:121,0
DA:124,0
DA:125,0
DA:132,1
DA:133,1
LF:63
LH:10
BRDA:2,0,0,1
BRDA:2,0,1,1
BRDA:2,0,2,1
BRDA:3,1,0,2
BRDA:3,1,1,0
BRDA:3,2,0,2
BRDA:3,2,1,2
BRDA:5,3,0,0
BRDA:5,3,1,0
BRDA:5,4,0,0
BRDA:5,4,1,0
BRDA:24,5,0,0
BRDA:24,5,1,0
BRDA:51,6,0,0
BRDA:51,6,1,0
BRDA:54,7,0,0
BRDA:54,7,1,0
BRDA:61,8,0,0
BRDA:61,8,1,0
BRDA:64,9,0,0
BRDA:64,9,1,0
BRDA:67,10,0,0
BRDA:67,10,1,0
BRDA:71,11,0,0
BRDA:71,11,1,0
BRDA:74,12,0,0
BRDA:74,12,1,0
BRDA:80,13,0,0
BRDA:80,13,1,0
BRDA:88,14,0,0
BRDA:88,14,1,0
BRDA:100,15,0,0
BRDA:100,15,1,0
BRDA:113,16,0,0
BRDA:113,16,1,0
BRDA:113,17,0,0
BRDA:113,17,1,0
BRDA:113,17,2,0
BRDA:116,18,0,0
BRDA:116,18,1,0
BRDA:124,19,0,0
BRDA:124,19,1,0
BRF:42
BRH:6
end_of_record
TN:
SF:/home/circleci/repo/packages/sportident/lib/fakes/IFakeSiMainStation.js
FN:2,(anonymous_0)
FN:12,(anonymous_1)
FNF:2
FNH:1
FNDA:1,(anonymous_0)
FNDA:0,(anonymous_1)
DA:2,1
DA:3,1
DA:4,0
DA:5,0
DA:6,0
DA:7,0
DA:9,1
DA:10,1
DA:17,0
DA:18,0
DA:19,0
DA:22,1
LF:12
LH:5
BRDA:2,0,0,1
BRDA:2,0,1,1
BRDA:2,0,2,1
BRDA:3,1,0,1
BRDA:3,1,1,0
BRDA:3,2,0,1
BRDA:3,2,1,1
BRDA:5,3,0,0
BRDA:5,3,1,0
BRDA:5,4,0,0
BRDA:5,4,1,0
BRF:11
BRH:6
end_of_record
TN:
SF:/home/circleci/repo/packages/sportident/lib/fakes/index.js
FN:2,__export
FNF:1
FNH:1
FNDA:1,__export
DA:3,8
DA:5,1
DA:6,1
DA:7,1
DA:8,1
LF:5
LH:5
BRDA:3,0,0,8
BRDA:3,0,1,0
BRF:2
BRH:1
end_of_record
TN:
SF:/home/circleci/repo/packages/sportident/lib/fakes/FakeSiCard/BaseFakeSiCard.js
FN:4,(anonymous_0)
FNF:1
FNH:0
FNDA:0,(anonymous_0)
DA:2,1
DA:5,0
DA:8,1
LF:3
LH:2
BRF:0
BRH:0
end_of_record
TN:
SF:/home/circleci/repo/packages/sportident/lib/fakes/FakeSiCard/index.js
FN:2,__export
FNF:1
FNH:1
FNDA:1,__export
DA:3,7
DA:5,1
DA:6,1
DA:7,1
DA:8,1
LF:5
LH:5
BRDA:3,0,0,7
BRDA:3,0,1,0
BRF:2
BRH:1
end_of_record
TN:
SF:/home/circleci/repo/packages/sportident/lib/fakes/FakeSiCard/types/FakeModernSiCard.js
FN:2,(anonymous_0)
FN:16,(anonymous_1)
FN:20,(anonymous_2)
FN:28,(anonymous_3)
FN:35,(anonymous_4)
FNF:5
FNH:1
FNDA:1,(anonymous_0)
FNDA:0,(anonymous_1)
FNDA:0,(anonymous_2)
FNDA:0,(anonymous_3)
FNDA:0,(anonymous_4)
DA:2,1
DA:3,1
DA:4,0
DA:5,0
DA:6,0
DA:7,0
DA:9,1
DA:10,1
DA:11,1
DA:12,1
DA:13,1
DA:14,1
DA:17,0
DA:18,0
DA:21,0
DA:22,0
DA:23,0
DA:29,0
DA:32,0
DA:34,0
DA:35,0
DA:42,0
DA:43,0
DA:45,0
DA:48,1
DA:49,1
DA:50,1
LF:27
LH:11
BRDA:2,0,0,1
BRDA:2,0,1,1
BRDA:2,0,2,1
BRDA:3,1,0,1
BRDA:3,1,1,0
BRDA:3,2,0,1
BRDA:3,2,1,1
BRDA:5,3,0,0
BRDA:5,3,1,0
BRDA:5,4,0,0
BRDA:5,4,1,0
BRDA:29,5,0,0
BRDA:29,5,1,0
BRDA:29,6,0,0
BRDA:29,6,1,0
BRDA:29,6,2,0
BRDA:42,7,0,0
BRDA:42,7,1,0
BRF:18
BRH:6
end_of_record
TN:
SF:/home/circleci/repo/packages/sportident/lib/fakes/FakeSiCard/types/FakeSIAC.js
FN:9,(anonymous_0)
FNF:1
FNH:0
FNDA:0,(anonymous_0)
DA:2,1
DA:4,1
DA:5,1
DA:6,1
DA:7,1
DA:10,0
DA:11,0
DA:14,1
DA:15,1
DA:16,1
LF:10
LH:8
BRF:0
BRH:0
end_of_record
TN:
SF:/home/circleci/repo/packages/sportident/lib/fakes/FakeSiCard/types/FakeSiCard10.js
FN:9,(anonymous_0)
FNF:1
FNH:0
FNDA:0,(anonymous_0)
DA:2,1
DA:4,1
DA:5,1
DA:6,1
DA:7,1
DA:10,0
DA:11,0
DA:14,1
DA:15,1
DA:16,1
LF:10
LH:8
BRF:0
BRH:0
end_of_record
TN:
SF:/home/circleci/repo/packages/sportident/lib/fakes/FakeSiCard/types/FakeSiCard11.js
FN:9,(anonymous_0)
FNF:1
FNH:0
FNDA:0,(anonymous_0)
DA:2,1
DA:4,1
DA:5,1
DA:6,1
DA:7,1
DA:10,0
DA:11,0
DA:14,1
DA:15,1
DA:16,1
LF:10
LH:8
BRF:0
BRH:0
end_of_record
TN:
SF:/home/circleci/repo/packages/sportident/lib/fakes/FakeSiCard/types/FakeSiCard5.js
FN:2,(anonymous_0)
FN:17,(anonymous_1)
FN:21,(anonymous_2)
FN:29,(anonymous_3)
FNF:4
FNH:1
FNDA:1,(anonymous_0)
FNDA:0,(anonymous_1)
FNDA:0,(anonymous_2)
FNDA:0,(anonymous_3)
DA:2,1
DA:3,1
DA:4,0
DA:5,0
DA:6,0
DA:7,0
DA:9,1
DA:10,1
DA:11,1
DA:12,1
DA:14,1
DA:15,1
DA:18,0
DA:19,0
DA:22,0
DA:23,0
DA:24,0
DA:30,0
DA:33,0
DA:35,0
DA:43,1
DA:44,1
DA:45,1
LF:23
LH:11
BRDA:2,0,0,1
BRDA:2,0,1,1
BRDA:2,0,2,1
BRDA:3,1,0,1
BRDA:3,1,1,0
BRDA:3,2,0,1
BRDA:3,2,1,1
BRDA:5,3,0,0
BRDA:5,3,1,0
BRDA:5,4,0,0
BRDA:5,4,1,0
BRDA:30,5,0,0
BRDA:30,5,1,0
BRDA:30,6,0,0
BRDA:30,6,1,0
BRDA:30,6,2,0
BRF:16
BRH:6
end_of_record
TN:
SF:/home/circleci/repo/packages/sportident/lib/fakes/FakeSiCard/types/FakeSiCard6.js
FN:2,(anonymous_0)
FN:17,(anonymous_1)
FN:21,(anonymous_2)
FN:29,(anonymous_3)
FN:36,(anonymous_4)
FNF:5
FNH:1
FNDA:1,(anonymous_0)
FNDA:0,(anonymous_1)
FNDA:0,(anonymous_2)
FNDA:0,(anonymous_3)
FNDA:0,(anonymous_4)
DA:2,1
DA:3,1
DA:4,0
DA:5,0
DA:6,0
DA:7,0
DA:9,1
DA:10,1
DA:11,1
DA:12,1
DA:14,1
DA:15,1
DA:18,0
DA:19,0
DA:22,0
DA:23,0
DA:24,0
DA:30,0
DA:33,0
DA:35,0
DA:36,0
DA:43,0
DA:44,0
DA:46,0
DA:49,1
DA:50,1
DA:51,1
LF:27
LH:11
BRDA:2,0,0,1
BRDA:2,0,1,1
BRDA:2,0,2,1
BRDA:3,1,0,1
BRDA:3,1,1,0
BRDA:3,2,0,1
BRDA:3,2,1,1
BRDA:5,3,0,0
BRDA:5,3,1,0
BRDA:5,4,0,0
BRDA:5,4,1,0
BRDA:30,5,0,0
BRDA:30,5,1,0
BRDA:30,6,0,0
BRDA:30,6,1,0
BRDA:30,6,2,0
BRDA:43,7,0,0
BRDA:43,7,1,0
BRF:18
BRH:6
end_of_record
TN:
SF:/home/circleci/repo/packages/sportident/lib/fakes/FakeSiCard/types/FakeSiCard8.js
FN:8,(anonymous_0)
FNF:1
FNH:0
FNDA:0,(anonymous_0)
DA:2,1
DA:3,1
DA:5,1
DA:6,1
DA:9,0
DA:10,0
DA:13,1
DA:14,1
DA:15,1
LF:9
LH:7
BRF:0
BRH:0
end_of_record
TN:
SF:/home/circleci/repo/packages/sportident/lib/fakes/FakeSiCard/types/FakeSiCard9.js
FN:8,(anonymous_0)
FNF:1
FNH:0
FNDA:0,(anonymous_0)
DA:2,1
DA:3,1
DA:5,1
DA:6,1
DA:9,0
DA:10,0
DA:13,1
DA:14,1
DA:15,1
LF:9
LH:7
BRF:0
BRH:0
end_of_record
TN:
SF:/home/circleci/repo/packages/sportident/lib/fakes/FakeSiCard/types/index.js
FNF:0
FNH:0
DA:2,1
DA:3,1
DA:4,1
DA:5,1
DA:6,1
DA:7,1
DA:8,1
DA:9,1
DA:10,1
DA:11,1
DA:12,1
DA:13,1
DA:14,1
DA:15,1
DA:16,1
LF:15
LH:15
BRF:0
BRH:0
end_of_record
TN:
SF:/home/circleci/repo/packages/sportident/lib/storage/SiArray.js
FN:2,(anonymous_0)
FN:11,(anonymous_1)
FN:20,(anonymous_2)
FN:23,(anonymous_3)
FN:24,(anonymous_4)
FN:32,(anonymous_5)
FN:35,(anonymous_6)
FN:36,(anonymous_7)
FN:46,(anonymous_8)
FN:49,(anonymous_9)
FNF:10
FNH:2
FNDA:1,(anonymous_0)
FNDA:29,(anonymous_1)
FNDA:0,(anonymous_2)
FNDA:0,(anonymous_3)
FNDA:0,(anonymous_4)
FNDA:0,(anonymous_5)
FNDA:0,(anonymous_6)
FNDA:0,(anonymous_7)
FNDA:0,(anonymous_8)
FNDA:0,(anonymous_9)
DA:2,1
DA:3,1
DA:5,1
DA:6,1
DA:8,1
DA:9,1
DA:16,29
DA:17,29
DA:18,29
DA:21,0
DA:24,0
DA:25,0
DA:26,0
DA:28,0
DA:29,0
DA:33,0
DA:36,0
DA:37,0
DA:38,0
DA:39,0
DA:40,0
DA:42,0
DA:44,0
DA:47,0
DA:48,0
DA:49,0
DA:50,0
DA:51,0
DA:52,0
DA:53,0
DA:56,0
DA:59,1
LF:32
LH:10
BRDA:2,0,0,1
BRDA:2,0,1,1
BRDA:2,0,2,1
BRDA:3,1,0,0
BRDA:3,1,1,1
BRDA:3,2,0,1
BRDA:3,2,1,1
BRDA:25,3,0,0
BRDA:25,3,1,0
BRDA:39,4,0,0
BRDA:39,4,1,0
BRDA:52,5,0,0
BRDA:52,5,1,0
BRF:13
BRH:6
end_of_record
TN:
SF:/home/circleci/repo/packages/sportident/lib/storage/SiBool.js
FN:7,(anonymous_0)
FN:16,(anonymous_1)
FN:19,(anonymous_2)
FN:22,(anonymous_3)
FN:32,(anonymous_4)
FN:39,(anonymous_5)
FNF:6
FNH:1
FNDA:9,(anonymous_0)
FNDA:0,(anonymous_1)
FNDA:0,(anonymous_2)
FNDA:0,(anonymous_3)
FNDA:0,(anonymous_4)
FNDA:0,(anonymous_5)
DA:2,1
DA:4,1
DA:5,1
DA:12,9
DA:13,9
DA:14,9
DA:17,0
DA:20,0
DA:23,0
DA:27,0
DA:28,0
DA:30,0
DA:33,0
DA:34,0
DA:35,0
DA:37,0
DA:40,0
DA:41,0
DA:42,0
DA:43,0
DA:44,0
DA:46,0
DA:47,0
DA:50,1
LF:24
LH:7
BRDA:11,0,0,0
BRDA:20,1,0,0
BRDA:20,1,1,0
BRDA:27,2,0,0
BRDA:27,2,1,0
BRDA:34,3,0,0
BRDA:34,3,1,0
BRDA:40,4,0,0
BRDA:40,4,1,0
BRDA:43,5,0,0
BRDA:43,5,1,0
BRF:11
BRH:0
end_of_record
TN:
SF:/home/circleci/repo/packages/sportident/lib/storage/SiDataType.js
FN:8,(anonymous_0)
FN:16,(anonymous_1)
FN:19,(anonymous_2)
FN:25,(anonymous_3)
FN:35,(anonymous_4)
FN:42,(anonymous_5)
FNF:6
FNH:0
FNDA:0,(anonymous_0)
FNDA:0,(anonymous_1)
FNDA:0,(anonymous_2)
FNDA:0,(anonymous_3)
FNDA:0,(anonymous_4)
FNDA:0,(anonymous_5)
DA:2,1
DA:4,1
DA:5,1
DA:11,0
DA:14,1
DA:17,0
DA:20,0
DA:21,0
DA:23,0
DA:26,0
DA:27,0
DA:28,0
DA:30,0
DA:31,0
DA:33,0
DA:36,0
DA:37,0
DA:38,0
DA:40,0
DA:43,0
DA:44,0
DA:45,0
DA:47,0
DA:50,1
LF:24
LH:5
BRDA:10,0,0,0
BRDA:20,1,0,0
BRDA:20,1,1,0
BRDA:27,2,0,0
BRDA:27,2,1,0
BRDA:30,3,0,0
BRDA:30,3,1,0
BRDA:37,4,0,0
BRDA:37,4,1,0
BRDA:43,5,0,0
BRDA:43,5,1,0
BRDA:44,6,0,0
BRDA:44,6,1,0
BRF:13
BRH:0
end_of_record
TN:
SF:/home/circleci/repo/packages/sportident/lib/storage/SiDict.js
FN:7,(anonymous_0)
FN:13,(anonymous_1)
FN:14,(anonymous_2)
FN:16,(anonymous_3)
FN:17,(anonymous_4)
FN:28,(anonymous_5)
FN:31,(anonymous_6)
FN:33,(anonymous_7)
FN:43,(anonymous_8)
FN:45,(anonymous_9)
FN:51,(anonymous_10)
FNF:11
FNH:1
FNDA:2,(anonymous_0)
FNDA:0,(anonymous_1)
FNDA:0,(anonymous_2)
FNDA:0,(anonymous_3)
FNDA:0,(anonymous_4)
FNDA:0,(anonymous_5)
FNDA:0,(anonymous_6)
FNDA:0,(anonymous_7)
FNDA:0,(anonymous_8)
FNDA:0,(anonymous_9)
FNDA:0,(anonymous_10)
DA:2,1
DA:4,1
DA:5,1
DA:10,2
DA:11,2
DA:14,0
DA:17,0
DA:18,0
DA:19,0
DA:20,0
DA:21,0
DA:24,0
DA:25,0
DA:29,0
DA:32,0
DA:33,0
DA:34,0
DA:35,0
DA:36,0
DA:37,0
DA:39,0
DA:41,0
DA:44,0
DA:45,0
DA:46,0
DA:47,0
DA:49,0
DA:52,0
DA:55,1
LF:29
LH:6
BRDA:20,0,0,0
BRDA:20,0,1,0
BRDA:36,1,0,0
BRDA:36,1,1,0
BRF:4
BRH:0
end_of_record
TN:
SF:/home/circleci/repo/packages/sportident/lib/storage/SiEnum.js
FN:2,(anonymous_0)
FN:5,(anonymous_1)
FN:21,(anonymous_2)
FN:25,(anonymous_3)
FN:31,(anonymous_4)
FN:32,(anonymous_5)
FN:34,(anonymous_6)
FN:42,(anonymous_7)
FN:48,(anonymous_8)
FN:58,(anonymous_9)
FN:61,(anonymous_10)
FNF:11
FNH:3
FNDA:1,(anonymous_0)
FNDA:1,(anonymous_1)
FNDA:5,(anonymous_2)
FNDA:0,(anonymous_3)
FNDA:0,(anonymous_4)
FNDA:0,(anonymous_5)
FNDA:0,(anonymous_6)
FNDA:0,(anonymous_7)
FNDA:0,(anonymous_8)
FNDA:0,(anonymous_9)
FNDA:0,(anonymous_10)
DA:2,1
DA:3,1
DA:5,1
DA:6,1
DA:7,0
DA:8,0
DA:9,0
DA:10,0
DA:12,1
DA:13,1
DA:14,1
DA:16,1
DA:17,1
DA:19,1
DA:25,0
DA:26,5
DA:27,5
DA:28,5
DA:29,5
DA:32,0
DA:35,0
DA:36,0
DA:37,0
DA:39,0
DA:40,0
DA:43,0
DA:44,0
DA:45,0
DA:46,0
DA:49,0
DA:50,0
DA:52,0
DA:53,0
DA:54,0
DA:56,0
DA:59,0
DA:62,0
DA:63,0
DA:66,1
LF:39
LH:15
BRDA:2,0,0,1
BRDA:2,0,1,1
BRDA:2,0,2,1
BRDA:3,1,0,0
BRDA:3,1,1,1
BRDA:3,2,0,1
BRDA:3,2,1,1
BRDA:5,3,0,1
BRDA:5,3,1,1
BRDA:5,3,2,1
BRDA:6,4,0,1
BRDA:6,4,1,0
BRDA:6,5,0,1
BRDA:6,5,1,1
BRDA:8,6,0,0
BRDA:8,6,1,0
BRDA:8,7,0,0
BRDA:8,7,1,0
BRDA:25,8,0,5
BRDA:35,9,0,0
BRDA:35,9,1,0
BRDA:36,10,0,0
BRDA:36,10,1,0
BRDA:43,11,0,0
BRDA:43,11,1,0
BRDA:49,12,0,0
BRDA:49,12,1,0
BRDA:53,13,0,0
BRDA:53,13,1,0
BRDA:62,14,0,0
BRDA:62,14,1,0
BRF:31
BRH:13
end_of_record
TN:
SF:/home/circleci/repo/packages/sportident/lib/storage/SiFieldValue.js
FN:7,(anonymous_0)
FN:15,(anonymous_1)
FN:22,(anonymous_2)
FNF:3
FNH:0
FNDA:0,(anonymous_0)
FNDA:0,(anonymous_1)
FNDA:0,(anonymous_2)
DA:2,1
DA:4,1
DA:12,0
DA:13,0
DA:16,0
DA:17,0
DA:18,0
DA:20,0
DA:23,0
DA:24,0
DA:27,1
LF:11
LH:3
BRDA:17,0,0,0
BRDA:17,0,1,0
BRDA:24,1,0,0
BRDA:24,1,1,0
BRF:4
BRH:0
end_of_record
TN:
SF:/home/circleci/repo/packages/sportident/lib/storage/SiInt.js
FN:2,(anonymous_0)
FN:11,(anonymous_1)
FN:13,(anonymous_2)
FN:19,(anonymous_3)
FN:22,(anonymous_4)
FN:25,(anonymous_5)
FN:32,(anonymous_6)
FN:33,(anonymous_7)
FN:35,(anonymous_8)
FN:41,(anonymous_9)
FN:52,(anonymous_10)
FN:58,(anonymous_11)
FNF:12
FNH:3
FNDA:1,(anonymous_0)
FNDA:52,(anonymous_1)
FNDA:98,(anonymous_2)
FNDA:0,(anonymous_3)
FNDA:0,(anonymous_4)
FNDA:0,(anonymous_5)
FNDA:0,(anonymous_6)
FNDA:0,(anonymous_7)
FNDA:0,(anonymous_8)
FNDA:0,(anonymous_9)
FNDA:0,(anonymous_10)
FNDA:0,(anonymous_11)
DA:2,1
DA:3,1
DA:5,1
DA:6,1
DA:8,1
DA:9,1
DA:12,52
DA:13,98
DA:20,0
DA:23,0
DA:26,0
DA:27,0
DA:28,0
DA:30,0
DA:33,0
DA:36,0
DA:37,0
DA:39,0
DA:40,0
DA:41,0
DA:42,0
DA:43,0
DA:44,0
DA:45,0
DA:46,0
DA:47,0
DA:48,0
DA:50,0
DA:53,0
DA:54,0
DA:56,0
DA:57,0
DA:58,0
DA:59,0
DA:60,0
DA:61,0
DA:62,0
DA:63,0
DA:64,0
DA:65,0
DA:66,0
DA:67,0
DA:69,0
DA:72,1
LF:44
LH:9
BRDA:2,0,0,1
BRDA:2,0,1,1
BRDA:2,0,2,1
BRDA:3,1,0,0
BRDA:3,1,1,1
BRDA:3,2,0,1
BRDA:3,2,1,1
BRDA:15,3,0,1
BRDA:15,3,1,97
BRDA:16,4,0,1
BRDA:16,4,1,97
BRDA:20,5,0,0
BRDA:20,5,1,0
BRDA:27,6,0,0
BRDA:27,6,1,0
BRDA:36,7,0,0
BRDA:36,7,1,0
BRDA:53,8,0,0
BRDA:53,8,1,0
BRF:19
BRH:10
end_of_record
TN:
SF:/home/circleci/repo/packages/sportident/lib/storage/SiModified.js
FN:7,(anonymous_0)
FN:28,(anonymous_1)
FN:34,(anonymous_2)
FN:40,(anonymous_3)
FN:46,(anonymous_4)
FN:56,(anonymous_5)
FNF:6
FNH:1
FNDA:27,(anonymous_0)
FNDA:0,(anonymous_1)
FNDA:0,(anonymous_2)
FNDA:0,(anonymous_3)
FNDA:0,(anonymous_4)
FNDA:0,(anonymous_5)
DA:2,1
DA:4,1
DA:5,1
DA:20,27
DA:21,27
DA:22,27
DA:23,27
DA:24,27
DA:25,27
DA:26,27
DA:29,0
DA:30,0
DA:32,0
DA:35,0
DA:36,0
DA:38,0
DA:41,0
DA:42,0
DA:44,0
DA:47,0
DA:48,0
DA:50,0
DA:51,0
DA:52,0
DA:54,0
DA:57,0
DA:58,0
DA:60,0
DA:61,0
DA:62,0
DA:64,0
DA:67,1
LF:32
LH:11
BRDA:29,0,0,0
BRDA:29,0,1,0
BRDA:35,1,0,0
BRDA:35,1,1,0
BRDA:41,2,0,0
BRDA:41,2,1,0
BRDA:47,3,0,0
BRDA:47,3,1,0
BRDA:51,4,0,0
BRDA:51,4,1,0
BRDA:57,5,0,0
BRDA:57,5,1,0
BRDA:61,6,0,0
BRDA:61,6,1,0
BRF:14
BRH:0
end_of_record
TN:
SF:/home/circleci/repo/packages/sportident/lib/storage/SiStorage.js
FN:2,(anonymous_0)
FN:10,(anonymous_1)
FN:18,(anonymous_2)
FN:29,(anonymous_3)
FN:32,(anonymous_4)
FN:39,(anonymous_5)
FN:46,(anonymous_6)
FN:56,(anonymous_7)
FN:56,(anonymous_8)
FNF:9
FNH:2
FNDA:2,(anonymous_0)
FNDA:0,(anonymous_1)
FNDA:0,(anonymous_2)
FNDA:0,(anonymous_3)
FNDA:0,(anonymous_4)
FNDA:0,(anonymous_5)
FNDA:0,(anonymous_6)
FNDA:6,(anonymous_7)
FNDA:0,(anonymous_8)
DA:2,1
DA:3,2
DA:5,1
DA:6,1
DA:7,1
DA:15,0
DA:16,0
DA:17,0
DA:18,0
DA:20,0
DA:23,0
DA:24,0
DA:27,0
DA:30,0
DA:33,0
DA:34,0
DA:35,0
DA:37,0
DA:40,0
DA:41,0
DA:42,0
DA:44,0
DA:47,0
DA:48,0
DA:49,0
DA:52,0
DA:55,1
DA:56,6
LF:28
LH:7
BRDA:2,0,0,1
BRDA:2,0,1,1
BRDA:2,0,2,1
BRDA:3,1,0,1
BRDA:3,1,1,1
BRDA:3,2,0,2
BRDA:3,2,1,2
BRDA:17,3,0,0
BRDA:17,3,1,0
BRDA:20,4,0,0
BRDA:20,4,1,0
BRDA:23,5,0,0
BRDA:23,5,1,0
BRDA:34,6,0,0
BRDA:34,6,1,0
BRDA:41,7,0,0
BRDA:41,7,1,0
BRDA:48,8,0,0
BRDA:48,8,1,0
BRF:19
BRH:7
end_of_record
TN:
SF:/home/circleci/repo/packages/sportident/lib/storage/index.js
FNF:0
FNH:0
DA:2,1
DA:3,1
DA:4,1
DA:5,1
DA:6,1
DA:7,1
DA:8,1
DA:9,1
DA:10,1
DA:11,1
DA:12,1
DA:13,1
DA:14,1
DA:15,1
DA:16,1
DA:17,1
DA:18,1
DA:19,1
DA:20,1
DA:21,1
DA:22,1
DA:23,1
DA:24,1
DA:25,1
LF:24
LH:24
BRF:0
BRH:0
end_of_record
TN:
SF:/home/circleci/repo/packages/sportident/lib/storage/interfaces.js
FN:2,(anonymous_0)
FNF:1
FNH:1
FNDA:1,(anonymous_0)
DA:2,1
DA:3,1
DA:4,0
DA:5,0
DA:6,0
DA:7,0
DA:9,1
DA:10,1
DA:13,1
DA:16,1
LF:10
LH:6
BRDA:2,0,0,1
BRDA:2,0,1,1
BRDA:2,0,2,1
BRDA:3,1,0,1
BRDA:3,1,1,0
BRDA:3,2,0,1
BRDA:3,2,1,1
BRDA:5,3,0,0
BRDA:5,3,1,0
BRDA:5,4,0,0
BRDA:5,4,1,0
BRF:11
BRH:6
end_of_record
TN:
SF:/home/circleci/repo/packages/sportident/lib/utils/NumberRange.js
FN:2,(anonymous_0)
FN:11,(anonymous_1)
FN:20,(anonymous_2)
FN:23,(anonymous_3)
FN:26,(anonymous_4)
FN:29,(anonymous_5)
FN:32,(anonymous_6)
FN:40,(anonymous_7)
FN:48,(anonymous_8)
FNF:9
FNH:6
FNDA:3,(anonymous_0)
FNDA:12,(anonymous_1)
FNDA:0,(anonymous_2)
FNDA:58,(anonymous_3)
FNDA:58,(anonymous_4)
FNDA:0,(anonymous_5)
FNDA:29,(anonymous_6)
FNDA:29,(anonymous_7)
FNDA:0,(anonymous_8)
DA:2,3
DA:3,3
DA:5,3
DA:6,3
DA:12,12
DA:13,0
DA:15,12
DA:21,0
DA:24,58
DA:27,58
DA:30,0
DA:33,29
DA:34,29
DA:35,29
DA:37,0
DA:38,0
DA:41,29
DA:42,29
DA:43,29
DA:45,0
DA:46,0
DA:49,0
DA:52,3
LF:23
LH:15
BRDA:2,0,0,3
BRDA:2,0,1,3
BRDA:2,0,2,3
BRDA:3,1,0,3
BRDA:3,1,1,0
BRDA:3,2,0,3
BRDA:3,2,1,3
BRDA:12,3,0,0
BRDA:12,3,1,12
BRDA:30,4,0,0
BRDA:30,4,1,0
BRDA:33,5,0,29
BRDA:33,5,1,0
BRDA:41,6,0,29
BRDA:41,6,1,0
BRDA:49,7,0,0
BRDA:49,7,1,0
BRF:17
BRH:9
end_of_record
TN:
SF:/home/circleci/repo/packages/sportident/lib/utils/NumberRangeRegistry.js
FN:2,(anonymous_0)
FN:5,(anonymous_1)
FN:16,(anonymous_2)
[...]
DA:7,4
DA:9,4
DA:11,4
DA:21,23
DA:22,23
DA:27,23
DA:29,23
DA:31,23
DA:33,23
DA:35,23
DA:37,23
DA:38,5
DA:45,5
DA:46,1
DA:48,4
DA:49,4
DA:54,7
DA:55,7
DA:56,5
DA:61,13
DA:62,13
DA:63,13
DA:67,8
DA:68,8
DA:69,8
DA:73,4
DA:75,25
DA:76,3
DA:78,22
DA:79,22
DA:80,22
DA:81,3
DA:83,22
DA:84,12
DA:87,22
DA:90,27
DA:91,27
DA:93,27
DA:94,27
DA:95,27
DA:101,27
DA:106,22
DA:113,3
DA:114,0
DA:115,2
DA:116,1
DA:117,0
DA:119,3
DA:120,3
DA:121,3
DA:126,2
DA:130,3
DA:131,1
DA:136,12
DA:137,12
DA:138,12
DA:139,12
DA:140,12
DA:144,12
DA:145,12
DA:146,2
DA:151,12
DA:152,1
DA:161,12
DA:162,3
DA:164,9
DA:171,9
DA:172,0
DA:174,9
DA:175,1
DA:176,1
DA:178,8
DA:179,0
DA:181,8
DA:182,8
DA:183,0
DA:185,8
DA:189,1
DA:190,1
DA:192,7
DA:201,7
DA:202,3
DA:208,7
DA:209,1
DA:211,6
DA:217,6
DA:218,6
DA:219,2
DA:221,4
DA:222,4
DA:227,3
DA:228,1
DA:230,2
DA:233,2
DA:234,2
DA:235,2
DA:244,23
DA:245,23
DA:250,13
DA:251,13
DA:252,0
DA:254,13
DA:255,13
DA:258,8
DA:259,8
DA:260,0
DA:262,8
DA:263,8
DA:266,23
DA:267,23
DA:272,42
DA:278,22
DA:281,20
DA:282,20
DA:283,20
DA:287,20
DA:289,18
DA:290,18
DA:291,18
DA:292,8
DA:296,2
DA:297,2
DA:303,4
LF:126
LH:119
BRDA:45,0,0,1
BRDA:45,0,1,4
BRDA:55,1,0,5
BRDA:55,1,1,2
BRDA:75,2,0,3
BRDA:75,2,1,22
BRDA:120,3,0,3
BRDA:120,3,1,0
BRDA:145,4,0,2
BRDA:145,4,1,10
BRDA:151,5,0,1
BRDA:151,5,1,11
BRDA:161,6,0,3
BRDA:161,6,1,9
BRDA:171,7,0,0
BRDA:171,7,1,9
BRDA:174,8,0,1
BRDA:174,8,1,8
BRDA:178,9,0,0
BRDA:178,9,1,8
BRDA:182,10,0,0
BRDA:182,10,1,8
BRDA:185,11,0,1
BRDA:185,11,1,7
BRDA:186,12,0,8
BRDA:186,12,1,1
BRDA:208,13,0,1
BRDA:208,13,1,6
BRDA:218,14,0,2
BRDA:218,14,1,4
BRDA:227,15,0,1
BRDA:227,15,1,2
BRDA:241,16,0,0
BRDA:242,17,0,4
BRDA:251,18,0,0
BRDA:251,18,1,13
BRDA:259,19,0,0
BRDA:259,19,1,8
BRDA:272,20,0,22
BRDA:272,20,1,20
BRDA:273,21,0,42
BRDA:273,21,1,29
BRDA:273,21,2,27
BRDA:273,21,3,26
BRDA:291,22,0,8
BRDA:291,22,1,10
BRF:46
BRH:39
end_of_record
TN:
SF:/home/circleci/repo/packages/sportident/src/SiStation/siStationExamples.ts
FN:13,(anonymous_1)
FN:61,(anonymous_2)
FN:108,(anonymous_3)
FNF:3
FNH:3
FNDA:2,(anonymous_1)
FNDA:1,(anonymous_2)
FNDA:1,(anonymous_3)
DA:1,2
DA:2,2
DA:4,2
DA:11,2
DA:13,2
DA:59,2
DA:61,1
DA:108,2
LF:8
LH:8
BRF:0
BRH:0
end_of_record
TN:
SF:/home/circleci/repo/packages/sportident/src/fakes/FakeSiMainStation.ts
FN:19,(anonymous_1)
FN:23,(anonymous_2)
FN:34,(anonymous_3)
FN:41,(anonymous_4)
FN:48,(anonymous_5)
FN:52,(anonymous_6)
FN:58,(anonymous_7)
FN:106,(anonymous_8)
FN:123,(anonymous_9)
FNF:9
FNH:9
FNDA:1,(anonymous_1)
FNDA:4,(anonymous_2)
FNDA:15,(anonymous_3)
FNDA:18,(anonymous_4)
FNDA:4,(anonymous_5)
FNDA:2,(anonymous_6)
FNDA:12,(anonymous_7)
FNDA:4,(anonymous_8)
FNDA:1,(anonymous_9)
DA:1,1
DA:2,1
DA:5,1
DA:7,1
DA:9,1
DA:13,1
DA:15,1
DA:16,1
DA:20,1
DA:24,4
DA:25,0
DA:27,4
DA:31,4
DA:35,15
DA:42,18
DA:49,4
DA:53,2
DA:54,2
DA:55,2
DA:59,12
DA:60,0
DA:62,12
DA:63,1
DA:64,1
DA:68,11
DA:69,2
DA:73,9
DA:74,2
DA:75,2
DA:79,7
DA:80,1
DA:84,6
DA:85,1
DA:86,1
DA:87,1
DA:91,5
DA:92,1
DA:93,1
DA:94,1
DA:102,4
DA:103,1
DA:104,1
DA:105,1
DA:106,1
DA:107,4
DA:109,1
DA:110,1
DA:114,3
DA:119,1
DA:120,0
DA:122,1
DA:123,1
DA:124,1
DA:126,2
DA:127,1
DA:136,1
LF:56
LH:53
BRDA:24,0,0,0
BRDA:24,0,1,4
BRDA:59,1,0,0
BRDA:59,1,1,12
BRDA:62,2,0,1
BRDA:62,2,1,11
BRDA:68,3,0,2
BRDA:68,3,1,9
BRDA:71,4,0,1
BRDA:71,4,1,1
BRDA:73,5,0,2
BRDA:73,5,1,7
BRDA:77,6,0,1
BRDA:77,6,1,1
BRDA:79,7,0,1
BRDA:79,7,1,6
BRDA:84,8,0,1
BRDA:84,8,1,5
BRDA:91,9,0,1
BRDA:91,9,1,4
BRDA:102,10,0,1
BRDA:102,10,1,3
BRDA:114,11,0,1
BRDA:114,11,1,2
BRDA:115,12,0,3
BRDA:115,12,1,2
BRDA:115,12,2,2
BRDA:119,13,0,0
BRDA:119,13,1,1
BRDA:126,14,0,1
BRDA:126,14,1,1
BRF:31
BRH:28
end_of_record
TN:
SF:/home/circleci/repo/packages/sportident/src/fakes/IFakeSiMainStation.ts
FN:9,(anonymous_1)
FNF:1
FNH:1
FNDA:15,(anonymous_1)
DA:1,1
DA:8,1
DA:11,15
DA:13,15
DA:15,15
LF:5
LH:5
BRF:0
BRH:0
end_of_record
TN:
SF:/home/circleci/repo/packages/sportident/src/fakes/FakeSiCard/BaseFakeSiCard.ts
FN:6,(anonymous_0)
FNF:1
FNH:1
FNDA:23,(anonymous_0)
DA:6,10
DA:7,23
LF:2
LH:2
BRF:0
BRH:0
end_of_record
TN:
SF:/home/circleci/repo/packages/sportident/src/fakes/FakeSiCard/types/FakeModernSiCard.ts
FN:12,(anonymous_1)
FN:17,(anonymous_2)
FN:26,(anonymous_3)
FN:35,(anonymous_4)
FNF:4
FNH:4
FNDA:13,(anonymous_1)
FNDA:1,(anonymous_2)
FNDA:46,(anonymous_3)
FNDA:47,(anonymous_4)
DA:2,4
DA:3,4
DA:4,4
DA:5,4
DA:6,4
DA:8,4
DA:9,4
DA:10,4
DA:13,13
DA:14,13
DA:18,1
DA:19,1
DA:20,1
DA:27,46
DA:32,1
DA:34,45
DA:35,47
DA:42,45
DA:43,1
DA:45,44
LF:20
LH:20
BRDA:27,0,0,1
BRDA:27,0,1,45
BRDA:28,1,0,46
BRDA:28,1,1,46
BRDA:28,1,2,45
BRDA:42,2,0,1
BRDA:42,2,1,44
BRF:7
BRH:7
end_of_record
TN:
SF:/home/circleci/repo/packages/sportident/src/fakes/FakeSiCard/types/FakeSiCard5.ts
FN:17,(anonymous_1)
FN:22,(anonymous_2)
FN:31,(anonymous_3)
FNF:3
FNH:3
FNDA:4,(anonymous_1)
FNDA:4,(anonymous_2)
FNDA:6,(anonymous_3)
DA:2,3
DA:3,3
DA:6,3
DA:8,3
DA:9,3
DA:11,3
DA:12,3
DA:13,3
DA:18,4
DA:19,4
DA:23,4
DA:24,4
DA:25,4
DA:32,6
DA:37,1
DA:39,5
LF:16
LH:16
BRDA:32,0,0,1
BRDA:32,0,1,5
BRDA:33,1,0,6
BRDA:33,1,1,6
BRDA:33,1,2,5
BRF:5
BRH:5
end_of_record
TN:
SF:/home/circleci/repo/packages/sportident/src/fakes/FakeSiCard/types/FakeSiCard6.ts
FN:17,(anonymous_1)
FN:22,(anonymous_2)
FN:31,(anonymous_3)
FN:40,(anonymous_4)
FNF:4
FNH:4
FNDA:6,(anonymous_1)
FNDA:2,(anonymous_2)
FNDA:29,(anonymous_3)
FNDA:30,(anonymous_4)
DA:2,3
DA:3,3
DA:6,3
DA:8,3
DA:9,3
DA:11,3
DA:12,3
DA:13,3
DA:18,6
DA:19,6
DA:23,2
DA:24,2
DA:25,2
DA:32,29
DA:37,1
DA:39,28
DA:40,30
DA:47,28
DA:48,1
DA:50,27
LF:20
LH:20
BRDA:32,0,0,1
BRDA:32,0,1,28
BRDA:33,1,0,29
BRDA:33,1,1,29
BRDA:33,1,2,28
BRDA:47,2,0,1
BRDA:47,2,1,27
BRF:7
BRH:7
end_of_record
TN:
SF:/home/circleci/repo/packages/sportident/src/fakes/FakeSiCard/types/FakeSiCard8.ts
FN:14,(anonymous_0)
FNF:1
FNH:1
FNDA:3,(anonymous_0)
DA:3,1
DA:5,1
DA:6,1
DA:8,1
DA:9,1
DA:10,1
DA:15,3
DA:16,3
LF:8
LH:8
BRF:0
BRH:0
end_of_record
TN:
SF:/home/circleci/repo/packages/sportident/src/fakes/FakeSiCard/types/FakeSiCard9.ts
FN:14,(anonymous_0)
FNF:1
FNH:1
FNDA:3,(anonymous_0)
DA:3,1
DA:5,1
DA:6,1
DA:8,1
DA:9,1
DA:10,1
DA:15,3
DA:16,3
LF:8
LH:8
BRF:0
BRH:0
end_of_record
TN:
SF:/home/circleci/repo/packages/sportident/src/storage/SiArray.ts
FN:9,(anonymous_1)
FN:18,(anonymous_2)
FN:22,(anonymous_3)
FN:23,(anonymous_4)
FN:32,(anonymous_5)
FN:38,(anonymous_6)
FN:39,(anonymous_7)
FN:50,(anonymous_8)
FN:53,(anonymous_9)
FNF:9
FNH:9
FNDA:132,(anonymous_1)
FNDA:25,(anonymous_2)
FNDA:4,(anonymous_3)
FNDA:5,(anonymous_4)
FNDA:3,(anonymous_5)
FNDA:280,(anonymous_6)
FNDA:9084,(anonymous_7)
FNDA:30,(anonymous_8)
FNDA:61,(anonymous_9)
DA:1,25
DA:3,25
DA:4,25
DA:8,25
DA:11,132
DA:13,132
DA:15,132
DA:19,25
DA:23,4
DA:24,5
DA:25,1
DA:27,4
DA:28,4
DA:33,3
DA:39,280
DA:40,9084
DA:41,9084
DA:42,9084
DA:43,1487
DA:45,7597
DA:47,280
DA:51,30
DA:52,30
DA:53,30
DA:54,61
DA:55,61
DA:56,61
DA:57,60
DA:60,14
LF:29
LH:29
BRDA:24,0,0,1
BRDA:24,0,1,4
BRDA:42,1,0,1487
BRDA:42,1,1,7597
BRDA:56,2,0,60
BRDA:56,2,1,1
BRF:6
BRH:6
end_of_record
TN:
SF:/home/circleci/repo/packages/sportident/src/storage/SiBool.ts
FN:7,(anonymous_0)
FN:16,(anonymous_1)
FN:20,(anonymous_2)
FN:24,(anonymous_3)
FN:37,(anonymous_4)
FN:45,(anonymous_5)
FNF:6
FNH:6
FNDA:55,(anonymous_0)
FNDA:38,(anonymous_1)
FNDA:2,(anonymous_2)
FNDA:3,(anonymous_3)
FNDA:50,(anonymous_4)
FNDA:32,(anonymous_5)
DA:3,26
DA:4,26
DA:6,26
DA:9,55
DA:11,55
DA:13,55
DA:17,38
DA:21,2
DA:25,3
DA:29,3
DA:30,1
DA:34,2
DA:38,50
DA:39,50
DA:40,10
DA:42,40
DA:46,32
DA:47,32
DA:48,32
DA:49,32
DA:50,10
DA:52,22
DA:53,22
LF:23
LH:23
BRDA:11,0,0,2
BRDA:21,1,0,1
BRDA:21,1,1,1
BRDA:29,2,0,1
BRDA:29,2,1,2
BRDA:39,3,0,10
BRDA:39,3,1,40
BRDA:46,4,0,20
BRDA:46,4,1,12
BRDA:49,5,0,10
BRDA:49,5,1,22
BRF:11
BRH:11
end_of_record
TN:
SF:/home/circleci/repo/packages/sportident/src/storage/SiDataType.ts
FN:8,(anonymous_0)
FN:16,(anonymous_1)
FN:22,(anonymous_2)
FN:31,(anonymous_3)
FN:44,(anonymous_4)
FN:54,(anonymous_5)
FNF:6
FNH:6
FNDA:58,(anonymous_0)
FNDA:100,(anonymous_1)
FNDA:57,(anonymous_2)
FNDA:52,(anonymous_3)
FNDA:14385,(anonymous_4)
FNDA:233,(anonymous_5)
DA:3,33
DA:4,33
DA:6,33
DA:10,58
DA:15,33
DA:17,100
DA:23,57
DA:24,8
DA:26,49
DA:32,52
DA:33,52
DA:34,29
DA:36,23
DA:37,1
DA:39,22
DA:45,14385
DA:46,14385
DA:47,3601
DA:49,10784
DA:55,233
DA:56,233
DA:57,6
DA:59,227
LF:23
LH:23
BRDA:10,0,0,58
BRDA:23,1,0,8
BRDA:23,1,1,49
BRDA:33,2,0,29
BRDA:33,2,1,23
BRDA:36,3,0,1
BRDA:36,3,1,22
BRDA:46,4,0,3601
BRDA:46,4,1,10784
BRDA:55,5,0,26
BRDA:55,5,1,207
BRDA:56,6,0,6
BRDA:56,6,1,227
BRF:13
BRH:13
end_of_record
TN:
SF:/home/circleci/repo/packages/sportident/src/storage/SiDict.ts
FN:9,(anonymous_0)
FN:16,(anonymous_1)
FN:17,(anonymous_2)
FN:22,(anonymous_3)
FN:23,(anonymous_4)
FN:35,(anonymous_5)
FN:41,(anonymous_6)
FN:43,(anonymous_7)
FN:54,(anonymous_8)
FN:56,(anonymous_9)
FN:63,(anonymous_10)
FNF:11
FNH:11
FNDA:2307,(anonymous_0)
FNDA:21,(anonymous_1)
FNDA:43,(anonymous_2)
FNDA:3,(anonymous_3)
FNDA:6,(anonymous_4)
FNDA:3,(anonymous_5)
FNDA:2315,(anonymous_6)
FNDA:4721,(anonymous_7)
FNDA:14,(anonymous_8)
FNDA:24,(anonymous_9)
FNDA:2353,(anonymous_10)
DA:2,25
DA:3,25
DA:8,25
DA:11,2307
DA:13,2307
DA:17,21
DA:18,43
DA:23,3
DA:24,6
DA:25,6
DA:26,6
DA:27,1
DA:30,5
DA:31,5
DA:36,3
DA:42,2315
DA:43,2315
DA:44,4721
DA:45,4721
DA:46,4721
DA:47,2080
DA:49,2641
DA:51,2315
DA:55,14
DA:56,14
DA:57,24
DA:58,24
DA:60,7
DA:64,2353
LF:29
LH:29
BRDA:26,0,0,1
BRDA:26,0,1,5
BRDA:46,1,0,2080
BRDA:46,1,1,2641
BRF:4
BRH:4
end_of_record
TN:
SF:/home/circleci/repo/packages/sportident/src/storage/SiEnum.ts
FN:12,(anonymous_2)
FN:17,(anonymous_3)
FN:23,(anonymous_4)
FN:26,(anonymous_5)
FN:30,(anonymous_6)
FN:39,(anonymous_7)
FN:46,(anonymous_8)
FN:61,(anonymous_9)
FN:65,(anonymous_10)
FNF:9
FNH:9
FNDA:28,(anonymous_2)
FNDA:72,(anonymous_3)
FNDA:102,(anonymous_4)
FNDA:73,(anonymous_5)
FNDA:83,(anonymous_6)
FNDA:20,(anonymous_7)
FNDA:19,(anonymous_8)
FNDA:54,(anonymous_9)
FNDA:34,(anonymous_10)
DA:1,25
DA:2,25
DA:4,25
DA:5,25
DA:7,25
DA:9,25
DA:15,28
DA:17,72
DA:19,28
DA:20,28
DA:24,102
DA:26,73
DA:31,83
DA:32,83
DA:33,1
DA:35,82
DA:36,82
DA:40,20
DA:41,20
DA:42,20
DA:43,20
DA:47,19
DA:48,10
DA:52,9
DA:53,9
DA:54,1
DA:58,8
DA:62,54
DA:66,34
DA:67,34
LF:30
LH:30
BRDA:17,0,0,27
BRDA:31,1,0,61
BRDA:31,1,1,22
BRDA:32,2,0,1
BRDA:32,2,1,82
BRDA:40,3,0,16
BRDA:40,3,1,4
BRDA:47,4,0,10
BRDA:47,4,1,9
BRDA:53,5,0,1
BRDA:53,5,1,8
BRDA:66,6,0,21
BRDA:66,6,1,13
BRF:13
BRH:13
end_of_record
TN:
SF:/home/circleci/repo/packages/sportident/src/storage/SiFieldValue.ts
FN:17,(anonymous_0)
FN:5,(anonymous_1)
FN:25,(anonymous_2)
FNF:3
FNH:3
FNDA:10810,(anonymous_0)
FNDA:2,(anonymous_1)
FNDA:14,(anonymous_2)
DA:2,33
DA:4,33
DA:9,2
DA:10,2
DA:11,1
DA:13,1
DA:19,10810
DA:21,10810
DA:26,14
DA:27,14
LF:10
LH:10
BRDA:10,0,0,1
BRDA:10,0,1,1
BRDA:27,1,0,1
BRDA:27,1,1,13
BRF:4
BRH:4
end_of_record
TN:
SF:/home/circleci/repo/packages/sportident/src/storage/SiInt.ts
FN:17,(anonymous_1)
FN:19,(anonymous_2)
FN:26,(anonymous_3)
FN:30,(anonymous_4)
FN:34,(anonymous_5)
FN:44,(anonymous_6)
FN:45,(anonymous_7)
FN:48,(anonymous_8)
FN:54,(anonymous_9)
FN:66,(anonymous_10)
FN:72,(anonymous_11)
FNF:11
FNH:11
FNDA:11618,(anonymous_1)
FNDA:14064,(anonymous_2)
FNDA:75,(anonymous_3)
FNDA:3,(anonymous_4)
FNDA:6,(anonymous_5)
FNDA:11783,(anonymous_6)
FNDA:13215,(anonymous_7)
FNDA:11689,(anonymous_8)
FNDA:9575,(anonymous_9)
FNDA:94,(anonymous_10)
FNDA:75,(anonymous_11)
DA:1,27
DA:3,27
DA:4,27
DA:14,27
DA:18,11618
DA:19,14064
DA:27,75
DA:31,3
DA:35,6
DA:36,6
DA:37,1
DA:41,5
DA:45,13215
DA:49,11689
DA:50,3531
DA:52,8158
DA:53,8158
DA:54,8158
DA:55,9575
DA:56,9575
DA:57,9575
DA:58,9575
DA:59,9575
DA:60,9575
DA:61,9575
DA:63,8158
DA:67,94
DA:68,30
DA:70,64
DA:71,64
DA:72,64
DA:73,75
DA:74,75
DA:75,75
DA:76,75
DA:77,75
DA:78,75
DA:79,75
DA:80,75
DA:81,75
DA:83,64
LF:41
LH:41
BRDA:21,0,0,12
BRDA:21,0,1,14052
BRDA:22,1,0,12
BRDA:22,1,1,14052
BRDA:27,2,0,75
BRDA:27,2,1,73
BRDA:36,3,0,1
BRDA:36,3,1,5
BRDA:49,4,0,3531
BRDA:49,4,1,8158
BRDA:67,5,0,30
BRDA:67,5,1,64
BRF:12
BRH:12
end_of_record
TN:
SF:/home/circleci/repo/packages/sportident/src/storage/SiModified.ts
FN:6,(anonymous_0)
FN:23,(anonymous_1)
FN:30,(anonymous_2)
FN:37,(anonymous_3)
FN:44,(anonymous_4)
FN:55,(anonymous_5)
FNF:6
FNH:6
FNDA:119,(anonymous_0)
FNDA:33,(anonymous_1)
FNDA:4,(anonymous_2)
FNDA:7,(anonymous_3)
FNDA:261,(anonymous_4)
FNDA:16,(anonymous_5)
DA:2,25
DA:3,25
DA:5,25
DA:8,119
DA:10,119
DA:12,119
DA:14,119
DA:16,119
DA:18,119
DA:20,119
DA:24,33
DA:25,3
DA:27,30
DA:31,4
DA:32,1
DA:34,3
DA:38,7
DA:39,1
DA:41,6
DA:45,261
DA:46,1
DA:48,260
DA:49,260
DA:50,3
DA:52,257
DA:56,16
DA:57,1
DA:59,15
DA:60,15
DA:61,4
DA:63,11
LF:31
LH:31
BRDA:24,0,0,3
BRDA:24,0,1,30
BRDA:31,1,0,1
BRDA:31,1,1,3
BRDA:38,2,0,1
BRDA:38,2,1,6
BRDA:45,3,0,1
BRDA:45,3,1,260
BRDA:49,4,0,3
BRDA:49,4,1,257
BRDA:56,5,0,1
BRDA:56,5,1,15
BRDA:60,6,0,4
BRDA:60,6,1,11
BRF:14
BRH:14
end_of_record
TN:
SF:/home/circleci/repo/packages/sportident/src/storage/SiStorage.ts
FN:10,(anonymous_1)
FN:18,(anonymous_2)
FN:34,(anonymous_3)
FN:38,(anonymous_4)
FN:48,(anonymous_5)
FN:59,(anonymous_6)
FN:71,(anonymous_7)
FN:74,(anonymous_8)
FNF:8
FNH:8
FNDA:125,(anonymous_1)
FNDA:52505,(anonymous_2)
FNDA:156,(anonymous_3)
FNDA:515,(anonymous_4)
FNDA:37,(anonymous_5)
FNDA:94,(anonymous_6)
FNDA:38,(anonymous_7)
FNDA:125,(anonymous_8)
DA:1,25
DA:2,25
DA:6,25
DA:12,125
DA:14,125
DA:17,125
DA:18,52505
DA:21,125
DA:25,125
DA:26,1
DA:31,124
DA:35,156
DA:41,515
DA:42,515
DA:43,0
DA:45,515
DA:52,37
DA:53,37
DA:54,0
DA:56,37
DA:60,94
DA:61,94
DA:62,1
DA:67,93
DA:71,25
DA:74,38
DA:77,125
LF:27
LH:25
BRDA:18,0,0,88
BRDA:18,0,1,37
BRDA:22,1,0,2
BRDA:22,1,1,123
BRDA:25,2,0,1
BRDA:25,2,1,124
BRDA:42,3,0,0
BRDA:42,3,1,515
BRDA:53,4,0,0
BRDA:53,4,1,37
BRDA:61,5,0,1
BRDA:61,5,1,93
BRF:12
BRH:10
end_of_record
TN:
SF:/home/circleci/repo/packages/sportident/src/storage/index.ts
FNF:0
FNH:0
DA:1,24
DA:2,24
DA:3,24
DA:4,24
DA:5,24
DA:6,24
DA:7,24
DA:8,24
DA:9,24
DA:10,24
LF:10
LH:10
BRF:0
BRH:0
end_of_record
TN:
SF:/home/circleci/repo/packages/sportident/src/storage/interfaces.ts
FNF:0
FNH:0
DA:3,33
DA:5,33
DA:6,33
LF:3
LH:3
BRF:0
BRH:0
end_of_record
TN:
SF:/home/circleci/repo/packages/sportident/src/utils/NumberRange.ts
FN:7,(anonymous_1)
FN:17,(anonymous_2)
FN:21,(anonymous_3)
FN:25,(anonymous_4)
FN:29,(anonymous_5)
FN:33,(anonymous_6)
FN:42,(anonymous_7)
FN:51,(anonymous_8)
FNF:8
FNH:8
FNDA:67,(anonymous_1)
FNDA:3,(anonymous_2)
FNDA:233,(anonymous_3)
FNDA:323,(anonymous_4)
FNDA:53,(anonymous_5)
FNDA:91,(anonymous_6)
FNDA:182,(anonymous_7)
FNDA:6,(anonymous_8)
DA:1,37
DA:3,37
DA:8,67
DA:9,3
DA:11,64
DA:18,3
DA:22,233
DA:26,323
DA:30,53
DA:34,91
DA:35,87
DA:36,87
DA:38,4
DA:39,4
DA:43,182
DA:44,85
DA:45,85
DA:47,97
DA:48,97
DA:52,6
LF:20
LH:20
BRDA:8,0,0,3
BRDA:8,0,1,64
BRDA:30,1,0,53
BRDA:30,1,1,50
BRDA:34,2,0,87
BRDA:34,2,1,4
BRDA:43,3,0,85
BRDA:43,3,1,97
BRDA:52,4,0,6
BRDA:52,4,1,4
BRF:10
BRH:10
end_of_record
TN:
SF:/home/circleci/repo/packages/sportident/src/utils/NumberRangeRegistry.ts
FN:6,(anonymous_2)
FN:10,(anonymous_3)
FN:12,(anonymous_4)
FN:13,(anonymous_5)
FN:31,(anonymous_6)
FN:33,(anonymous_7)
FN:34,(anonymous_8)
FNF:7
FNH:7
FNDA:38,(anonymous_2)
FNDA:64,(anonymous_3)
FNDA:64,(anonymous_4)
FNDA:75,(anonymous_5)
FNDA:53,(anonymous_6)
FNDA:53,(anonymous_7)
FNDA:93,(anonymous_8)
DA:1,36
DA:2,36
DA:6,36
DA:7,38
DA:8,38
DA:11,64
DA:12,64
DA:14,75
DA:15,75
DA:16,75
DA:17,75
DA:18,75
DA:19,1
DA:24,74
DA:27,63
DA:28,63
DA:32,53
DA:33,53
DA:35,93
DA:36,93
DA:37,93
DA:38,93
DA:41,53
DA:42,53
DA:43,47
DA:45,6
LF:26
LH:26
BRDA:18,0,0,1
BRDA:18,0,1,74
BRDA:18,1,0,75
BRDA:18,1,1,38
BRDA:24,2,0,37
BRDA:24,2,1,37
BRDA:38,3,0,71
BRDA:38,3,1,22
BRDA:42,4,0,47
BRDA:42,4,1,6
BRDA:42,5,0,53
BRDA:42,5,1,49
BRF:12
BRH:12
end_of_record
TN:
SF:/home/circleci/repo/packages/sportident/src/utils/bytes.ts
FN:1,(anonymous_0)
FN:8,(anonymous_1)
FN:10,(anonymous_2)
FN:13,(anonymous_3)
FN:19,(anonymous_4)
FN:21,(anonymous_5)
FN:24,(anonymous_6)
FN:30,(anonymous_7)
FN:40,(anonymous_8)
FN:49,(anonymous_9)
FN:50,(anonymous_10)
FN:64,(anonymous_11)
FNF:12
FNH:12
FNDA:897,(anonymous_0)
FNDA:291,(anonymous_1)
FNDA:881,(anonymous_2)
FNDA:274,(anonymous_3)
FNDA:213,(anonymous_4)
FNDA:311,(anonymous_5)
FNDA:203,(anonymous_6)
FNDA:55,(anonymous_7)
FNDA:109,(anonymous_8)
FNDA:404,(anonymous_9)
FNDA:404,(anonymous_10)
FNDA:139,(anonymous_11)
DA:1,36
DA:2,897
DA:8,36
DA:9,291
DA:10,881
DA:13,36
DA:14,274
DA:15,26
DA:19,36
DA:20,213
DA:21,311
DA:24,36
DA:25,203
DA:26,18
DA:30,36
DA:31,55
DA:32,49
DA:33,49
DA:34,94
DA:35,94
DA:37,49
DA:40,36
DA:41,109
DA:42,109
DA:43,19
DA:44,19
DA:45,65
DA:48,109
DA:49,404
DA:50,404
DA:51,109
DA:52,53
DA:54,56
DA:55,56
DA:56,66
DA:57,66
DA:58,66
DA:59,66
DA:61,56
DA:64,36
DA:65,139
DA:66,139
DA:67,1
DA:69,138
DA:70,138
DA:71,11921
DA:72,11921
DA:73,11921
DA:74,1
DA:76,11920
DA:78,137
LF:51
LH:51
BRDA:2,0,0,897
BRDA:2,0,1,873
BRDA:2,0,2,868
BRDA:2,0,3,852
BRDA:9,1,0,291
BRDA:9,1,1,291
BRDA:14,2,0,26
BRDA:14,2,1,248
BRDA:25,3,0,18
BRDA:25,3,1,185
BRDA:40,4,0,50
BRDA:42,5,0,19
BRDA:42,5,1,90
BRDA:49,6,0,402
BRDA:49,6,1,2
BRDA:51,7,0,53
BRDA:51,7,1,56
BRDA:66,8,0,1
BRDA:66,8,1,138
BRDA:72,9,0,9
BRDA:72,9,1,11912
BRDA:73,10,0,1
BRDA:73,10,1,11920
BRDA:73,11,0,11921
BRDA:73,11,1,11912
BRDA:73,11,2,11911
BRDA:73,11,3,11911
BRF:27
BRH:27
end_of_record
TN:
SF:/home/circleci/repo/packages/sportident/src/utils/errors.ts
FN:3,(anonymous_0)
FN:12,(anonymous_1)
FNF:2
FNH:2
FNDA:52,(anonymous_0)
FNDA:3,(anonymous_1)
DA:1,36
DA:5,52
DA:10,36
DA:12,36
DA:13,3
LF:5
LH:5
BRDA:5,0,0,7
BRDA:13,1,0,3
BRDA:13,1,1,1
BRF:3
BRH:3
end_of_record
TN:
SF:/home/circleci/repo/packages/sportident/src/utils/events.ts
FN:12,(anonymous_0)
FN:44,(anonymous_1)
FN:57,(anonymous_2)
FN:64,(anonymous_3)
FN:69,(anonymous_4)
FN:73,(anonymous_5)
FN:80,(anonymous_6)
FNF:7
FNH:7
FNDA:106,(anonymous_0)
FNDA:82,(anonymous_1)
FNDA:23,(anonymous_2)
FNDA:22,(anonymous_3)
FNDA:1,(anonymous_4)
FNDA:106,(anonymous_5)
FNDA:52,(anonymous_6)
DA:7,36
DA:9,106
DA:14,106
DA:41,36
DA:48,82
DA:49,82
DA:50,82
DA:54,82
DA:61,23
DA:62,23
DA:63,23
DA:64,22
DA:66,23
DA:70,1
DA:77,106
DA:78,106
DA:79,106
DA:80,106
DA:81,52
DA:82,52
DA:84,1
DA:85,1
DA:88,106
LF:23
LH:23
BRDA:48,0,0,82
BRDA:48,0,1,41
BRDA:49,1,0,82
BRDA:49,1,1,66
BRDA:61,2,0,23
BRDA:61,2,1,1
BRDA:62,3,0,23
BRDA:62,3,1,1
BRDA:78,4,0,106
BRDA:78,4,1,47
BRDA:79,5,0,106
BRDA:79,5,1,52
BRF:12
BRH:12
end_of_record
TN:
SF:/home/circleci/repo/packages/sportident/src/utils/general.ts
FN:3,(anonymous_0)
FN:7,(anonymous_1)
FN:23,(anonymous_2)
FN:32,(anonymous_3)
FN:33,(anonymous_4)
FN:45,(anonymous_5)
FN:49,(anonymous_6)
FN:50,(anonymous_7)
FN:61,(anonymous_8)
FN:66,(anonymous_9)
FN:68,(anonymous_10)
FN:70,(anonymous_11)
FNF:12
FNH:12
FNDA:136,(anonymous_0)
FNDA:229,(anonymous_1)
FNDA:123,(anonymous_2)
FNDA:277,(anonymous_3)
FNDA:277,(anonymous_4)
FNDA:13,(anonymous_5)
FNDA:13,(anonymous_6)
FNDA:12,(anonymous_7)
FNDA:145,(anonymous_8)
FNDA:21,(anonymous_9)
FNDA:31,(anonymous_10)
FNDA:45,(anonymous_11)
DA:3,37
DA:7,136
DA:8,229
DA:9,229
DA:10,229
DA:11,82
DA:12,82
DA:13,82
DA:15,147
DA:17,136
DA:23,37
DA:27,123
DA:28,97
DA:30,26
DA:31,26
DA:32,277
DA:34,277
DA:35,277
DA:36,277
DA:37,1
DA:39,276
DA:41,25
DA:42,25
DA:45,37
DA:49,13
DA:50,13
DA:52,13
DA:61,37
DA:66,145
DA:67,145
DA:68,145
DA:69,145
DA:70,145
DA:71,45
DA:72,45
DA:73,45
DA:75,145
DA:76,145
DA:77,145
DA:78,145
DA:79,213
DA:81,144
LF:42
LH:42
BRDA:10,0,0,82
BRDA:10,0,1,147
BRDA:27,1,0,97
BRDA:27,1,1,26
BRDA:35,2,0,81
BRDA:35,2,1,196
BRDA:36,3,0,1
BRDA:36,3,1,276
BRDA:64,4,0,21
BRDA:67,5,0,145
BRDA:67,5,1,21
BRDA:69,6,0,145
BRDA:69,6,1,138
BRDA:73,7,0,28
BRDA:73,7,1,17
BRDA:75,8,0,145
BRDA:75,8,1,28
BRF:17
BRH:17
end_of_record
TN:
SF:/home/circleci/repo/packages/sportident/src/utils/index.ts
FNF:0
FNH:0
DA:1,35
DA:2,35
DA:3,35
DA:4,35
DA:5,35
DA:6,35
DA:7,35
LF:7
LH:7
BRF:0
BRH:0
end_of_record
TN:
SF:/home/circleci/repo/packages/sportident/src/utils/mixins.ts
FN:1,(anonymous_0)
FN:2,(anonymous_1)
FN:3,(anonymous_2)
FNF:3
FNH:3
FNDA:13,(anonymous_0)
FNDA:14,(anonymous_1)
FNDA:64,(anonymous_2)
DA:1,37
DA:2,13
DA:3,14
DA:4,64
LF:4
LH:4
BRF:0
BRH:0
end_of_record
