TN:
SF:packages/sportident-example-app/src/index.tsx
FN:9,(anonymous_1)
FN:11,(anonymous_2)
FN:17,(anonymous_3)
FN:18,(anonymous_4)
FN:20,(anonymous_5)
FN:22,(anonymous_6)
FN:28,(anonymous_7)
FN:30,(anonymous_8)
FN:30,(anonymous_9)
FN:35,(anonymous_10)
FN:43,(anonymous_11)
FN:49,(anonymous_12)
FNF:12
FNH:0
FNDA:0,(anonymous_1)
FNDA:0,(anonymous_2)
FNDA:0,(anonymous_3)
FNDA:0,(anonymous_4)
FNDA:0,(anonymous_5)
FNDA:0,(anonymous_6)
FNDA:0,(anonymous_7)
FNDA:0,(anonymous_8)
FNDA:0,(anonymous_9)
FNDA:0,(anonymous_10)
FNDA:0,(anonymous_11)
FNDA:0,(anonymous_12)
DA:1,0
DA:2,0
DA:3,0
DA:4,0
DA:6,0
DA:9,0
DA:10,0
DA:11,0
DA:14,0
DA:16,0
DA:17,0
DA:18,0
DA:19,0
DA:20,0
DA:21,0
DA:22,0
DA:23,0
DA:24,0
DA:25,0
DA:29,0
DA:30,0
DA:31,0
DA:35,0
DA:36,0
DA:40,0
DA:43,0
DA:48,0
DA:49,0
DA:50,0
DA:51,0
LF:30
LH:0
BRDA:42,0,0,0
BRDA:42,0,1,0
BRDA:42,1,0,0
BRDA:42,1,1,0
BRDA:48,2,0,0
BRF:5
BRH:0
end_of_record
TN:
SF:packages/sportident-node-usb/src/NodeUsbSiDeviceDriver.ts
FN:15,(anonymous_9)
FN:19,(anonymous_10)
FN:25,(anonymous_11)
FN:56,(anonymous_12)
FN:60,(anonymous_13)
FN:66,(anonymous_14)
FN:74,(anonymous_15)
FN:138,(anonymous_16)
FN:207,(anonymous_17)
FN:211,(anonymous_18)
FN:215,(anonymous_19)
FN:219,(anonymous_20)
FN:223,(anonymous_21)
FN:227,(anonymous_22)
FN:237,(anonymous_23)
FN:247,(anonymous_24)
FN:250,(anonymous_25)
FN:262,(anonymous_26)
FN:266,(anonymous_27)
FN:270,(anonymous_28)
FN:273,(anonymous_29)
FN:283,(anonymous_30)
FN:292,(anonymous_31)
FN:299,(anonymous_32)
FN:306,(anonymous_33)
FNF:25
FNH:25
FNDA:1,(anonymous_9)
FNDA:1,(anonymous_10)
FNDA:5,(anonymous_11)
FNDA:4,(anonymous_12)
FNDA:2,(anonymous_13)
FNDA:1,(anonymous_14)
FNDA:4,(anonymous_15)
FNDA:1,(anonymous_16)
FNDA:2,(anonymous_17)
FNDA:2,(anonymous_18)
FNDA:2,(anonymous_19)
FNDA:2,(anonymous_20)
FNDA:2,(anonymous_21)
FNDA:2,(anonymous_22)
FNDA:2,(anonymous_23)
FNDA:2,(anonymous_24)
FNDA:1,(anonymous_25)
FNDA:1,(anonymous_26)
FNDA:1,(anonymous_27)
FNDA:1,(anonymous_28)
FNDA:3,(anonymous_29)
FNDA:2,(anonymous_30)
FNDA:1,(anonymous_31)
FNDA:1,(anonymous_32)
FNDA:4,(anonymous_33)
DA:2,2
DA:3,2
DA:5,2
DA:7,2
DA:8,2
DA:9,2
DA:10,2
DA:11,2
DA:12,2
DA:15,2
DA:18,1
DA:20,1
DA:25,5
DA:46,4
DA:48,4
DA:51,4
DA:57,4
DA:61,2
DA:67,1
DA:68,0
DA:70,1
DA:75,4
DA:76,4
DA:77,1
DA:79,3
DA:83,3
DA:84,3
DA:85,3
DA:139,1
DA:143,0
DA:145,1
DA:146,1
DA:147,0
DA:149,1
DA:150,1
DA:151,1
DA:208,2
DA:209,2
DA:210,2
DA:212,2
DA:213,2
DA:216,2
DA:217,2
DA:220,2
DA:221,2
DA:224,2
DA:225,2
DA:228,2
DA:229,2
DA:238,2
DA:239,2
DA:247,2
DA:253,1
DA:254,1
DA:255,1
DA:263,1
DA:264,1
DA:267,1
DA:268,1
DA:270,1
DA:276,3
DA:277,3
DA:278,0
DA:279,0
DA:280,0
DA:282,3
DA:284,2
DA:285,0
DA:287,2
DA:288,2
DA:296,1
DA:297,1
DA:298,1
DA:299,1
DA:304,2
DA:306,2
DA:308,4
LF:77
LH:70
BRDA:20,0,0,1
BRDA:20,0,1,1
BRDA:67,1,0,0
BRDA:76,2,0,1
BRDA:139,3,0,0
BRDA:146,4,0,0
BRDA:277,5,0,0
BRDA:284,6,0,0
BRF:8
BRH:3
end_of_record
TN:
SF:packages/sportident-node-usb/src/index.ts
FN:1,(anonymous_0)
FNF:1
FNH:1
FNDA:1,(anonymous_0)
DA:1,2
LF:1
LH:1
BRF:0
BRH:0
end_of_record
TN:
SF:packages/sportident-react/src/index.ts
FNF:0
FNH:0
DA:1,0
LF:1
LH:0
BRF:0
BRH:0
end_of_record
TN:
SF:packages/sportident-react/src/react.tsx
FN:6,(anonymous_10)
FN:10,(anonymous_11)
FN:11,(anonymous_12)
FN:13,(anonymous_13)
FN:21,(anonymous_14)
FN:23,(anonymous_15)
FN:33,(anonymous_16)
FN:34,(anonymous_17)
FN:36,(anonymous_18)
FN:39,(anonymous_19)
FN:45,(anonymous_20)
FNF:11
FNH:11
FNDA:4,(anonymous_10)
FNDA:1,(anonymous_11)
FNDA:1,(anonymous_12)
FNDA:1,(anonymous_13)
FNDA:1,(anonymous_14)
FNDA:1,(anonymous_15)
FNDA:1,(anonymous_16)
FNDA:1,(anonymous_17)
FNDA:1,(anonymous_18)
FNDA:1,(anonymous_19)
FNDA:1,(anonymous_20)
DA:1,1
DA:2,1
DA:6,1
DA:9,4
DA:10,4
DA:11,1
DA:12,1
DA:13,1
DA:14,1
DA:15,1
DA:16,1
DA:18,0
DA:21,1
DA:22,1
DA:23,1
DA:24,1
DA:25,1
DA:26,1
DA:28,0
DA:31,1
DA:32,1
DA:33,1
DA:34,1
DA:35,1
DA:36,1
DA:37,1
DA:38,1
DA:39,1
DA:41,0
DA:44,1
DA:45,1
DA:46,1
DA:47,1
DA:48,1
DA:49,1
DA:52,4
LF:36
LH:33
BRDA:14,0,0,1
BRDA:24,1,0,1
BRDA:37,2,0,1
BRF:3
BRH:3
end_of_record
TN:
SF:packages/sportident-testbench-client/src/MainStationList.tsx
FN:4,(anonymous_1)
FN:13,(anonymous_2)
FN:17,(anonymous_3)
FN:30,(anonymous_4)
FNF:4
FNH:0
FNDA:0,(anonymous_1)
FNDA:0,(anonymous_2)
FNDA:0,(anonymous_3)
FNDA:0,(anonymous_4)
DA:1,0
DA:4,0
DA:11,0
DA:14,0
DA:15,0
DA:18,0
DA:30,0
LF:7
LH:0
BRDA:14,0,0,0
BRDA:14,0,1,0
BRDA:20,1,0,0
BRDA:20,1,1,0
BRF:4
BRH:0
end_of_record
TN:
SF:packages/sportident-testbench-client/src/SiDevicesContext.tsx
FN:11,(anonymous_10)
FNF:1
FNH:0
FNDA:0,(anonymous_10)
DA:1,0
DA:2,0
DA:10,0
DA:11,0
LF:4
LH:0
BRF:0
BRH:0
end_of_record
TN:
SF:packages/sportident-testbench-client/src/SiExternalApplication.ts
FN:9,(anonymous_9)
FN:11,(anonymous_10)
FN:15,(anonymous_11)
FN:18,(anonymous_12)
FN:23,(anonymous_13)
FN:28,(anonymous_14)
FN:35,(anonymous_15)
FN:40,(anonymous_16)
FNF:8
FNH:0
FNDA:0,(anonymous_9)
FNDA:0,(anonymous_10)
FNDA:0,(anonymous_11)
FNDA:0,(anonymous_12)
FNDA:0,(anonymous_13)
FNDA:0,(anonymous_14)
FNDA:0,(anonymous_15)
FNDA:0,(anonymous_16)
DA:1,0
DA:2,0
DA:5,0
DA:10,0
DA:11,0
DA:12,0
DA:13,0
DA:15,0
DA:16,0
DA:18,0
DA:19,0
DA:20,0
DA:23,0
DA:24,0
DA:29,0
DA:30,0
DA:36,0
DA:37,0
DA:41,0
DA:42,0
DA:47,0
LF:21
LH:0
BRDA:19,0,0,0
BRF:1
BRH:0
end_of_record
TN:
SF:packages/sportident-testbench-client/src/Terminal.tsx
FN:7,(anonymous_1)
FN:24,(anonymous_2)
FN:26,(anonymous_3)
FN:27,(anonymous_4)
FN:28,(anonymous_5)
FN:30,(anonymous_6)
FN:37,(anonymous_7)
FN:48,(anonymous_8)
FN:54,(anonymous_9)
FN:60,(anonymous_10)
FN:72,(anonymous_11)
FN:74,(anonymous_12)
FN:78,(anonymous_13)
FN:102,(anonymous_14)
FN:108,(anonymous_15)
FN:109,(anonymous_16)
FN:112,(anonymous_17)
FN:115,(anonymous_18)
FN:116,(anonymous_19)
FN:129,(anonymous_20)
FN:135,(anonymous_21)
FN:143,(anonymous_22)
FN:144,(anonymous_23)
FN:152,(anonymous_24)
FN:153,(anonymous_25)
FN:167,(anonymous_26)
FNF:26
FNH:0
FNDA:0,(anonymous_1)
FNDA:0,(anonymous_2)
FNDA:0,(anonymous_3)
FNDA:0,(anonymous_4)
FNDA:0,(anonymous_5)
FNDA:0,(anonymous_6)
FNDA:0,(anonymous_7)
FNDA:0,(anonymous_8)
FNDA:0,(anonymous_9)
FNDA:0,(anonymous_10)
FNDA:0,(anonymous_11)
FNDA:0,(anonymous_12)
FNDA:0,(anonymous_13)
FNDA:0,(anonymous_14)
FNDA:0,(anonymous_15)
FNDA:0,(anonymous_16)
FNDA:0,(anonymous_17)
FNDA:0,(anonymous_18)
FNDA:0,(anonymous_19)
FNDA:0,(anonymous_20)
FNDA:0,(anonymous_21)
FNDA:0,(anonymous_22)
FNDA:0,(anonymous_23)
FNDA:0,(anonymous_24)
FNDA:0,(anonymous_25)
FNDA:0,(anonymous_26)
DA:2,0
DA:3,0
DA:5,0
DA:7,0
DA:8,0
DA:9,0
DA:10,0
DA:11,0
DA:12,0
DA:13,0
DA:15,0
DA:16,0
DA:18,0
DA:19,0
DA:24,0
DA:25,0
DA:26,0
DA:27,0
DA:28,0
DA:30,0
DA:31,0
DA:34,0
DA:37,0
DA:42,0
DA:43,0
DA:44,0
DA:45,0
DA:46,0
DA:48,0
DA:49,0
DA:50,0
DA:54,0
DA:55,0
DA:56,0
DA:60,0
DA:61,0
DA:62,0
DA:64,0
DA:65,0
DA:66,0
DA:67,0
DA:69,0
DA:72,0
DA:73,0
DA:74,0
DA:75,0
DA:78,0
DA:79,0
DA:80,0
DA:81,0
DA:83,0
DA:84,0
DA:85,0
DA:86,0
DA:88,0
DA:89,0
DA:92,0
DA:93,0
DA:94,0
DA:98,0
DA:101,0
DA:102,0
DA:103,0
DA:104,0
DA:108,0
DA:109,0
DA:112,0
DA:113,0
DA:115,0
DA:116,0
DA:126,0
DA:127,0
DA:128,0
DA:129,0
DA:131,0
DA:135,0
DA:136,0
DA:137,0
DA:139,0
DA:140,0
DA:141,0
DA:142,0
DA:143,0
DA:144,0
DA:147,0
DA:150,0
DA:151,0
DA:152,0
DA:153,0
DA:157,0
DA:158,0
DA:168,0
DA:170,0
LF:93
LH:0
BRDA:8,0,0,0
BRDA:8,0,1,0
BRDA:8,0,2,0
BRDA:8,0,3,0
BRDA:8,0,4,0
BRDA:8,0,5,0
BRDA:15,1,0,0
BRDA:34,2,0,0
BRDA:34,2,1,0
BRDA:49,3,0,0
BRDA:49,4,0,0
BRDA:49,4,1,0
BRDA:55,5,0,0
BRDA:55,6,0,0
BRDA:55,6,1,0
BRDA:61,7,0,0
BRDA:61,8,0,0
BRDA:61,8,1,0
BRDA:66,9,0,0
BRDA:81,10,0,0
BRDA:81,10,1,0
BRDA:85,11,0,0
BRDA:85,12,0,0
BRDA:85,12,1,0
BRDA:101,13,0,0
BRDA:136,14,0,0
BRDA:141,15,0,0
BRDA:150,16,0,0
BRDA:168,17,0,0
BRDA:168,17,1,0
BRF:30
BRH:0
end_of_record
TN:
SF:packages/sportident-testbench-client/src/index.tsx
FN:11,(anonymous_1)
FN:12,(anonymous_2)
FN:20,(anonymous_3)
FN:21,(anonymous_4)
FN:25,(anonymous_5)
FN:44,(anonymous_6)
FN:50,(anonymous_7)
FN:55,(anonymous_8)
FN:66,(anonymous_9)
FNF:9
FNH:0
FNDA:0,(anonymous_1)
FNDA:0,(anonymous_2)
FNDA:0,(anonymous_3)
FNDA:0,(anonymous_4)
FNDA:0,(anonymous_5)
FNDA:0,(anonymous_6)
FNDA:0,(anonymous_7)
FNDA:0,(anonymous_8)
FNDA:0,(anonymous_9)
DA:1,0
DA:2,0
DA:3,0
DA:4,0
DA:5,0
DA:6,0
DA:7,0
DA:9,0
DA:11,0
DA:12,0
DA:13,0
DA:14,0
DA:16,0
DA:17,0
DA:18,0
DA:19,0
DA:20,0
DA:21,0
DA:22,0
DA:24,0
DA:25,0
DA:26,0
DA:29,0
DA:44,0
DA:49,0
DA:50,0
DA:53,0
DA:54,0
DA:55,0
DA:58,0
DA:65,0
DA:66,0
DA:67,0
DA:68,0
LF:34
LH:0
BRDA:14,0,0,0
BRDA:14,0,1,0
BRDA:19,1,0,0
BRDA:19,1,1,0
BRDA:38,2,0,0
BRDA:38,2,1,0
BRDA:65,3,0,0
BRF:7
BRH:0
end_of_record
TN:
SF:packages/sportident-testbench-node/src/SiExternalApplication.ts
FN:9,(anonymous_10)
FN:11,(anonymous_11)
FN:17,(anonymous_12)
FN:23,(anonymous_13)
FN:27,(anonymous_14)
FNF:5
FNH:0
FNDA:0,(anonymous_10)
FNDA:0,(anonymous_11)
FNDA:0,(anonymous_12)
FNDA:0,(anonymous_13)
FNDA:0,(anonymous_14)
DA:1,0
DA:2,0
DA:3,0
DA:6,0
DA:10,0
DA:11,0
DA:12,0
DA:13,0
DA:18,0
DA:24,0
DA:28,0
DA:33,0
LF:12
LH:0
BRF:0
BRH:0
end_of_record
TN:
SF:packages/sportident-testbench-node/src/index.ts
FN:9,(anonymous_0)
FN:15,(anonymous_1)
FN:30,(anonymous_2)
FN:36,(anonymous_3)
FN:47,(anonymous_4)
FN:51,(anonymous_5)
FNF:6
FNH:0
FNDA:0,(anonymous_0)
FNDA:0,(anonymous_1)
FNDA:0,(anonymous_2)
FNDA:0,(anonymous_3)
FNDA:0,(anonymous_4)
FNDA:0,(anonymous_5)
DA:1,0
DA:2,0
DA:3,0
DA:4,0
DA:6,0
DA:8,0
DA:10,0
DA:12,0
DA:13,0
DA:14,0
DA:15,0
DA:16,0
DA:17,0
DA:18,0
DA:19,0
DA:20,0
DA:21,0
DA:22,0
DA:24,0
DA:28,0
DA:31,0
DA:32,0
DA:34,0
DA:36,0
DA:47,0
DA:48,0
DA:52,0
LF:27
LH:0
BRDA:18,0,0,0
BRDA:31,1,0,0
BRF:2
BRH:0
end_of_record
TN:
SF:packages/sportident-testbench-server/src/index.ts
FN:9,(anonymous_1)
FN:12,(anonymous_2)
FN:19,(anonymous_3)
FN:37,(anonymous_4)
FNF:4
FNH:0
FNDA:0,(anonymous_1)
FNDA:0,(anonymous_2)
FNDA:0,(anonymous_3)
FNDA:0,(anonymous_4)
DA:1,0
DA:2,0
DA:4,0
DA:9,0
DA:10,0
DA:11,0
DA:12,0
DA:13,0
DA:14,0
DA:15,0
DA:16,0
DA:18,0
DA:19,0
DA:20,0
DA:21,0
DA:22,0
DA:24,0
DA:26,0
DA:27,0
DA:29,0
DA:30,0
DA:31,0
DA:32,0
DA:34,0
DA:37,0
DA:38,0
DA:39,0
DA:41,0
DA:42,0
LF:29
LH:0
BRDA:13,0,0,0
BRDA:13,0,1,0
BRDA:15,1,0,0
BRDA:26,2,0,0
BRDA:31,3,0,0
BRDA:38,4,0,0
BRF:6
BRH:0
end_of_record
TN:
SF:packages/sportident-testbench-shell/src/ISiExternalApplication.ts
FN:9,(anonymous_9)
FNF:1
FNH:0
FNDA:0,(anonymous_9)
DA:1,0
DA:8,0
DA:10,0
DA:11,0
DA:13,0
LF:5
LH:0
BRF:0
BRH:0
end_of_record
TN:
SF:packages/sportident-testbench-shell/src/Shell.ts
FN:51,(anonymous_0)
FN:64,(anonymous_1)
FN:65,(anonymous_2)
FN:69,(anonymous_3)
FN:79,(anonymous_4)
FN:80,(anonymous_5)
FN:94,(anonymous_6)
FN:98,(anonymous_7)
FN:100,(anonymous_8)
FN:101,(anonymous_9)
FN:106,(anonymous_10)
FN:110,(anonymous_11)
FN:129,(anonymous_12)
FN:133,(anonymous_13)
FN:140,(anonymous_14)
FN:155,(anonymous_15)
FN:165,(anonymous_16)
FN:167,(anonymous_17)
FN:171,(anonymous_18)
FN:176,(anonymous_19)
FN:184,(anonymous_20)
FN:187,(anonymous_21)
FN:188,(anonymous_22)
FN:189,(anonymous_23)
FN:201,(anonymous_24)
FN:202,(anonymous_25)
FNF:26
FNH:18
FNDA:6,(anonymous_0)
FNDA:6,(anonymous_1)
FNDA:11,(anonymous_2)
FNDA:5,(anonymous_3)
FNDA:0,(anonymous_4)
FNDA:4,(anonymous_5)
FNDA:10,(anonymous_6)
FNDA:0,(anonymous_7)
FNDA:0,(anonymous_8)
FNDA:11,(anonymous_9)
FNDA:11,(anonymous_10)
FNDA:28,(anonymous_11)
FNDA:11,(anonymous_12)
FNDA:0,(anonymous_13)
FNDA:0,(anonymous_14)
FNDA:0,(anonymous_15)
FNDA:0,(anonymous_16)
FNDA:0,(anonymous_17)
FNDA:11,(anonymous_18)
FNDA:28,(anonymous_19)
FNDA:5,(anonymous_20)
FNDA:34,(anonymous_21)
FNDA:34,(anonymous_22)
FNDA:321,(anonymous_23)
FNDA:22,(anonymous_24)
FNDA:608,(anonymous_25)
DA:47,2
DA:52,6
DA:53,6
DA:56,6
DA:61,6
DA:65,6
DA:66,11
DA:67,11
DA:69,6
DA:70,5
DA:71,0
DA:73,5
DA:74,5
DA:75,5
DA:76,5
DA:77,5
DA:78,4
DA:79,0
DA:80,4
DA:83,1
DA:85,0
DA:86,0
DA:87,0
DA:89,1
DA:91,6
DA:95,10
DA:98,0
DA:100,0
DA:101,11
DA:109,11
DA:111,28
DA:112,5
DA:113,5
DA:115,23
DA:116,0
DA:118,23
DA:119,0
DA:121,23
DA:122,0
DA:123,0
DA:125,23
DA:126,23
DA:127,23
DA:129,11
DA:134,0
DA:135,0
DA:136,0
DA:137,0
DA:138,0
DA:139,0
DA:140,0
DA:141,0
DA:143,0
DA:146,0
DA:147,0
DA:148,0
DA:149,0
DA:150,0
DA:151,0
DA:152,0
DA:153,0
DA:154,0
DA:155,0
DA:156,0
DA:158,0
DA:162,0
DA:166,0
DA:167,0
DA:175,11
DA:176,11
DA:177,28
DA:178,28
DA:179,28
DA:180,5
DA:182,23
DA:184,11
DA:188,34
DA:189,34
DA:190,321
DA:191,321
DA:192,28
DA:194,293
DA:197,34
DA:202,22
DA:203,608
LF:85
LH:50
BRDA:54,0,0,0
BRDA:70,1,0,0
BRDA:75,2,0,5
BRDA:75,2,1,0
BRDA:77,3,0,4
BRDA:111,4,0,5
BRDA:111,5,0,28
BRDA:111,5,1,28
BRDA:115,6,0,0
BRDA:115,7,0,23
BRDA:115,7,1,23
BRDA:118,8,0,0
BRDA:118,9,0,23
BRDA:118,9,1,0
BRDA:121,10,0,0
BRDA:135,11,0,0
BRDA:137,12,0,0
BRDA:146,13,0,0
BRDA:148,14,0,0
BRDA:150,15,0,0
BRDA:179,16,0,5
BRDA:191,17,0,28
BRDA:191,17,1,293
BRF:23
BRH:11
end_of_record
TN:
SF:packages/sportident-testbench-shell/src/index.ts
FN:1,(anonymous_0)
FN:2,(anonymous_1)
FNF:2
FNH:1
FNDA:1,(anonymous_0)
FNDA:0,(anonymous_1)
DA:1,2
DA:2,1
LF:2
LH:2
BRF:0
BRH:0
end_of_record
TN:
SF:packages/sportident-testbench-shell/src/testUtils.ts
FN:8,(anonymous_0)
FN:14,(anonymous_1)
FN:20,(anonymous_2)
FN:27,(anonymous_3)
FN:28,(anonymous_4)
FN:34,(anonymous_5)
FN:38,(anonymous_6)
FN:42,(anonymous_7)
FN:46,(anonymous_8)
FN:50,(anonymous_9)
FN:52,(anonymous_10)
FN:56,(anonymous_11)
FN:60,(anonymous_12)
FN:62,(anonymous_13)
FNF:14
FNH:11
FNDA:6,(anonymous_0)
FNDA:321,(anonymous_1)
FNDA:636,(anonymous_2)
FNDA:4,(anonymous_3)
FNDA:28,(anonymous_4)
FNDA:28,(anonymous_5)
FNDA:636,(anonymous_6)
FNDA:6,(anonymous_7)
FNDA:0,(anonymous_8)
FNDA:4,(anonymous_9)
FNDA:0,(anonymous_10)
FNDA:0,(anonymous_11)
FNDA:6,(anonymous_12)
FNDA:636,(anonymous_13)
DA:1,2
DA:3,2
DA:4,6
DA:5,6
DA:12,6
DA:15,321
DA:16,293
DA:18,28
DA:20,636
DA:28,4
DA:29,28
DA:30,28
DA:35,28
DA:39,636
DA:43,6
DA:47,0
DA:51,4
DA:52,0
DA:57,0
DA:61,6
DA:62,636
LF:21
LH:18
BRDA:10,0,0,3
BRDA:15,1,0,293
BRF:2
BRH:2
end_of_record
TN:
SF:packages/sportident-testbench-shell/src/commands/BaseCommand.ts
FN:14,(anonymous_0)
FN:22,(anonymous_1)
FN:29,(anonymous_2)
FN:32,(anonymous_3)
FN:51,(anonymous_4)
FN:63,(anonymous_5)
FN:66,(anonymous_6)
FN:70,(anonymous_7)
FNF:8
FNH:5
FNDA:0,(anonymous_0)
FNDA:0,(anonymous_1)
FNDA:1,(anonymous_2)
FNDA:2,(anonymous_3)
FNDA:0,(anonymous_4)
FNDA:1,(anonymous_5)
FNDA:2,(anonymous_6)
FNDA:2,(anonymous_7)
DA:11,1
DA:15,0
DA:16,0
DA:17,0
DA:18,0
DA:20,0
DA:21,0
DA:22,0
DA:24,0
DA:30,1
DA:31,1
DA:32,1
DA:33,2
DA:34,2
DA:35,2
DA:36,1
DA:37,1
DA:39,2
DA:41,0
DA:42,0
DA:43,0
DA:47,0
DA:50,0
DA:51,0
DA:52,0
DA:56,0
DA:60,1
DA:64,1
DA:65,1
DA:66,2
DA:68,1
DA:69,1
DA:70,1
DA:71,2
DA:72,2
DA:73,2
DA:74,2
LF:37
LH:21
BRDA:17,0,0,0
BRDA:21,1,0,0
BRDA:34,2,0,2
BRDA:35,3,0,1
BRDA:41,4,0,0
BRDA:42,5,0,0
BRDA:50,6,0,0
BRDA:51,7,0,0
BRDA:66,8,0,1
BRDA:66,8,1,1
BRDA:71,9,0,2
BRDA:71,9,1,0
BRDA:72,10,0,2
BRDA:72,10,1,2
BRF:14
BRH:7
end_of_record
TN:
SF:packages/sportident-testbench-shell/src/commands/getBackup.ts
FN:8,(anonymous_9)
FN:17,(anonymous_10)
FN:23,(anonymous_11)
FN:33,(anonymous_12)
FN:40,(anonymous_13)
FN:43,(anonymous_14)
FN:47,(anonymous_15)
FNF:7
FNH:0
FNDA:0,(anonymous_9)
FNDA:0,(anonymous_10)
FNDA:0,(anonymous_11)
FNDA:0,(anonymous_12)
FNDA:0,(anonymous_13)
FNDA:0,(anonymous_14)
FNDA:0,(anonymous_15)
DA:1,1
DA:2,1
DA:4,1
DA:5,1
DA:7,1
DA:9,0
DA:18,0
DA:19,0
DA:20,0
DA:24,0
DA:25,0
DA:26,0
DA:28,0
DA:29,0
DA:30,0
DA:31,0
DA:33,0
DA:34,0
DA:39,0
DA:40,0
DA:41,0
DA:42,0
DA:43,0
DA:44,0
DA:46,0
DA:48,0
DA:49,0
DA:50,0
DA:51,0
DA:54,0
LF:30
LH:5
BRDA:25,0,0,0
BRDA:29,1,0,0
BRDA:41,2,0,0
BRF:3
BRH:0
end_of_record
TN:
SF:packages/sportident-testbench-shell/src/commands/getDirectOrRemoteStation.ts
FN:4,(anonymous_0)
FNF:1
FNH:0
FNDA:0,(anonymous_0)
DA:2,1
DA:4,1
DA:5,0
DA:9,0
DA:10,0
DA:11,0
DA:12,0
DA:13,0
DA:14,0
DA:16,0
LF:10
LH:2
BRDA:11,0,0,0
BRDA:11,0,1,0
BRDA:13,1,0,0
BRF:3
BRH:0
end_of_record
TN:
SF:packages/sportident-testbench-shell/src/commands/getHolder.ts
FN:9,(anonymous_0)
FN:13,(anonymous_1)
FN:18,(anonymous_2)
FN:29,(anonymous_3)
FN:33,(anonymous_4)
FN:42,(anonymous_5)
FN:47,(anonymous_6)
FN:49,(anonymous_7)
FN:53,(anonymous_8)
FN:60,(anonymous_9)
FN:63,(anonymous_10)
FN:70,(anonymous_11)
FNF:12
FNH:0
FNDA:0,(anonymous_0)
FNDA:0,(anonymous_1)
FNDA:0,(anonymous_2)
FNDA:0,(anonymous_3)
FNDA:0,(anonymous_4)
FNDA:0,(anonymous_5)
FNDA:0,(anonymous_6)
FNDA:0,(anonymous_7)
FNDA:0,(anonymous_8)
FNDA:0,(anonymous_9)
FNDA:0,(anonymous_10)
FNDA:0,(anonymous_11)
DA:5,1
DA:6,1
DA:8,1
DA:10,0
DA:14,0
DA:15,0
DA:19,0
DA:20,0
DA:21,0
DA:23,0
DA:24,0
DA:25,0
DA:26,0
DA:29,0
DA:30,0
DA:32,0
DA:33,0
DA:34,0
DA:35,0
DA:36,0
DA:37,0
DA:42,0
DA:43,0
DA:44,0
DA:45,0
DA:48,0
DA:49,0
DA:50,0
DA:51,0
DA:53,0
DA:54,0
DA:55,0
DA:56,0
DA:57,0
DA:58,0
DA:60,0
DA:61,0
DA:62,0
DA:63,0
DA:64,0
DA:66,0
DA:67,0
DA:68,0
DA:70,0
DA:71,0
DA:72,0
DA:73,0
DA:76,0
LF:48
LH:3
BRDA:20,0,0,0
BRDA:24,1,0,0
BRDA:34,2,0,0
BRDA:34,3,0,0
BRDA:34,3,1,0
BRDA:36,4,0,0
BRDA:62,5,0,0
BRDA:62,5,1,0
BRDA:62,6,0,0
BRDA:62,6,1,0
BRDA:62,7,0,0
BRDA:62,7,1,0
BRDA:62,8,0,0
BRDA:62,8,1,0
BRF:14
BRH:0
end_of_record
TN:
SF:packages/sportident-testbench-shell/src/commands/getInfo.ts
FN:11,(anonymous_0)
FN:25,(anonymous_1)
FN:32,(anonymous_2)
FN:42,(anonymous_3)
FN:47,(anonymous_4)
FN:60,(anonymous_5)
FNF:6
FNH:2
FNDA:2,(anonymous_0)
FNDA:1,(anonymous_1)
FNDA:0,(anonymous_2)
FNDA:0,(anonymous_3)
FNDA:0,(anonymous_4)
FNDA:0,(anonymous_5)
DA:1,1
DA:3,1
DA:4,1
DA:7,1
DA:10,1
DA:12,2
DA:26,1
DA:27,1
DA:28,1
DA:29,1
DA:33,0
DA:34,0
DA:35,0
DA:37,0
DA:38,0
DA:39,0
DA:40,0
DA:42,0
DA:46,0
DA:48,0
DA:60,0
DA:61,0
LF:22
LH:10
BRDA:34,0,0,0
BRDA:38,1,0,0
BRDA:42,2,0,0
BRDA:42,2,1,0
BRF:4
BRH:0
end_of_record
TN:
SF:packages/sportident-testbench-shell/src/commands/index.ts
FN:21,(anonymous_0)
FNF:1
FNH:1
FNDA:1,(anonymous_0)
DA:1,1
DA:2,1
DA:3,1
DA:4,1
DA:5,1
DA:6,1
DA:7,1
DA:8,1
DA:21,1
LF:9
LH:9
BRF:0
BRH:0
end_of_record
TN:
SF:packages/sportident-testbench-shell/src/commands/pipe.ts
FN:9,(anonymous_1)
FN:19,(anonymous_2)
FN:24,(anonymous_3)
FN:28,(anonymous_4)
FN:43,(anonymous_5)
FN:47,(anonymous_6)
FN:55,(anonymous_7)
FN:59,(anonymous_8)
FN:67,(anonymous_9)
FNF:9
FNH:0
FNDA:0,(anonymous_1)
FNDA:0,(anonymous_2)
FNDA:0,(anonymous_3)
FNDA:0,(anonymous_4)
FNDA:0,(anonymous_5)
FNDA:0,(anonymous_6)
FNDA:0,(anonymous_7)
FNDA:0,(anonymous_8)
FNDA:0,(anonymous_9)
DA:1,1
DA:6,1
DA:8,1
DA:10,0
DA:20,0
DA:21,0
DA:25,0
DA:26,0
DA:27,0
DA:28,0
DA:29,0
DA:30,0
DA:31,0
DA:33,0
DA:34,0
DA:35,0
DA:37,0
DA:39,0
DA:40,0
DA:43,0
DA:44,0
DA:45,0
DA:46,0
DA:47,0
DA:48,0
DA:50,0
DA:51,0
DA:53,0
DA:55,0
DA:56,0
DA:57,0
DA:58,0
DA:59,0
DA:60,0
DA:62,0
DA:63,0
DA:65,0
DA:67,0
DA:68,0
DA:69,0
DA:70,0
DA:71,0
DA:72,0
DA:73,0
LF:44
LH:3
BRDA:29,0,0,0
BRDA:33,1,0,0
BRDA:68,2,0,0
BRDA:68,3,0,0
BRDA:68,3,1,0
BRF:5
BRH:0
end_of_record
TN:
SF:packages/sportident-testbench-shell/src/commands/send.ts
FN:7,(anonymous_9)
FN:28,(anonymous_10)
FN:34,(anonymous_11)
FN:64,(anonymous_12)
FN:65,(anonymous_13)
FN:68,(anonymous_14)
FNF:6
FNH:0
FNDA:0,(anonymous_9)
FNDA:0,(anonymous_10)
FNDA:0,(anonymous_11)
FNDA:0,(anonymous_12)
FNDA:0,(anonymous_13)
FNDA:0,(anonymous_14)
DA:1,1
DA:3,1
DA:4,1
DA:6,1
DA:8,0
DA:29,0
DA:30,0
DA:31,0
DA:35,0
DA:36,0
DA:37,0
DA:39,0
DA:40,0
DA:41,0
DA:42,0
DA:44,0
DA:45,0
DA:46,0
DA:47,0
DA:49,0
DA:50,0
DA:51,0
DA:52,0
DA:53,0
DA:55,0
DA:56,0
DA:57,0
DA:59,0
DA:60,0
DA:65,0
DA:66,0
DA:67,0
DA:68,0
DA:69,0
LF:34
LH:4
BRDA:36,0,0,0
BRDA:40,1,0,0
BRDA:45,2,0,0
BRDA:51,3,0,0
BRDA:59,4,0,0
BRDA:59,4,1,0
BRF:6
BRH:0
end_of_record
TN:
SF:packages/sportident-testbench-shell/src/commands/setInfo.ts
FN:8,(anonymous_0)
FN:25,(anonymous_1)
FN:32,(anonymous_2)
FN:51,(anonymous_3)
FN:54,(anonymous_4)
FN:55,(anonymous_5)
FNF:6
FNH:0
FNDA:0,(anonymous_0)
FNDA:0,(anonymous_1)
FNDA:0,(anonymous_2)
FNDA:0,(anonymous_3)
FNDA:0,(anonymous_4)
FNDA:0,(anonymous_5)
DA:1,1
DA:2,1
DA:4,1
DA:5,1
DA:7,1
DA:9,0
DA:26,0
DA:27,0
DA:28,0
DA:29,0
DA:33,0
DA:34,0
DA:35,0
DA:37,0
DA:38,0
DA:39,0
DA:40,0
DA:42,0
DA:43,0
DA:44,0
DA:45,0
DA:47,0
DA:48,0
DA:49,0
DA:50,0
DA:51,0
DA:52,0
DA:54,0
DA:56,0
DA:57,0
LF:30
LH:5
BRDA:34,0,0,0
BRDA:38,1,0,0
BRDA:44,2,0,0
BRF:3
BRH:0
end_of_record
TN:
SF:packages/sportident-testbench-shell/src/commands/simulate.ts
FN:9,(anonymous_1)
FN:12,(anonymous_2)
FN:27,(anonymous_3)
FN:32,(anonymous_4)
FN:46,(anonymous_5)
FN:57,(anonymous_6)
FN:65,(anonymous_7)
FN:69,(anonymous_8)
FN:78,(anonymous_9)
FN:87,(anonymous_10)
FN:89,(anonymous_11)
FN:117,(anonymous_12)
FN:118,(anonymous_13)
FNF:13
FNH:0
FNDA:0,(anonymous_1)
FNDA:0,(anonymous_2)
FNDA:0,(anonymous_3)
FNDA:0,(anonymous_4)
FNDA:0,(anonymous_5)
FNDA:0,(anonymous_6)
FNDA:0,(anonymous_7)
FNDA:0,(anonymous_8)
FNDA:0,(anonymous_9)
FNDA:0,(anonymous_10)
FNDA:0,(anonymous_11)
FNDA:0,(anonymous_12)
FNDA:0,(anonymous_13)
DA:1,1
DA:7,1
DA:9,1
DA:11,1
DA:13,0
DA:14,0
DA:28,0
DA:29,0
DA:33,0
DA:35,0
DA:36,0
DA:37,0
DA:38,0
DA:39,0
DA:40,0
DA:41,0
DA:44,0
DA:45,0
DA:46,0
DA:47,0
DA:48,0
DA:49,0
DA:51,0
DA:52,0
DA:54,0
DA:57,0
DA:58,0
DA:59,0
DA:60,0
DA:61,0
DA:63,0
DA:65,0
DA:66,0
DA:67,0
DA:68,0
DA:69,0
DA:70,0
DA:71,0
DA:73,0
DA:75,0
DA:78,0
DA:79,0
DA:80,0
DA:81,0
DA:82,0
DA:84,0
DA:85,0
DA:86,0
DA:87,0
DA:89,0
DA:91,0
DA:92,0
DA:93,0
DA:95,0
DA:96,0
DA:98,0
DA:99,0
DA:100,0
DA:101,0
DA:102,0
DA:104,0
DA:105,0
DA:106,0
DA:107,0
DA:108,0
DA:110,0
DA:111,0
DA:112,0
DA:113,0
DA:117,0
DA:118,0
DA:119,0
DA:120,0
DA:121,0
DA:122,0
DA:123,0
DA:124,0
DA:126,0
DA:127,0
DA:131,0
LF:80
LH:4
BRDA:9,0,0,0
BRDA:9,0,1,0
BRDA:9,0,2,0
BRDA:37,1,0,0
BRDA:47,2,0,0
BRDA:81,3,0,0
BRDA:81,3,1,0
BRDA:85,4,0,0
BRDA:85,5,0,0
BRDA:85,5,1,0
BRDA:99,6,0,0
BRDA:107,7,0,0
BRDA:107,7,1,0
BRDA:119,8,0,0
BRDA:119,8,1,0
BRF:15
BRH:0
end_of_record
TN:
SF:packages/sportident-testbench-shell/src/commands/test.ts
FN:10,(anonymous_1)
FN:19,(anonymous_2)
FN:23,(anonymous_3)
FN:33,(anonymous_4)
FN:37,(anonymous_5)
FN:37,(anonymous_6)
FN:42,(anonymous_7)
FN:44,(anonymous_8)
FN:47,(anonymous_9)
FN:68,(anonymous_10)
FN:68,(anonymous_11)
FN:68,(anonymous_12)
FN:73,(anonymous_13)
FN:75,(anonymous_14)
FN:79,(anonymous_15)
FN:87,(anonymous_16)
FN:91,(anonymous_17)
FN:98,(anonymous_18)
FN:200,(anonymous_19)
FN:204,(anonymous_20)
FN:209,(anonymous_21)
FN:218,(anonymous_22)
FN:222,(anonymous_23)
FNF:23
FNH:0
FNDA:0,(anonymous_1)
FNDA:0,(anonymous_2)
FNDA:0,(anonymous_3)
FNDA:0,(anonymous_4)
FNDA:0,(anonymous_5)
FNDA:0,(anonymous_6)
FNDA:0,(anonymous_7)
FNDA:0,(anonymous_8)
FNDA:0,(anonymous_9)
FNDA:0,(anonymous_10)
FNDA:0,(anonymous_11)
FNDA:0,(anonymous_12)
FNDA:0,(anonymous_13)
FNDA:0,(anonymous_14)
FNDA:0,(anonymous_15)
FNDA:0,(anonymous_16)
FNDA:0,(anonymous_17)
FNDA:0,(anonymous_18)
FNDA:0,(anonymous_19)
FNDA:0,(anonymous_20)
FNDA:0,(anonymous_21)
FNDA:0,(anonymous_22)
FNDA:0,(anonymous_23)
DA:1,1
DA:7,1
DA:9,1
DA:11,0
DA:12,0
DA:13,0
DA:15,0
DA:17,0
DA:19,0
DA:20,0
DA:22,0
DA:23,0
DA:24,0
DA:25,0
DA:26,0
DA:27,0
DA:32,0
DA:33,0
DA:37,0
DA:38,0
DA:39,0
DA:40,0
DA:43,0
DA:44,0
DA:45,0
DA:46,0
DA:47,0
DA:48,0
DA:49,0
DA:50,0
DA:52,0
DA:53,0
DA:54,0
DA:56,0
DA:57,0
DA:58,0
DA:59,0
DA:61,0
DA:63,0
DA:64,0
DA:68,0
DA:69,0
DA:70,0
DA:71,0
DA:74,0
DA:75,0
DA:76,0
DA:77,0
DA:79,0
DA:80,0
DA:81,0
DA:82,0
DA:83,0
DA:84,0
DA:87,0
DA:88,0
DA:89,0
DA:90,0
DA:91,0
DA:92,0
DA:94,0
DA:95,0
DA:96,0
DA:98,0
DA:99,0
DA:100,0
DA:101,0
DA:103,0
DA:104,0
DA:105,0
DA:107,0
DA:108,0
DA:111,0
DA:114,0
DA:201,0
DA:202,0
DA:204,0
DA:208,1
DA:210,0
DA:219,0
DA:223,0
DA:224,0
LF:82
LH:4
BRDA:12,0,0,0
BRDA:24,1,0,0
BRDA:24,2,0,0
BRDA:24,2,1,0
BRDA:26,3,0,0
BRDA:49,4,0,0
BRDA:52,5,0,0
BRDA:58,6,0,0
BRDA:58,6,1,0
BRDA:61,7,0,0
BRDA:61,7,1,0
BRDA:81,8,0,0
BRDA:100,9,0,0
BRDA:103,10,0,0
BRF:14
BRH:0
end_of_record
TN:
SF:packages/sportident-webusb/src/FakeUSB.ts
FN:12,(anonymous_9)
FN:17,(anonymous_10)
FN:21,(anonymous_11)
FNF:3
FNH:3
FNDA:1,(anonymous_9)
FNDA:1,(anonymous_10)
FNDA:1,(anonymous_11)
DA:1,1
DA:11,1
DA:13,1
DA:14,1
DA:18,1
DA:22,1
DA:27,1
LF:7
LH:7
BRF:0
BRH:0
end_of_record
TN:
SF:packages/sportident-webusb/src/FakeUSBConnectionEvent.ts
FN:6,(anonymous_0)
FNF:1
FNH:1
FNDA:8,(anonymous_0)
DA:1,1
DA:10,8
DA:11,8
LF:3
LH:3
BRF:0
BRH:0
end_of_record
TN:
SF:packages/sportident-webusb/src/FakeUSBDevice.ts
FN:18,(anonymous_9)
FN:22,(anonymous_10)
FN:29,(anonymous_11)
FN:34,(anonymous_12)
FN:39,(anonymous_13)
FN:43,(anonymous_14)
FN:47,(anonymous_15)
FN:51,(anonymous_16)
FN:55,(anonymous_17)
FN:59,(anonymous_18)
FN:63,(anonymous_19)
FN:70,(anonymous_20)
FN:74,(anonymous_21)
FN:81,(anonymous_22)
FN:83,(anonymous_23)
FN:88,(anonymous_24)
FN:92,(anonymous_25)
FN:99,(anonymous_26)
FNF:18
FNH:13
FNDA:64,(anonymous_9)
FNDA:6,(anonymous_10)
FNDA:5,(anonymous_11)
FNDA:2,(anonymous_12)
FNDA:0,(anonymous_13)
FNDA:5,(anonymous_14)
FNDA:5,(anonymous_15)
FNDA:5,(anonymous_16)
FNDA:2,(anonymous_17)
FNDA:5,(anonymous_18)
FNDA:0,(anonymous_19)
FNDA:12,(anonymous_20)
FNDA:0,(anonymous_21)
FNDA:63,(anonymous_22)
FNDA:60,(anonymous_23)
FNDA:1,(anonymous_24)
FNDA:0,(anonymous_25)
FNDA:0,(anonymous_26)
DA:1,1
DA:3,1
DA:4,6
DA:5,6
DA:6,6
DA:7,6
DA:8,6
DA:9,6
DA:10,6
DA:11,6
DA:12,6
DA:13,6
DA:14,6
DA:15,6
DA:16,6
DA:19,64
DA:23,6
DA:24,6
DA:25,6
DA:26,6
DA:30,5
DA:31,5
DA:35,2
DA:36,2
DA:40,0
DA:44,5
DA:48,5
DA:52,5
DA:56,2
DA:60,5
DA:67,0
DA:71,12
DA:78,0
DA:82,63
DA:83,60
DA:89,1
DA:96,0
DA:104,0
LF:38
LH:33
BRDA:26,0,0,6
BRF:1
BRH:1
end_of_record
TN:
SF:packages/sportident-webusb/src/WebUsbSiDeviceDriver.ts
FN:14,(anonymous_9)
FN:18,(anonymous_10)
FN:24,(anonymous_11)
FN:54,(anonymous_12)
FN:58,(anonymous_13)
FN:62,(anonymous_14)
FN:67,(anonymous_15)
FN:83,(anonymous_16)
FN:95,(anonymous_17)
FN:100,(anonymous_18)
FN:102,(anonymous_19)
FN:107,(anonymous_20)
FN:111,(anonymous_21)
FN:114,(anonymous_22)
FN:121,(anonymous_23)
FN:123,(anonymous_24)
FN:127,(anonymous_25)
FN:133,(anonymous_26)
FN:151,(anonymous_27)
FN:155,(anonymous_28)
FN:158,(anonymous_29)
FN:160,(anonymous_30)
FN:163,(anonymous_31)
FN:179,(anonymous_32)
FN:184,(anonymous_33)
FN:193,(anonymous_34)
FN:196,(anonymous_35)
FN:199,(anonymous_36)
FN:204,(anonymous_37)
FN:210,(anonymous_38)
FN:214,(anonymous_39)
FN:218,(anonymous_40)
FN:222,(anonymous_41)
FN:226,(anonymous_42)
FN:236,(anonymous_43)
FN:246,(anonymous_44)
FN:249,(anonymous_45)
FN:261,(anonymous_46)
FN:265,(anonymous_47)
FN:269,(anonymous_48)
FN:272,(anonymous_49)
FN:282,(anonymous_50)
FN:291,(anonymous_51)
FN:298,(anonymous_52)
FN:305,(anonymous_53)
FNF:45
FNH:45
FNDA:6,(anonymous_9)
FNDA:6,(anonymous_10)
FNDA:16,(anonymous_11)
FNDA:5,(anonymous_12)
FNDA:2,(anonymous_13)
FNDA:1,(anonymous_14)
FNDA:7,(anonymous_15)
FNDA:2,(anonymous_16)
FNDA:1,(anonymous_17)
FNDA:1,(anonymous_18)
FNDA:1,(anonymous_19)
FNDA:1,(anonymous_20)
FNDA:1,(anonymous_21)
FNDA:2,(anonymous_22)
FNDA:2,(anonymous_23)
FNDA:1,(anonymous_24)
FNDA:1,(anonymous_25)
FNDA:6,(anonymous_26)
FNDA:1,(anonymous_27)
FNDA:3,(anonymous_28)
FNDA:2,(anonymous_29)
FNDA:1,(anonymous_30)
FNDA:3,(anonymous_31)
FNDA:1,(anonymous_32)
FNDA:1,(anonymous_33)
FNDA:1,(anonymous_34)
FNDA:1,(anonymous_35)
FNDA:1,(anonymous_36)
FNDA:5,(anonymous_37)
FNDA:5,(anonymous_38)
FNDA:5,(anonymous_39)
FNDA:5,(anonymous_40)
FNDA:5,(anonymous_41)
FNDA:5,(anonymous_42)
FNDA:5,(anonymous_43)
FNDA:5,(anonymous_44)
FNDA:2,(anonymous_45)
FNDA:2,(anonymous_46)
FNDA:2,(anonymous_47)
FNDA:2,(anonymous_48)
FNDA:64,(anonymous_49)
FNDA:60,(anonymous_50)
FNDA:1,(anonymous_51)
FNDA:1,(anonymous_52)
FNDA:5,(anonymous_53)
DA:1,2
DA:2,2
DA:3,2
DA:4,2
DA:6,2
DA:7,2
DA:8,2
DA:9,2
DA:10,2
DA:11,2
DA:14,2
DA:17,6
DA:19,6
DA:24,16
DA:44,5
DA:46,5
DA:49,5
DA:55,5
DA:59,2
DA:63,1
DA:70,7
DA:71,7
DA:72,1
DA:74,6
DA:78,6
DA:79,6
DA:80,6
DA:86,2
DA:87,2
DA:88,2
DA:89,2
DA:90,2
DA:92,2
DA:96,1
DA:97,1
DA:101,1
DA:103,1
DA:111,1
DA:112,1
DA:113,1
DA:114,1
DA:115,2
DA:116,2
DA:117,1
DA:120,1
DA:122,2
DA:124,1
DA:125,1
DA:127,1
DA:136,6
DA:140,2
DA:142,4
DA:143,4
DA:144,0
DA:146,4
DA:147,4
DA:148,4
DA:152,1
DA:153,0
DA:155,1
DA:156,3
DA:157,3
DA:159,2
DA:162,1
DA:163,1
DA:164,3
DA:165,3
DA:166,3
DA:167,3
DA:168,1
DA:170,2
DA:172,1
DA:173,1
DA:180,1
DA:181,1
DA:185,1
DA:186,0
DA:188,1
DA:189,1
DA:190,1
DA:194,1
DA:196,1
DA:200,1
DA:207,5
DA:208,5
DA:209,5
DA:211,5
DA:212,5
DA:215,5
DA:216,5
DA:219,5
DA:220,5
DA:223,5
DA:224,5
DA:227,5
DA:228,5
DA:237,5
DA:238,5
DA:252,2
DA:253,2
DA:254,2
DA:262,2
DA:263,2
DA:266,2
DA:267,2
DA:269,2
DA:275,64
DA:276,64
DA:277,1
DA:278,1
DA:279,1
DA:281,63
DA:283,60
DA:284,0
DA:286,60
DA:287,60
DA:295,1
DA:296,1
DA:297,1
DA:298,1
DA:303,2
DA:305,2
DA:307,5
LF:123
LH:119
BRDA:19,0,0,6
BRDA:19,0,1,4
BRDA:71,1,0,1
BRDA:89,2,0,2
BRDA:116,3,0,1
BRDA:136,4,0,2
BRDA:143,5,0,0
BRDA:152,6,0,0
BRDA:167,7,0,1
BRDA:185,8,0,0
BRDA:276,9,0,1
BRDA:283,10,0,0
BRF:12
BRH:8
end_of_record
TN:
SF:packages/sportident-webusb/src/index.ts
FN:1,(anonymous_0)
FNF:1
FNH:1
FNDA:1,(anonymous_0)
DA:1,2
LF:1
LH:1
BRF:0
BRH:0
end_of_record
TN:
SF:packages/sportident/src/constants.ts
FN:34,(anonymous_0)
FN:69,(anonymous_1)
FNF:2
FNH:2
FNDA:1,(anonymous_0)
FNDA:10,(anonymous_1)
DA:1,25
DA:3,25
DA:35,1
DA:70,10
LF:4
LH:4
BRF:0
BRH:0
end_of_record
TN:
SF:packages/sportident/src/index.ts
FNF:0
FNH:0
DA:4,0
DA:5,0
DA:6,0
DA:7,0
DA:8,0
DA:9,0
DA:10,0
DA:11,0
DA:13,0
DA:24,0
LF:10
LH:0
BRF:0
BRH:0
end_of_record
TN:
SF:packages/sportident/src/siProtocol.ts
FN:8,(anonymous_10)
FN:20,(anonymous_11)
FN:54,(anonymous_12)
FN:67,(anonymous_13)
FN:68,(anonymous_14)
FN:86,(anonymous_15)
FN:118,(anonymous_16)
FN:128,(anonymous_17)
FN:164,(anonymous_18)
FN:165,(anonymous_19)
FN:169,(anonymous_20)
FN:230,(anonymous_21)
FN:248,(anonymous_22)
FN:249,(anonymous_23)
FN:262,(anonymous_24)
FN:263,(anonymous_25)
FN:264,(anonymous_26)
FN:276,(anonymous_27)
FN:283,(anonymous_28)
FN:287,(anonymous_29)
FN:291,(anonymous_30)
FN:302,(anonymous_31)
FN:318,(anonymous_32)
FN:322,(anonymous_33)
FN:329,(anonymous_34)
FN:340,(anonymous_35)
FN:350,(anonymous_36)
FN:354,(anonymous_37)
FN:367,(anonymous_38)
FN:378,(anonymous_39)
FN:392,(anonymous_40)
FNF:31
FNH:31
FNDA:63,(anonymous_10)
FNDA:53,(anonymous_11)
FNDA:49,(anonymous_12)
FNDA:144,(anonymous_13)
FNDA:452,(anonymous_14)
FNDA:35,(anonymous_15)
FNDA:10,(anonymous_16)
FNDA:208,(anonymous_17)
FNDA:242,(anonymous_18)
FNDA:110,(anonymous_19)
FNDA:50,(anonymous_20)
FNDA:79,(anonymous_21)
FNDA:117,(anonymous_22)
FNDA:112,(anonymous_23)
FNDA:1,(anonymous_24)
FNDA:2,(anonymous_25)
FNDA:1,(anonymous_26)
FNDA:15,(anonymous_27)
FNDA:97,(anonymous_28)
FNDA:16,(anonymous_29)
FNDA:2,(anonymous_30)
FNDA:7,(anonymous_31)
FNDA:19,(anonymous_32)
FNDA:59,(anonymous_33)
FNDA:11,(anonymous_34)
FNDA:2495,(anonymous_35)
FNDA:20,(anonymous_36)
FNDA:3,(anonymous_37)
FNDA:5,(anonymous_38)
FNDA:2541,(anonymous_39)
FNDA:10,(anonymous_40)
DA:1,24
DA:2,24
DA:3,24
DA:4,24
DA:6,24
DA:8,24
DA:9,63
DA:10,61
DA:11,57
DA:12,2
DA:13,2
DA:15,55
DA:16,2
DA:17,2
DA:19,53
DA:20,53
DA:21,53
DA:22,53
DA:23,53
DA:24,37
DA:26,16
DA:28,53
DA:29,53
DA:30,53
DA:31,53
DA:32,53
DA:33,53
DA:34,53
DA:35,53
DA:36,53
DA:38,53
DA:46,53
DA:47,2
DA:48,2
DA:49,2
DA:51,51
DA:54,24
DA:55,49
DA:56,49
DA:67,24
DA:68,452
DA:69,4
DA:71,140
DA:72,140
DA:73,135
DA:74,135
DA:75,135
DA:76,94
DA:78,41
DA:80,135
DA:81,21
DA:83,135
DA:86,24
DA:87,35
DA:88,1
DA:90,34
DA:94,34
DA:98,34
DA:118,24
DA:119,10
DA:120,1
DA:121,1
DA:123,9
DA:124,9
DA:125,9
DA:128,24
DA:129,208
DA:130,208
DA:131,208
DA:132,136
DA:134,72
DA:135,72
DA:136,72
DA:137,86
DA:138,86
DA:139,86
DA:140,1376
DA:141,477
DA:142,477
DA:143,242
DA:145,477
DA:147,899
DA:148,899
DA:149,161
DA:152,1376
DA:154,86
DA:156,72
DA:164,24
DA:165,242
DA:169,242
DA:175,242
DA:176,28
DA:178,214
DA:179,24
DA:180,190
DA:181,2
DA:182,188
DA:183,24
DA:184,164
DA:185,2
DA:186,2
DA:188,162
DA:189,12
DA:191,150
DA:192,150
DA:193,12
DA:195,138
DA:196,138
DA:197,12
DA:199,126
DA:200,126
DA:201,24
DA:203,102
DA:204,12
DA:206,90
DA:207,4
DA:208,4
DA:210,86
DA:211,86
DA:212,86
DA:213,4
DA:214,4
DA:216,82
DA:230,24
DA:231,79
DA:232,79
DA:233,79
DA:234,79
DA:235,201
DA:236,201
DA:237,201
DA:238,122
DA:240,201
DA:242,79
DA:248,24
DA:249,117
DA:250,112
DA:255,112
DA:256,112
DA:258,117
DA:259,112
DA:261,5
DA:262,1
DA:263,2
DA:264,1
DA:266,5
DA:267,5
DA:268,1
DA:270,4
DA:273,24
DA:277,15
DA:278,15
DA:280,15
DA:281,15
DA:283,97
DA:288,16
DA:292,2
DA:293,2
DA:294,2
DA:295,2
DA:296,2
DA:297,2
DA:298,2
DA:299,2
DA:303,7
DA:304,7
DA:305,5
DA:307,2
DA:319,19
DA:320,19
DA:322,59
DA:324,7
DA:326,12
DA:330,11
DA:331,11
DA:337,24
DA:341,2495
DA:343,2495
DA:344,2495
DA:351,20
DA:355,3
DA:356,1
DA:358,2
DA:359,2
DA:360,2
DA:361,2
DA:362,2
DA:363,2
DA:364,2
DA:368,5
DA:369,1
DA:371,4
DA:372,4
DA:373,2
DA:375,2
DA:379,2541
DA:380,25
DA:382,2516
DA:383,2516
DA:384,236
DA:386,2280
DA:387,1064
DA:389,1216
DA:393,10
DA:394,2
DA:396,8
DA:397,8
LF:207
LH:207
BRDA:11,0,0,2
BRDA:15,1,0,2
BRDA:19,2,0,38
BRDA:19,2,1,15
BRDA:23,3,0,37
BRDA:31,4,0,17
BRDA:31,4,1,36
BRDA:32,5,0,17
BRDA:32,5,1,36
BRDA:33,6,0,17
BRDA:33,6,1,36
BRDA:34,7,0,17
BRDA:34,7,1,36
BRDA:35,8,0,26
BRDA:35,8,1,27
BRDA:38,9,0,53
BRDA:38,9,1,51
BRDA:38,9,2,51
BRDA:38,9,3,51
BRDA:38,9,4,51
BRDA:38,9,5,51
BRDA:38,9,6,51
BRDA:46,10,0,2
BRDA:68,11,0,4
BRDA:74,12,0,135
BRDA:74,12,1,21
BRDA:75,13,0,94
BRDA:75,13,1,41
BRDA:75,14,0,135
BRDA:75,14,1,133
BRDA:80,15,0,21
BRDA:87,16,0,1
BRDA:90,17,0,20
BRDA:90,17,1,14
BRDA:94,18,0,20
BRDA:94,18,1,14
BRDA:119,19,0,1
BRDA:131,20,0,136
BRDA:132,21,0,135
BRDA:132,21,1,1
BRDA:132,22,0,132
BRDA:132,22,1,4
BRDA:134,23,0,6
BRDA:134,23,1,66
BRDA:140,24,0,477
BRDA:140,24,1,899
BRDA:142,25,0,242
BRDA:148,26,0,161
BRDA:175,27,0,28
BRDA:178,28,0,24
BRDA:178,28,1,190
BRDA:180,29,0,2
BRDA:180,29,1,188
BRDA:182,30,0,24
BRDA:182,30,1,164
BRDA:184,31,0,2
BRDA:188,32,0,12
BRDA:192,33,0,12
BRDA:196,34,0,12
BRDA:200,35,0,24
BRDA:203,36,0,12
BRDA:206,37,0,4
BRDA:212,38,0,4
BRDA:237,39,0,122
BRDA:258,40,0,112
BRDA:267,41,0,1
BRDA:304,42,0,5
BRDA:320,43,0,7
BRDA:321,44,0,19
BRDA:321,44,1,19
BRDA:344,45,0,25
BRDA:344,45,1,2470
BRDA:351,46,0,20
BRDA:351,46,1,15
BRDA:355,47,0,1
BRDA:368,48,0,1
BRDA:372,49,0,2
BRDA:379,50,0,25
BRDA:383,51,0,236
BRDA:386,52,0,1064
BRDA:386,53,0,2280
BRDA:386,53,1,1216
BRDA:393,54,0,2
BRDA:396,55,0,2
BRDA:396,55,1,6
BRF:85
BRH:85
end_of_record
TN:
SF:packages/sportident/src/testUtils.ts
FN:6,(anonymous_8)
FN:10,(anonymous_9)
FN:10,(anonymous_10)
FN:14,(anonymous_11)
FN:14,(anonymous_12)
FN:19,(anonymous_13)
FN:19,(anonymous_14)
FN:27,(anonymous_15)
FN:29,(anonymous_16)
FN:31,(anonymous_17)
FN:32,(anonymous_18)
FN:35,(anonymous_19)
FN:49,(anonymous_20)
FN:60,(anonymous_21)
FN:70,(anonymous_22)
FNF:15
FNH:15
FNDA:14,(anonymous_8)
FNDA:2,(anonymous_9)
FNDA:2,(anonymous_10)
FNDA:124,(anonymous_11)
FNDA:124,(anonymous_12)
FNDA:106,(anonymous_13)
FNDA:106,(anonymous_14)
FNDA:216,(anonymous_15)
FNDA:147,(anonymous_16)
FNDA:39,(anonymous_17)
FNDA:2558,(anonymous_18)
FNDA:2595,(anonymous_19)
FNDA:71,(anonymous_20)
FNDA:32,(anonymous_21)
FNDA:5,(anonymous_22)
DA:3,23
DA:6,23
DA:7,14
DA:10,23
DA:11,2
DA:14,124
DA:15,124
DA:16,124
DA:19,106
DA:20,106
DA:21,34
DA:23,72
DA:24,72
DA:27,216
DA:29,147
DA:31,23
DA:32,2558
DA:33,39
DA:34,39
DA:35,39
DA:36,2595
DA:37,2566
DA:40,39
DA:49,23
DA:52,71
DA:53,71
DA:54,13
DA:56,71
DA:57,71
DA:58,10
DA:59,61
DA:60,32
DA:62,71
DA:70,23
DA:71,5
DA:72,5
DA:73,5
DA:74,5
DA:75,5
LF:39
LH:39
BRDA:20,0,0,34
BRDA:36,1,0,2566
BRDA:53,2,0,13
BRDA:57,3,0,10
BRDA:57,3,1,61
BRDA:59,4,0,20
BRDA:71,5,0,5
BRDA:71,5,1,3
BRDA:72,6,0,5
BRDA:72,6,1,3
BRF:10
BRH:10
end_of_record
TN:
SF:packages/sportident/src/SiCard/BaseSiCard.ts
FN:28,(anonymous_9)
FN:32,(anonymous_10)
FN:41,(anonymous_11)
FN:47,(anonymous_12)
FN:55,(anonymous_13)
FN:57,(anonymous_14)
FN:58,(anonymous_15)
FN:70,(anonymous_16)
FN:74,(anonymous_17)
FN:78,(anonymous_18)
FN:80,(anonymous_19)
FN:83,(anonymous_20)
FN:87,(anonymous_21)
FN:93,(anonymous_22)
FN:102,(anonymous_23)
FN:106,(anonymous_24)
FNF:16
FNH:16
FNDA:13,(anonymous_9)
FNDA:47,(anonymous_10)
FNDA:63,(anonymous_11)
FNDA:3,(anonymous_12)
FNDA:7,(anonymous_13)
FNDA:64,(anonymous_14)
FNDA:64,(anonymous_15)
FNDA:67,(anonymous_16)
FNDA:78,(anonymous_17)
FNDA:3,(anonymous_18)
FNDA:1,(anonymous_19)
FNDA:2,(anonymous_20)
FNDA:4,(anonymous_21)
FNDA:2,(anonymous_22)
FNDA:2,(anonymous_23)
FNDA:2,(anonymous_24)
DA:2,17
DA:3,17
DA:7,17
DA:13,17
DA:23,17
DA:25,17
DA:26,17
DA:29,13
DA:37,47
DA:38,47
DA:42,63
DA:48,3
DA:49,3
DA:50,1
DA:52,2
DA:56,7
DA:57,64
DA:58,64
DA:59,7
DA:68,67
DA:71,67
DA:75,78
DA:79,3
DA:80,1
DA:84,2
DA:88,4
DA:94,2
DA:95,1
DA:97,1
DA:103,2
DA:107,2
LF:31
LH:31
BRDA:49,0,0,1
BRDA:94,1,0,1
BRF:2
BRH:2
end_of_record
TN:
SF:packages/sportident/src/SiCard/index.ts
FN:1,(anonymous_4)
FNF:1
FNH:1
FNDA:6,(anonymous_4)
DA:1,7
DA:2,1
LF:2
LH:2
BRF:0
BRH:0
end_of_record
TN:
SF:packages/sportident/src/SiCard/raceResultTools.ts
FN:20,(anonymous_9)
FN:24,(anonymous_10)
FN:33,(anonymous_11)
FN:51,(anonymous_12)
FN:73,(anonymous_13)
FN:96,(anonymous_14)
FN:99,(anonymous_15)
FN:102,(anonymous_16)
FN:114,(anonymous_17)
FN:122,(anonymous_18)
FN:126,(anonymous_19)
FN:140,(anonymous_20)
FN:146,(anonymous_21)
FN:153,(anonymous_22)
FN:156,(anonymous_23)
FN:167,(anonymous_24)
FNF:16
FNH:16
FNDA:6,(anonymous_9)
FNDA:2,(anonymous_10)
FNDA:2,(anonymous_11)
FNDA:10,(anonymous_12)
FNDA:9,(anonymous_13)
FNDA:10,(anonymous_14)
FNDA:9,(anonymous_15)
FNDA:40,(anonymous_16)
FNDA:9,(anonymous_17)
FNDA:6,(anonymous_18)
FNDA:22,(anonymous_19)
FNDA:5,(anonymous_20)
FNDA:6,(anonymous_21)
FNDA:5,(anonymous_22)
FNDA:16,(anonymous_23)
FNDA:5,(anonymous_24)
DA:1,18
DA:20,18
DA:21,6
DA:24,2
DA:30,6
DA:33,2
DA:39,6
DA:51,18
DA:54,10
DA:59,10
DA:60,5
DA:61,5
DA:63,10
DA:64,6
DA:65,6
DA:67,10
DA:68,6
DA:69,6
DA:71,10
DA:72,6
DA:73,6
DA:74,9
DA:75,7
DA:79,7
DA:81,2
DA:87,6
DA:89,10
DA:90,6
DA:91,6
DA:93,10
DA:96,18
DA:99,10
DA:100,9
DA:102,10
DA:103,40
DA:105,10
DA:114,9
DA:122,18
DA:123,6
DA:124,6
DA:125,6
DA:127,22
DA:128,8
DA:130,22
DA:131,22
DA:134,6
DA:140,18
DA:141,5
DA:142,5
DA:143,5
DA:146,18
DA:149,6
DA:150,6
DA:151,2
DA:153,4
DA:154,5
DA:156,4
DA:157,16
DA:159,4
DA:167,5
LF:60
LH:60
BRDA:21,0,0,3
BRDA:21,0,1,3
BRDA:22,1,0,2
BRDA:22,1,1,1
BRDA:30,2,0,3
BRDA:30,2,1,3
BRDA:31,3,0,2
BRDA:31,3,1,1
BRDA:40,4,0,3
BRDA:40,4,1,3
BRDA:41,5,0,2
BRDA:41,5,1,4
BRDA:42,6,0,2
BRDA:42,6,1,4
BRDA:43,7,0,2
BRDA:43,7,1,4
BRDA:44,8,0,2
BRDA:44,8,1,4
BRDA:59,9,0,5
BRDA:59,10,0,10
BRDA:59,10,1,5
BRDA:63,11,0,6
BRDA:63,12,0,10
BRDA:63,12,1,6
BRDA:67,13,0,6
BRDA:67,14,0,10
BRDA:67,14,1,6
BRDA:71,15,0,6
BRDA:74,16,0,7
BRDA:74,16,1,2
BRDA:89,17,0,6
BRDA:89,18,0,10
BRDA:89,18,1,6
BRDA:100,19,0,2
BRDA:100,19,1,7
BRDA:103,20,0,17
BRDA:103,20,1,23
BRDA:103,21,0,40
BRDA:103,21,1,23
BRDA:112,22,0,4
BRDA:112,22,1,6
BRDA:127,23,0,8
BRDA:150,24,0,2
BRDA:150,25,0,6
BRDA:150,25,1,4
BRDA:154,26,0,1
BRDA:154,26,1,4
BRDA:157,27,0,1
BRDA:157,27,1,15
BRDA:157,28,0,16
BRDA:157,28,1,16
BRDA:165,29,0,1
BRDA:165,29,1,3
BRF:53
BRH:53
end_of_record
TN:
SF:packages/sportident/src/SiCard/types/FCard.ts
FN:6,(anonymous_9)
FN:10,(anonymous_10)
FNF:2
FNH:2
FNDA:5,(anonymous_9)
FNDA:1,(anonymous_10)
DA:1,3
DA:3,3
DA:5,3
DA:7,5
DA:11,1
DA:14,3
LF:6
LH:6
BRF:0
BRH:0
end_of_record
TN:
SF:packages/sportident/src/SiCard/types/ModernSiCard.ts
FN:33,(anonymous_9)
FN:37,(anonymous_10)
FN:40,(anonymous_11)
FN:48,(anonymous_12)
FN:56,(anonymous_13)
FN:57,(anonymous_14)
FN:60,(anonymous_15)
FN:63,(anonymous_16)
FN:83,(anonymous_17)
FN:99,(anonymous_18)
FN:101,(anonymous_19)
FN:114,(anonymous_20)
FN:124,(anonymous_21)
FN:129,(anonymous_22)
FN:131,(anonymous_23)
FN:142,(anonymous_24)
FN:174,(anonymous_25)
FN:179,(anonymous_26)
FN:187,(anonymous_27)
FN:196,(anonymous_28)
FN:197,(anonymous_29)
FN:199,(anonymous_30)
FN:200,(anonymous_31)
FN:201,(anonymous_32)
FN:214,(anonymous_33)
FN:218,(anonymous_34)
FN:220,(anonymous_35)
FN:230,(anonymous_36)
FN:236,(anonymous_37)
FN:241,(anonymous_38)
FN:246,(anonymous_39)
FN:253,(anonymous_40)
FN:260,(anonymous_41)
FN:267,(anonymous_42)
FN:271,(anonymous_43)
FNF:35
FNH:35
FNDA:3460,(anonymous_9)
FNDA:33,(anonymous_10)
FNDA:1487,(anonymous_11)
FNDA:755,(anonymous_12)
FNDA:49,(anonymous_13)
FNDA:1681,(anonymous_14)
FNDA:1644,(anonymous_15)
FNDA:31,(anonymous_16)
FNDA:26,(anonymous_17)
FNDA:63,(anonymous_18)
FNDA:21,(anonymous_19)
FNDA:1152,(anonymous_20)
FNDA:9,(anonymous_21)
FNDA:2432,(anonymous_22)
FNDA:19,(anonymous_23)
FNDA:65,(anonymous_24)
FNDA:40,(anonymous_25)
FNDA:60,(anonymous_26)
FNDA:59,(anonymous_27)
FNDA:12,(anonymous_28)
FNDA:12,(anonymous_29)
FNDA:11,(anonymous_30)
FNDA:10,(anonymous_31)
FNDA:9,(anonymous_32)
FNDA:3,(anonymous_33)
FNDA:12,(anonymous_34)
FNDA:11,(anonymous_35)
FNDA:10,(anonymous_36)
FNDA:7,(anonymous_37)
FNDA:10,(anonymous_38)
FNDA:5,(anonymous_39)
FNDA:4,(anonymous_40)
FNDA:3,(anonymous_41)
FNDA:2,(anonymous_42)
FNDA:6,(anonymous_43)
DA:2,10
DA:3,10
DA:4,10
DA:5,10
DA:7,10
DA:11,10
DA:12,10
DA:14,10
DA:16,10
DA:33,10
DA:34,3460
DA:37,10
DA:40,33
DA:43,1487
DA:48,755
DA:49,33
DA:53,33
DA:56,10
DA:57,1681
DA:58,49
DA:59,49
DA:60,1644
DA:63,10
DA:66,31
DA:67,31
DA:83,10
DA:84,26
DA:85,26
DA:93,10
DA:99,63
DA:101,21
DA:114,1152
DA:124,9
DA:129,2432
DA:131,19
DA:134,10
DA:139,10
DA:140,10
DA:143,65
DA:144,6
DA:146,59
DA:147,41
DA:149,18
DA:150,6
DA:152,12
DA:161,12
DA:162,12
DA:163,12
DA:175,40
DA:176,40
DA:180,60
DA:181,1
DA:183,59
DA:188,59
DA:192,59
DA:197,12
DA:198,12
DA:199,11
DA:200,10
DA:202,9
DA:210,9
DA:211,9
DA:212,9
DA:214,3
DA:219,12
DA:221,11
DA:223,11
DA:224,11
DA:225,5
DA:231,10
DA:232,10
DA:233,3
DA:235,7
DA:237,7
DA:242,10
DA:243,4
DA:245,6
DA:247,5
DA:248,5
DA:249,1
DA:251,4
DA:254,4
DA:255,4
DA:256,1
DA:258,3
DA:261,3
DA:262,3
DA:263,1
DA:265,2
DA:268,2
DA:269,2
DA:272,6
DA:273,5
DA:275,1
LF:94
LH:94
BRDA:43,0,0,1487
BRDA:43,0,1,1487
BRDA:43,0,2,1476
BRDA:43,0,3,1475
BRDA:49,1,0,10
BRDA:49,1,1,23
BRDA:57,2,0,1681
BRDA:57,2,1,1674
BRDA:59,3,0,12
BRDA:59,3,1,37
BRDA:68,4,0,16
BRDA:68,4,1,15
BRDA:69,5,0,12
BRDA:69,5,1,19
BRDA:70,6,0,12
BRDA:70,6,1,19
BRDA:71,7,0,12
BRDA:71,7,1,19
BRDA:72,8,0,12
BRDA:72,8,1,19
BRDA:73,9,0,12
BRDA:73,9,1,19
BRDA:74,10,0,12
BRDA:74,10,1,19
BRDA:75,11,0,10
BRDA:75,11,1,21
BRDA:76,12,0,9
BRDA:76,12,1,22
BRDA:77,13,0,9
BRDA:77,13,1,22
BRDA:78,14,0,9
BRDA:78,14,1,22
BRDA:85,15,0,26
BRDA:85,15,1,4
BRDA:143,16,0,6
BRDA:146,17,0,41
BRDA:149,18,0,6
BRDA:180,19,0,1
BRDA:203,20,0,9
BRDA:203,20,1,3
BRDA:203,21,0,0
BRDA:203,21,1,9
BRDA:203,22,0,9
BRDA:203,22,1,9
BRDA:204,23,0,0
BRDA:204,23,1,9
BRDA:204,24,0,9
BRDA:204,24,1,9
BRDA:205,25,0,0
BRDA:205,25,1,9
BRDA:205,26,0,9
BRDA:205,26,1,9
BRDA:206,27,0,0
BRDA:206,27,1,9
BRDA:206,28,0,9
BRDA:206,28,1,9
BRDA:207,29,0,0
BRDA:207,29,1,9
BRDA:207,30,0,9
BRDA:207,30,1,9
BRDA:208,31,0,0
BRDA:208,31,1,9
BRDA:208,32,0,9
BRDA:208,32,1,9
BRDA:210,33,0,0
BRDA:210,33,1,9
BRDA:210,34,0,9
BRDA:210,34,1,9
BRDA:211,35,0,3
BRDA:211,35,1,6
BRDA:211,36,0,9
BRDA:211,36,1,9
BRDA:224,37,0,5
BRDA:232,38,0,3
BRDA:232,39,0,10
BRDA:232,39,1,10
BRDA:242,40,0,4
BRDA:248,41,0,1
BRDA:255,42,0,1
BRDA:262,43,0,1
BRDA:272,44,0,5
BRF:81
BRH:74
end_of_record
TN:
SF:packages/sportident/src/SiCard/types/PCard.ts
FN:14,(anonymous_9)
FN:18,(anonymous_10)
FN:29,(anonymous_11)
FN:45,(anonymous_12)
FN:47,(anonymous_13)
FN:60,(anonymous_14)
FN:70,(anonymous_15)
FN:75,(anonymous_16)
FN:77,(anonymous_17)
FN:88,(anonymous_18)
FN:103,(anonymous_19)
FN:108,(anonymous_20)
FN:109,(anonymous_21)
FN:111,(anonymous_22)
FN:124,(anonymous_23)
FN:128,(anonymous_24)
FNF:16
FNH:16
FNDA:363,(anonymous_9)
FNDA:6,(anonymous_10)
FNDA:6,(anonymous_11)
FNDA:36,(anonymous_12)
FNDA:12,(anonymous_13)
FNDA:120,(anonymous_14)
FNDA:6,(anonymous_15)
FNDA:144,(anonymous_16)
FNDA:6,(anonymous_17)
FNDA:10,(anonymous_18)
FNDA:8,(anonymous_19)
FNDA:7,(anonymous_20)
FNDA:7,(anonymous_21)
FNDA:6,(anonymous_22)
FNDA:4,(anonymous_23)
FNDA:7,(anonymous_24)
DA:3,3
DA:4,3
DA:5,3
DA:7,3
DA:10,3
DA:11,3
DA:12,3
DA:14,3
DA:15,363
DA:18,3
DA:21,6
DA:22,6
DA:29,3
DA:30,6
DA:31,6
DA:39,3
DA:45,36
DA:47,12
DA:60,120
DA:70,6
DA:75,144
DA:77,6
DA:80,3
DA:85,3
DA:86,3
DA:89,10
DA:90,10
DA:91,8
DA:93,2
DA:94,1
DA:96,1
DA:104,8
DA:105,8
DA:109,7
DA:110,7
DA:112,6
DA:114,6
DA:115,6
DA:116,3
DA:119,6
DA:120,2
DA:122,4
DA:125,4
DA:126,4
DA:129,7
DA:130,6
DA:138,6
DA:139,6
DA:140,6
DA:141,6
DA:143,1
DA:149,3
LF:52
LH:52
BRDA:23,0,0,4
BRDA:23,0,1,2
BRDA:24,1,0,4
BRDA:24,1,1,2
BRDA:31,2,0,6
BRDA:31,2,1,2
BRDA:90,3,0,8
BRDA:93,4,0,1
BRDA:115,5,0,3
BRDA:119,6,0,2
BRDA:129,7,0,6
BRDA:129,7,1,1
BRDA:132,8,0,0
BRDA:132,8,1,6
BRDA:132,9,0,6
BRDA:132,9,1,6
BRDA:133,10,0,0
BRDA:133,10,1,6
BRDA:133,11,0,6
BRDA:133,11,1,6
BRDA:134,12,0,0
BRDA:134,12,1,6
BRDA:134,13,0,6
BRDA:134,13,1,6
BRF:24
BRH:21
end_of_record
TN:
SF:packages/sportident/src/SiCard/types/SIAC.ts
FN:6,(anonymous_0)
FNF:1
FNH:1
FNDA:10,(anonymous_0)
DA:2,3
DA:3,3
DA:5,3
DA:7,10
DA:8,10
DA:9,8
DA:13,2
DA:14,1
DA:16,1
DA:19,3
LF:10
LH:10
BRDA:8,0,0,8
BRDA:13,1,0,1
BRDA:13,2,0,2
BRDA:13,2,1,1
BRF:4
BRH:4
end_of_record
TN:
SF:packages/sportident/src/SiCard/types/SiCard10.ts
FN:6,(anonymous_0)
FNF:1
FNH:1
FNDA:10,(anonymous_0)
DA:2,3
DA:3,3
DA:5,3
DA:7,10
DA:8,10
DA:9,8
DA:11,2
DA:12,1
DA:14,1
DA:17,3
LF:10
LH:10
BRDA:8,0,0,8
BRDA:11,1,0,1
BRF:2
BRH:2
end_of_record
TN:
SF:packages/sportident/src/SiCard/types/SiCard11.ts
FN:6,(anonymous_0)
FNF:1
FNH:1
FNDA:10,(anonymous_0)
DA:2,3
DA:3,3
DA:5,3
DA:7,10
DA:8,10
DA:9,8
DA:13,2
DA:14,1
DA:16,1
DA:19,3
LF:10
LH:10
BRDA:8,0,0,8
BRDA:13,1,0,1
BRDA:13,2,0,2
BRDA:13,2,1,1
BRF:4
BRH:4
end_of_record
TN:
SF:packages/sportident/src/SiCard/types/SiCard5.ts
FN:17,(anonymous_9)
FN:22,(anonymous_10)
FN:25,(anonymous_11)
FN:32,(anonymous_12)
FN:52,(anonymous_13)
FN:54,(anonymous_14)
FN:65,(anonymous_15)
FN:70,(anonymous_16)
FN:83,(anonymous_17)
FN:99,(anonymous_18)
FN:126,(anonymous_19)
FN:131,(anonymous_20)
FN:139,(anonymous_21)
FNF:13
FNH:13
FNDA:405,(anonymous_9)
FNDA:10,(anonymous_10)
FNDA:223,(anonymous_11)
FNDA:114,(anonymous_12)
FNDA:30,(anonymous_13)
FNDA:10,(anonymous_14)
FNDA:4,(anonymous_15)
FNDA:144,(anonymous_16)
FNDA:4,(anonymous_17)
FNDA:9,(anonymous_18)
FNDA:7,(anonymous_19)
FNDA:5,(anonymous_20)
FNDA:4,(anonymous_21)
DA:2,4
DA:3,4
DA:4,4
DA:6,4
DA:9,4
DA:10,4
DA:17,405
DA:22,4
DA:25,10
DA:28,223
DA:32,114
DA:33,10
DA:37,10
DA:48,4
DA:52,30
DA:54,10
DA:65,4
DA:70,144
DA:83,4
DA:91,4
DA:96,4
DA:97,4
DA:100,9
DA:101,1
DA:103,8
DA:104,5
DA:106,3
DA:107,1
DA:109,2
DA:118,2
DA:127,7
DA:128,7
DA:132,5
DA:133,1
DA:135,4
DA:140,4
DA:142,4
DA:143,4
DA:144,2
DA:146,4
DA:154,4
DA:155,4
DA:159,4
LF:43
LH:43
BRDA:17,0,0,30
BRDA:17,0,1,375
BRDA:28,1,0,223
BRDA:28,1,1,223
BRDA:28,1,2,222
BRDA:33,2,0,5
BRDA:33,2,1,5
BRDA:74,3,0,24
BRDA:74,3,1,120
BRDA:100,4,0,1
BRDA:103,5,0,5
BRDA:106,6,0,1
BRDA:132,7,0,1
BRDA:143,8,0,2
BRDA:148,9,0,0
BRDA:148,9,1,4
BRDA:148,10,0,4
BRDA:148,10,1,4
BRDA:149,11,0,0
BRDA:149,11,1,4
BRDA:149,12,0,4
BRDA:149,12,1,4
BRDA:150,13,0,0
BRDA:150,13,1,4
BRDA:150,14,0,4
BRDA:150,14,1,4
BRF:26
BRH:23
end_of_record
TN:
SF:packages/sportident/src/SiCard/types/SiCard6.ts
FN:19,(anonymous_9)
FN:23,(anonymous_10)
FN:26,(anonymous_11)
FN:34,(anonymous_12)
FN:42,(anonymous_13)
FN:43,(anonymous_14)
FN:47,(anonymous_15)
FN:50,(anonymous_16)
FN:78,(anonymous_17)
FN:80,(anonymous_18)
FN:96,(anonymous_19)
FN:106,(anonymous_20)
FN:110,(anonymous_21)
FN:111,(anonymous_22)
FN:114,(anonymous_23)
FN:115,(anonymous_24)
FN:118,(anonymous_25)
FN:119,(anonymous_26)
FN:122,(anonymous_27)
FN:123,(anonymous_28)
FN:126,(anonymous_29)
FN:127,(anonymous_30)
FN:130,(anonymous_31)
FN:131,(anonymous_32)
FN:134,(anonymous_33)
FN:135,(anonymous_34)
FN:138,(anonymous_35)
FN:139,(anonymous_36)
FN:142,(anonymous_37)
FN:143,(anonymous_38)
FN:146,(anonymous_39)
FN:147,(anonymous_40)
FN:150,(anonymous_41)
FN:151,(anonymous_42)
FN:154,(anonymous_43)
FN:155,(anonymous_44)
FN:158,(anonymous_45)
FN:159,(anonymous_46)
FN:159,(anonymous_47)
FN:171,(anonymous_48)
FN:199,(anonymous_49)
FN:204,(anonymous_50)
FN:212,(anonymous_51)
FN:221,(anonymous_52)
FN:222,(anonymous_53)
FN:224,(anonymous_54)
FN:225,(anonymous_55)
FN:226,(anonymous_56)
FN:241,(anonymous_57)
FN:245,(anonymous_58)
FN:247,(anonymous_59)
FN:257,(anonymous_60)
FN:260,(anonymous_61)
FN:265,(anonymous_62)
FN:270,(anonymous_63)
FN:277,(anonymous_64)
FN:281,(anonymous_65)
FNF:57
FNH:57
FNDA:1539,(anonymous_9)
FNDA:14,(anonymous_10)
FNDA:592,(anonymous_11)
FNDA:300,(anonymous_12)
FNDA:96,(anonymous_13)
FNDA:1168,(anonymous_14)
FNDA:488,(anonymous_15)
FNDA:448,(anonymous_16)
FNDA:60,(anonymous_17)
FNDA:20,(anonymous_18)
FNDA:512,(anonymous_19)
FNDA:8,(anonymous_20)
FNDA:160,(anonymous_21)
FNDA:8,(anonymous_22)
FNDA:160,(anonymous_23)
FNDA:8,(anonymous_24)
FNDA:32,(anonymous_25)
FNDA:8,(anonymous_26)
FNDA:288,(anonymous_27)
FNDA:8,(anonymous_28)
FNDA:128,(anonymous_29)
FNDA:8,(anonymous_30)
FNDA:128,(anonymous_31)
FNDA:8,(anonymous_32)
FNDA:288,(anonymous_33)
FNDA:8,(anonymous_34)
FNDA:160,(anonymous_35)
FNDA:8,(anonymous_36)
FNDA:128,(anonymous_37)
FNDA:8,(anonymous_38)
FNDA:64,(anonymous_39)
FNDA:8,(anonymous_40)
FNDA:32,(anonymous_41)
FNDA:8,(anonymous_42)
FNDA:64,(anonymous_43)
FNDA:8,(anonymous_44)
FNDA:1664,(anonymous_45)
FNDA:8,(anonymous_46)
FNDA:1156,(anonymous_47)
FNDA:14,(anonymous_48)
FNDA:13,(anonymous_49)
FNDA:27,(anonymous_50)
FNDA:26,(anonymous_51)
FNDA:11,(anonymous_52)
FNDA:11,(anonymous_53)
FNDA:10,(anonymous_54)
FNDA:9,(anonymous_55)
FNDA:8,(anonymous_56)
FNDA:3,(anonymous_57)
FNDA:11,(anonymous_58)
FNDA:10,(anonymous_59)
FNDA:9,(anonymous_60)
FNDA:9,(anonymous_61)
FNDA:9,(anonymous_62)
FNDA:6,(anonymous_63)
FNDA:4,(anonymous_64)
FNDA:7,(anonymous_65)
DA:2,4
DA:3,4
DA:4,4
DA:6,4
DA:10,4
DA:11,4
DA:12,4
DA:19,4
DA:20,1539
DA:23,4
DA:26,14
DA:29,592
DA:34,300
DA:35,14
DA:39,14
DA:42,4
DA:43,1168
DA:44,32
DA:46,64
DA:47,488
DA:48,64
DA:49,64
DA:50,448
DA:74,4
DA:78,60
DA:80,20
DA:96,512
DA:106,8
DA:110,160
DA:111,8
DA:114,160
DA:115,8
DA:118,32
DA:119,8
DA:122,288
DA:123,8
DA:126,128
DA:127,8
DA:130,128
DA:131,8
DA:134,288
DA:135,8
DA:138,160
DA:139,8
DA:142,128
DA:143,8
DA:146,64
DA:147,8
DA:150,32
DA:151,8
DA:154,64
DA:155,8
DA:158,1664
DA:159,1156
DA:163,4
DA:168,4
DA:169,4
DA:172,14
DA:173,1
DA:175,13
DA:176,11
DA:178,2
DA:179,1
DA:181,1
DA:190,1
DA:200,13
DA:201,13
DA:205,27
DA:206,1
DA:208,26
DA:213,26
DA:217,26
DA:222,11
DA:223,11
DA:224,10
DA:225,9
DA:227,8
DA:236,8
DA:237,8
DA:238,8
DA:239,8
DA:241,3
DA:246,11
DA:248,10
DA:250,10
DA:251,10
DA:252,6
DA:259,9
DA:261,9
DA:266,9
DA:267,2
DA:269,7
DA:271,6
DA:272,6
DA:273,2
DA:275,4
DA:278,4
DA:279,4
DA:282,7
DA:283,6
DA:285,1
DA:289,4
DA:290,4
LF:103
LH:103
BRDA:29,0,0,592
BRDA:29,0,1,592
BRDA:29,0,2,589
BRDA:29,0,3,588
BRDA:35,1,0,6
BRDA:35,1,1,8
BRDA:43,2,0,32
BRDA:49,3,0,24
BRDA:49,3,1,40
BRDA:172,4,0,1
BRDA:175,5,0,11
BRDA:178,6,0,1
BRDA:205,7,0,1
BRDA:229,8,0,0
BRDA:229,8,1,8
BRDA:229,9,0,8
BRDA:229,9,1,8
BRDA:230,10,0,0
BRDA:230,10,1,8
BRDA:230,11,0,8
BRDA:230,11,1,8
BRDA:231,12,0,0
BRDA:231,12,1,8
BRDA:231,13,0,8
BRDA:231,13,1,8
BRDA:232,14,0,0
BRDA:232,14,1,8
BRDA:232,15,0,8
BRDA:232,15,1,8
BRDA:251,16,0,6
BRDA:266,17,0,2
BRDA:272,18,0,2
BRDA:282,19,0,6
BRF:33
BRH:29
end_of_record
TN:
SF:packages/sportident/src/SiCard/types/SiCard8.ts
FN:13,(anonymous_9)
FN:17,(anonymous_10)
FN:28,(anonymous_11)
FN:44,(anonymous_12)
FN:46,(anonymous_13)
FN:59,(anonymous_14)
FN:69,(anonymous_15)
FN:74,(anonymous_16)
FN:76,(anonymous_17)
FN:87,(anonymous_18)
FN:102,(anonymous_19)
FN:107,(anonymous_20)
FN:108,(anonymous_21)
FN:110,(anonymous_22)
FN:123,(anonymous_23)
FN:127,(anonymous_24)
FNF:16
FNH:16
FNDA:543,(anonymous_9)
FNDA:6,(anonymous_10)
FNDA:6,(anonymous_11)
FNDA:36,(anonymous_12)
FNDA:12,(anonymous_13)
FNDA:180,(anonymous_14)
FNDA:6,(anonymous_15)
FNDA:576,(anonymous_16)
FNDA:6,(anonymous_17)
FNDA:15,(anonymous_18)
FNDA:8,(anonymous_19)
FNDA:7,(anonymous_20)
FNDA:7,(anonymous_21)
FNDA:6,(anonymous_22)
FNDA:4,(anonymous_23)
FNDA:7,(anonymous_24)
DA:2,3
DA:3,3
DA:4,3
DA:6,3
DA:9,3
DA:10,3
DA:11,3
DA:13,3
DA:14,543
DA:17,3
DA:20,6
DA:21,6
DA:28,3
DA:29,6
DA:30,6
DA:38,3
DA:44,36
DA:46,12
DA:59,180
DA:69,6
DA:74,576
DA:76,6
DA:79,3
DA:84,3
DA:85,3
DA:88,15
DA:89,15
DA:90,13
DA:92,2
DA:93,1
DA:95,1
DA:103,8
DA:104,8
DA:108,7
DA:109,7
DA:111,6
DA:113,6
DA:114,6
DA:115,3
DA:118,6
DA:119,2
DA:121,4
DA:124,4
DA:125,4
DA:128,7
DA:129,6
DA:137,6
DA:138,6
DA:139,6
DA:140,6
DA:142,1
DA:148,3
DA:149,3
LF:53
LH:53
BRDA:22,0,0,4
BRDA:22,0,1,2
BRDA:23,1,0,4
BRDA:23,1,1,2
BRDA:30,2,0,6
BRDA:30,2,1,2
BRDA:89,3,0,13
BRDA:92,4,0,1
BRDA:114,5,0,3
BRDA:118,6,0,2
BRDA:128,7,0,6
BRDA:128,7,1,1
BRDA:131,8,0,0
BRDA:131,8,1,6
BRDA:131,9,0,6
BRDA:131,9,1,6
BRDA:132,10,0,0
BRDA:132,10,1,6
BRDA:132,11,0,6
BRDA:132,11,1,6
BRDA:133,12,0,0
BRDA:133,12,1,6
BRDA:133,13,0,6
BRDA:133,13,1,6
BRF:24
BRH:21
end_of_record
TN:
SF:packages/sportident/src/SiCard/types/SiCard9.ts
FN:13,(anonymous_9)
FN:17,(anonymous_10)
FN:28,(anonymous_11)
FN:44,(anonymous_12)
FN:46,(anonymous_13)
FN:59,(anonymous_14)
FN:69,(anonymous_15)
FN:74,(anonymous_16)
FN:76,(anonymous_17)
FN:87,(anonymous_18)
FN:102,(anonymous_19)
FN:107,(anonymous_20)
FN:108,(anonymous_21)
FN:110,(anonymous_22)
FN:123,(anonymous_23)
FN:127,(anonymous_24)
FNF:16
FNH:16
FNDA:903,(anonymous_9)
FNDA:6,(anonymous_10)
FNDA:6,(anonymous_11)
FNDA:36,(anonymous_12)
FNDA:12,(anonymous_13)
FNDA:300,(anonymous_14)
FNDA:6,(anonymous_15)
FNDA:144,(anonymous_16)
FNDA:6,(anonymous_17)
FNDA:10,(anonymous_18)
FNDA:8,(anonymous_19)
FNDA:7,(anonymous_20)
FNDA:7,(anonymous_21)
FNDA:6,(anonymous_22)
FNDA:4,(anonymous_23)
FNDA:7,(anonymous_24)
DA:2,3
DA:3,3
DA:4,3
DA:6,3
DA:9,3
DA:10,3
DA:11,3
DA:13,3
DA:14,903
DA:17,3
DA:20,6
DA:21,6
DA:28,3
DA:29,6
DA:30,6
DA:38,3
DA:44,36
DA:46,12
DA:59,300
DA:69,6
DA:74,144
DA:76,6
DA:79,3
DA:84,3
DA:85,3
DA:88,10
DA:89,10
DA:90,8
DA:92,2
DA:93,1
DA:95,1
DA:103,8
DA:104,8
DA:108,7
DA:109,7
DA:111,6
DA:113,6
DA:114,6
DA:115,3
DA:118,6
DA:119,2
DA:121,4
DA:124,4
DA:125,4
DA:128,7
DA:129,6
DA:137,6
DA:138,6
DA:139,6
DA:140,6
DA:142,1
DA:148,3
LF:52
LH:52
BRDA:22,0,0,4
BRDA:22,0,1,2
BRDA:23,1,0,4
BRDA:23,1,1,2
BRDA:30,2,0,6
BRDA:30,2,1,2
BRDA:89,3,0,8
BRDA:92,4,0,1
BRDA:114,5,0,3
BRDA:118,6,0,2
BRDA:128,7,0,6
BRDA:128,7,1,1
BRDA:131,8,0,0
BRDA:131,8,1,6
BRDA:131,9,0,6
BRDA:131,9,1,6
BRDA:132,10,0,0
BRDA:132,10,1,6
BRDA:132,11,0,6
BRDA:132,11,1,6
BRDA:133,12,0,0
BRDA:133,12,1,6
BRDA:133,13,0,6
BRDA:133,13,1,6
BRF:24
BRH:21
end_of_record
TN:
SF:packages/sportident/src/SiCard/types/TCard.ts
FN:6,(anonymous_9)
FN:10,(anonymous_10)
FNF:2
FNH:2
FNDA:5,(anonymous_9)
FNDA:1,(anonymous_10)
DA:1,3
DA:3,3
DA:5,3
DA:7,5
DA:11,1
DA:14,3
LF:6
LH:6
BRF:0
BRH:0
end_of_record
TN:
SF:packages/sportident/src/SiCard/types/index.ts
FN:1,(anonymous_0)
FN:2,(anonymous_1)
FN:3,(anonymous_2)
FN:4,(anonymous_3)
FN:5,(anonymous_4)
FN:6,(anonymous_5)
FN:7,(anonymous_6)
FN:8,(anonymous_7)
FN:9,(anonymous_8)
FN:10,(anonymous_9)
FN:11,(anonymous_10)
FN:12,(anonymous_11)
FN:13,(anonymous_12)
FN:14,(anonymous_13)
FN:15,(anonymous_14)
FNF:15
FNH:15
FNDA:1,(anonymous_0)
FNDA:1,(anonymous_1)
FNDA:1,(anonymous_2)
FNDA:1,(anonymous_3)
FNDA:1,(anonymous_4)
FNDA:1,(anonymous_5)
FNDA:1,(anonymous_6)
FNDA:1,(anonymous_7)
FNDA:1,(anonymous_8)
FNDA:1,(anonymous_9)
FNDA:1,(anonymous_10)
FNDA:1,(anonymous_11)
FNDA:1,(anonymous_12)
FNDA:1,(anonymous_13)
FNDA:1,(anonymous_14)
DA:1,3
DA:2,3
DA:3,3
DA:4,3
DA:5,3
DA:6,3
DA:7,3
DA:8,3
DA:9,3
DA:10,3
DA:11,3
DA:12,3
DA:13,3
DA:14,3
DA:15,3
LF:15
LH:15
BRF:0
BRH:0
end_of_record
TN:
SF:packages/sportident/src/SiCard/types/modernSiCardExamples.ts
FN:10,(anonymous_10)
FN:10,(anonymous_11)
FN:14,(anonymous_12)
FN:27,(anonymous_13)
FN:40,(anonymous_14)
FN:54,(anonymous_15)
FN:129,(anonymous_16)
FN:138,(anonymous_17)
FN:178,(anonymous_18)
FN:187,(anonymous_19)
FN:227,(anonymous_20)
FN:236,(anonymous_21)
FN:285,(anonymous_22)
FN:294,(anonymous_23)
FN:334,(anonymous_24)
FN:381,(anonymous_25)
FNF:16
FNH:16
FNDA:2,(anonymous_10)
FNDA:256,(anonymous_11)
FNDA:3,(anonymous_12)
FNDA:2,(anonymous_13)
FNDA:3,(anonymous_14)
FNDA:2,(anonymous_15)
FNDA:2,(anonymous_16)
FNDA:128,(anonymous_17)
FNDA:2,(anonymous_18)
FNDA:192,(anonymous_19)
FNDA:2,(anonymous_20)
FNDA:256,(anonymous_21)
FNDA:2,(anonymous_22)
FNDA:256,(anonymous_23)
FNDA:3,(anonymous_24)
FNDA:2,(anonymous_25)
DA:1,7
DA:2,7
DA:4,7
DA:6,7
DA:8,7
DA:10,256
DA:12,7
DA:14,3
DA:25,7
DA:27,2
DA:38,7
DA:40,3
DA:52,7
DA:54,2
DA:127,7
DA:129,2
DA:138,128
DA:176,7
DA:178,2
DA:187,192
DA:225,7
DA:227,2
DA:236,256
DA:283,7
DA:285,2
DA:294,256
DA:332,7
DA:334,3
DA:381,7
LF:29
LH:29
BRF:0
BRH:0
end_of_record
TN:
SF:packages/sportident/src/SiCard/types/pCardExamples.ts
FN:9,(anonymous_10)
FN:22,(anonymous_11)
FN:36,(anonymous_12)
FN:95,(anonymous_13)
FN:103,(anonymous_14)
FN:128,(anonymous_15)
FN:159,(anonymous_16)
FNF:7
FNH:7
FNDA:1,(anonymous_10)
FNDA:1,(anonymous_11)
FNDA:1,(anonymous_12)
FNDA:1,(anonymous_13)
FNDA:20,(anonymous_14)
FNDA:1,(anonymous_15)
FNDA:1,(anonymous_16)
DA:1,1
DA:2,1
DA:5,1
DA:7,1
DA:9,1
DA:20,1
DA:22,1
DA:34,1
DA:36,1
DA:93,1
DA:95,1
DA:103,20
DA:126,1
DA:128,1
DA:159,1
LF:15
LH:15
BRF:0
BRH:0
end_of_record
TN:
SF:packages/sportident/src/SiCard/types/siCard5Examples.ts
FN:9,(anonymous_10)
FN:52,(anonymous_11)
FN:60,(anonymous_12)
FN:61,(anonymous_13)
FN:79,(anonymous_14)
FNF:5
FNH:5
FNDA:4,(anonymous_10)
FNDA:3,(anonymous_11)
FNDA:90,(anonymous_12)
FNDA:18,(anonymous_13)
FNDA:3,(anonymous_14)
DA:1,4
DA:2,4
DA:5,4
DA:7,4
DA:9,4
DA:50,4
DA:52,3
DA:60,90
DA:61,18
DA:79,4
LF:10
LH:10
BRF:0
BRH:0
end_of_record
TN:
SF:packages/sportident/src/SiCard/types/siCard6Examples.ts
FN:9,(anonymous_10)
FN:9,(anonymous_11)
FN:13,(anonymous_12)
FN:26,(anonymous_13)
FN:39,(anonymous_14)
FN:53,(anonymous_15)
FN:63,(anonymous_16)
FN:125,(anonymous_17)
FN:135,(anonymous_18)
FN:188,(anonymous_19)
FN:198,(anonymous_20)
FN:234,(anonymous_21)
FN:275,(anonymous_22)
FNF:13
FNH:13
FNDA:4,(anonymous_10)
FNDA:512,(anonymous_11)
FNDA:3,(anonymous_12)
FNDA:3,(anonymous_13)
FNDA:4,(anonymous_14)
FNDA:4,(anonymous_15)
FNDA:64,(anonymous_16)
FNDA:3,(anonymous_17)
FNDA:192,(anonymous_18)
FNDA:3,(anonymous_19)
FNDA:192,(anonymous_20)
FNDA:3,(anonymous_21)
FNDA:3,(anonymous_22)
DA:1,4
DA:2,4
DA:5,4
DA:7,4
DA:9,512
DA:11,4
DA:13,3
DA:24,4
DA:26,3
DA:37,4
DA:39,4
DA:51,4
DA:53,4
DA:63,64
DA:123,4
DA:125,3
DA:135,192
DA:186,4
DA:188,3
DA:198,192
DA:232,4
DA:234,3
DA:275,4
LF:23
LH:23
BRF:0
BRH:0
end_of_record
TN:
SF:packages/sportident/src/SiCard/types/siCard8Examples.ts
FN:9,(anonymous_10)
FN:22,(anonymous_11)
FN:36,(anonymous_12)
FN:95,(anonymous_13)
FN:103,(anonymous_14)
FN:128,(anonymous_15)
FN:159,(anonymous_16)
FNF:7
FNH:7
FNDA:2,(anonymous_10)
FNDA:2,(anonymous_11)
FNDA:2,(anonymous_12)
FNDA:2,(anonymous_13)
FNDA:60,(anonymous_14)
FNDA:2,(anonymous_15)
FNDA:2,(anonymous_16)
DA:1,3
DA:2,3
DA:5,3
DA:7,3
DA:9,2
DA:20,3
DA:22,2
DA:34,3
DA:36,2
DA:93,3
DA:95,2
DA:103,60
DA:126,3
DA:128,2
DA:159,3
LF:15
LH:15
BRF:0
BRH:0
end_of_record
TN:
SF:packages/sportident/src/SiCard/types/siCard9Examples.ts
FN:9,(anonymous_10)
FN:22,(anonymous_11)
FN:36,(anonymous_12)
FN:86,(anonymous_13)
FN:94,(anonymous_14)
FN:119,(anonymous_15)
FN:150,(anonymous_16)
FNF:7
FNH:7
FNDA:2,(anonymous_10)
FNDA:2,(anonymous_11)
FNDA:2,(anonymous_12)
FNDA:2,(anonymous_13)
FNDA:100,(anonymous_14)
FNDA:2,(anonymous_15)
FNDA:2,(anonymous_16)
DA:1,3
DA:2,3
DA:5,3
DA:7,3
DA:9,2
DA:20,3
DA:22,2
DA:34,3
DA:36,2
DA:84,3
DA:86,2
DA:94,100
DA:117,3
DA:119,2
DA:150,3
LF:15
LH:15
BRF:0
BRH:0
end_of_record
TN:
SF:packages/sportident/src/SiDevice/ISiDevice.ts
FN:5,(anonymous_9)
FN:20,(anonymous_10)
FN:28,(anonymous_11)
FNF:3
FNH:3
FNDA:5,(anonymous_9)
FNDA:46,(anonymous_10)
FNDA:16,(anonymous_11)
DA:2,5
DA:5,5
DA:6,5
DA:7,5
DA:8,5
DA:9,5
DA:17,5
DA:19,5
DA:21,46
DA:22,46
DA:24,46
DA:27,5
DA:29,16
DA:30,16
DA:32,16
LF:15
LH:15
BRDA:5,0,0,5
BRDA:5,0,1,5
BRF:2
BRH:2
end_of_record
TN:
SF:packages/sportident/src/SiDevice/ISiDeviceDriver.ts
FN:24,(anonymous_9)
FN:33,(anonymous_10)
FNF:2
FNH:0
FNDA:0,(anonymous_9)
FNDA:0,(anonymous_10)
DA:1,0
DA:21,0
DA:25,0
DA:27,0
DA:30,0
DA:34,0
DA:36,0
LF:7
LH:0
BRF:0
BRH:0
end_of_record
TN:
SF:packages/sportident/src/SiDevice/SiDevice.ts
FN:12,(anonymous_9)
FN:19,(anonymous_10)
FN:23,(anonymous_11)
FN:30,(anonymous_12)
FN:43,(anonymous_13)
FN:49,(anonymous_14)
FN:58,(anonymous_15)
FN:71,(anonymous_16)
FN:75,(anonymous_17)
FN:84,(anonymous_18)
FN:87,(anonymous_19)
FN:91,(anonymous_20)
FN:99,(anonymous_21)
FN:100,(anonymous_22)
FN:109,(anonymous_23)
FN:113,(anonymous_24)
FN:120,(anonymous_25)
FN:124,(anonymous_26)
FNF:18
FNH:18
FNDA:41,(anonymous_9)
FNDA:60,(anonymous_10)
FNDA:51,(anonymous_11)
FNDA:6,(anonymous_12)
FNDA:1,(anonymous_13)
FNDA:1,(anonymous_14)
FNDA:6,(anonymous_15)
FNDA:1,(anonymous_16)
FNDA:1,(anonymous_17)
FNDA:18,(anonymous_18)
FNDA:3,(anonymous_19)
FNDA:4,(anonymous_20)
FNDA:6,(anonymous_21)
FNDA:1,(anonymous_22)
FNDA:7,(anonymous_23)
FNDA:15,(anonymous_24)
FNDA:18,(anonymous_25)
FNDA:22,(anonymous_26)
DA:1,5
DA:2,5
DA:6,5
DA:13,41
DA:14,41
DA:15,41
DA:16,41
DA:20,60
DA:24,51
DA:25,46
DA:26,46
DA:31,6
DA:32,1
DA:34,5
DA:35,1
DA:37,4
DA:38,1
DA:40,3
DA:41,3
DA:42,3
DA:44,1
DA:45,1
DA:46,1
DA:47,1
DA:50,1
DA:51,1
DA:54,1
DA:59,6
DA:60,1
DA:62,5
DA:63,1
DA:65,4
DA:66,1
DA:68,3
DA:69,3
DA:70,3
DA:72,1
DA:73,1
DA:76,1
DA:77,1
DA:80,1
DA:85,18
DA:86,18
DA:88,3
DA:89,3
DA:92,4
DA:93,1
DA:94,1
DA:96,3
DA:97,3
DA:99,6
DA:100,1
DA:102,11
DA:103,11
DA:104,11
DA:105,3
DA:106,3
DA:108,8
DA:109,7
DA:114,15
DA:121,18
DA:125,22
DA:126,22
DA:131,5
LF:64
LH:64
BRDA:24,0,0,46
BRDA:31,1,0,1
BRDA:34,2,0,1
BRDA:37,3,0,1
BRDA:59,4,0,1
BRDA:62,5,0,1
BRDA:65,6,0,1
BRDA:92,7,0,1
BRDA:104,8,0,3
BRDA:115,9,0,15
BRDA:115,9,1,11
BRF:11
BRH:11
end_of_record
TN:
SF:packages/sportident/src/SiDevice/index.ts
FN:1,(anonymous_0)
FNF:1
FNH:0
FNDA:0,(anonymous_0)
DA:1,0
LF:1
LH:0
BRF:0
BRH:0
end_of_record
TN:
SF:packages/sportident/src/SiStation/BaseSiStation.ts
FN:50,(anonymous_9)
FN:53,(anonymous_10)
FN:62,(anonymous_11)
FN:97,(anonymous_12)
FN:114,(anonymous_13)
FN:121,(anonymous_14)
FN:127,(anonymous_15)
FN:140,(anonymous_16)
FN:145,(anonymous_17)
FN:150,(anonymous_18)
FN:156,(anonymous_19)
FN:162,(anonymous_20)
FN:169,(anonymous_21)
FN:172,(anonymous_22)
FN:178,(anonymous_23)
FN:180,(anonymous_24)
FN:188,(anonymous_25)
FN:194,(anonymous_26)
FN:197,(anonymous_27)
FN:221,(anonymous_28)
FN:234,(anonymous_29)
FN:247,(anonymous_30)
FN:252,(anonymous_31)
FN:255,(anonymous_32)
FN:261,(anonymous_33)
FN:265,(anonymous_34)
FN:271,(anonymous_35)
FN:278,(anonymous_36)
FNF:28
FNH:28
FNDA:6,(anonymous_9)
FNDA:6,(anonymous_10)
FNDA:12,(anonymous_11)
FNDA:11,(anonymous_12)
FNDA:16,(anonymous_13)
FNDA:8,(anonymous_14)
FNDA:17,(anonymous_15)
FNDA:7,(anonymous_16)
FNDA:7,(anonymous_17)
FNDA:1,(anonymous_18)
FNDA:66,(anonymous_19)
FNDA:14,(anonymous_20)
FNDA:1,(anonymous_21)
FNDA:1,(anonymous_22)
FNDA:3,(anonymous_23)
FNDA:3,(anonymous_24)
FNDA:4,(anonymous_25)
FNDA:512,(anonymous_26)
FNDA:512,(anonymous_27)
FNDA:8,(anonymous_28)
FNDA:4,(anonymous_29)
FNDA:1,(anonymous_30)
FNDA:1,(anonymous_31)
FNDA:1,(anonymous_32)
FNDA:1,(anonymous_33)
FNDA:2,(anonymous_34)
FNDA:2,(anonymous_35)
FNDA:1,(anonymous_36)
DA:1,4
DA:2,4
DA:3,4
DA:4,4
DA:5,4
DA:41,4
DA:50,6
DA:53,6
DA:62,12
DA:87,4
DA:94,4
DA:103,11
DA:104,11
DA:105,4
DA:107,7
DA:109,7
DA:111,7
DA:115,16
DA:116,16
DA:118,16
DA:122,8
DA:123,8
DA:124,8
DA:132,17
DA:141,7
DA:146,7
DA:153,1
DA:159,66
DA:166,14
DA:170,1
DA:171,1
DA:173,1
DA:174,1
DA:179,3
DA:181,3
DA:182,3
DA:183,3
DA:184,3
DA:192,4
DA:193,4
DA:194,512
DA:196,4
DA:202,512
DA:203,500
DA:205,12
DA:206,12
DA:207,12
DA:208,8
DA:213,4
DA:220,4
DA:221,4
DA:222,8
DA:223,4
DA:225,4
DA:226,4
DA:230,4
DA:235,4
DA:236,4
DA:237,4
DA:238,0
DA:240,4
DA:241,4
DA:244,4
DA:248,1
DA:252,1
DA:257,1
DA:261,1
DA:266,2
DA:267,2
DA:272,2
DA:273,1
DA:280,1
LF:72
LH:71
BRDA:104,0,0,4
BRDA:129,1,0,1
BRDA:130,2,0,17
BRDA:202,3,0,500
BRDA:207,4,0,8
BRDA:207,5,0,12
BRDA:207,5,1,8
BRDA:222,6,0,4
BRDA:237,7,0,0
BRDA:266,8,0,0
BRDA:266,8,1,2
BRDA:272,9,0,1
BRF:12
BRH:10
end_of_record
TN:
SF:packages/sportident/src/SiStation/CoupledSiStation.ts
FN:10,(anonymous_0)
FN:15,(anonymous_1)
FN:21,(anonymous_2)
FNF:3
FNH:3
FNDA:2,(anonymous_0)
FNDA:4,(anonymous_1)
FNDA:2,(anonymous_2)
DA:3,1
DA:4,1
DA:5,1
DA:7,1
DA:11,2
DA:12,2
DA:18,4
DA:21,2
LF:8
LH:8
BRF:0
BRH:0
end_of_record
TN:
SF:packages/sportident/src/SiStation/ISiMainStation.ts
FN:8,(anonymous_9)
FN:17,(anonymous_10)
FN:26,(anonymous_11)
FNF:3
FNH:3
FNDA:3,(anonymous_9)
FNDA:1,(anonymous_10)
FNDA:1,(anonymous_11)
DA:2,1
DA:7,1
DA:9,3
DA:10,3
DA:12,3
DA:16,1
DA:18,1
DA:19,1
DA:21,1
DA:25,1
DA:27,1
DA:28,1
DA:30,1
LF:13
LH:13
BRF:0
BRH:0
end_of_record
TN:
SF:packages/sportident/src/SiStation/ISiSendTask.ts
FN:2,(anonymous_0)
FNF:1
FNH:1
FNDA:4,(anonymous_0)
DA:2,4
DA:3,4
DA:4,4
DA:5,4
DA:6,4
DA:7,4
LF:6
LH:6
BRDA:2,0,0,4
BRDA:2,0,1,4
BRF:2
BRH:2
end_of_record
TN:
SF:packages/sportident/src/SiStation/ISiStation.ts
FN:33,(anonymous_0)
FNF:1
FNH:1
FNDA:4,(anonymous_0)
DA:9,4
DA:33,4
DA:34,4
DA:35,4
DA:36,4
DA:37,4
DA:38,4
DA:42,4
DA:69,4
LF:9
LH:9
BRDA:33,0,0,4
BRDA:33,0,1,4
BRF:2
BRH:2
end_of_record
TN:
SF:packages/sportident/src/SiStation/ISiTargetMultiplexer.ts
FN:32,(anonymous_9)
FN:41,(anonymous_10)
FN:49,(anonymous_11)
FN:57,(anonymous_12)
FNF:4
FNH:4
FNDA:6,(anonymous_9)
FNDA:18,(anonymous_10)
FNDA:3,(anonymous_11)
FNDA:1,(anonymous_12)
DA:1,6
DA:32,6
DA:33,6
DA:34,6
DA:35,6
DA:36,6
DA:40,6
DA:42,18
DA:43,18
DA:45,18
DA:48,6
DA:50,3
DA:51,3
DA:53,3
DA:56,6
DA:58,1
DA:59,1
DA:61,1
LF:18
LH:18
BRDA:32,0,0,6
BRDA:32,0,1,6
BRF:2
BRH:2
end_of_record
TN:
SF:packages/sportident/src/SiStation/SiMainStation.ts
FN:23,(anonymous_9)
FN:28,(anonymous_10)
FN:34,(anonymous_11)
FN:40,(anonymous_12)
FN:47,(anonymous_13)
FN:55,(anonymous_14)
FN:71,(anonymous_15)
FN:75,(anonymous_16)
FN:77,(anonymous_17)
FN:79,(anonymous_18)
FN:89,(anonymous_19)
FN:91,(anonymous_20)
FN:102,(anonymous_21)
FN:108,(anonymous_22)
FN:122,(anonymous_23)
FN:133,(anonymous_24)
FNF:16
FNH:16
FNDA:2,(anonymous_9)
FNDA:7,(anonymous_10)
FNDA:5,(anonymous_11)
FNDA:8,(anonymous_12)
FNDA:5,(anonymous_13)
FNDA:1,(anonymous_14)
FNDA:1,(anonymous_15)
FNDA:1,(anonymous_16)
FNDA:1,(anonymous_17)
FNDA:6,(anonymous_18)
FNDA:1,(anonymous_19)
FNDA:6,(anonymous_20)
FNDA:1,(anonymous_21)
FNDA:6,(anonymous_22)
FNDA:2,(anonymous_23)
FNDA:1,(anonymous_24)
DA:1,1
DA:2,1
DA:3,1
DA:4,1
DA:8,1
DA:9,1
DA:10,1
DA:11,1
DA:20,1
DA:24,2
DA:25,2
DA:31,7
DA:34,5
DA:38,8
DA:44,8
DA:45,8
DA:48,5
DA:49,5
DA:50,5
DA:59,1
DA:68,1
DA:69,1
DA:71,1
DA:72,1
DA:75,1
DA:76,1
DA:77,1
DA:78,1
DA:80,6
DA:81,6
DA:82,6
DA:89,1
DA:90,1
DA:92,6
DA:94,6
DA:95,6
DA:96,6
DA:97,6
DA:103,1
DA:104,1
DA:109,6
DA:110,1
DA:112,5
DA:113,5
DA:114,5
DA:115,1
DA:116,1
DA:117,1
DA:120,1
DA:122,4
DA:123,2
DA:124,2
DA:125,1
DA:129,1
DA:131,2
DA:133,4
DA:134,1
DA:135,1
DA:136,0
DA:138,1
DA:139,1
DA:140,1
DA:141,1
DA:146,4
DA:150,4
DA:151,4
DA:152,1
DA:154,3
DA:159,1
LF:69
LH:68
BRDA:42,0,0,3
BRDA:57,1,0,1
BRDA:81,2,0,6
BRDA:94,3,0,6
BRDA:94,3,1,0
BRDA:96,4,0,6
BRDA:109,5,0,1
BRDA:114,6,0,1
BRDA:124,7,0,1
BRDA:124,7,1,1
BRDA:124,8,0,2
BRDA:124,8,1,1
BRDA:135,9,0,0
BRDA:139,10,0,1
BRDA:151,11,0,1
BRF:15
BRH:13
end_of_record
TN:
SF:packages/sportident/src/SiStation/SiSendTask.ts
FN:9,(anonymous_9)
FN:16,(anonymous_10)
FN:32,(anonymous_11)
FN:39,(anonymous_12)
FN:45,(anonymous_13)
FNF:5
FNH:5
FNDA:23,(anonymous_9)
FNDA:6,(anonymous_10)
FNDA:7,(anonymous_11)
FNDA:13,(anonymous_12)
FNDA:9,(anonymous_13)
DA:1,4
DA:2,4
DA:4,4
DA:5,23
DA:6,23
DA:10,23
DA:11,23
DA:12,23
DA:13,23
DA:14,23
DA:16,23
DA:17,6
DA:24,6
DA:25,1
DA:27,5
DA:28,5
DA:33,7
DA:34,7
DA:35,5
DA:40,13
DA:41,13
DA:42,13
DA:46,9
DA:47,9
DA:48,9
LF:25
LH:25
BRDA:24,0,0,1
BRDA:34,1,0,5
BRF:2
BRH:2
end_of_record
TN:
SF:packages/sportident/src/SiStation/SiTargetMultiplexer.ts
FN:27,(anonymous_9)
FN:33,(anonymous_10)
FN:36,(anonymous_11)
FN:51,(anonymous_12)
FN:55,(anonymous_13)
FN:62,(anonymous_14)
FN:64,(anonymous_15)
FN:65,(anonymous_16)
FN:66,(anonymous_17)
FN:67,(anonymous_18)
FN:75,(anonymous_19)
FN:76,(anonymous_20)
FN:79,(anonymous_21)
FN:80,(anonymous_22)
FN:85,(anonymous_23)
FN:89,(anonymous_24)
FN:107,(anonymous_25)
FN:149,(anonymous_26)
FN:156,(anonymous_27)
FN:159,(anonymous_28)
FN:180,(anonymous_29)
FN:186,(anonymous_30)
FN:193,(anonymous_31)
FN:198,(anonymous_32)
FN:203,(anonymous_33)
FN:208,(anonymous_34)
FN:211,(anonymous_35)
FN:216,(anonymous_36)
FN:225,(anonymous_37)
FN:242,(anonymous_38)
FN:248,(anonymous_39)
FNF:31
FNH:29
FNDA:26,(anonymous_9)
FNDA:3,(anonymous_10)
FNDA:13,(anonymous_11)
FNDA:28,(anonymous_12)
FNDA:23,(anonymous_13)
FNDA:3,(anonymous_14)
FNDA:0,(anonymous_15)
FNDA:2,(anonymous_16)
FNDA:1,(anonymous_17)
FNDA:0,(anonymous_18)
FNDA:2,(anonymous_19)
FNDA:2,(anonymous_20)
FNDA:3,(anonymous_21)
FNDA:1,(anonymous_22)
FNDA:13,(anonymous_23)
FNDA:13,(anonymous_24)
FNDA:13,(anonymous_25)
FNDA:7,(anonymous_26)
FNDA:3,(anonymous_27)
FNDA:7,(anonymous_28)
FNDA:3,(anonymous_29)
FNDA:2,(anonymous_30)
FNDA:23,(anonymous_31)
FNDA:23,(anonymous_32)
FNDA:13,(anonymous_33)
FNDA:11,(anonymous_34)
FNDA:9,(anonymous_35)
FNDA:9,(anonymous_36)
FNDA:45,(anonymous_37)
FNDA:18,(anonymous_38)
FNDA:2,(anonymous_39)
DA:1,4
DA:2,4
DA:3,4
DA:5,4
DA:6,4
DA:7,4
DA:8,4
DA:11,4
DA:20,4
DA:26,4
DA:28,26
DA:29,3
DA:31,23
DA:32,23
DA:33,23
DA:34,3
DA:36,23
DA:37,13
DA:40,23
DA:43,28
DA:44,28
DA:46,28
DA:47,28
DA:48,28
DA:52,28
DA:56,23
DA:63,3
DA:64,0
DA:65,2
DA:66,1
DA:67,0
DA:69,3
DA:70,3
DA:71,3
DA:76,2
DA:80,3
DA:81,1
DA:86,13
DA:87,13
DA:88,13
DA:89,13
DA:90,13
DA:91,13
DA:94,13
DA:95,3
DA:99,13
DA:100,1
DA:108,13
DA:112,1
DA:113,1
DA:114,1
DA:116,13
DA:117,4
DA:119,9
DA:126,9
DA:127,0
DA:129,9
DA:130,1
DA:131,1
DA:133,8
DA:134,0
DA:136,8
DA:137,8
DA:138,0
DA:140,8
DA:141,1
DA:142,1
DA:144,1
DA:146,7
DA:155,7
DA:156,3
DA:162,7
DA:163,1
DA:165,6
DA:171,6
DA:172,6
DA:173,2
DA:175,4
DA:176,4
DA:181,3
DA:182,1
DA:184,2
DA:187,2
DA:188,2
DA:189,2
DA:198,23
DA:199,23
DA:204,13
DA:205,13
DA:206,0
DA:208,13
DA:209,13
DA:212,9
DA:213,9
DA:214,0
DA:216,9
DA:217,9
DA:220,23
DA:221,23
DA:226,45
DA:232,25
DA:235,20
DA:236,20
DA:237,20
DA:241,20
DA:243,18
DA:244,18
DA:245,8
DA:249,2
DA:250,2
DA:256,4
LF:111
LH:104
BRDA:28,0,0,3
BRDA:70,1,0,3
BRDA:94,2,0,3
BRDA:99,3,0,1
BRDA:108,4,0,1
BRDA:109,5,0,13
BRDA:109,5,1,12
BRDA:116,6,0,4
BRDA:126,7,0,0
BRDA:129,8,0,1
BRDA:133,9,0,0
BRDA:137,10,0,0
BRDA:140,11,0,1
BRDA:141,12,0,1
BRDA:162,13,0,1
BRDA:172,14,0,2
BRDA:181,15,0,1
BRDA:195,16,0,0
BRDA:196,17,0,4
BRDA:205,18,0,0
BRDA:213,19,0,0
BRDA:226,20,0,25
BRDA:227,21,0,45
BRDA:227,21,1,29
BRDA:227,21,2,27
BRDA:227,21,3,26
BRDA:244,22,0,8
BRF:27
BRH:21
end_of_record
TN:
SF:packages/sportident/src/SiStation/index.ts
FN:1,(anonymous_0)
FN:2,(anonymous_1)
FN:3,(anonymous_2)
FN:4,(anonymous_3)
FN:5,(anonymous_4)
FNF:5
FNH:0
FNDA:0,(anonymous_0)
FNDA:0,(anonymous_1)
FNDA:0,(anonymous_2)
FNDA:0,(anonymous_3)
FNDA:0,(anonymous_4)
DA:1,0
DA:2,0
DA:3,0
DA:4,0
DA:5,0
LF:5
LH:0
BRF:0
BRH:0
end_of_record
TN:
SF:packages/sportident/src/SiStation/siStationExamples.ts
FN:12,(anonymous_9)
FN:60,(anonymous_10)
FN:107,(anonymous_11)
FNF:3
FNH:3
FNDA:3,(anonymous_9)
FNDA:1,(anonymous_10)
FNDA:1,(anonymous_11)
DA:1,3
DA:3,3
DA:10,3
DA:12,3
DA:58,3
DA:60,1
DA:107,3
LF:7
LH:7
BRF:0
BRH:0
end_of_record
TN:
SF:packages/sportident/src/fakes/FakeSiDeviceDriver.ts
FN:11,(anonymous_16)
FN:22,(anonymous_17)
FN:39,(anonymous_18)
FN:49,(anonymous_19)
FN:63,(anonymous_20)
FN:73,(anonymous_22)
FN:77,(anonymous_23)
FN:82,(anonymous_24)
FN:86,(anonymous_25)
FN:88,(anonymous_26)
FN:92,(anonymous_27)
FN:102,(anonymous_28)
FN:110,(anonymous_30)
FN:121,(anonymous_32)
FN:126,(anonymous_33)
FN:131,(anonymous_34)
FN:136,(anonymous_35)
FN:145,(anonymous_36)
FN:153,(anonymous_37)
FNF:19
FNH:0
FNDA:0,(anonymous_16)
FNDA:0,(anonymous_17)
FNDA:0,(anonymous_18)
FNDA:0,(anonymous_19)
FNDA:0,(anonymous_20)
FNDA:0,(anonymous_22)
FNDA:0,(anonymous_23)
FNDA:0,(anonymous_24)
FNDA:0,(anonymous_25)
FNDA:0,(anonymous_26)
FNDA:0,(anonymous_27)
FNDA:0,(anonymous_28)
FNDA:0,(anonymous_30)
FNDA:0,(anonymous_32)
FNDA:0,(anonymous_33)
FNDA:0,(anonymous_34)
FNDA:0,(anonymous_35)
FNDA:0,(anonymous_36)
FNDA:0,(anonymous_37)
DA:1,0
DA:2,0
DA:3,0
DA:4,0
DA:11,0
DA:26,0
DA:28,0
DA:31,0
DA:34,0
DA:36,0
DA:37,0
DA:40,0
DA:41,0
DA:43,0
DA:50,0
DA:51,0
DA:52,0
DA:54,0
DA:58,0
DA:59,0
DA:60,0
DA:64,0
DA:65,0
DA:66,0
DA:67,0
DA:68,0
DA:70,0
DA:74,0
DA:78,0
DA:79,0
DA:83,0
DA:87,0
DA:88,0
DA:93,0
DA:94,0
DA:95,0
DA:97,0
DA:98,0
DA:99,0
DA:103,0
DA:104,0
DA:106,0
DA:107,0
DA:111,0
DA:112,0
DA:114,0
DA:115,0
DA:116,0
DA:118,0
DA:122,0
DA:123,0
DA:127,0
DA:128,0
DA:132,0
DA:133,0
DA:137,0
DA:138,0
DA:139,0
DA:140,0
DA:142,0
DA:146,0
DA:151,0
DA:153,0
LF:63
LH:0
BRDA:40,0,0,0
BRDA:51,1,0,0
BRDA:67,2,0,0
BRDA:94,3,0,0
BRDA:103,4,0,0
BRDA:111,5,0,0
BRDA:115,6,0,0
BRDA:138,7,0,0
BRF:8
BRH:0
end_of_record
TN:
SF:packages/sportident/src/fakes/FakeSiMainStation.ts
FN:16,(anonymous_9)
FN:20,(anonymous_10)
FN:31,(anonymous_11)
FN:35,(anonymous_12)
FN:42,(anonymous_13)
FN:46,(anonymous_14)
FN:52,(anonymous_15)
FN:100,(anonymous_16)
FN:117,(anonymous_17)
FNF:9
FNH:9
FNDA:1,(anonymous_9)
FNDA:4,(anonymous_10)
FNDA:15,(anonymous_11)
FNDA:18,(anonymous_12)
FNDA:4,(anonymous_13)
FNDA:2,(anonymous_14)
FNDA:12,(anonymous_15)
FNDA:4,(anonymous_16)
FNDA:1,(anonymous_17)
DA:1,1
DA:2,1
DA:4,1
DA:5,1
DA:6,1
DA:10,1
DA:12,1
DA:13,1
DA:17,1
DA:21,4
DA:22,0
DA:24,4
DA:28,4
DA:32,15
DA:36,18
DA:43,4
DA:47,2
DA:48,2
DA:49,2
DA:53,12
DA:54,0
DA:56,12
DA:57,1
DA:58,1
DA:62,11
DA:63,2
DA:67,9
DA:68,2
DA:69,2
DA:73,7
DA:74,1
DA:78,6
DA:79,1
DA:80,1
DA:81,1
DA:85,5
DA:86,1
DA:87,1
DA:88,1
DA:96,4
DA:97,1
DA:98,1
DA:99,1
DA:100,1
DA:101,4
DA:103,1
DA:104,1
DA:108,3
DA:113,1
DA:114,0
DA:116,1
DA:117,1
DA:118,1
DA:120,2
DA:121,1
DA:130,1
LF:56
LH:53
BRDA:21,0,0,0
BRDA:53,1,0,0
BRDA:56,2,0,1
BRDA:56,2,1,11
BRDA:62,3,0,2
BRDA:62,3,1,9
BRDA:65,4,0,1
BRDA:65,4,1,1
BRDA:67,5,0,2
BRDA:67,5,1,7
BRDA:71,6,0,1
BRDA:71,6,1,1
BRDA:73,7,0,1
BRDA:73,7,1,6
BRDA:78,8,0,1
BRDA:78,8,1,5
BRDA:85,9,0,1
BRDA:85,9,1,4
BRDA:96,10,0,1
BRDA:96,10,1,3
BRDA:108,11,0,1
BRDA:108,11,1,2
BRDA:109,12,0,3
BRDA:109,12,1,2
BRDA:109,12,2,2
BRDA:113,13,0,0
BRDA:120,14,0,1
BRF:27
BRH:24
end_of_record
TN:
SF:packages/sportident/src/fakes/IFakeSiMainStation.ts
FN:8,(anonymous_9)
FNF:1
FNH:1
FNDA:15,(anonymous_9)
DA:1,1
DA:7,1
DA:9,15
DA:10,15
DA:12,15
LF:5
LH:5
BRF:0
BRH:0
end_of_record
TN:
SF:packages/sportident/src/fakes/index.ts
FN:1,(anonymous_4)
FNF:1
FNH:0
FNDA:0,(anonymous_4)
DA:1,0
DA:2,0
LF:2
LH:0
BRF:0
BRH:0
end_of_record
TN:
SF:packages/sportident/src/fakes/FakeSiCard/BaseFakeSiCard.ts
FN:4,(anonymous_0)
FNF:1
FNH:1
FNDA:26,(anonymous_0)
DA:4,11
DA:5,26
LF:2
LH:2
BRF:0
BRH:0
end_of_record
TN:
SF:packages/sportident/src/fakes/FakeSiCard/index.ts
FN:1,(anonymous_4)
FNF:1
FNH:0
FNDA:0,(anonymous_4)
DA:1,0
DA:2,0
LF:2
LH:0
BRF:0
BRH:0
end_of_record
TN:
SF:packages/sportident/src/fakes/FakeSiCard/types/FakeModernSiCard.ts
FN:15,(anonymous_9)
FN:20,(anonymous_10)
FN:29,(anonymous_11)
FN:38,(anonymous_12)
FNF:4
FNH:4
FNDA:16,(anonymous_9)
FNDA:1,(anonymous_10)
FNDA:56,(anonymous_11)
FNDA:57,(anonymous_12)
DA:2,5
DA:3,5
DA:4,5
DA:5,5
DA:6,5
DA:9,5
DA:10,5
DA:11,5
DA:16,16
DA:17,16
DA:21,1
DA:22,1
DA:23,1
DA:30,56
DA:35,1
DA:37,55
DA:38,57
DA:45,55
DA:46,1
DA:48,54
LF:20
LH:20
BRDA:30,0,0,1
BRDA:31,1,0,56
BRDA:31,1,1,56
BRDA:31,1,2,55
BRDA:45,2,0,1
BRF:5
BRH:5
end_of_record
TN:
SF:packages/sportident/src/fakes/FakeSiCard/types/FakePCard.ts
FN:12,(anonymous_0)
FNF:1
FNH:1
FNDA:3,(anonymous_0)
DA:2,1
DA:3,1
DA:4,1
DA:6,1
DA:7,1
DA:8,1
DA:13,3
DA:14,3
LF:8
LH:8
BRF:0
BRH:0
end_of_record
TN:
SF:packages/sportident/src/fakes/FakeSiCard/types/FakeSIAC.ts
FN:13,(anonymous_0)
FNF:1
FNH:0
FNDA:0,(anonymous_0)
DA:2,0
DA:3,0
DA:4,0
DA:5,0
DA:7,0
DA:8,0
DA:9,0
DA:14,0
DA:15,0
LF:9
LH:0
BRF:0
BRH:0
end_of_record
TN:
SF:packages/sportident/src/fakes/FakeSiCard/types/FakeSiCard10.ts
FN:13,(anonymous_0)
FNF:1
FNH:0
FNDA:0,(anonymous_0)
DA:2,0
DA:3,0
DA:4,0
DA:5,0
DA:7,0
DA:8,0
DA:9,0
DA:14,0
DA:15,0
LF:9
LH:0
BRF:0
BRH:0
end_of_record
TN:
SF:packages/sportident/src/fakes/FakeSiCard/types/FakeSiCard11.ts
FN:13,(anonymous_0)
FNF:1
FNH:0
FNDA:0,(anonymous_0)
DA:2,0
DA:3,0
DA:4,0
DA:5,0
DA:7,0
DA:8,0
DA:9,0
DA:14,0
DA:15,0
LF:9
LH:0
BRF:0
BRH:0
end_of_record
TN:
SF:packages/sportident/src/fakes/FakeSiCard/types/FakeSiCard5.ts
FN:15,(anonymous_9)
FN:20,(anonymous_10)
FN:29,(anonymous_11)
FNF:3
FNH:3
FNDA:4,(anonymous_9)
FNDA:2,(anonymous_10)
FNDA:6,(anonymous_11)
DA:2,3
DA:3,3
DA:5,3
DA:6,3
DA:7,3
DA:9,3
DA:10,3
DA:11,3
DA:16,4
DA:17,4
DA:21,2
DA:22,2
DA:23,2
DA:30,6
DA:35,1
DA:37,5
LF:16
LH:16
BRDA:30,0,0,1
BRDA:31,1,0,6
BRDA:31,1,1,6
BRDA:31,1,2,5
BRF:4
BRH:4
end_of_record
TN:
SF:packages/sportident/src/fakes/FakeSiCard/types/FakeSiCard6.ts
FN:15,(anonymous_9)
FN:20,(anonymous_10)
FN:29,(anonymous_11)
FN:38,(anonymous_12)
FNF:4
FNH:4
FNDA:6,(anonymous_9)
FNDA:2,(anonymous_10)
FNDA:29,(anonymous_11)
FNDA:30,(anonymous_12)
DA:2,3
DA:3,3
DA:5,3
DA:6,3
DA:7,3
DA:9,3
DA:10,3
DA:11,3
DA:16,6
DA:17,6
DA:21,2
DA:22,2
DA:23,2
DA:30,29
DA:35,1
DA:37,28
DA:38,30
DA:45,28
DA:46,1
DA:48,27
LF:20
LH:20
BRDA:30,0,0,1
BRDA:31,1,0,29
BRDA:31,1,1,29
BRDA:31,1,2,28
BRDA:45,2,0,1
BRF:5
BRH:5
end_of_record
TN:
SF:packages/sportident/src/fakes/FakeSiCard/types/FakeSiCard8.ts
FN:12,(anonymous_0)
FNF:1
FNH:1
FNDA:3,(anonymous_0)
DA:2,1
DA:3,1
DA:4,1
DA:6,1
DA:7,1
DA:8,1
DA:13,3
DA:14,3
LF:8
LH:8
BRF:0
BRH:0
end_of_record
TN:
SF:packages/sportident/src/fakes/FakeSiCard/types/FakeSiCard9.ts
FN:12,(anonymous_0)
FNF:1
FNH:1
FNDA:3,(anonymous_0)
DA:2,1
DA:3,1
DA:4,1
DA:6,1
DA:7,1
DA:8,1
DA:13,3
DA:14,3
LF:8
LH:8
BRF:0
BRH:0
end_of_record
TN:
SF:packages/sportident/src/fakes/FakeSiCard/types/index.ts
FN:1,(anonymous_0)
FN:2,(anonymous_1)
FN:3,(anonymous_2)
FN:4,(anonymous_3)
FN:5,(anonymous_4)
FN:6,(anonymous_5)
FN:7,(anonymous_6)
FNF:7
FNH:0
FNDA:0,(anonymous_0)
FNDA:0,(anonymous_1)
FNDA:0,(anonymous_2)
FNDA:0,(anonymous_3)
FNDA:0,(anonymous_4)
FNDA:0,(anonymous_5)
FNDA:0,(anonymous_6)
DA:1,0
DA:2,0
DA:3,0
DA:4,0
DA:5,0
DA:6,0
DA:7,0
LF:7
LH:0
BRF:0
BRH:0
end_of_record
TN:
SF:packages/sportident/src/storage/SiArray.ts
FN:8,(anonymous_1)
FN:15,(anonymous_2)
FN:19,(anonymous_3)
FN:20,(anonymous_4)
FN:29,(anonymous_5)
FN:35,(anonymous_6)
FN:36,(anonymous_7)
FN:47,(anonymous_8)
FN:50,(anonymous_9)
FNF:9
FNH:9
FNDA:144,(anonymous_1)
FNDA:25,(anonymous_2)
FNDA:4,(anonymous_3)
FNDA:5,(anonymous_4)
FNDA:3,(anonymous_5)
FNDA:302,(anonymous_6)
FNDA:9378,(anonymous_7)
FNDA:30,(anonymous_8)
FNDA:61,(anonymous_9)
DA:1,26
DA:2,26
DA:3,26
DA:7,26
DA:9,144
DA:10,144
DA:12,144
DA:16,25
DA:20,4
DA:21,5
DA:22,1
DA:24,4
DA:25,4
DA:30,3
DA:36,302
DA:37,9378
DA:38,9378
DA:39,9378
DA:40,1487
DA:42,7891
DA:44,302
DA:48,30
DA:49,30
DA:50,30
DA:51,61
DA:52,61
DA:53,61
DA:54,60
DA:57,14
LF:29
LH:29
BRDA:21,0,0,1
BRDA:39,1,0,1487
BRDA:53,2,0,60
BRF:3
BRH:3
end_of_record
TN:
SF:packages/sportident/src/storage/SiBool.ts
FN:6,(anonymous_0)
FN:13,(anonymous_1)
FN:17,(anonymous_2)
FN:21,(anonymous_3)
FN:34,(anonymous_4)
FN:42,(anonymous_5)
FNF:6
FNH:6
FNDA:55,(anonymous_0)
FNDA:46,(anonymous_1)
FNDA:2,(anonymous_2)
FNDA:3,(anonymous_3)
FNDA:60,(anonymous_4)
FNDA:40,(anonymous_5)
DA:2,27
DA:3,27
DA:5,27
DA:7,55
DA:8,55
DA:10,55
DA:14,46
DA:18,2
DA:22,3
DA:26,3
DA:27,1
DA:31,2
DA:35,60
DA:36,60
DA:37,10
DA:39,50
DA:43,40
DA:44,40
DA:45,40
DA:46,40
DA:47,10
DA:49,30
DA:50,30
LF:23
LH:23
BRDA:8,0,0,2
BRDA:18,1,0,1
BRDA:18,1,1,1
BRDA:26,2,0,1
BRDA:36,3,0,10
BRDA:43,4,0,23
BRDA:43,4,1,17
BRDA:46,5,0,10
BRF:8
BRH:8
end_of_record
TN:
SF:packages/sportident/src/storage/SiDataType.ts
FN:6,(anonymous_0)
FN:12,(anonymous_1)
FN:18,(anonymous_2)
FN:27,(anonymous_3)
FN:40,(anonymous_4)
FN:50,(anonymous_5)
FNF:6
FNH:6
FNDA:58,(anonymous_0)
FNDA:88,(anonymous_1)
FNDA:55,(anonymous_2)
FNDA:47,(anonymous_3)
FNDA:15009,(anonymous_4)
FNDA:237,(anonymous_5)
DA:2,34
DA:3,34
DA:5,34
DA:7,58
DA:11,34
DA:13,88
DA:19,55
DA:20,4
DA:22,51
DA:28,47
DA:29,47
DA:30,25
DA:32,22
DA:33,1
DA:35,21
DA:41,15009
DA:42,15009
DA:43,3688
DA:45,11321
DA:51,237
DA:52,237
DA:53,1
DA:55,236
LF:23
LH:23
BRDA:7,0,0,58
BRDA:19,1,0,4
BRDA:29,2,0,25
BRDA:32,3,0,1
BRDA:42,4,0,3688
BRDA:51,5,0,25
BRDA:51,5,1,212
BRDA:52,6,0,1
BRF:8
BRH:8
end_of_record
TN:
SF:packages/sportident/src/storage/SiDict.ts
FN:8,(anonymous_0)
FN:14,(anonymous_1)
FN:15,(anonymous_2)
FN:20,(anonymous_3)
FN:21,(anonymous_4)
FN:33,(anonymous_5)
FN:39,(anonymous_6)
FN:41,(anonymous_7)
FN:52,(anonymous_8)
FN:54,(anonymous_9)
FN:61,(anonymous_10)
FNF:11
FNH:11
FNDA:2427,(anonymous_0)
FNDA:20,(anonymous_1)
FNDA:41,(anonymous_2)
FNDA:3,(anonymous_3)
FNDA:6,(anonymous_4)
FNDA:3,(anonymous_5)
FNDA:2435,(anonymous_6)
FNDA:4961,(anonymous_7)
FNDA:14,(anonymous_8)
FNDA:24,(anonymous_9)
FNDA:2472,(anonymous_10)
DA:1,26
DA:2,26
DA:7,26
DA:9,2427
DA:11,2427
DA:15,20
DA:16,41
DA:21,3
DA:22,6
DA:23,6
DA:24,6
DA:25,1
DA:28,5
DA:29,5
DA:34,3
DA:40,2435
DA:41,2435
DA:42,4961
DA:43,4961
DA:44,4961
DA:45,2160
DA:47,2801
DA:49,2435
DA:53,14
DA:54,14
DA:55,24
DA:56,24
DA:58,7
DA:62,2472
LF:29
LH:29
BRDA:24,0,0,1
BRDA:44,1,0,2160
BRF:2
BRH:2
end_of_record
TN:
SF:packages/sportident/src/storage/SiEnum.ts
FN:10,(anonymous_9)
FN:13,(anonymous_10)
FN:19,(anonymous_11)
FN:22,(anonymous_12)
FN:26,(anonymous_13)
FN:30,(anonymous_14)
FN:34,(anonymous_15)
FN:43,(anonymous_16)
FN:51,(anonymous_17)
FNF:9
FNH:9
FNDA:31,(anonymous_9)
FNDA:69,(anonymous_10)
FNDA:65,(anonymous_11)
FNDA:69,(anonymous_12)
FNDA:49,(anonymous_13)
FNDA:19,(anonymous_14)
FNDA:9,(anonymous_15)
FNDA:65,(anonymous_16)
FNDA:22,(anonymous_17)
DA:2,26
DA:3,26
DA:4,26
DA:5,26
DA:7,26
DA:12,31
DA:13,69
DA:15,31
DA:16,31
DA:20,65
DA:22,69
DA:27,49
DA:31,19
DA:35,9
DA:36,5
DA:40,4
DA:44,65
DA:45,65
DA:46,65
DA:47,65
DA:48,65
DA:52,22
DA:53,22
LF:23
LH:23
BRDA:13,0,0,31
BRDA:35,1,0,5
BRF:2
BRH:2
end_of_record
TN:
SF:packages/sportident/src/storage/SiFieldValue.ts
FN:4,(anonymous_0)
FN:15,(anonymous_1)
FN:20,(anonymous_2)
FNF:3
FNH:3
FNDA:2,(anonymous_0)
FNDA:11349,(anonymous_1)
FNDA:17,(anonymous_2)
DA:1,34
DA:3,34
DA:8,2
DA:9,2
DA:10,1
DA:12,1
DA:16,11349
DA:17,11349
DA:21,17
DA:22,17
LF:10
LH:10
BRDA:9,0,0,1
BRDA:22,1,0,1
BRDA:22,1,1,16
BRF:3
BRH:3
end_of_record
TN:
SF:packages/sportident/src/storage/SiInt.ts
FN:16,(anonymous_1)
FN:18,(anonymous_2)
FN:25,(anonymous_3)
FN:29,(anonymous_4)
FN:33,(anonymous_5)
FN:43,(anonymous_6)
FN:44,(anonymous_7)
FN:47,(anonymous_8)
FN:53,(anonymous_9)
FN:65,(anonymous_10)
FN:71,(anonymous_11)
FNF:11
FNH:11
FNDA:12032,(anonymous_1)
FNDA:14647,(anonymous_2)
FNDA:78,(anonymous_3)
FNDA:3,(anonymous_4)
FNDA:6,(anonymous_5)
FNDA:12229,(anonymous_6)
FNDA:13816,(anonymous_7)
FNDA:12136,(anonymous_8)
FNDA:10084,(anonymous_9)
FNDA:93,(anonymous_10)
FNDA:81,(anonymous_11)
DA:1,28
DA:2,28
DA:3,28
DA:13,28
DA:17,12032
DA:18,14647
DA:26,78
DA:30,3
DA:34,6
DA:35,6
DA:36,1
DA:40,5
DA:44,13816
DA:48,12136
DA:49,3615
DA:51,8521
DA:52,8521
DA:53,8521
DA:54,10084
DA:55,10084
DA:56,10084
DA:57,10084
DA:58,10084
DA:59,10084
DA:60,10084
DA:62,8521
DA:66,93
DA:67,30
DA:69,63
DA:70,63
DA:71,63
DA:72,81
DA:73,81
DA:74,81
DA:75,81
DA:76,81
DA:77,81
DA:78,81
DA:79,81
DA:80,81
DA:82,63
LF:41
LH:41
BRDA:20,0,0,11
BRDA:20,0,1,14636
BRDA:21,1,0,11
BRDA:21,1,1,14636
BRDA:26,2,0,78
BRDA:26,2,1,76
BRDA:35,3,0,1
BRDA:48,4,0,3615
BRDA:66,5,0,30
BRF:9
BRH:9
end_of_record
TN:
SF:packages/sportident/src/storage/SiModified.ts
FN:5,(anonymous_0)
FN:16,(anonymous_1)
FN:23,(anonymous_2)
FN:30,(anonymous_3)
FN:37,(anonymous_4)
FN:48,(anonymous_5)
FNF:6
FNH:6
FNDA:131,(anonymous_0)
FNDA:33,(anonymous_1)
FNDA:4,(anonymous_2)
FNDA:7,(anonymous_3)
FNDA:283,(anonymous_4)
FNDA:16,(anonymous_5)
DA:1,26
DA:2,26
DA:4,26
DA:6,131
DA:7,131
DA:8,131
DA:9,131
DA:10,131
DA:11,131
DA:13,131
DA:17,33
DA:18,3
DA:20,30
DA:24,4
DA:25,1
DA:27,3
DA:31,7
DA:32,1
DA:34,6
DA:38,283
DA:39,1
DA:41,282
DA:42,282
DA:43,3
DA:45,279
DA:49,16
DA:50,1
DA:52,15
DA:53,15
DA:54,4
DA:56,11
LF:31
LH:31
BRDA:17,0,0,3
BRDA:24,1,0,1
BRDA:31,2,0,1
BRDA:38,3,0,1
BRDA:42,4,0,3
BRDA:49,5,0,1
BRDA:53,6,0,4
BRF:7
BRH:7
end_of_record
TN:
SF:packages/sportident/src/storage/SiStorage.ts
FN:8,(anonymous_10)
FN:14,(anonymous_11)
FN:30,(anonymous_12)
FN:34,(anonymous_13)
FN:41,(anonymous_14)
FN:49,(anonymous_15)
FN:61,(anonymous_16)
FN:64,(anonymous_17)
FNF:8
FNH:8
FNDA:157,(anonymous_10)
FNDA:72601,(anonymous_11)
FNDA:168,(anonymous_12)
FNDA:597,(anonymous_13)
FNDA:49,(anonymous_14)
FNDA:106,(anonymous_15)
FNDA:42,(anonymous_16)
FNDA:157,(anonymous_17)
DA:1,26
DA:2,26
DA:5,26
DA:9,157
DA:10,157
DA:13,157
DA:14,72601
DA:17,157
DA:21,157
DA:22,1
DA:27,156
DA:31,168
DA:37,597
DA:38,597
DA:45,49
DA:46,49
DA:50,106
DA:51,106
DA:52,1
DA:57,105
DA:61,26
DA:64,42
DA:67,157
LF:23
LH:23
BRDA:13,0,0,116
BRDA:13,0,1,41
BRDA:17,1,0,2
BRDA:17,1,1,155
BRDA:21,2,0,1
BRDA:51,3,0,1
BRF:6
BRH:6
end_of_record
TN:
SF:packages/sportident/src/storage/index.ts
FN:1,(anonymous_0)
FN:1,(anonymous_1)
FN:2,(anonymous_2)
FN:2,(anonymous_3)
FN:3,(anonymous_4)
FN:4,(anonymous_5)
FN:4,(anonymous_6)
FN:5,(anonymous_7)
FN:6,(anonymous_8)
FN:7,(anonymous_9)
FN:8,(anonymous_10)
FN:9,(anonymous_11)
FN:10,(anonymous_12)
FNF:13
FNH:13
FNDA:1,(anonymous_0)
FNDA:15,(anonymous_1)
FNDA:39,(anonymous_2)
FNDA:7,(anonymous_3)
FNDA:9,(anonymous_4)
FNDA:16,(anonymous_5)
FNDA:50,(anonymous_6)
FNDA:144,(anonymous_7)
FNDA:53,(anonymous_8)
FNDA:2427,(anonymous_9)
FNDA:31,(anonymous_10)
FNDA:12000,(anonymous_11)
FNDA:130,(anonymous_12)
DA:1,40
DA:2,64
DA:3,34
DA:4,75
DA:5,169
DA:6,78
DA:7,2452
DA:8,56
DA:9,12025
DA:10,155
LF:10
LH:10
BRF:0
BRH:0
end_of_record
TN:
SF:packages/sportident/src/storage/interfaces.ts
FNF:0
FNH:0
DA:2,34
DA:4,34
DA:5,34
LF:3
LH:3
BRF:0
BRH:0
end_of_record
TN:
SF:packages/sportident/src/utils/NumberRange.ts
FN:2,(anonymous_0)
FN:11,(anonymous_1)
FN:15,(anonymous_2)
FN:19,(anonymous_3)
FN:28,(anonymous_4)
FN:37,(anonymous_5)
FNF:6
FNH:6
FNDA:59,(anonymous_0)
FNDA:3,(anonymous_1)
FNDA:60,(anonymous_2)
FNDA:87,(anonymous_3)
FNDA:185,(anonymous_4)
FNDA:6,(anonymous_5)
DA:1,38
DA:3,59
DA:4,59
DA:6,59
DA:7,3
DA:12,3
DA:16,60
DA:20,87
DA:21,83
DA:22,83
DA:24,4
DA:25,4
DA:29,185
DA:30,81
DA:31,81
DA:33,104
DA:34,104
DA:38,6
LF:18
LH:18
BRDA:6,0,0,3
BRDA:16,1,0,60
BRDA:16,1,1,43
BRDA:20,2,0,83
BRDA:29,3,0,81
BRDA:38,4,0,6
BRDA:38,4,1,4
BRF:7
BRH:7
end_of_record
TN:
SF:packages/sportident/src/utils/NumberRangeRegistry.ts
FN:5,(anonymous_9)
FN:9,(anonymous_10)
FN:11,(anonymous_11)
FN:12,(anonymous_12)
FN:30,(anonymous_13)
FN:32,(anonymous_14)
FN:33,(anonymous_15)
FNF:7
FNH:7
FNDA:34,(anonymous_9)
FNDA:56,(anonymous_10)
FNDA:56,(anonymous_11)
FNDA:71,(anonymous_12)
FNDA:69,(anonymous_13)
FNDA:69,(anonymous_14)
FNDA:100,(anonymous_15)
DA:1,37
DA:2,37
DA:5,37
DA:6,34
DA:7,34
DA:10,56
DA:11,56
DA:13,71
DA:14,71
DA:15,71
DA:16,71
DA:17,71
DA:18,1
DA:23,70
DA:26,55
DA:27,55
DA:31,69
DA:32,69
DA:34,100
DA:35,100
DA:36,100
DA:37,100
DA:40,69
DA:41,69
DA:42,40
DA:44,29
LF:26
LH:26
BRDA:17,0,0,1
BRDA:17,1,0,71
BRDA:17,1,1,34
BRDA:23,2,0,37
BRDA:23,2,1,33
BRDA:37,3,0,69
BRDA:37,3,1,31
BRDA:41,4,0,40
BRDA:41,5,0,69
BRDA:41,5,1,56
BRF:10
BRH:10
end_of_record
TN:
SF:packages/sportident/src/utils/bytes.ts
FN:1,(anonymous_0)
FN:8,(anonymous_1)
FN:10,(anonymous_2)
FN:13,(anonymous_3)
FN:19,(anonymous_4)
FN:21,(anonymous_5)
FN:24,(anonymous_6)
FN:30,(anonymous_7)
FN:40,(anonymous_8)
FN:52,(anonymous_9)
FN:53,(anonymous_10)
FN:67,(anonymous_11)
FNF:12
FNH:12
FNDA:912,(anonymous_0)
FNDA:288,(anonymous_1)
FNDA:896,(anonymous_2)
FNDA:271,(anonymous_3)
FNDA:221,(anonymous_4)
FNDA:319,(anonymous_5)
FNDA:211,(anonymous_6)
FNDA:51,(anonymous_7)
FNDA:93,(anonymous_8)
FNDA:276,(anonymous_9)
FNDA:276,(anonymous_10)
FNDA:146,(anonymous_11)
DA:1,37
DA:2,912
DA:8,37
DA:9,288
DA:10,896
DA:13,37
DA:14,271
DA:15,19
DA:19,37
DA:20,221
DA:21,319
DA:24,37
DA:25,211
DA:26,14
DA:30,37
DA:31,51
DA:32,45
DA:33,45
DA:34,86
DA:35,86
DA:37,45
DA:40,37
DA:44,93
DA:45,93
DA:46,19
DA:47,19
DA:48,65
DA:51,93
DA:52,276
DA:53,276
DA:54,93
DA:55,55
DA:57,38
DA:58,38
DA:59,48
DA:60,48
DA:61,48
DA:62,48
DA:64,38
DA:67,37
DA:68,146
DA:69,146
DA:70,1
DA:72,145
DA:73,145
DA:74,12817
DA:75,12817
DA:76,12817
DA:77,1
DA:79,12816
DA:81,144
LF:51
LH:51
BRDA:2,0,0,912
BRDA:2,0,1,888
BRDA:2,0,2,884
BRDA:2,0,3,874
BRDA:9,1,0,288
BRDA:9,1,1,288
BRDA:14,2,0,19
BRDA:25,3,0,14
BRDA:42,4,0,52
BRDA:45,5,0,19
BRDA:52,6,0,274
BRDA:52,6,1,2
BRDA:54,7,0,55
BRDA:69,8,0,1
BRDA:75,9,0,9
BRDA:75,9,1,12808
BRDA:76,10,0,1
BRDA:76,11,0,12817
BRDA:76,11,1,12808
BRDA:76,11,2,12807
BRDA:76,11,3,12807
BRF:21
BRH:21
end_of_record
TN:
SF:packages/sportident/src/utils/errors.ts
FN:1,(anonymous_0)
FN:9,(anonymous_1)
FN:17,(anonymous_2)
FNF:3
FNH:3
FNDA:14,(anonymous_0)
FNDA:43,(anonymous_1)
FNDA:3,(anonymous_2)
DA:1,38
DA:2,14
DA:3,1
DA:5,13
DA:8,38
DA:10,43
DA:11,43
DA:15,38
DA:17,38
DA:18,3
LF:10
LH:10
BRDA:2,0,0,1
BRDA:2,1,0,14
BRDA:2,1,1,4
BRDA:10,2,0,6
BRDA:11,3,0,43
BRDA:18,4,0,3
BRDA:18,4,1,1
BRF:7
BRH:7
end_of_record
TN:
SF:packages/sportident/src/utils/events.ts
FN:13,(anonymous_9)
FN:42,(anonymous_10)
FN:55,(anonymous_11)
FN:62,(anonymous_12)
FN:67,(anonymous_13)
FN:71,(anonymous_14)
FN:74,(anonymous_15)
FNF:7
FNH:7
FNDA:110,(anonymous_9)
FNDA:84,(anonymous_10)
FNDA:23,(anonymous_11)
FNDA:22,(anonymous_12)
FNDA:1,(anonymous_13)
FNDA:110,(anonymous_14)
FNDA:53,(anonymous_15)
DA:1,37
DA:9,37
DA:11,110
DA:14,110
DA:39,37
DA:46,84
DA:47,84
DA:48,84
DA:52,84
DA:59,23
DA:60,23
DA:61,23
DA:62,22
DA:64,23
DA:68,1
DA:72,110
DA:73,110
DA:74,110
DA:75,53
DA:76,53
DA:78,1
DA:79,1
DA:80,1
DA:83,110
LF:24
LH:24
BRDA:46,0,0,84
BRDA:46,0,1,42
BRDA:47,1,0,84
BRDA:47,1,1,68
BRDA:59,2,0,23
BRDA:59,2,1,1
BRDA:60,3,0,23
BRDA:60,3,1,1
BRDA:72,4,0,110
BRDA:72,4,1,50
BRDA:73,5,0,110
BRDA:73,5,1,55
BRF:12
BRH:12
end_of_record
TN:
SF:packages/sportident/src/utils/general.ts
FN:3,(anonymous_0)
FN:7,(anonymous_1)
FN:23,(anonymous_2)
FN:32,(anonymous_3)
FN:33,(anonymous_4)
FN:45,(anonymous_5)
FN:49,(anonymous_6)
FN:50,(anonymous_7)
FN:61,(anonymous_8)
FN:66,(anonymous_9)
FN:68,(anonymous_10)
FN:70,(anonymous_11)
FNF:12
FNH:12
FNDA:153,(anonymous_0)
FNDA:235,(anonymous_1)
FNDA:99,(anonymous_2)
FNDA:303,(anonymous_3)
FNDA:303,(anonymous_4)
FNDA:13,(anonymous_5)
FNDA:13,(anonymous_6)
FNDA:12,(anonymous_7)
FNDA:153,(anonymous_8)
FNDA:21,(anonymous_9)
FNDA:31,(anonymous_10)
FNDA:45,(anonymous_11)
DA:3,38
DA:7,153
DA:8,235
DA:9,235
DA:10,235
DA:11,88
DA:12,88
DA:13,88
DA:15,147
DA:17,153
DA:23,38
DA:27,99
DA:28,68
DA:30,31
DA:31,31
DA:32,303
DA:34,303
DA:35,303
DA:36,303
DA:37,1
DA:39,302
DA:41,30
DA:42,30
DA:45,38
DA:49,13
DA:50,13
DA:52,13
DA:61,38
DA:66,153
DA:67,153
DA:68,153
DA:69,153
DA:70,153
DA:71,45
DA:72,45
DA:73,45
DA:75,153
DA:76,153
DA:77,153
DA:78,153
DA:79,216
DA:81,152
LF:42
LH:42
BRDA:10,0,0,88
BRDA:27,1,0,68
BRDA:35,2,0,77
BRDA:35,2,1,226
BRDA:36,3,0,1
BRDA:64,4,0,21
BRDA:67,5,0,153
BRDA:67,5,1,21
BRDA:69,6,0,153
BRDA:69,6,1,146
BRDA:73,7,0,28
BRDA:73,7,1,17
BRDA:75,8,0,153
BRDA:75,8,1,28
BRF:14
BRH:14
end_of_record
TN:
SF:packages/sportident/src/utils/index.ts
FNF:0
FNH:0
DA:1,36
DA:2,36
DA:3,36
DA:4,36
DA:5,36
DA:6,36
DA:7,36
DA:8,36
LF:8
LH:8
BRF:0
BRH:0
end_of_record
TN:
SF:packages/sportident/src/utils/mixins.ts
FN:2,(anonymous_0)
FN:3,(anonymous_1)
FN:4,(anonymous_2)
FNF:3
FNH:3
FNDA:13,(anonymous_0)
FNDA:14,(anonymous_1)
FNDA:64,(anonymous_2)
DA:2,38
DA:3,13
DA:4,14
DA:5,64
LF:4
LH:4
BRF:0
BRH:0
end_of_record
TN:
SF:packages/sportident/src/utils/typed.ts
FN:1,typedKeys
FNF:1
FNH:1
FNDA:1,typedKeys
DA:1,36
DA:2,1
LF:2
LH:2
BRF:0
BRH:0
end_of_record
